{"/home/travis/build/kalabox/kalabox/lib/kbox.js":{"path":"/home/travis/build/kalabox/kalabox/lib/kbox.js","s":{"1":1,"2":1,"3":1,"4":1,"5":1,"6":1,"7":1,"8":1,"9":1,"10":1,"11":1,"12":1,"13":1,"14":1,"15":1,"16":1,"17":1,"18":1,"19":1,"20":0,"21":0,"22":0,"23":0,"24":0,"25":1,"26":0},"b":{"1":[0,0],"2":[0,0]},"f":{"1":0,"2":0},"fnMap":{"1":{"name":"(anonymous_1)","line":35,"loc":{"start":{"line":35,"column":18},"end":{"line":35,"column":41}}},"2":{"name":"(anonymous_2)","line":46,"loc":{"start":{"line":46,"column":18},"end":{"line":46,"column":31}}}},"statementMap":{"1":{"start":{"line":7,"column":0},"end":{"line":7,"column":17}},"2":{"start":{"line":9,"column":0},"end":{"line":9,"column":30}},"3":{"start":{"line":10,"column":0},"end":{"line":10,"column":18}},"4":{"start":{"line":12,"column":0},"end":{"line":12,"column":32}},"5":{"start":{"line":13,"column":0},"end":{"line":13,"column":20}},"6":{"start":{"line":15,"column":0},"end":{"line":15,"column":36}},"7":{"start":{"line":16,"column":0},"end":{"line":16,"column":24}},"8":{"start":{"line":18,"column":0},"end":{"line":18,"column":40}},"9":{"start":{"line":19,"column":0},"end":{"line":19,"column":28}},"10":{"start":{"line":21,"column":0},"end":{"line":21,"column":32}},"11":{"start":{"line":22,"column":0},"end":{"line":22,"column":20}},"12":{"start":{"line":24,"column":0},"end":{"line":24,"column":38}},"13":{"start":{"line":25,"column":0},"end":{"line":25,"column":26}},"14":{"start":{"line":27,"column":0},"end":{"line":27,"column":53}},"15":{"start":{"line":29,"column":0},"end":{"line":29,"column":34}},"16":{"start":{"line":30,"column":0},"end":{"line":30,"column":22}},"17":{"start":{"line":32,"column":0},"end":{"line":32,"column":55}},"18":{"start":{"line":34,"column":0},"end":{"line":34,"column":39}},"19":{"start":{"line":35,"column":0},"end":{"line":44,"column":2}},"20":{"start":{"line":36,"column":2},"end":{"line":38,"column":3}},"21":{"start":{"line":37,"column":4},"end":{"line":37,"column":66}},"22":{"start":{"line":39,"column":2},"end":{"line":41,"column":3}},"23":{"start":{"line":40,"column":4},"end":{"line":40,"column":57}},"24":{"start":{"line":43,"column":2},"end":{"line":43,"column":40}},"25":{"start":{"line":46,"column":0},"end":{"line":48,"column":2}},"26":{"start":{"line":47,"column":2},"end":{"line":47,"column":39}}},"branchMap":{"1":{"line":36,"type":"if","locations":[{"start":{"line":36,"column":2},"end":{"line":36,"column":2}},{"start":{"line":36,"column":2},"end":{"line":36,"column":2}}]},"2":{"line":39,"type":"if","locations":[{"start":{"line":39,"column":2},"end":{"line":39,"column":2}},{"start":{"line":39,"column":2},"end":{"line":39,"column":2}}]}}},"/home/travis/build/kalabox/kalabox/lib/app.js":{"path":"/home/travis/build/kalabox/kalabox/lib/app.js","s":{"1":1,"2":1,"3":1,"4":1,"5":1,"6":1,"7":1,"8":1,"9":1,"10":1,"11":1,"12":1,"13":1,"14":0,"15":0,"16":0,"17":0,"18":0,"19":0,"20":0,"21":0,"22":0,"23":0,"24":0,"25":0,"26":0,"27":0,"28":0,"29":0,"30":0,"31":0,"32":0,"33":0,"34":0,"35":1,"36":0,"37":0,"38":0,"39":0,"40":0,"41":0,"42":0,"43":0,"44":1,"45":0,"46":0,"47":0,"48":0,"49":0,"50":0,"51":0,"52":0,"53":1,"54":0,"55":0,"56":0,"57":0,"58":0,"59":0,"60":0,"61":0,"62":0,"63":0,"64":0,"65":0,"66":0,"67":0,"68":1,"69":0,"70":0,"71":0,"72":0,"73":0,"74":0,"75":0,"76":0,"77":0,"78":0,"79":0,"80":0,"81":0,"82":1,"83":0,"84":0,"85":0,"86":0,"87":0,"88":0,"89":0,"90":0,"91":1,"92":1,"93":0,"94":1,"95":0,"96":0,"97":0,"98":0,"99":0,"100":0,"101":0,"102":1,"103":0,"104":0,"105":0,"106":0,"107":0,"108":0,"109":0,"110":0,"111":0,"112":0,"113":0,"114":0,"115":0,"116":0,"117":0,"118":1,"119":0,"120":0,"121":0,"122":0,"123":0,"124":0,"125":0,"126":0,"127":0,"128":0,"129":0,"130":0,"131":0,"132":0,"133":0,"134":0,"135":1,"136":0,"137":0,"138":0,"139":0,"140":0,"141":1,"142":0,"143":0,"144":0,"145":0,"146":0,"147":0,"148":0,"149":0,"150":0,"151":0,"152":0,"153":1,"154":0,"155":0,"156":0,"157":0,"158":0,"159":0,"160":0,"161":0,"162":0,"163":0,"164":0,"165":0,"166":0,"167":1,"168":1,"169":0,"170":0,"171":0,"172":0,"173":0,"174":0,"175":0,"176":0,"177":1,"178":0,"179":0,"180":0,"181":0,"182":0,"183":0,"184":0,"185":0,"186":0,"187":0,"188":0,"189":0,"190":0,"191":1,"192":1,"193":0,"194":0,"195":0,"196":0,"197":1,"198":0,"199":0,"200":0,"201":0,"202":0,"203":0,"204":0,"205":0,"206":0,"207":1,"208":0,"209":0,"210":0,"211":0,"212":0,"213":0,"214":0,"215":0,"216":0,"217":0},"b":{"1":[0,0],"2":[0,0],"3":[0,0],"4":[0,0],"5":[0,0],"6":[0,0],"7":[0,0],"8":[0,0],"9":[0,0],"10":[0,0],"11":[0,0],"12":[0,0],"13":[0,0],"14":[0,0],"15":[0,0],"16":[0,0],"17":[0,0],"18":[0,0],"19":[0,0],"20":[0,0],"21":[0,0],"22":[0,0],"23":[0,0],"24":[0,0],"25":[0,0],"26":[0,0],"27":[0,0],"28":[0,0],"29":[0,0],"30":[0,0],"31":[0,0],"32":[0,0],"33":[0,0],"34":[0,0],"35":[0,0],"36":[0,0],"37":[0,0],"38":[0,0],"39":[0,0],"40":[0,0],"41":[0,0],"42":[0,0]},"f":{"1":0,"2":0,"3":0,"4":0,"5":0,"6":0,"7":0,"8":0,"9":0,"10":0,"11":0,"12":0,"13":0,"14":0,"15":0,"16":0,"17":0,"18":0,"19":0,"20":0,"21":0,"22":0,"23":0,"24":0,"25":0,"26":0,"27":0,"28":0,"29":0,"30":0,"31":0,"32":0,"33":0,"34":0,"35":0,"36":0,"37":0,"38":0,"39":0,"40":0,"41":0,"42":0,"43":0,"44":0,"45":0,"46":0,"47":0,"48":0,"49":0,"50":0,"51":0,"52":0,"53":0,"54":0,"55":0,"56":0,"57":0,"58":0,"59":0,"60":0,"61":0,"62":0,"63":0,"64":0,"65":0,"66":0},"fnMap":{"1":{"name":"(anonymous_1)","line":21,"loc":{"start":{"line":21,"column":22},"end":{"line":21,"column":57}}},"2":{"name":"(anonymous_2)","line":43,"loc":{"start":{"line":43,"column":10},"end":{"line":43,"column":24}}},"3":{"name":"(anonymous_3)","line":56,"loc":{"start":{"line":56,"column":22},"end":{"line":56,"column":36}}},"4":{"name":"(anonymous_4)","line":70,"loc":{"start":{"line":70,"column":40},"end":{"line":70,"column":64}}},"5":{"name":"(anonymous_5)","line":79,"loc":{"start":{"line":79,"column":32},"end":{"line":79,"column":55}}},"6":{"name":"(anonymous_6)","line":82,"loc":{"start":{"line":82,"column":2},"end":{"line":82,"column":16}}},"7":{"name":"(anonymous_7)","line":98,"loc":{"start":{"line":98,"column":30},"end":{"line":98,"column":63}}},"8":{"name":"(anonymous_8)","line":133,"loc":{"start":{"line":133,"column":26},"end":{"line":133,"column":45}}},"9":{"name":"(anonymous_9)","line":134,"loc":{"start":{"line":134,"column":13},"end":{"line":134,"column":37}}},"10":{"name":"(anonymous_10)","line":139,"loc":{"start":{"line":139,"column":6},"end":{"line":139,"column":30}}},"11":{"name":"(anonymous_11)","line":140,"loc":{"start":{"line":140,"column":33},"end":{"line":140,"column":52}}},"12":{"name":"(anonymous_12)","line":145,"loc":{"start":{"line":145,"column":36},"end":{"line":145,"column":55}}},"13":{"name":"(anonymous_13)","line":151,"loc":{"start":{"line":151,"column":6},"end":{"line":151,"column":26}}},"14":{"name":"(anonymous_14)","line":177,"loc":{"start":{"line":177,"column":10},"end":{"line":177,"column":38}}},"15":{"name":"(anonymous_15)","line":178,"loc":{"start":{"line":178,"column":7},"end":{"line":178,"column":27}}},"16":{"name":"(anonymous_16)","line":182,"loc":{"start":{"line":182,"column":35},"end":{"line":182,"column":49}}},"17":{"name":"(anonymous_17)","line":195,"loc":{"start":{"line":195,"column":20},"end":{"line":195,"column":34}}},"18":{"name":"(anonymous_18)","line":199,"loc":{"start":{"line":199,"column":24},"end":{"line":199,"column":49}}},"19":{"name":"(anonymous_19)","line":218,"loc":{"start":{"line":218,"column":23},"end":{"line":218,"column":66}}},"20":{"name":"(anonymous_20)","line":220,"loc":{"start":{"line":220,"column":50},"end":{"line":220,"column":64}}},"21":{"name":"(anonymous_21)","line":224,"loc":{"start":{"line":224,"column":36},"end":{"line":224,"column":50}}},"22":{"name":"(anonymous_22)","line":229,"loc":{"start":{"line":229,"column":50},"end":{"line":229,"column":75}}},"23":{"name":"(anonymous_23)","line":239,"loc":{"start":{"line":239,"column":63},"end":{"line":239,"column":77}}},"24":{"name":"(anonymous_24)","line":264,"loc":{"start":{"line":264,"column":18},"end":{"line":264,"column":42}}},"25":{"name":"(anonymous_25)","line":265,"loc":{"start":{"line":265,"column":17},"end":{"line":265,"column":34}}},"26":{"name":"(anonymous_26)","line":266,"loc":{"start":{"line":266,"column":20},"end":{"line":266,"column":34}}},"27":{"name":"(anonymous_27)","line":270,"loc":{"start":{"line":270,"column":40},"end":{"line":270,"column":54}}},"28":{"name":"(anonymous_28)","line":274,"loc":{"start":{"line":274,"column":53},"end":{"line":274,"column":67}}},"29":{"name":"(anonymous_29)","line":280,"loc":{"start":{"line":280,"column":18},"end":{"line":280,"column":44}}},"30":{"name":"(anonymous_30)","line":283,"loc":{"start":{"line":283,"column":18},"end":{"line":283,"column":33}}},"31":{"name":"(anonymous_31)","line":287,"loc":{"start":{"line":287,"column":55},"end":{"line":287,"column":69}}},"32":{"name":"(anonymous_32)","line":302,"loc":{"start":{"line":302,"column":22},"end":{"line":302,"column":53}}},"33":{"name":"(anonymous_33)","line":315,"loc":{"start":{"line":315,"column":21},"end":{"line":315,"column":64}}},"34":{"name":"(anonymous_34)","line":317,"loc":{"start":{"line":317,"column":48},"end":{"line":317,"column":62}}},"35":{"name":"(anonymous_35)","line":321,"loc":{"start":{"line":321,"column":58},"end":{"line":321,"column":72}}},"36":{"name":"(anonymous_36)","line":325,"loc":{"start":{"line":325,"column":57},"end":{"line":325,"column":71}}},"37":{"name":"(anonymous_37)","line":352,"loc":{"start":{"line":352,"column":12},"end":{"line":352,"column":36}}},"38":{"name":"(anonymous_38)","line":353,"loc":{"start":{"line":353,"column":17},"end":{"line":353,"column":34}}},"39":{"name":"(anonymous_39)","line":354,"loc":{"start":{"line":354,"column":20},"end":{"line":354,"column":34}}},"40":{"name":"(anonymous_40)","line":358,"loc":{"start":{"line":358,"column":38},"end":{"line":358,"column":52}}},"41":{"name":"(anonymous_41)","line":364,"loc":{"start":{"line":364,"column":14},"end":{"line":364,"column":40}}},"42":{"name":"(anonymous_42)","line":367,"loc":{"start":{"line":367,"column":14},"end":{"line":367,"column":29}}},"43":{"name":"(anonymous_43)","line":368,"loc":{"start":{"line":368,"column":47},"end":{"line":368,"column":61}}},"44":{"name":"(anonymous_44)","line":385,"loc":{"start":{"line":385,"column":20},"end":{"line":385,"column":58}}},"45":{"name":"(anonymous_45)","line":386,"loc":{"start":{"line":386,"column":47},"end":{"line":386,"column":61}}},"46":{"name":"(anonymous_46)","line":390,"loc":{"start":{"line":390,"column":41},"end":{"line":390,"column":55}}},"47":{"name":"(anonymous_47)","line":394,"loc":{"start":{"line":394,"column":56},"end":{"line":394,"column":70}}},"48":{"name":"(anonymous_48)","line":417,"loc":{"start":{"line":417,"column":11},"end":{"line":417,"column":35}}},"49":{"name":"(anonymous_49)","line":418,"loc":{"start":{"line":418,"column":17},"end":{"line":418,"column":34}}},"50":{"name":"(anonymous_50)","line":419,"loc":{"start":{"line":419,"column":20},"end":{"line":419,"column":34}}},"51":{"name":"(anonymous_51)","line":424,"loc":{"start":{"line":424,"column":37},"end":{"line":424,"column":51}}},"52":{"name":"(anonymous_52)","line":430,"loc":{"start":{"line":430,"column":14},"end":{"line":430,"column":40}}},"53":{"name":"(anonymous_53)","line":433,"loc":{"start":{"line":433,"column":14},"end":{"line":433,"column":29}}},"54":{"name":"(anonymous_54)","line":434,"loc":{"start":{"line":434,"column":46},"end":{"line":434,"column":60}}},"55":{"name":"(anonymous_55)","line":465,"loc":{"start":{"line":465,"column":18},"end":{"line":465,"column":42}}},"56":{"name":"(anonymous_56)","line":466,"loc":{"start":{"line":466,"column":12},"end":{"line":466,"column":26}}},"57":{"name":"(anonymous_57)","line":475,"loc":{"start":{"line":475,"column":25},"end":{"line":475,"column":63}}},"58":{"name":"(anonymous_58)","line":476,"loc":{"start":{"line":476,"column":52},"end":{"line":476,"column":66}}},"59":{"name":"(anonymous_59)","line":480,"loc":{"start":{"line":480,"column":43},"end":{"line":480,"column":57}}},"60":{"name":"(anonymous_60)","line":485,"loc":{"start":{"line":485,"column":61},"end":{"line":485,"column":75}}},"61":{"name":"(anonymous_61)","line":508,"loc":{"start":{"line":508,"column":20},"end":{"line":508,"column":44}}},"62":{"name":"(anonymous_62)","line":509,"loc":{"start":{"line":509,"column":17},"end":{"line":509,"column":34}}},"63":{"name":"(anonymous_63)","line":510,"loc":{"start":{"line":510,"column":38},"end":{"line":510,"column":52}}},"64":{"name":"(anonymous_64)","line":516,"loc":{"start":{"line":516,"column":10},"end":{"line":516,"column":36}}},"65":{"name":"(anonymous_65)","line":519,"loc":{"start":{"line":519,"column":10},"end":{"line":519,"column":25}}},"66":{"name":"(anonymous_66)","line":523,"loc":{"start":{"line":523,"column":49},"end":{"line":523,"column":63}}}},"statementMap":{"1":{"start":{"line":8,"column":0},"end":{"line":8,"column":23}},"2":{"start":{"line":9,"column":0},"end":{"line":9,"column":27}},"3":{"start":{"line":10,"column":0},"end":{"line":10,"column":32}},"4":{"start":{"line":11,"column":0},"end":{"line":11,"column":36}},"5":{"start":{"line":12,"column":0},"end":{"line":12,"column":40}},"6":{"start":{"line":13,"column":0},"end":{"line":13,"column":32}},"7":{"start":{"line":14,"column":0},"end":{"line":14,"column":27}},"8":{"start":{"line":15,"column":0},"end":{"line":15,"column":26}},"9":{"start":{"line":16,"column":0},"end":{"line":16,"column":34}},"10":{"start":{"line":17,"column":0},"end":{"line":17,"column":42}},"11":{"start":{"line":18,"column":0},"end":{"line":18,"column":29}},"12":{"start":{"line":19,"column":0},"end":{"line":19,"column":32}},"13":{"start":{"line":21,"column":0},"end":{"line":54,"column":2}},"14":{"start":{"line":22,"column":2},"end":{"line":22,"column":21}},"15":{"start":{"line":23,"column":2},"end":{"line":25,"column":3}},"16":{"start":{"line":24,"column":4},"end":{"line":24,"column":40}},"17":{"start":{"line":26,"column":2},"end":{"line":26,"column":24}},"18":{"start":{"line":27,"column":2},"end":{"line":27,"column":52}},"19":{"start":{"line":28,"column":2},"end":{"line":28,"column":35}},"20":{"start":{"line":29,"column":2},"end":{"line":29,"column":49}},"21":{"start":{"line":30,"column":2},"end":{"line":30,"column":54}},"22":{"start":{"line":31,"column":2},"end":{"line":31,"column":61}},"23":{"start":{"line":32,"column":2},"end":{"line":32,"column":70}},"24":{"start":{"line":33,"column":2},"end":{"line":33,"column":31}},"25":{"start":{"line":35,"column":2},"end":{"line":37,"column":3}},"26":{"start":{"line":36,"column":4},"end":{"line":36,"column":79}},"27":{"start":{"line":39,"column":2},"end":{"line":52,"column":3}},"28":{"start":{"line":40,"column":4},"end":{"line":45,"column":7}},"29":{"start":{"line":44,"column":6},"end":{"line":44,"column":63}},"30":{"start":{"line":46,"column":4},"end":{"line":46,"column":53}},"31":{"start":{"line":47,"column":4},"end":{"line":51,"column":5}},"32":{"start":{"line":48,"column":6},"end":{"line":48,"column":36}},"33":{"start":{"line":50,"column":6},"end":{"line":50,"column":37}},"34":{"start":{"line":53,"column":2},"end":{"line":53,"column":19}},"35":{"start":{"line":56,"column":0},"end":{"line":68,"column":2}},"36":{"start":{"line":57,"column":2},"end":{"line":57,"column":44}},"37":{"start":{"line":58,"column":2},"end":{"line":60,"column":3}},"38":{"start":{"line":59,"column":4},"end":{"line":59,"column":41}},"39":{"start":{"line":61,"column":2},"end":{"line":67,"column":3}},"40":{"start":{"line":62,"column":4},"end":{"line":62,"column":44}},"41":{"start":{"line":63,"column":4},"end":{"line":63,"column":67}},"42":{"start":{"line":64,"column":4},"end":{"line":66,"column":5}},"43":{"start":{"line":65,"column":6},"end":{"line":65,"column":65}},"44":{"start":{"line":70,"column":0},"end":{"line":85,"column":2}},"45":{"start":{"line":71,"column":2},"end":{"line":73,"column":3}},"46":{"start":{"line":72,"column":4},"end":{"line":72,"column":66}},"47":{"start":{"line":74,"column":2},"end":{"line":78,"column":3}},"48":{"start":{"line":75,"column":4},"end":{"line":75,"column":40}},"49":{"start":{"line":77,"column":4},"end":{"line":77,"column":21}},"50":{"start":{"line":79,"column":2},"end":{"line":84,"column":5}},"51":{"start":{"line":80,"column":4},"end":{"line":80,"column":31}},"52":{"start":{"line":83,"column":4},"end":{"line":83,"column":18}},"53":{"start":{"line":98,"column":0},"end":{"line":115,"column":2}},"54":{"start":{"line":99,"column":2},"end":{"line":101,"column":3}},"55":{"start":{"line":100,"column":4},"end":{"line":100,"column":66}},"56":{"start":{"line":103,"column":2},"end":{"line":103,"column":15}},"57":{"start":{"line":104,"column":2},"end":{"line":104,"column":18}},"58":{"start":{"line":105,"column":2},"end":{"line":105,"column":47}},"59":{"start":{"line":106,"column":2},"end":{"line":106,"column":35}},"60":{"start":{"line":107,"column":2},"end":{"line":107,"column":31}},"61":{"start":{"line":108,"column":2},"end":{"line":108,"column":28}},"62":{"start":{"line":109,"column":2},"end":{"line":109,"column":55}},"63":{"start":{"line":110,"column":2},"end":{"line":110,"column":22}},"64":{"start":{"line":111,"column":2},"end":{"line":111,"column":69}},"65":{"start":{"line":112,"column":2},"end":{"line":112,"column":52}},"66":{"start":{"line":113,"column":2},"end":{"line":113,"column":23}},"67":{"start":{"line":114,"column":2},"end":{"line":114,"column":22}},"68":{"start":{"line":133,"column":0},"end":{"line":160,"column":2}},"69":{"start":{"line":134,"column":2},"end":{"line":159,"column":5}},"70":{"start":{"line":135,"column":4},"end":{"line":158,"column":5}},"71":{"start":{"line":136,"column":6},"end":{"line":136,"column":20}},"72":{"start":{"line":138,"column":6},"end":{"line":157,"column":9}},"73":{"start":{"line":140,"column":8},"end":{"line":149,"column":11}},"74":{"start":{"line":141,"column":10},"end":{"line":148,"column":11}},"75":{"start":{"line":142,"column":12},"end":{"line":142,"column":22}},"76":{"start":{"line":144,"column":12},"end":{"line":144,"column":64}},"77":{"start":{"line":145,"column":12},"end":{"line":147,"column":15}},"78":{"start":{"line":146,"column":14},"end":{"line":146,"column":29}},"79":{"start":{"line":152,"column":8},"end":{"line":156,"column":9}},"80":{"start":{"line":153,"column":10},"end":{"line":153,"column":24}},"81":{"start":{"line":155,"column":10},"end":{"line":155,"column":31}},"82":{"start":{"line":177,"column":0},"end":{"line":192,"column":2}},"83":{"start":{"line":178,"column":2},"end":{"line":191,"column":5}},"84":{"start":{"line":179,"column":4},"end":{"line":190,"column":5}},"85":{"start":{"line":180,"column":6},"end":{"line":180,"column":20}},"86":{"start":{"line":182,"column":6},"end":{"line":184,"column":9}},"87":{"start":{"line":183,"column":8},"end":{"line":183,"column":36}},"88":{"start":{"line":185,"column":6},"end":{"line":189,"column":7}},"89":{"start":{"line":186,"column":8},"end":{"line":186,"column":69}},"90":{"start":{"line":188,"column":8},"end":{"line":188,"column":28}},"91":{"start":{"line":193,"column":0},"end":{"line":193,"column":18}},"92":{"start":{"line":195,"column":0},"end":{"line":197,"column":2}},"93":{"start":{"line":196,"column":2},"end":{"line":196,"column":35}},"94":{"start":{"line":199,"column":0},"end":{"line":216,"column":2}},"95":{"start":{"line":200,"column":2},"end":{"line":206,"column":4}},"96":{"start":{"line":207,"column":2},"end":{"line":209,"column":3}},"97":{"start":{"line":208,"column":4},"end":{"line":208,"column":66}},"98":{"start":{"line":210,"column":2},"end":{"line":214,"column":3}},"99":{"start":{"line":211,"column":4},"end":{"line":213,"column":5}},"100":{"start":{"line":212,"column":6},"end":{"line":212,"column":48}},"101":{"start":{"line":215,"column":2},"end":{"line":215,"column":14}},"102":{"start":{"line":218,"column":0},"end":{"line":248,"column":2}},"103":{"start":{"line":219,"column":2},"end":{"line":219,"column":63}},"104":{"start":{"line":220,"column":2},"end":{"line":247,"column":5}},"105":{"start":{"line":221,"column":4},"end":{"line":246,"column":5}},"106":{"start":{"line":222,"column":6},"end":{"line":222,"column":20}},"107":{"start":{"line":224,"column":6},"end":{"line":245,"column":9}},"108":{"start":{"line":225,"column":8},"end":{"line":244,"column":9}},"109":{"start":{"line":226,"column":10},"end":{"line":226,"column":24}},"110":{"start":{"line":229,"column":10},"end":{"line":243,"column":13}},"111":{"start":{"line":230,"column":12},"end":{"line":242,"column":13}},"112":{"start":{"line":231,"column":14},"end":{"line":231,"column":28}},"113":{"start":{"line":233,"column":14},"end":{"line":238,"column":15}},"114":{"start":{"line":234,"column":16},"end":{"line":234,"column":54}},"115":{"start":{"line":235,"column":16},"end":{"line":237,"column":18}},"116":{"start":{"line":239,"column":14},"end":{"line":241,"column":17}},"117":{"start":{"line":240,"column":16},"end":{"line":240,"column":30}},"118":{"start":{"line":264,"column":0},"end":{"line":300,"column":2}},"119":{"start":{"line":265,"column":2},"end":{"line":299,"column":5}},"120":{"start":{"line":266,"column":4},"end":{"line":298,"column":7}},"121":{"start":{"line":267,"column":6},"end":{"line":297,"column":7}},"122":{"start":{"line":268,"column":8},"end":{"line":268,"column":22}},"123":{"start":{"line":270,"column":8},"end":{"line":296,"column":11}},"124":{"start":{"line":271,"column":10},"end":{"line":295,"column":11}},"125":{"start":{"line":272,"column":12},"end":{"line":272,"column":26}},"126":{"start":{"line":274,"column":12},"end":{"line":294,"column":15}},"127":{"start":{"line":275,"column":14},"end":{"line":293,"column":15}},"128":{"start":{"line":276,"column":16},"end":{"line":276,"column":30}},"129":{"start":{"line":278,"column":16},"end":{"line":292,"column":18}},"130":{"start":{"line":281,"column":20},"end":{"line":281,"column":67}},"131":{"start":{"line":284,"column":20},"end":{"line":290,"column":21}},"132":{"start":{"line":285,"column":22},"end":{"line":285,"column":40}},"133":{"start":{"line":287,"column":22},"end":{"line":289,"column":25}},"134":{"start":{"line":288,"column":24},"end":{"line":288,"column":38}},"135":{"start":{"line":302,"column":0},"end":{"line":313,"column":2}},"136":{"start":{"line":303,"column":2},"end":{"line":306,"column":4}},"137":{"start":{"line":307,"column":2},"end":{"line":311,"column":3}},"138":{"start":{"line":308,"column":4},"end":{"line":310,"column":5}},"139":{"start":{"line":309,"column":6},"end":{"line":309,"column":33}},"140":{"start":{"line":312,"column":2},"end":{"line":312,"column":19}},"141":{"start":{"line":315,"column":0},"end":{"line":336,"column":2}},"142":{"start":{"line":316,"column":2},"end":{"line":316,"column":51}},"143":{"start":{"line":317,"column":2},"end":{"line":335,"column":5}},"144":{"start":{"line":318,"column":4},"end":{"line":334,"column":5}},"145":{"start":{"line":319,"column":6},"end":{"line":319,"column":20}},"146":{"start":{"line":321,"column":6},"end":{"line":333,"column":9}},"147":{"start":{"line":322,"column":8},"end":{"line":332,"column":9}},"148":{"start":{"line":323,"column":10},"end":{"line":323,"column":24}},"149":{"start":{"line":325,"column":10},"end":{"line":331,"column":13}},"150":{"start":{"line":326,"column":12},"end":{"line":330,"column":13}},"151":{"start":{"line":327,"column":14},"end":{"line":327,"column":28}},"152":{"start":{"line":329,"column":14},"end":{"line":329,"column":28}},"153":{"start":{"line":352,"column":0},"end":{"line":382,"column":2}},"154":{"start":{"line":353,"column":2},"end":{"line":381,"column":5}},"155":{"start":{"line":354,"column":4},"end":{"line":380,"column":7}},"156":{"start":{"line":355,"column":6},"end":{"line":379,"column":7}},"157":{"start":{"line":356,"column":8},"end":{"line":356,"column":22}},"158":{"start":{"line":358,"column":8},"end":{"line":378,"column":11}},"159":{"start":{"line":359,"column":10},"end":{"line":377,"column":11}},"160":{"start":{"line":360,"column":12},"end":{"line":360,"column":26}},"161":{"start":{"line":362,"column":12},"end":{"line":376,"column":14}},"162":{"start":{"line":365,"column":16},"end":{"line":365,"column":61}},"163":{"start":{"line":368,"column":16},"end":{"line":374,"column":19}},"164":{"start":{"line":369,"column":18},"end":{"line":373,"column":19}},"165":{"start":{"line":370,"column":20},"end":{"line":370,"column":34}},"166":{"start":{"line":372,"column":20},"end":{"line":372,"column":35}},"167":{"start":{"line":383,"column":0},"end":{"line":383,"column":22}},"168":{"start":{"line":385,"column":0},"end":{"line":401,"column":2}},"169":{"start":{"line":386,"column":2},"end":{"line":400,"column":5}},"170":{"start":{"line":387,"column":4},"end":{"line":399,"column":5}},"171":{"start":{"line":388,"column":6},"end":{"line":388,"column":20}},"172":{"start":{"line":390,"column":6},"end":{"line":398,"column":9}},"173":{"start":{"line":391,"column":8},"end":{"line":397,"column":9}},"174":{"start":{"line":392,"column":10},"end":{"line":392,"column":24}},"175":{"start":{"line":394,"column":10},"end":{"line":396,"column":13}},"176":{"start":{"line":395,"column":12},"end":{"line":395,"column":26}},"177":{"start":{"line":417,"column":0},"end":{"line":448,"column":2}},"178":{"start":{"line":418,"column":2},"end":{"line":447,"column":5}},"179":{"start":{"line":419,"column":4},"end":{"line":446,"column":7}},"180":{"start":{"line":420,"column":6},"end":{"line":445,"column":7}},"181":{"start":{"line":421,"column":8},"end":{"line":421,"column":22}},"182":{"start":{"line":424,"column":8},"end":{"line":444,"column":11}},"183":{"start":{"line":425,"column":10},"end":{"line":443,"column":11}},"184":{"start":{"line":426,"column":12},"end":{"line":426,"column":26}},"185":{"start":{"line":428,"column":12},"end":{"line":442,"column":14}},"186":{"start":{"line":431,"column":16},"end":{"line":431,"column":55}},"187":{"start":{"line":434,"column":16},"end":{"line":440,"column":19}},"188":{"start":{"line":435,"column":18},"end":{"line":439,"column":19}},"189":{"start":{"line":436,"column":20},"end":{"line":436,"column":34}},"190":{"start":{"line":438,"column":20},"end":{"line":438,"column":35}},"191":{"start":{"line":449,"column":0},"end":{"line":449,"column":20}},"192":{"start":{"line":465,"column":0},"end":{"line":473,"column":2}},"193":{"start":{"line":466,"column":2},"end":{"line":472,"column":5}},"194":{"start":{"line":467,"column":4},"end":{"line":471,"column":5}},"195":{"start":{"line":468,"column":6},"end":{"line":468,"column":20}},"196":{"start":{"line":470,"column":6},"end":{"line":470,"column":27}},"197":{"start":{"line":475,"column":0},"end":{"line":492,"column":2}},"198":{"start":{"line":476,"column":2},"end":{"line":491,"column":5}},"199":{"start":{"line":477,"column":4},"end":{"line":490,"column":5}},"200":{"start":{"line":478,"column":6},"end":{"line":478,"column":20}},"201":{"start":{"line":480,"column":6},"end":{"line":489,"column":9}},"202":{"start":{"line":481,"column":8},"end":{"line":488,"column":9}},"203":{"start":{"line":482,"column":10},"end":{"line":482,"column":24}},"204":{"start":{"line":484,"column":10},"end":{"line":484,"column":51}},"205":{"start":{"line":485,"column":10},"end":{"line":487,"column":13}},"206":{"start":{"line":486,"column":12},"end":{"line":486,"column":26}},"207":{"start":{"line":508,"column":0},"end":{"line":531,"column":2}},"208":{"start":{"line":509,"column":2},"end":{"line":530,"column":5}},"209":{"start":{"line":510,"column":4},"end":{"line":529,"column":7}},"210":{"start":{"line":511,"column":6},"end":{"line":528,"column":7}},"211":{"start":{"line":512,"column":8},"end":{"line":512,"column":22}},"212":{"start":{"line":514,"column":8},"end":{"line":527,"column":13}},"213":{"start":{"line":517,"column":12},"end":{"line":517,"column":56}},"214":{"start":{"line":520,"column":12},"end":{"line":526,"column":13}},"215":{"start":{"line":521,"column":14},"end":{"line":521,"column":32}},"216":{"start":{"line":523,"column":14},"end":{"line":525,"column":17}},"217":{"start":{"line":524,"column":16},"end":{"line":524,"column":30}}},"branchMap":{"1":{"line":35,"type":"if","locations":[{"start":{"line":35,"column":2},"end":{"line":35,"column":2}},{"start":{"line":35,"column":2},"end":{"line":35,"column":2}}]},"2":{"line":39,"type":"if","locations":[{"start":{"line":39,"column":2},"end":{"line":39,"column":2}},{"start":{"line":39,"column":2},"end":{"line":39,"column":2}}]},"3":{"line":47,"type":"if","locations":[{"start":{"line":47,"column":4},"end":{"line":47,"column":4}},{"start":{"line":47,"column":4},"end":{"line":47,"column":4}}]},"4":{"line":58,"type":"if","locations":[{"start":{"line":58,"column":2},"end":{"line":58,"column":2}},{"start":{"line":58,"column":2},"end":{"line":58,"column":2}}]},"5":{"line":64,"type":"if","locations":[{"start":{"line":64,"column":4},"end":{"line":64,"column":4}},{"start":{"line":64,"column":4},"end":{"line":64,"column":4}}]},"6":{"line":71,"type":"if","locations":[{"start":{"line":71,"column":2},"end":{"line":71,"column":2}},{"start":{"line":71,"column":2},"end":{"line":71,"column":2}}]},"7":{"line":74,"type":"if","locations":[{"start":{"line":74,"column":2},"end":{"line":74,"column":2}},{"start":{"line":74,"column":2},"end":{"line":74,"column":2}}]},"8":{"line":99,"type":"if","locations":[{"start":{"line":99,"column":2},"end":{"line":99,"column":2}},{"start":{"line":99,"column":2},"end":{"line":99,"column":2}}]},"9":{"line":135,"type":"if","locations":[{"start":{"line":135,"column":4},"end":{"line":135,"column":4}},{"start":{"line":135,"column":4},"end":{"line":135,"column":4}}]},"10":{"line":141,"type":"if","locations":[{"start":{"line":141,"column":10},"end":{"line":141,"column":10}},{"start":{"line":141,"column":10},"end":{"line":141,"column":10}}]},"11":{"line":152,"type":"if","locations":[{"start":{"line":152,"column":8},"end":{"line":152,"column":8}},{"start":{"line":152,"column":8},"end":{"line":152,"column":8}}]},"12":{"line":179,"type":"if","locations":[{"start":{"line":179,"column":4},"end":{"line":179,"column":4}},{"start":{"line":179,"column":4},"end":{"line":179,"column":4}}]},"13":{"line":185,"type":"if","locations":[{"start":{"line":185,"column":6},"end":{"line":185,"column":6}},{"start":{"line":185,"column":6},"end":{"line":185,"column":6}}]},"14":{"line":207,"type":"if","locations":[{"start":{"line":207,"column":2},"end":{"line":207,"column":2}},{"start":{"line":207,"column":2},"end":{"line":207,"column":2}}]},"15":{"line":210,"type":"if","locations":[{"start":{"line":210,"column":2},"end":{"line":210,"column":2}},{"start":{"line":210,"column":2},"end":{"line":210,"column":2}}]},"16":{"line":221,"type":"if","locations":[{"start":{"line":221,"column":4},"end":{"line":221,"column":4}},{"start":{"line":221,"column":4},"end":{"line":221,"column":4}}]},"17":{"line":225,"type":"if","locations":[{"start":{"line":225,"column":8},"end":{"line":225,"column":8}},{"start":{"line":225,"column":8},"end":{"line":225,"column":8}}]},"18":{"line":230,"type":"if","locations":[{"start":{"line":230,"column":12},"end":{"line":230,"column":12}},{"start":{"line":230,"column":12},"end":{"line":230,"column":12}}]},"19":{"line":233,"type":"if","locations":[{"start":{"line":233,"column":14},"end":{"line":233,"column":14}},{"start":{"line":233,"column":14},"end":{"line":233,"column":14}}]},"20":{"line":267,"type":"if","locations":[{"start":{"line":267,"column":6},"end":{"line":267,"column":6}},{"start":{"line":267,"column":6},"end":{"line":267,"column":6}}]},"21":{"line":271,"type":"if","locations":[{"start":{"line":271,"column":10},"end":{"line":271,"column":10}},{"start":{"line":271,"column":10},"end":{"line":271,"column":10}}]},"22":{"line":275,"type":"if","locations":[{"start":{"line":275,"column":14},"end":{"line":275,"column":14}},{"start":{"line":275,"column":14},"end":{"line":275,"column":14}}]},"23":{"line":284,"type":"if","locations":[{"start":{"line":284,"column":20},"end":{"line":284,"column":20}},{"start":{"line":284,"column":20},"end":{"line":284,"column":20}}]},"24":{"line":284,"type":"binary-expr","locations":[{"start":{"line":284,"column":24},"end":{"line":284,"column":28}},{"start":{"line":284,"column":32},"end":{"line":284,"column":47}}]},"25":{"line":307,"type":"if","locations":[{"start":{"line":307,"column":2},"end":{"line":307,"column":2}},{"start":{"line":307,"column":2},"end":{"line":307,"column":2}}]},"26":{"line":318,"type":"if","locations":[{"start":{"line":318,"column":4},"end":{"line":318,"column":4}},{"start":{"line":318,"column":4},"end":{"line":318,"column":4}}]},"27":{"line":322,"type":"if","locations":[{"start":{"line":322,"column":8},"end":{"line":322,"column":8}},{"start":{"line":322,"column":8},"end":{"line":322,"column":8}}]},"28":{"line":326,"type":"if","locations":[{"start":{"line":326,"column":12},"end":{"line":326,"column":12}},{"start":{"line":326,"column":12},"end":{"line":326,"column":12}}]},"29":{"line":355,"type":"if","locations":[{"start":{"line":355,"column":6},"end":{"line":355,"column":6}},{"start":{"line":355,"column":6},"end":{"line":355,"column":6}}]},"30":{"line":359,"type":"if","locations":[{"start":{"line":359,"column":10},"end":{"line":359,"column":10}},{"start":{"line":359,"column":10},"end":{"line":359,"column":10}}]},"31":{"line":369,"type":"if","locations":[{"start":{"line":369,"column":18},"end":{"line":369,"column":18}},{"start":{"line":369,"column":18},"end":{"line":369,"column":18}}]},"32":{"line":387,"type":"if","locations":[{"start":{"line":387,"column":4},"end":{"line":387,"column":4}},{"start":{"line":387,"column":4},"end":{"line":387,"column":4}}]},"33":{"line":391,"type":"if","locations":[{"start":{"line":391,"column":8},"end":{"line":391,"column":8}},{"start":{"line":391,"column":8},"end":{"line":391,"column":8}}]},"34":{"line":420,"type":"if","locations":[{"start":{"line":420,"column":6},"end":{"line":420,"column":6}},{"start":{"line":420,"column":6},"end":{"line":420,"column":6}}]},"35":{"line":425,"type":"if","locations":[{"start":{"line":425,"column":10},"end":{"line":425,"column":10}},{"start":{"line":425,"column":10},"end":{"line":425,"column":10}}]},"36":{"line":435,"type":"if","locations":[{"start":{"line":435,"column":18},"end":{"line":435,"column":18}},{"start":{"line":435,"column":18},"end":{"line":435,"column":18}}]},"37":{"line":467,"type":"if","locations":[{"start":{"line":467,"column":4},"end":{"line":467,"column":4}},{"start":{"line":467,"column":4},"end":{"line":467,"column":4}}]},"38":{"line":477,"type":"if","locations":[{"start":{"line":477,"column":4},"end":{"line":477,"column":4}},{"start":{"line":477,"column":4},"end":{"line":477,"column":4}}]},"39":{"line":481,"type":"if","locations":[{"start":{"line":481,"column":8},"end":{"line":481,"column":8}},{"start":{"line":481,"column":8},"end":{"line":481,"column":8}}]},"40":{"line":511,"type":"if","locations":[{"start":{"line":511,"column":6},"end":{"line":511,"column":6}},{"start":{"line":511,"column":6},"end":{"line":511,"column":6}}]},"41":{"line":520,"type":"if","locations":[{"start":{"line":520,"column":12},"end":{"line":520,"column":12}},{"start":{"line":520,"column":12},"end":{"line":520,"column":12}}]},"42":{"line":520,"type":"binary-expr","locations":[{"start":{"line":520,"column":16},"end":{"line":520,"column":20}},{"start":{"line":520,"column":24},"end":{"line":520,"column":39}}]}}},"/home/travis/build/kalabox/kalabox/lib/core.js":{"path":"/home/travis/build/kalabox/kalabox/lib/core.js","s":{"1":1,"2":1,"3":1,"4":1,"5":1,"6":1,"7":1},"b":{},"f":{},"fnMap":{},"statementMap":{"1":{"start":{"line":7,"column":0},"end":{"line":7,"column":58}},"2":{"start":{"line":9,"column":0},"end":{"line":9,"column":52}},"3":{"start":{"line":11,"column":0},"end":{"line":11,"column":49}},"4":{"start":{"line":13,"column":0},"end":{"line":13,"column":58}},"5":{"start":{"line":15,"column":0},"end":{"line":15,"column":49}},"6":{"start":{"line":17,"column":0},"end":{"line":17,"column":52}},"7":{"start":{"line":19,"column":0},"end":{"line":19,"column":55}}},"branchMap":{}},"/home/travis/build/kalabox/kalabox/lib/core/config.js":{"path":"/home/travis/build/kalabox/kalabox/lib/core/config.js","s":{"1":1,"2":1,"3":1,"4":1,"5":1,"6":1,"7":1,"8":1,"9":1,"10":1,"11":1,"12":1,"13":1,"14":200,"15":200,"16":160,"17":160,"18":40,"19":40,"20":40,"21":40,"22":40,"23":40,"24":1,"25":1,"26":11,"27":199,"28":11,"29":1,"30":1,"31":10,"32":10,"33":10,"34":196,"35":196,"36":10,"37":1,"38":1,"39":10,"40":91,"41":91,"42":7,"43":0,"44":7,"45":84,"46":10,"47":1,"48":1,"49":6,"50":1,"51":6,"52":6,"53":6,"54":0,"55":6,"56":1,"57":5,"58":1,"59":5,"60":1,"61":5,"62":1,"63":2,"64":2,"65":2,"66":1,"67":5,"68":5,"69":5,"70":10,"71":2,"72":2,"73":10,"74":5,"75":1,"76":0,"77":1,"78":1,"79":0,"80":0,"81":1,"82":1,"83":1,"84":1,"85":1,"86":1,"87":1,"88":1,"89":1,"90":1},"b":{"1":[160,40],"2":[40,120],"3":[40,0],"4":[7,84],"5":[0,7],"6":[0,6],"7":[2,8],"8":[0,1],"9":[1,0]},"f":{"1":200,"2":11,"3":10,"4":10,"5":6,"6":6,"7":5,"8":5,"9":5,"10":2,"11":5,"12":10,"13":0,"14":1},"fnMap":{"1":{"name":"normalizeValue","line":47,"loc":{"start":{"line":47,"column":0},"end":{"line":47,"column":37}}},"2":{"name":"normalize","line":65,"loc":{"start":{"line":65,"column":0},"end":{"line":65,"column":27}}},"3":{"name":"sort","line":73,"loc":{"start":{"line":73,"column":0},"end":{"line":73,"column":22}}},"4":{"name":"mixIn","line":88,"loc":{"start":{"line":88,"column":0},"end":{"line":88,"column":21}}},"5":{"name":"(anonymous_5)","line":107,"loc":{"start":{"line":107,"column":21},"end":{"line":107,"column":32}}},"6":{"name":"(anonymous_6)","line":119,"loc":{"start":{"line":119,"column":23},"end":{"line":119,"column":34}}},"7":{"name":"(anonymous_7)","line":155,"loc":{"start":{"line":155,"column":27},"end":{"line":155,"column":38}}},"8":{"name":"(anonymous_8)","line":159,"loc":{"start":{"line":159,"column":66},"end":{"line":159,"column":77}}},"9":{"name":"(anonymous_9)","line":163,"loc":{"start":{"line":163,"column":30},"end":{"line":163,"column":41}}},"10":{"name":"(anonymous_10)","line":167,"loc":{"start":{"line":167,"column":21},"end":{"line":167,"column":46}}},"11":{"name":"(anonymous_11)","line":183,"loc":{"start":{"line":183,"column":26},"end":{"line":183,"column":37}}},"12":{"name":"(anonymous_12)","line":189,"loc":{"start":{"line":189,"column":43},"end":{"line":189,"column":72}}},"13":{"name":"(anonymous_13)","line":199,"loc":{"start":{"line":199,"column":31},"end":{"line":199,"column":53}}},"14":{"name":"(anonymous_14)","line":215,"loc":{"start":{"line":215,"column":23},"end":{"line":215,"column":46}}}},"statementMap":{"1":{"start":{"line":8,"column":0},"end":{"line":8,"column":27}},"2":{"start":{"line":9,"column":0},"end":{"line":9,"column":23}},"3":{"start":{"line":10,"column":0},"end":{"line":10,"column":23}},"4":{"start":{"line":11,"column":0},"end":{"line":11,"column":30}},"5":{"start":{"line":12,"column":0},"end":{"line":12,"column":32}},"6":{"start":{"line":13,"column":0},"end":{"line":13,"column":30}},"7":{"start":{"line":14,"column":0},"end":{"line":14,"column":26}},"8":{"start":{"line":17,"column":0},"end":{"line":17,"column":37}},"9":{"start":{"line":18,"column":0},"end":{"line":18,"column":42}},"10":{"start":{"line":20,"column":0},"end":{"line":42,"column":2}},"11":{"start":{"line":44,"column":0},"end":{"line":44,"column":25}},"12":{"start":{"line":45,"column":0},"end":{"line":45,"column":23}},"13":{"start":{"line":47,"column":0},"end":{"line":62,"column":1}},"14":{"start":{"line":48,"column":2},"end":{"line":48,"column":29}},"15":{"start":{"line":49,"column":2},"end":{"line":61,"column":3}},"16":{"start":{"line":50,"column":4},"end":{"line":50,"column":53}},"17":{"start":{"line":51,"column":4},"end":{"line":60,"column":5}},"18":{"start":{"line":52,"column":6},"end":{"line":59,"column":7}},"19":{"start":{"line":53,"column":8},"end":{"line":53,"column":34}},"20":{"start":{"line":54,"column":8},"end":{"line":54,"column":57}},"21":{"start":{"line":55,"column":8},"end":{"line":55,"column":42}},"22":{"start":{"line":56,"column":8},"end":{"line":58,"column":9}},"23":{"start":{"line":57,"column":10},"end":{"line":57,"column":60}},"24":{"start":{"line":63,"column":0},"end":{"line":63,"column":40}},"25":{"start":{"line":65,"column":0},"end":{"line":70,"column":1}},"26":{"start":{"line":66,"column":2},"end":{"line":68,"column":3}},"27":{"start":{"line":67,"column":4},"end":{"line":67,"column":32}},"28":{"start":{"line":69,"column":2},"end":{"line":69,"column":16}},"29":{"start":{"line":71,"column":0},"end":{"line":71,"column":30}},"30":{"start":{"line":73,"column":0},"end":{"line":81,"column":1}},"31":{"start":{"line":74,"column":2},"end":{"line":74,"column":40}},"32":{"start":{"line":75,"column":2},"end":{"line":75,"column":18}},"33":{"start":{"line":76,"column":2},"end":{"line":79,"column":3}},"34":{"start":{"line":77,"column":4},"end":{"line":77,"column":22}},"35":{"start":{"line":78,"column":4},"end":{"line":78,"column":30}},"36":{"start":{"line":80,"column":2},"end":{"line":80,"column":16}},"37":{"start":{"line":84,"column":0},"end":{"line":86,"column":2}},"38":{"start":{"line":88,"column":0},"end":{"line":104,"column":1}},"39":{"start":{"line":89,"column":2},"end":{"line":102,"column":3}},"40":{"start":{"line":90,"column":4},"end":{"line":90,"column":55}},"41":{"start":{"line":91,"column":4},"end":{"line":101,"column":5}},"42":{"start":{"line":93,"column":6},"end":{"line":97,"column":7}},"43":{"start":{"line":94,"column":8},"end":{"line":94,"column":24}},"44":{"start":{"line":96,"column":8},"end":{"line":96,"column":39}},"45":{"start":{"line":100,"column":6},"end":{"line":100,"column":22}},"46":{"start":{"line":103,"column":2},"end":{"line":103,"column":28}},"47":{"start":{"line":105,"column":0},"end":{"line":105,"column":22}},"48":{"start":{"line":107,"column":0},"end":{"line":109,"column":2}},"49":{"start":{"line":108,"column":2},"end":{"line":108,"column":65}},"50":{"start":{"line":119,"column":0},"end":{"line":142,"column":2}},"51":{"start":{"line":120,"column":2},"end":{"line":120,"column":37}},"52":{"start":{"line":121,"column":2},"end":{"line":121,"column":26}},"53":{"start":{"line":122,"column":2},"end":{"line":124,"column":3}},"54":{"start":{"line":123,"column":4},"end":{"line":123,"column":23}},"55":{"start":{"line":125,"column":2},"end":{"line":141,"column":4}},"56":{"start":{"line":155,"column":0},"end":{"line":157,"column":2}},"57":{"start":{"line":156,"column":2},"end":{"line":156,"column":59}},"58":{"start":{"line":159,"column":0},"end":{"line":161,"column":2}},"59":{"start":{"line":160,"column":2},"end":{"line":160,"column":57}},"60":{"start":{"line":163,"column":0},"end":{"line":165,"column":2}},"61":{"start":{"line":164,"column":2},"end":{"line":164,"column":58}},"62":{"start":{"line":167,"column":0},"end":{"line":171,"column":2}},"63":{"start":{"line":168,"column":2},"end":{"line":168,"column":49}},"64":{"start":{"line":169,"column":2},"end":{"line":169,"column":52}},"65":{"start":{"line":170,"column":2},"end":{"line":170,"column":26}},"66":{"start":{"line":183,"column":0},"end":{"line":197,"column":2}},"67":{"start":{"line":184,"column":2},"end":{"line":184,"column":46}},"68":{"start":{"line":185,"column":2},"end":{"line":188,"column":4}},"69":{"start":{"line":189,"column":2},"end":{"line":195,"column":20}},"70":{"start":{"line":190,"column":4},"end":{"line":193,"column":5}},"71":{"start":{"line":191,"column":6},"end":{"line":191,"column":56}},"72":{"start":{"line":192,"column":6},"end":{"line":192,"column":47}},"73":{"start":{"line":194,"column":4},"end":{"line":194,"column":18}},"74":{"start":{"line":196,"column":2},"end":{"line":196,"column":22}},"75":{"start":{"line":199,"column":0},"end":{"line":201,"column":2}},"76":{"start":{"line":200,"column":2},"end":{"line":200,"column":63}},"77":{"start":{"line":215,"column":0},"end":{"line":235,"column":2}},"78":{"start":{"line":217,"column":2},"end":{"line":220,"column":3}},"79":{"start":{"line":218,"column":4},"end":{"line":218,"column":22}},"80":{"start":{"line":219,"column":4},"end":{"line":219,"column":26}},"81":{"start":{"line":222,"column":2},"end":{"line":222,"column":44}},"82":{"start":{"line":224,"column":2},"end":{"line":226,"column":3}},"83":{"start":{"line":225,"column":4},"end":{"line":225,"column":57}},"84":{"start":{"line":228,"column":2},"end":{"line":228,"column":62}},"85":{"start":{"line":229,"column":2},"end":{"line":229,"column":49}},"86":{"start":{"line":230,"column":2},"end":{"line":230,"column":34}},"87":{"start":{"line":231,"column":2},"end":{"line":231,"column":48}},"88":{"start":{"line":232,"column":2},"end":{"line":232,"column":50}},"89":{"start":{"line":233,"column":2},"end":{"line":233,"column":51}},"90":{"start":{"line":234,"column":2},"end":{"line":234,"column":16}}},"branchMap":{"1":{"line":49,"type":"if","locations":[{"start":{"line":49,"column":2},"end":{"line":49,"column":2}},{"start":{"line":49,"column":2},"end":{"line":49,"column":2}}]},"2":{"line":51,"type":"if","locations":[{"start":{"line":51,"column":4},"end":{"line":51,"column":4}},{"start":{"line":51,"column":4},"end":{"line":51,"column":4}}]},"3":{"line":56,"type":"if","locations":[{"start":{"line":56,"column":8},"end":{"line":56,"column":8}},{"start":{"line":56,"column":8},"end":{"line":56,"column":8}}]},"4":{"line":91,"type":"if","locations":[{"start":{"line":91,"column":4},"end":{"line":91,"column":4}},{"start":{"line":91,"column":4},"end":{"line":91,"column":4}}]},"5":{"line":93,"type":"if","locations":[{"start":{"line":93,"column":6},"end":{"line":93,"column":6}},{"start":{"line":93,"column":6},"end":{"line":93,"column":6}}]},"6":{"line":122,"type":"if","locations":[{"start":{"line":122,"column":2},"end":{"line":122,"column":2}},{"start":{"line":122,"column":2},"end":{"line":122,"column":2}}]},"7":{"line":190,"type":"if","locations":[{"start":{"line":190,"column":4},"end":{"line":190,"column":4}},{"start":{"line":190,"column":4},"end":{"line":190,"column":4}}]},"8":{"line":217,"type":"if","locations":[{"start":{"line":217,"column":2},"end":{"line":217,"column":2}},{"start":{"line":217,"column":2},"end":{"line":217,"column":2}}]},"9":{"line":224,"type":"if","locations":[{"start":{"line":224,"column":2},"end":{"line":224,"column":2}},{"start":{"line":224,"column":2},"end":{"line":224,"column":2}}]}}},"/home/travis/build/kalabox/kalabox/lib/core/env.js":{"path":"/home/travis/build/kalabox/kalabox/lib/core/env.js","s":{"1":1,"2":1,"3":1,"4":1,"5":1,"6":1,"7":1,"8":1,"9":1,"10":1,"11":1,"12":1,"13":29,"14":1,"15":0,"16":1,"17":0,"18":0,"19":0,"20":1,"21":29,"22":29,"23":29,"24":1,"25":0,"26":1,"27":17,"28":1,"29":6,"30":1,"31":17},"b":{"1":[0,0],"2":[0,29]},"f":{"1":29,"2":0,"3":0,"4":29,"5":0,"6":17,"7":6,"8":17},"fnMap":{"1":{"name":"getEnv","line":26,"loc":{"start":{"line":26,"column":0},"end":{"line":26,"column":21}}},"2":{"name":"setEnv","line":30,"loc":{"start":{"line":30,"column":30},"end":{"line":30,"column":58}}},"3":{"name":"(anonymous_3)","line":34,"loc":{"start":{"line":34,"column":22},"end":{"line":34,"column":45}}},"4":{"name":"(anonymous_4)","line":42,"loc":{"start":{"line":42,"column":21},"end":{"line":42,"column":32}}},"5":{"name":"(anonymous_5)","line":48,"loc":{"start":{"line":48,"column":25},"end":{"line":48,"column":36}}},"6":{"name":"(anonymous_6)","line":52,"loc":{"start":{"line":52,"column":25},"end":{"line":52,"column":36}}},"7":{"name":"(anonymous_7)","line":56,"loc":{"start":{"line":56,"column":29},"end":{"line":56,"column":40}}},"8":{"name":"(anonymous_8)","line":62,"loc":{"start":{"line":62,"column":24},"end":{"line":62,"column":35}}}},"statementMap":{"1":{"start":{"line":7,"column":0},"end":{"line":7,"column":27}},"2":{"start":{"line":10,"column":0},"end":{"line":10,"column":29}},"3":{"start":{"line":11,"column":0},"end":{"line":11,"column":28}},"4":{"start":{"line":12,"column":0},"end":{"line":12,"column":31}},"5":{"start":{"line":13,"column":0},"end":{"line":17,"column":2}},"6":{"start":{"line":18,"column":0},"end":{"line":18,"column":37}},"7":{"start":{"line":19,"column":0},"end":{"line":19,"column":27}},"8":{"start":{"line":20,"column":0},"end":{"line":20,"column":37}},"9":{"start":{"line":21,"column":0},"end":{"line":21,"column":42}},"10":{"start":{"line":22,"column":0},"end":{"line":22,"column":44}},"11":{"start":{"line":24,"column":0},"end":{"line":24,"column":36}},"12":{"start":{"line":26,"column":0},"end":{"line":28,"column":1}},"13":{"start":{"line":27,"column":2},"end":{"line":27,"column":26}},"14":{"start":{"line":30,"column":0},"end":{"line":32,"column":2}},"15":{"start":{"line":31,"column":2},"end":{"line":31,"column":27}},"16":{"start":{"line":34,"column":0},"end":{"line":40,"column":2}},"17":{"start":{"line":35,"column":2},"end":{"line":39,"column":3}},"18":{"start":{"line":36,"column":4},"end":{"line":36,"column":18}},"19":{"start":{"line":38,"column":4},"end":{"line":38,"column":20}},"20":{"start":{"line":42,"column":0},"end":{"line":46,"column":2}},"21":{"start":{"line":43,"column":2},"end":{"line":43,"column":61}},"22":{"start":{"line":44,"column":2},"end":{"line":44,"column":68}},"23":{"start":{"line":45,"column":2},"end":{"line":45,"column":24}},"24":{"start":{"line":48,"column":0},"end":{"line":50,"column":2}},"25":{"start":{"line":49,"column":2},"end":{"line":49,"column":60}},"26":{"start":{"line":52,"column":0},"end":{"line":54,"column":2}},"27":{"start":{"line":53,"column":2},"end":{"line":53,"column":64}},"28":{"start":{"line":56,"column":0},"end":{"line":60,"column":2}},"29":{"start":{"line":57,"column":2},"end":{"line":59,"column":4}},"30":{"start":{"line":62,"column":0},"end":{"line":64,"column":2}},"31":{"start":{"line":63,"column":2},"end":{"line":63,"column":43}}},"branchMap":{"1":{"line":35,"type":"if","locations":[{"start":{"line":35,"column":2},"end":{"line":35,"column":2}},{"start":{"line":35,"column":2},"end":{"line":35,"column":2}}]},"2":{"line":44,"type":"cond-expr","locations":[{"start":{"line":44,"column":35},"end":{"line":44,"column":51}},{"start":{"line":44,"column":54},"end":{"line":44,"column":67}}]}}},"/home/travis/build/kalabox/kalabox/lib/core/deps.js":{"path":"/home/travis/build/kalabox/kalabox/lib/core/deps.js","s":{"1":1,"2":1,"3":1,"4":1,"5":1,"6":45,"7":1,"8":14,"9":1,"10":15,"11":1,"12":1,"13":1,"14":0,"15":1,"16":15,"17":1,"18":1,"19":1,"20":10,"21":10,"22":1,"23":15,"24":15,"25":15,"26":1,"27":1,"28":14,"29":14,"30":0,"31":0,"32":0,"33":0,"34":1,"35":2,"36":1,"37":1,"38":20,"39":20,"40":17,"41":3,"42":1,"43":2,"44":1,"45":0,"46":1,"47":0,"48":0,"49":0,"50":0,"51":0,"52":0,"53":0,"54":0,"55":1,"56":3,"57":3,"58":3,"59":3,"60":3,"61":3,"62":3,"63":1,"64":7,"65":7,"66":7,"67":7,"68":2,"69":5,"70":12,"71":5,"72":5,"73":1,"74":1,"75":6,"76":5},"b":{"1":[15,0],"2":[1,14],"3":[0,14],"4":[0,0],"5":[1,1],"6":[17,3],"7":[1,2],"8":[3,1,1],"9":[0,0],"10":[2,5]},"f":{"1":45,"2":14,"3":15,"4":1,"5":0,"6":15,"7":1,"8":10,"9":15,"10":0,"11":0,"12":2,"13":20,"14":0,"15":0,"16":3,"17":3,"18":7,"19":12,"20":6},"fnMap":{"1":{"name":"_getDep","line":15,"loc":{"start":{"line":15,"column":0},"end":{"line":15,"column":23}}},"2":{"name":"_setDep","line":19,"loc":{"start":{"line":19,"column":0},"end":{"line":19,"column":30}}},"3":{"name":"_clear","line":23,"loc":{"start":{"line":23,"column":0},"end":{"line":23,"column":18}}},"4":{"name":"_remove","line":27,"loc":{"start":{"line":27,"column":0},"end":{"line":27,"column":23}}},"5":{"name":"(anonymous_5)","line":31,"loc":{"start":{"line":31,"column":15},"end":{"line":31,"column":26}}},"6":{"name":"(anonymous_6)","line":44,"loc":{"start":{"line":44,"column":16},"end":{"line":44,"column":27}}},"7":{"name":"(anonymous_7)","line":56,"loc":{"start":{"line":56,"column":17},"end":{"line":56,"column":32}}},"8":{"name":"(anonymous_8)","line":70,"loc":{"start":{"line":70,"column":34},"end":{"line":70,"column":49}}},"9":{"name":"(anonymous_9)","line":83,"loc":{"start":{"line":83,"column":34},"end":{"line":83,"column":60}}},"10":{"name":"(anonymous_10)","line":85,"loc":{"start":{"line":85,"column":11},"end":{"line":85,"column":22}}},"11":{"name":"(anonymous_11)","line":97,"loc":{"start":{"line":97,"column":55},"end":{"line":97,"column":69}}},"12":{"name":"(anonymous_12)","line":108,"loc":{"start":{"line":108,"column":21},"end":{"line":108,"column":41}}},"13":{"name":"(anonymous_13)","line":133,"loc":{"start":{"line":133,"column":17},"end":{"line":133,"column":38}}},"14":{"name":"_isFlag","line":144,"loc":{"start":{"line":144,"column":0},"end":{"line":144,"column":23}}},"15":{"name":"(anonymous_15)","line":148,"loc":{"start":{"line":148,"column":19},"end":{"line":148,"column":30}}},"16":{"name":"(anonymous_16)","line":172,"loc":{"start":{"line":172,"column":19},"end":{"line":172,"column":49}}},"17":{"name":"(anonymous_17)","line":180,"loc":{"start":{"line":180,"column":11},"end":{"line":180,"column":22}}},"18":{"name":"(anonymous_18)","line":188,"loc":{"start":{"line":188,"column":14},"end":{"line":188,"column":27}}},"19":{"name":"(anonymous_19)","line":195,"loc":{"start":{"line":195,"column":15},"end":{"line":195,"column":27}}},"20":{"name":"(anonymous_20)","line":213,"loc":{"start":{"line":213,"column":15},"end":{"line":213,"column":28}}}},"statementMap":{"1":{"start":{"line":8,"column":0},"end":{"line":8,"column":25}},"2":{"start":{"line":10,"column":0},"end":{"line":10,"column":26}},"3":{"start":{"line":11,"column":0},"end":{"line":11,"column":36}},"4":{"start":{"line":13,"column":0},"end":{"line":13,"column":15}},"5":{"start":{"line":15,"column":0},"end":{"line":17,"column":1}},"6":{"start":{"line":16,"column":2},"end":{"line":16,"column":21}},"7":{"start":{"line":19,"column":0},"end":{"line":21,"column":1}},"8":{"start":{"line":20,"column":2},"end":{"line":20,"column":22}},"9":{"start":{"line":23,"column":0},"end":{"line":25,"column":1}},"10":{"start":{"line":24,"column":2},"end":{"line":24,"column":13}},"11":{"start":{"line":27,"column":0},"end":{"line":29,"column":1}},"12":{"start":{"line":28,"column":2},"end":{"line":28,"column":21}},"13":{"start":{"line":31,"column":0},"end":{"line":33,"column":2}},"14":{"start":{"line":32,"column":2},"end":{"line":32,"column":23}},"15":{"start":{"line":44,"column":0},"end":{"line":46,"column":2}},"16":{"start":{"line":45,"column":2},"end":{"line":45,"column":11}},"17":{"start":{"line":56,"column":0},"end":{"line":58,"column":2}},"18":{"start":{"line":57,"column":2},"end":{"line":57,"column":16}},"19":{"start":{"line":70,"column":0},"end":{"line":73,"column":2}},"20":{"start":{"line":71,"column":2},"end":{"line":71,"column":29}},"21":{"start":{"line":72,"column":2},"end":{"line":72,"column":30}},"22":{"start":{"line":83,"column":0},"end":{"line":105,"column":2}},"23":{"start":{"line":84,"column":2},"end":{"line":86,"column":3}},"24":{"start":{"line":85,"column":4},"end":{"line":85,"column":25}},"25":{"start":{"line":88,"column":2},"end":{"line":94,"column":3}},"26":{"start":{"line":89,"column":4},"end":{"line":92,"column":39}},"27":{"start":{"line":93,"column":4},"end":{"line":93,"column":25}},"28":{"start":{"line":95,"column":2},"end":{"line":95,"column":21}},"29":{"start":{"line":96,"column":2},"end":{"line":104,"column":3}},"30":{"start":{"line":97,"column":4},"end":{"line":103,"column":7}},"31":{"start":{"line":98,"column":6},"end":{"line":102,"column":7}},"32":{"start":{"line":99,"column":8},"end":{"line":99,"column":18}},"33":{"start":{"line":101,"column":8},"end":{"line":101,"column":49}},"34":{"start":{"line":108,"column":0},"end":{"line":112,"column":2}},"35":{"start":{"line":109,"column":2},"end":{"line":111,"column":3}},"36":{"start":{"line":110,"column":4},"end":{"line":110,"column":24}},"37":{"start":{"line":133,"column":0},"end":{"line":142,"column":2}},"38":{"start":{"line":134,"column":2},"end":{"line":134,"column":29}},"39":{"start":{"line":135,"column":2},"end":{"line":141,"column":3}},"40":{"start":{"line":136,"column":4},"end":{"line":136,"column":18}},"41":{"start":{"line":137,"column":9},"end":{"line":141,"column":3}},"42":{"start":{"line":138,"column":4},"end":{"line":138,"column":16}},"43":{"start":{"line":140,"column":4},"end":{"line":140,"column":68}},"44":{"start":{"line":144,"column":0},"end":{"line":146,"column":1}},"45":{"start":{"line":145,"column":2},"end":{"line":145,"column":62}},"46":{"start":{"line":148,"column":0},"end":{"line":159,"column":2}},"47":{"start":{"line":149,"column":2},"end":{"line":149,"column":17}},"48":{"start":{"line":150,"column":2},"end":{"line":157,"column":3}},"49":{"start":{"line":151,"column":4},"end":{"line":156,"column":5}},"50":{"start":{"line":152,"column":6},"end":{"line":152,"column":58}},"51":{"start":{"line":153,"column":6},"end":{"line":153,"column":58}},"52":{"start":{"line":154,"column":6},"end":{"line":154,"column":52}},"53":{"start":{"line":155,"column":6},"end":{"line":155,"column":30}},"54":{"start":{"line":158,"column":2},"end":{"line":158,"column":15}},"55":{"start":{"line":172,"column":0},"end":{"line":186,"column":2}},"56":{"start":{"line":173,"column":2},"end":{"line":173,"column":23}},"57":{"start":{"line":175,"column":2},"end":{"line":178,"column":3}},"58":{"start":{"line":176,"column":4},"end":{"line":176,"column":34}},"59":{"start":{"line":177,"column":4},"end":{"line":177,"column":32}},"60":{"start":{"line":180,"column":2},"end":{"line":185,"column":5}},"61":{"start":{"line":182,"column":4},"end":{"line":184,"column":5}},"62":{"start":{"line":183,"column":6},"end":{"line":183,"column":36}},"63":{"start":{"line":188,"column":0},"end":{"line":199,"column":2}},"64":{"start":{"line":189,"column":2},"end":{"line":189,"column":53}},"65":{"start":{"line":190,"column":2},"end":{"line":190,"column":27}},"66":{"start":{"line":191,"column":2},"end":{"line":191,"column":39}},"67":{"start":{"line":192,"column":2},"end":{"line":198,"column":3}},"68":{"start":{"line":193,"column":4},"end":{"line":193,"column":14}},"69":{"start":{"line":195,"column":4},"end":{"line":195,"column":48}},"70":{"start":{"line":195,"column":29},"end":{"line":195,"column":45}},"71":{"start":{"line":196,"column":4},"end":{"line":196,"column":44}},"72":{"start":{"line":197,"column":4},"end":{"line":197,"column":16}},"73":{"start":{"line":200,"column":0},"end":{"line":200,"column":26}},"74":{"start":{"line":213,"column":0},"end":{"line":216,"column":2}},"75":{"start":{"line":214,"column":2},"end":{"line":214,"column":47}},"76":{"start":{"line":215,"column":2},"end":{"line":215,"column":28}}},"branchMap":{"1":{"line":84,"type":"if","locations":[{"start":{"line":84,"column":2},"end":{"line":84,"column":2}},{"start":{"line":84,"column":2},"end":{"line":84,"column":2}}]},"2":{"line":88,"type":"if","locations":[{"start":{"line":88,"column":2},"end":{"line":88,"column":2}},{"start":{"line":88,"column":2},"end":{"line":88,"column":2}}]},"3":{"line":96,"type":"if","locations":[{"start":{"line":96,"column":2},"end":{"line":96,"column":2}},{"start":{"line":96,"column":2},"end":{"line":96,"column":2}}]},"4":{"line":98,"type":"if","locations":[{"start":{"line":98,"column":6},"end":{"line":98,"column":6}},{"start":{"line":98,"column":6},"end":{"line":98,"column":6}}]},"5":{"line":109,"type":"if","locations":[{"start":{"line":109,"column":2},"end":{"line":109,"column":2}},{"start":{"line":109,"column":2},"end":{"line":109,"column":2}}]},"6":{"line":135,"type":"if","locations":[{"start":{"line":135,"column":2},"end":{"line":135,"column":2}},{"start":{"line":135,"column":2},"end":{"line":135,"column":2}}]},"7":{"line":137,"type":"if","locations":[{"start":{"line":137,"column":9},"end":{"line":137,"column":9}},{"start":{"line":137,"column":9},"end":{"line":137,"column":9}}]},"8":{"line":137,"type":"binary-expr","locations":[{"start":{"line":137,"column":13},"end":{"line":137,"column":17}},{"start":{"line":137,"column":21},"end":{"line":137,"column":34}},{"start":{"line":137,"column":38},"end":{"line":137,"column":60}}]},"9":{"line":151,"type":"if","locations":[{"start":{"line":151,"column":4},"end":{"line":151,"column":4}},{"start":{"line":151,"column":4},"end":{"line":151,"column":4}}]},"10":{"line":192,"type":"if","locations":[{"start":{"line":192,"column":2},"end":{"line":192,"column":2}},{"start":{"line":192,"column":2},"end":{"line":192,"column":2}}]}}},"/home/travis/build/kalabox/kalabox/lib/core/events.js":{"path":"/home/travis/build/kalabox/kalabox/lib/core/events.js","s":{"1":1,"2":1,"3":1,"4":1,"5":1,"6":1,"7":1,"8":1,"9":1,"10":1,"11":1,"12":1,"13":10,"14":10,"15":3,"16":3,"17":30,"18":3,"19":10,"20":1,"21":7,"22":7,"23":7,"24":1,"25":7,"26":7,"27":7,"28":7,"29":7,"30":0,"31":7,"32":0,"33":0,"34":7,"35":1,"36":3,"37":3,"38":2,"39":2,"40":3,"41":3,"42":0,"43":3,"44":3,"45":3,"46":30,"47":7,"48":3,"49":3,"50":3,"51":3,"52":3,"53":0,"54":0,"55":0,"56":3,"57":3,"58":3,"59":0,"60":0,"61":0,"62":3,"63":3,"64":3,"65":3,"66":1,"67":2,"68":3,"69":3,"70":0,"71":0,"72":1,"73":3,"74":6,"75":2,"76":4,"77":3,"78":1,"79":2,"80":1,"81":1,"82":10,"83":1,"84":10,"85":1,"86":7,"87":1,"88":3},"b":{"1":[3,7],"2":[7,0],"3":[0,7],"4":[7,7],"5":[0,7],"6":[7,0],"7":[2,1],"8":[3,2],"9":[0,3],"10":[3,3],"11":[3,0],"12":[0,0],"13":[0,3],"14":[3,0],"15":[1,2],"16":[2,4],"17":[1,2],"18":[1,9]},"f":{"1":1,"2":10,"3":7,"4":7,"5":3,"6":7,"7":3,"8":0,"9":3,"10":3,"11":6,"12":3,"13":10,"14":7,"15":3},"fnMap":{"1":{"name":"(anonymous_1)","line":19,"loc":{"start":{"line":19,"column":40},"end":{"line":19,"column":51}}},"2":{"name":"(anonymous_2)","line":24,"loc":{"start":{"line":24,"column":37},"end":{"line":24,"column":52}}},"3":{"name":"(anonymous_3)","line":36,"loc":{"start":{"line":36,"column":36},"end":{"line":36,"column":65}}},"4":{"name":"(anonymous_4)","line":43,"loc":{"start":{"line":43,"column":27},"end":{"line":43,"column":56}}},"5":{"name":"(anonymous_5)","line":67,"loc":{"start":{"line":67,"column":29},"end":{"line":67,"column":59}}},"6":{"name":"(anonymous_6)","line":86,"loc":{"start":{"line":86,"column":25},"end":{"line":86,"column":38}}},"7":{"name":"(anonymous_7)","line":95,"loc":{"start":{"line":95,"column":16},"end":{"line":95,"column":27}}},"8":{"name":"(anonymous_8)","line":96,"loc":{"start":{"line":96,"column":25},"end":{"line":96,"column":36}}},"9":{"name":"(anonymous_9)","line":104,"loc":{"start":{"line":104,"column":20},"end":{"line":104,"column":34}}},"10":{"name":"(anonymous_10)","line":131,"loc":{"start":{"line":131,"column":34},"end":{"line":131,"column":63}}},"11":{"name":"(anonymous_11)","line":132,"loc":{"start":{"line":132,"column":24},"end":{"line":132,"column":43}}},"12":{"name":"(anonymous_12)","line":139,"loc":{"start":{"line":139,"column":2},"end":{"line":139,"column":16}}},"13":{"name":"(anonymous_13)","line":150,"loc":{"start":{"line":150,"column":18},"end":{"line":150,"column":29}}},"14":{"name":"(anonymous_14)","line":157,"loc":{"start":{"line":157,"column":22},"end":{"line":157,"column":51}}},"15":{"name":"(anonymous_15)","line":161,"loc":{"start":{"line":161,"column":26},"end":{"line":161,"column":54}}}},"statementMap":{"1":{"start":{"line":7,"column":0},"end":{"line":7,"column":29}},"2":{"start":{"line":8,"column":0},"end":{"line":8,"column":30}},"3":{"start":{"line":9,"column":0},"end":{"line":9,"column":32}},"4":{"start":{"line":11,"column":0},"end":{"line":11,"column":25}},"5":{"start":{"line":12,"column":0},"end":{"line":12,"column":23}},"6":{"start":{"line":14,"column":0},"end":{"line":14,"column":24}},"7":{"start":{"line":15,"column":0},"end":{"line":15,"column":25}},"8":{"start":{"line":17,"column":0},"end":{"line":17,"column":19}},"9":{"start":{"line":19,"column":0},"end":{"line":22,"column":2}},"10":{"start":{"line":20,"column":2},"end":{"line":20,"column":18}},"11":{"start":{"line":21,"column":2},"end":{"line":21,"column":20}},"12":{"start":{"line":24,"column":0},"end":{"line":34,"column":2}},"13":{"start":{"line":25,"column":2},"end":{"line":25,"column":18}},"14":{"start":{"line":26,"column":2},"end":{"line":32,"column":3}},"15":{"start":{"line":27,"column":4},"end":{"line":27,"column":24}},"16":{"start":{"line":28,"column":4},"end":{"line":30,"column":5}},"17":{"start":{"line":29,"column":6},"end":{"line":29,"column":26}},"18":{"start":{"line":31,"column":4},"end":{"line":31,"column":36}},"19":{"start":{"line":33,"column":2},"end":{"line":33,"column":28}},"20":{"start":{"line":36,"column":0},"end":{"line":41,"column":2}},"21":{"start":{"line":37,"column":2},"end":{"line":37,"column":18}},"22":{"start":{"line":39,"column":2},"end":{"line":39,"column":42}},"23":{"start":{"line":40,"column":2},"end":{"line":40,"column":31}},"24":{"start":{"line":43,"column":0},"end":{"line":65,"column":2}},"25":{"start":{"line":44,"column":2},"end":{"line":44,"column":18}},"26":{"start":{"line":47,"column":2},"end":{"line":50,"column":3}},"27":{"start":{"line":48,"column":4},"end":{"line":48,"column":18}},"28":{"start":{"line":49,"column":4},"end":{"line":49,"column":17}},"29":{"start":{"line":53,"column":2},"end":{"line":55,"column":3}},"30":{"start":{"line":54,"column":4},"end":{"line":54,"column":55}},"31":{"start":{"line":57,"column":2},"end":{"line":63,"column":3}},"32":{"start":{"line":58,"column":4},"end":{"line":58,"column":33}},"33":{"start":{"line":59,"column":4},"end":{"line":59,"column":12}},"34":{"start":{"line":62,"column":4},"end":{"line":62,"column":41}},"35":{"start":{"line":67,"column":0},"end":{"line":129,"column":2}},"36":{"start":{"line":68,"column":2},"end":{"line":68,"column":18}},"37":{"start":{"line":71,"column":2},"end":{"line":74,"column":3}},"38":{"start":{"line":72,"column":4},"end":{"line":72,"column":19}},"39":{"start":{"line":73,"column":4},"end":{"line":73,"column":19}},"40":{"start":{"line":76,"column":2},"end":{"line":76,"column":63}},"41":{"start":{"line":79,"column":2},"end":{"line":81,"column":3}},"42":{"start":{"line":80,"column":4},"end":{"line":80,"column":47}},"43":{"start":{"line":83,"column":2},"end":{"line":83,"column":42}},"44":{"start":{"line":84,"column":2},"end":{"line":84,"column":15}},"45":{"start":{"line":85,"column":2},"end":{"line":89,"column":3}},"46":{"start":{"line":86,"column":4},"end":{"line":88,"column":7}},"47":{"start":{"line":87,"column":6},"end":{"line":87,"column":19}},"48":{"start":{"line":92,"column":2},"end":{"line":128,"column":3}},"49":{"start":{"line":93,"column":4},"end":{"line":93,"column":28}},"50":{"start":{"line":94,"column":4},"end":{"line":94,"column":21}},"51":{"start":{"line":95,"column":4},"end":{"line":102,"column":6}},"52":{"start":{"line":96,"column":6},"end":{"line":101,"column":21}},"53":{"start":{"line":97,"column":8},"end":{"line":100,"column":9}},"54":{"start":{"line":98,"column":10},"end":{"line":98,"column":72}},"55":{"start":{"line":99,"column":10},"end":{"line":99,"column":18}},"56":{"start":{"line":103,"column":4},"end":{"line":103,"column":12}},"57":{"start":{"line":104,"column":4},"end":{"line":123,"column":6}},"58":{"start":{"line":105,"column":6},"end":{"line":110,"column":7}},"59":{"start":{"line":106,"column":8},"end":{"line":107,"column":26}},"60":{"start":{"line":108,"column":8},"end":{"line":108,"column":77}},"61":{"start":{"line":109,"column":8},"end":{"line":109,"column":19}},"62":{"start":{"line":111,"column":6},"end":{"line":111,"column":25}},"63":{"start":{"line":112,"column":6},"end":{"line":114,"column":7}},"64":{"start":{"line":113,"column":8},"end":{"line":113,"column":28}},"65":{"start":{"line":116,"column":6},"end":{"line":120,"column":7}},"66":{"start":{"line":117,"column":8},"end":{"line":117,"column":76}},"67":{"start":{"line":119,"column":8},"end":{"line":119,"column":68}},"68":{"start":{"line":122,"column":6},"end":{"line":122,"column":16}},"69":{"start":{"line":124,"column":4},"end":{"line":124,"column":44}},"70":{"start":{"line":126,"column":4},"end":{"line":126,"column":46}},"71":{"start":{"line":127,"column":4},"end":{"line":127,"column":15}},"72":{"start":{"line":131,"column":0},"end":{"line":146,"column":2}},"73":{"start":{"line":132,"column":2},"end":{"line":145,"column":5}},"74":{"start":{"line":133,"column":4},"end":{"line":137,"column":5}},"75":{"start":{"line":134,"column":6},"end":{"line":134,"column":24}},"76":{"start":{"line":136,"column":6},"end":{"line":136,"column":15}},"77":{"start":{"line":140,"column":4},"end":{"line":144,"column":5}},"78":{"start":{"line":141,"column":6},"end":{"line":141,"column":16}},"79":{"start":{"line":143,"column":6},"end":{"line":143,"column":17}},"80":{"start":{"line":149,"column":0},"end":{"line":149,"column":21}},"81":{"start":{"line":150,"column":0},"end":{"line":155,"column":2}},"82":{"start":{"line":151,"column":2},"end":{"line":153,"column":3}},"83":{"start":{"line":152,"column":4},"end":{"line":152,"column":34}},"84":{"start":{"line":154,"column":2},"end":{"line":154,"column":19}},"85":{"start":{"line":157,"column":0},"end":{"line":159,"column":2}},"86":{"start":{"line":158,"column":2},"end":{"line":158,"column":39}},"87":{"start":{"line":161,"column":0},"end":{"line":163,"column":2}},"88":{"start":{"line":162,"column":2},"end":{"line":162,"column":40}}},"branchMap":{"1":{"line":26,"type":"if","locations":[{"start":{"line":26,"column":2},"end":{"line":26,"column":2}},{"start":{"line":26,"column":2},"end":{"line":26,"column":2}}]},"2":{"line":47,"type":"if","locations":[{"start":{"line":47,"column":2},"end":{"line":47,"column":2}},{"start":{"line":47,"column":2},"end":{"line":47,"column":2}}]},"3":{"line":53,"type":"if","locations":[{"start":{"line":53,"column":2},"end":{"line":53,"column":2}},{"start":{"line":53,"column":2},"end":{"line":53,"column":2}}]},"4":{"line":53,"type":"binary-expr","locations":[{"start":{"line":53,"column":6},"end":{"line":53,"column":32}},{"start":{"line":53,"column":36},"end":{"line":53,"column":63}}]},"5":{"line":57,"type":"if","locations":[{"start":{"line":57,"column":2},"end":{"line":57,"column":2}},{"start":{"line":57,"column":2},"end":{"line":57,"column":2}}]},"6":{"line":57,"type":"binary-expr","locations":[{"start":{"line":57,"column":6},"end":{"line":57,"column":31}},{"start":{"line":57,"column":35},"end":{"line":57,"column":55}}]},"7":{"line":71,"type":"if","locations":[{"start":{"line":71,"column":2},"end":{"line":71,"column":2}},{"start":{"line":71,"column":2},"end":{"line":71,"column":2}}]},"8":{"line":71,"type":"binary-expr","locations":[{"start":{"line":71,"column":6},"end":{"line":71,"column":35}},{"start":{"line":71,"column":39},"end":{"line":71,"column":57}}]},"9":{"line":79,"type":"if","locations":[{"start":{"line":79,"column":2},"end":{"line":79,"column":2}},{"start":{"line":79,"column":2},"end":{"line":79,"column":2}}]},"10":{"line":79,"type":"binary-expr","locations":[{"start":{"line":79,"column":6},"end":{"line":79,"column":24}},{"start":{"line":79,"column":28},"end":{"line":79,"column":41}}]},"11":{"line":92,"type":"if","locations":[{"start":{"line":92,"column":2},"end":{"line":92,"column":2}},{"start":{"line":92,"column":2},"end":{"line":92,"column":2}}]},"12":{"line":97,"type":"if","locations":[{"start":{"line":97,"column":8},"end":{"line":97,"column":8}},{"start":{"line":97,"column":8},"end":{"line":97,"column":8}}]},"13":{"line":105,"type":"if","locations":[{"start":{"line":105,"column":6},"end":{"line":105,"column":6}},{"start":{"line":105,"column":6},"end":{"line":105,"column":6}}]},"14":{"line":112,"type":"if","locations":[{"start":{"line":112,"column":6},"end":{"line":112,"column":6}},{"start":{"line":112,"column":6},"end":{"line":112,"column":6}}]},"15":{"line":116,"type":"if","locations":[{"start":{"line":116,"column":6},"end":{"line":116,"column":6}},{"start":{"line":116,"column":6},"end":{"line":116,"column":6}}]},"16":{"line":133,"type":"if","locations":[{"start":{"line":133,"column":4},"end":{"line":133,"column":4}},{"start":{"line":133,"column":4},"end":{"line":133,"column":4}}]},"17":{"line":140,"type":"if","locations":[{"start":{"line":140,"column":4},"end":{"line":140,"column":4}},{"start":{"line":140,"column":4},"end":{"line":140,"column":4}}]},"18":{"line":151,"type":"if","locations":[{"start":{"line":151,"column":2},"end":{"line":151,"column":2}},{"start":{"line":151,"column":2},"end":{"line":151,"column":2}}]}}},"/home/travis/build/kalabox/kalabox/lib/core/log.js":{"path":"/home/travis/build/kalabox/kalabox/lib/core/log.js","s":{"1":1,"2":1,"3":1,"4":1,"5":1,"6":1,"7":1,"8":1,"9":1,"10":16,"11":0,"12":16,"13":1,"14":7,"15":0,"16":7,"17":7,"18":0,"19":1,"20":2,"21":0,"22":2,"23":0,"24":2,"25":0,"26":2,"27":2,"28":2,"29":1,"30":1,"31":0,"32":1,"33":0,"34":1,"35":1,"36":1,"37":0,"38":1,"39":1,"40":1,"41":0,"42":1,"43":1,"44":1,"45":0,"46":1,"47":1,"48":1,"49":7,"50":0,"51":7,"52":7,"53":0,"54":7,"55":1,"56":1,"57":7,"58":0,"59":7,"60":0,"61":7,"62":0,"63":7,"64":12,"65":1,"66":11,"67":7,"68":1,"69":7,"70":7,"71":1,"72":0,"73":0,"74":1,"75":0,"76":0,"77":0,"78":0,"79":0,"80":0,"81":0,"82":0},"b":{"1":[0,16],"2":[0,7],"3":[7,0],"4":[0,2],"5":[0,2],"6":[0,2],"7":[0,1],"8":[0,1],"9":[0,1],"10":[0,1],"11":[1,0],"12":[0,1],"13":[0,1],"14":[0,7],"15":[0,7],"16":[0,7],"17":[0,7],"18":[7,7],"19":[0,7],"20":[1,11],"21":[0,0]},"f":{"1":16,"2":7,"3":2,"4":1,"5":1,"6":1,"7":7,"8":7,"9":12,"10":7,"11":0,"12":0,"13":0},"fnMap":{"1":{"name":"(anonymous_1)","line":19,"loc":{"start":{"line":19,"column":21},"end":{"line":19,"column":36}}},"2":{"name":"(anonymous_2)","line":33,"loc":{"start":{"line":33,"column":16},"end":{"line":33,"column":31}}},"3":{"name":"(anonymous_3)","line":56,"loc":{"start":{"line":56,"column":19},"end":{"line":56,"column":40}}},"4":{"name":"(anonymous_4)","line":87,"loc":{"start":{"line":87,"column":26},"end":{"line":87,"column":44}}},"5":{"name":"(anonymous_5)","line":101,"loc":{"start":{"line":101,"column":31},"end":{"line":101,"column":45}}},"6":{"name":"(anonymous_6)","line":108,"loc":{"start":{"line":108,"column":12},"end":{"line":108,"column":44}}},"7":{"name":"(anonymous_7)","line":159,"loc":{"start":{"line":159,"column":15},"end":{"line":159,"column":30}}},"8":{"name":"(anonymous_8)","line":191,"loc":{"start":{"line":191,"column":12},"end":{"line":191,"column":40}}},"9":{"name":"(anonymous_9)","line":205,"loc":{"start":{"line":205,"column":21},"end":{"line":205,"column":35}}},"10":{"name":"(anonymous_10)","line":221,"loc":{"start":{"line":221,"column":28},"end":{"line":221,"column":39}}},"11":{"name":"(anonymous_11)","line":229,"loc":{"start":{"line":229,"column":26},"end":{"line":229,"column":37}}},"12":{"name":"(anonymous_12)","line":237,"loc":{"start":{"line":237,"column":28},"end":{"line":237,"column":39}}},"13":{"name":"(anonymous_13)","line":244,"loc":{"start":{"line":244,"column":18},"end":{"line":244,"column":32}}}},"statementMap":{"1":{"start":{"line":3,"column":0},"end":{"line":3,"column":33}},"2":{"start":{"line":4,"column":0},"end":{"line":4,"column":32}},"3":{"start":{"line":5,"column":0},"end":{"line":5,"column":23}},"4":{"start":{"line":6,"column":0},"end":{"line":6,"column":27}},"5":{"start":{"line":7,"column":0},"end":{"line":7,"column":31}},"6":{"start":{"line":8,"column":0},"end":{"line":8,"column":26}},"7":{"start":{"line":9,"column":0},"end":{"line":9,"column":31}},"8":{"start":{"line":14,"column":0},"end":{"line":14,"column":17}},"9":{"start":{"line":19,"column":0},"end":{"line":28,"column":2}},"10":{"start":{"line":22,"column":2},"end":{"line":24,"column":3}},"11":{"start":{"line":23,"column":4},"end":{"line":23,"column":56}},"12":{"start":{"line":26,"column":2},"end":{"line":26,"column":30}},"13":{"start":{"line":33,"column":0},"end":{"line":51,"column":2}},"14":{"start":{"line":36,"column":2},"end":{"line":38,"column":3}},"15":{"start":{"line":37,"column":4},"end":{"line":37,"column":56}},"16":{"start":{"line":40,"column":2},"end":{"line":50,"column":3}},"17":{"start":{"line":43,"column":4},"end":{"line":43,"column":25}},"18":{"start":{"line":48,"column":4},"end":{"line":48,"column":16}},"19":{"start":{"line":56,"column":0},"end":{"line":82,"column":2}},"20":{"start":{"line":59,"column":2},"end":{"line":61,"column":3}},"21":{"start":{"line":60,"column":4},"end":{"line":60,"column":56}},"22":{"start":{"line":62,"column":2},"end":{"line":64,"column":3}},"23":{"start":{"line":63,"column":4},"end":{"line":63,"column":59}},"24":{"start":{"line":66,"column":2},"end":{"line":80,"column":3}},"25":{"start":{"line":69,"column":4},"end":{"line":69,"column":64}},"26":{"start":{"line":74,"column":4},"end":{"line":74,"column":44}},"27":{"start":{"line":75,"column":4},"end":{"line":75,"column":27}},"28":{"start":{"line":78,"column":4},"end":{"line":78,"column":18}},"29":{"start":{"line":87,"column":0},"end":{"line":154,"column":2}},"30":{"start":{"line":90,"column":2},"end":{"line":92,"column":3}},"31":{"start":{"line":91,"column":4},"end":{"line":91,"column":17}},"32":{"start":{"line":95,"column":2},"end":{"line":97,"column":3}},"33":{"start":{"line":96,"column":4},"end":{"line":96,"column":32}},"34":{"start":{"line":100,"column":2},"end":{"line":100,"column":37}},"35":{"start":{"line":101,"column":2},"end":{"line":105,"column":5}},"36":{"start":{"line":102,"column":4},"end":{"line":104,"column":5}},"37":{"start":{"line":103,"column":6},"end":{"line":103,"column":64}},"38":{"start":{"line":108,"column":2},"end":{"line":152,"column":5}},"39":{"start":{"line":111,"column":4},"end":{"line":111,"column":39}},"40":{"start":{"line":114,"column":4},"end":{"line":116,"column":5}},"41":{"start":{"line":115,"column":6},"end":{"line":115,"column":27}},"42":{"start":{"line":119,"column":4},"end":{"line":119,"column":75}},"43":{"start":{"line":122,"column":4},"end":{"line":124,"column":6}},"44":{"start":{"line":126,"column":4},"end":{"line":132,"column":5}},"45":{"start":{"line":128,"column":6},"end":{"line":131,"column":10}},"46":{"start":{"line":135,"column":4},"end":{"line":138,"column":7}},"47":{"start":{"line":141,"column":4},"end":{"line":150,"column":7}},"48":{"start":{"line":159,"column":0},"end":{"line":180,"column":2}},"49":{"start":{"line":162,"column":2},"end":{"line":164,"column":3}},"50":{"start":{"line":163,"column":4},"end":{"line":163,"column":11}},"51":{"start":{"line":167,"column":2},"end":{"line":167,"column":31}},"52":{"start":{"line":168,"column":2},"end":{"line":178,"column":3}},"53":{"start":{"line":171,"column":4},"end":{"line":171,"column":49}},"54":{"start":{"line":176,"column":4},"end":{"line":176,"column":18}},"55":{"start":{"line":185,"column":0},"end":{"line":185,"column":48}},"56":{"start":{"line":191,"column":0},"end":{"line":216,"column":2}},"57":{"start":{"line":194,"column":2},"end":{"line":196,"column":3}},"58":{"start":{"line":195,"column":4},"end":{"line":195,"column":64}},"59":{"start":{"line":197,"column":2},"end":{"line":199,"column":3}},"60":{"start":{"line":198,"column":4},"end":{"line":198,"column":56}},"61":{"start":{"line":200,"column":2},"end":{"line":202,"column":3}},"62":{"start":{"line":201,"column":4},"end":{"line":201,"column":55}},"63":{"start":{"line":205,"column":2},"end":{"line":211,"column":5}},"64":{"start":{"line":206,"column":4},"end":{"line":210,"column":5}},"65":{"start":{"line":207,"column":6},"end":{"line":207,"column":25}},"66":{"start":{"line":209,"column":6},"end":{"line":209,"column":17}},"67":{"start":{"line":214,"column":2},"end":{"line":214,"column":42}},"68":{"start":{"line":221,"column":0},"end":{"line":224,"column":2}},"69":{"start":{"line":222,"column":2},"end":{"line":222,"column":51}},"70":{"start":{"line":223,"column":2},"end":{"line":223,"column":31}},"71":{"start":{"line":229,"column":0},"end":{"line":232,"column":2}},"72":{"start":{"line":230,"column":2},"end":{"line":230,"column":51}},"73":{"start":{"line":231,"column":2},"end":{"line":231,"column":30}},"74":{"start":{"line":237,"column":0},"end":{"line":256,"column":2}},"75":{"start":{"line":240,"column":2},"end":{"line":240,"column":54}},"76":{"start":{"line":243,"column":2},"end":{"line":243,"column":16}},"77":{"start":{"line":244,"column":2},"end":{"line":251,"column":5}},"78":{"start":{"line":245,"column":4},"end":{"line":250,"column":5}},"79":{"start":{"line":246,"column":6},"end":{"line":246,"column":29}},"80":{"start":{"line":247,"column":6},"end":{"line":247,"column":27}},"81":{"start":{"line":249,"column":6},"end":{"line":249,"column":21}},"82":{"start":{"line":254,"colum
[...]
n":70}}},"10":{"name":"(anonymous_10)","line":113,"loc":{"start":{"line":113,"column":29},"end":{"line":113,"column":48}}},"11":{"name":"(anonymous_11)","line":129,"loc":{"start":{"line":129,"column":20},"end":{"line":129,"column":49}}},"12":{"name":"(anonymous_12)","line":134,"loc":{"start":{"line":134,"column":48},"end":{"line":134,"column":67}}},"13":{"name":"(anonymous_13)","line":146,"loc":{"start":{"line":146,"column":22},"end":{"line":146,"column":51}}},"14":{"name":"(anonymous_14)","line":149,"loc":{"start":{"line":149,"column":26},"end":{"line":149,"column":45}}},"15":{"name":"(anonymous_15)","line":223,"loc":{"start":{"line":223,"column":18},"end":{"line":223,"column":47}}},"16":{"name":"(anonymous_16)","line":245,"loc":{"start":{"line":245,"column":30},"end":{"line":245,"column":49}}}},"statementMap":{"1":{"start":{"line":9,"column":0},"end":{"line":9,"column":26}},"2":{"start":{"line":10,"column":0},"end":{"line":10,"column":26}},"3":{"start":{"line":11,"column":0},"end":{"line":11,"column":31}},"4":{"start":{"line":12,"column":0},"end":{"line":12,"column":23}},"5":{"start":{"line":13,"column":0},"end":{"line":13,"column":27}},"6":{"start":{"line":14,"column":0},"end":{"line":14,"column":27}},"7":{"start":{"line":15,"column":0},"end":{"line":15,"column":33}},"8":{"start":{"line":17,"column":0},"end":{"line":17,"column":24}},"9":{"start":{"line":22,"column":0},"end":{"line":22,"column":15}},"10":{"start":{"line":28,"column":0},"end":{"line":39,"column":2}},"11":{"start":{"line":29,"column":2},"end":{"line":29,"column":53}},"12":{"start":{"line":30,"column":2},"end":{"line":30,"column":27}},"13":{"start":{"line":31,"column":2},"end":{"line":31,"column":39}},"14":{"start":{"line":32,"column":2},"end":{"line":38,"column":3}},"15":{"start":{"line":33,"column":4},"end":{"line":33,"column":14}},"16":{"start":{"line":35,"column":4},"end":{"line":35,"column":48}},"17":{"start":{"line":35,"column":29},"end":{"line":35,"column":45}},"18":{"start":{"line":36,"column":4},"end":{"line":36,"column":44}},"19":{"start":{"line":37,"column":4},"end":{"line":37,"column":16}},"20":{"start":{"line":44,"column":0},"end":{"line":48,"column":1}},"21":{"start":{"line":45,"column":2},"end":{"line":45,"column":19}},"22":{"start":{"line":46,"column":2},"end":{"line":46,"column":48}},"23":{"start":{"line":47,"column":2},"end":{"line":47,"column":52}},"24":{"start":{"line":49,"column":0},"end":{"line":49,"column":39}},"25":{"start":{"line":55,"column":0},"end":{"line":65,"column":2}},"26":{"start":{"line":56,"column":2},"end":{"line":56,"column":17}},"27":{"start":{"line":57,"column":2},"end":{"line":63,"column":3}},"28":{"start":{"line":58,"column":4},"end":{"line":58,"column":43}},"29":{"start":{"line":60,"column":4},"end":{"line":62,"column":5}},"30":{"start":{"line":61,"column":6},"end":{"line":61,"column":53}},"31":{"start":{"line":64,"column":2},"end":{"line":64,"column":22}},"32":{"start":{"line":72,"column":0},"end":{"line":104,"column":2}},"33":{"start":{"line":74,"column":2},"end":{"line":93,"column":5}},"34":{"start":{"line":75,"column":4},"end":{"line":75,"column":61}},"35":{"start":{"line":76,"column":4},"end":{"line":79,"column":6}},"36":{"start":{"line":80,"column":4},"end":{"line":82,"column":5}},"37":{"start":{"line":81,"column":6},"end":{"line":81,"column":36}},"38":{"start":{"line":83,"column":4},"end":{"line":83,"column":17}},"39":{"start":{"line":84,"column":4},"end":{"line":91,"column":7}},"40":{"start":{"line":85,"column":6},"end":{"line":90,"column":9}},"41":{"start":{"line":89,"column":8},"end":{"line":89,"column":52}},"42":{"start":{"line":92,"column":4},"end":{"line":92,"column":15}},"43":{"start":{"line":94,"column":2},"end":{"line":94,"column":58}},"44":{"start":{"line":95,"column":2},"end":{"line":95,"column":17}},"45":{"start":{"line":96,"column":2},"end":{"line":102,"column":3}},"46":{"start":{"line":97,"column":4},"end":{"line":101,"column":5}},"47":{"start":{"line":98,"column":6},"end":{"line":98,"column":30}},"48":{"start":{"line":100,"column":6},"end":{"line":100,"column":59}},"49":{"start":{"line":103,"column":2},"end":{"line":103,"column":22}},"50":{"start":{"line":111,"column":0},"end":{"line":123,"column":2}},"51":{"start":{"line":113,"column":2},"end":{"line":122,"column":5}},"52":{"start":{"line":114,"column":4},"end":{"line":121,"column":5}},"53":{"start":{"line":115,"column":6},"end":{"line":115,"column":20}},"54":{"start":{"line":116,"column":11},"end":{"line":121,"column":5}},"55":{"start":{"line":117,"column":6},"end":{"line":117,"column":26}},"56":{"start":{"line":120,"column":6},"end":{"line":120,"column":47}},"57":{"start":{"line":129,"column":0},"end":{"line":141,"column":2}},"58":{"start":{"line":131,"column":2},"end":{"line":131,"column":28}},"59":{"start":{"line":132,"column":2},"end":{"line":132,"column":21}},"60":{"start":{"line":133,"column":2},"end":{"line":133,"column":21}},"61":{"start":{"line":134,"column":2},"end":{"line":140,"column":5}},"62":{"start":{"line":135,"column":4},"end":{"line":139,"column":5}},"63":{"start":{"line":136,"column":6},"end":{"line":136,"column":25}},"64":{"start":{"line":138,"column":6},"end":{"line":138,"column":26}},"65":{"start":{"line":146,"column":0},"end":{"line":218,"column":2}},"66":{"start":{"line":149,"column":2},"end":{"line":216,"column":5}},"67":{"start":{"line":150,"column":4},"end":{"line":214,"column":5}},"68":{"start":{"line":152,"column":6},"end":{"line":152,"column":20}},"69":{"start":{"line":154,"column":11},"end":{"line":214,"column":5}},"70":{"start":{"line":157,"column":6},"end":{"line":158,"column":39}},"71":{"start":{"line":163,"column":6},"end":{"line":212,"column":7}},"72":{"start":{"line":166,"column":8},"end":{"line":166,"column":35}},"73":{"start":{"line":168,"column":13},"end":{"line":212,"column":7}},"74":{"start":{"line":170,"column":8},"end":{"line":204,"column":9}},"75":{"start":{"line":173,"column":10},"end":{"line":173,"column":39}},"76":{"start":{"line":178,"column":10},"end":{"line":178,"column":34}},"77":{"start":{"line":180,"column":10},"end":{"line":202,"column":11}},"78":{"start":{"line":183,"column":12},"end":{"line":183,"column":23}},"79":{"start":{"line":184,"column":12},"end":{"line":188,"column":13}},"80":{"start":{"line":185,"column":14},"end":{"line":185,"column":33}},"81":{"start":{"line":187,"column":14},"end":{"line":187,"column":61}},"82":{"start":{"line":191,"column":12},"end":{"line":191,"column":42}},"83":{"start":{"line":196,"column":12},"end":{"line":196,"column":59}},"84":{"start":{"line":197,"column":12},"end":{"line":199,"column":76}},"85":{"start":{"line":200,"column":12},"end":{"line":200,"column":40}},"86":{"start":{"line":209,"column":8},"end":{"line":210,"column":70}},"87":{"start":{"line":223,"column":0},"end":{"line":257,"column":2}},"88":{"start":{"line":225,"column":2},"end":{"line":228,"column":3}},"89":{"start":{"line":227,"column":4},"end":{"line":227,"column":64}},"90":{"start":{"line":230,"column":2},"end":{"line":233,"column":3}},"91":{"start":{"line":232,"column":4},"end":{"line":232,"column":59}},"92":{"start":{"line":235,"column":2},"end":{"line":238,"column":3}},"93":{"start":{"line":237,"column":4},"end":{"line":237,"column":57}},"94":{"start":{"line":240,"column":2},"end":{"line":256,"column":3}},"95":{"start":{"line":242,"column":4},"end":{"line":242,"column":30}},"96":{"start":{"line":245,"column":4},"end":{"line":255,"column":7}},"97":{"start":{"line":246,"column":6},"end":{"line":254,"column":7}},"98":{"start":{"line":247,"column":8},"end":{"line":247,"column":22}},"99":{"start":{"line":249,"column":8},"end":{"line":251,"column":9}},"100":{"start":{"line":250,"column":10},"end":{"line":250,"column":19}},"101":{"start":{"line":252,"column":8},"end":{"line":252,"column":24}},"102":{"start":{"line":253,"column":8},"end":{"line":253,"column":28}}},"branchMap":{"1":{"line":32,"type":"if","locations":[{"start":{"line":32,"column":2},"end":{"line":32,"column":2}},{"start":{"line":32,"column":2},"end":{"line":32,"column":2}}]},"2":{"line":60,"type":"if","locations":[{"start":{"line":60,"column":4},"end":{"line":60,"column":4}},{"start":{"line":60,"column":4},"end":{"line":60,"column":4}}]},"3":{"line":80,"type":"if","locations":[{"start":{"line":80,"column":4},"end":{"line":80,"column":4}},{"start":{"line":80,"column":4},"end":{"line":80,"column":4}}]},"4":{"line":96,"type":"if","locations":[{"start":{"line":96,"column":2},"end":{"line":96,"column":2}},{"start":{"line":96,"column":2},"end":{"line":96,"column":2}}]},"5":{"line":114,"type":"if","locations":[{"start":{"line":114,"column":4},"end":{"line":114,"column":4}},{"start":{"line":114,"column":4},"end":{"line":114,"column":4}}]},"6":{"line":116,"type":"if","locations":[{"start":{"line":116,"column":11},"end":{"line":116,"column":11}},{"start":{"line":116,"column":11},"end":{"line":116,"column":11}}]},"7":{"line":135,"type":"if","locations":[{"start":{"line":135,"column":4},"end":{"line":135,"column":4}},{"start":{"line":135,"column":4},"end":{"line":135,"column":4}}]},"8":{"line":135,"type":"binary-expr","locations":[{"start":{"line":135,"column":8},"end":{"line":135,"column":11}},{"start":{"line":135,"column":15},"end":{"line":135,"column":18}}]},"9":{"line":150,"type":"if","locations":[{"start":{"line":150,"column":4},"end":{"line":150,"column":4}},{"start":{"line":150,"column":4},"end":{"line":150,"column":4}}]},"10":{"line":154,"type":"if","locations":[{"start":{"line":154,"column":11},"end":{"line":154,"column":11}},{"start":{"line":154,"column":11},"end":{"line":154,"column":11}}]},"11":{"line":163,"type":"if","locations":[{"start":{"line":163,"column":6},"end":{"line":163,"column":6}},{"start":{"line":163,"column":6},"end":{"line":163,"column":6}}]},"12":{"line":168,"type":"if","locations":[{"start":{"line":168,"column":13},"end":{"line":168,"column":13}},{"start":{"line":168,"column":13},"end":{"line":168,"column":13}}]},"13":{"line":170,"type":"if","locations":[{"start":{"line":170,"column":8},"end":{"line":170,"column":8}},{"start":{"line":170,"column":8},"end":{"line":170,"column":8}}]},"14":{"line":180,"type":"if","locations":[{"start":{"line":180,"column":10},"end":{"line":180,"column":10}},{"start":{"line":180,"column":10},"end":{"line":180,"column":10}}]},"15":{"line":180,"type":"binary-expr","locations":[{"start":{"line":180,"column":14},"end":{"line":180,"column":31}},{"start":{"line":180,"column":35},"end":{"line":180,"column":53}}]},"16":{"line":225,"type":"if","locations":[{"start":{"line":225,"column":2},"end":{"line":225,"column":2}},{"start":{"line":225,"column":2},"end":{"line":225,"column":2}}]},"17":{"line":230,"type":"if","locations":[{"start":{"line":230,"column":2},"end":{"line":230,"column":2}},{"start":{"line":230,"column":2},"end":{"line":230,"column":2}}]},"18":{"line":235,"type":"if","locations":[{"start":{"line":235,"column":2},"end":{"line":235,"column":2}},{"start":{"line":235,"column":2},"end":{"line":235,"column":2}}]},"19":{"line":240,"type":"if","locations":[{"start":{"line":240,"column":2},"end":{"line":240,"column":2}},{"start":{"line":240,"column":2},"end":{"line":240,"column":2}}]},"20":{"line":246,"type":"if","locations":[{"start":{"line":246,"column":6},"end":{"line":246,"column":6}},{"start":{"line":246,"column":6},"end":{"line":246,"column":6}}]},"21":{"line":249,"type":"if","locations":[{"start":{"line":249,"column":8},"end":{"line":249,"column":8}},{"start":{"line":249,"column":8},"end":{"line":249,"column":8}}]}}},"/home/travis/build/kalabox/kalabox/lib/testUtil.js":{"path":"/home/travis/build/kalabox/kalabox/lib/testUtil.js","s":{"1":1,"2":6,"3":6,"4":6,"5":6,"6":6,"7":6,"8":6},"b":{"1":[3,3]},"f":{"1":6},"fnMap":{"1":{"name":"(anonymous_1)","line":33,"loc":{"start":{"line":33,"column":10},"end":{"line":33,"column":25}}}},"statementMap":{"1":{"start":{"line":3,"column":0},"end":{"line":42,"column":2}},"2":{"start":{"line":34,"column":4},"end":{"line":34,"column":44}},"3":{"start":{"line":35,"column":4},"end":{"line":35,"column":36}},"4":{"start":{"line":36,"column":4},"end":{"line":36,"column":29}},"5":{"start":{"line":37,"column":4},"end":{"line":37,"column":36}},"6":{"start":{"line":38,"column":4},"end":{"line":38,"column":20}},"7":{"start":{"line":39,"column":4},"end":{"line":39,"column":24}},"8":{"start":{"line":40,"column":4},"end":{"line":40,"column":18}}},"branchMap":{"1":{"line":34,"type":"cond-expr","locations":[{"start":{"line":34,"column":25},"end":{"line":34,"column":29}},{"start":{"line":34,"column":32},"end":{"line":34,"column":43}}]}}},"/home/travis/build/kalabox/kalabox/lib/core/plugin.js":{"path":"/home/travis/build/kalabox/kalabox/lib/core/plugin.js","s":{"1":0,"2":0,"3":0,"4":0,"5":0,"6":0,"7":0,"8":0,"9":0,"10":0,"11":0,"12":0,"13":0,"14":0,"15":0,"16":0,"17":0,"18":0,"19":0,"20":0,"21":0,"22":0,"23":0,"24":0,"25":0,"26":0,"27":0,"28":0,"29":0,"30":0,"31":0,"32":0,"33":0,"34":0,"35":0,"36":0,"37":0,"38":0,"39":0,"40":0,"41":0,"42":0,"43":0,"44":0,"45":0,"46":0,"47":0,"48":0,"49":0,"50":0,"51":0,"52":0,"53":0,"54":0,"55":0,"56":0,"57":0,"58":0,"59":0,"60":0,"61":0,"62":0,"63":0},"b":{"1":[0,0],"2":[0,0],"3":[0,0],"4":[0,0],"5":[0,0],"6":[0,0]},"f":{"1":0,"2":0,"3":0,"4":0,"5":0,"6":0,"7":0,"8":0,"9":0,"10":0,"11":0,"12":0,"13":0},"fnMap":{"1":{"name":"(anonymous_1)","line":19,"loc":{"start":{"line":19,"column":17},"end":{"line":19,"column":49}}},"2":{"name":"(anonymous_2)","line":20,"loc":{"start":{"line":20,"column":27},"end":{"line":20,"column":42}}},"3":{"name":"(anonymous_3)","line":32,"loc":{"start":{"line":32,"column":20},"end":{"line":32,"column":53}}},"4":{"name":"(anonymous_4)","line":34,"loc":{"start":{"line":34,"column":37},"end":{"line":34,"column":51}}},"5":{"name":"(anonymous_5)","line":40,"loc":{"start":{"line":40,"column":37},"end":{"line":40,"column":51}}},"6":{"name":"(anonymous_6)","line":53,"loc":{"start":{"line":53,"column":20},"end":{"line":53,"column":40}}},"7":{"name":"(anonymous_7)","line":55,"loc":{"start":{"line":55,"column":44},"end":{"line":55,"column":62}}},"8":{"name":"(anonymous_8)","line":62,"loc":{"start":{"line":62,"column":24},"end":{"line":62,"column":57}}},"9":{"name":"(anonymous_9)","line":69,"loc":{"start":{"line":69,"column":23},"end":{"line":69,"column":48}}},"10":{"name":"(anonymous_10)","line":83,"loc":{"start":{"line":83,"column":26},"end":{"line":83,"column":59}}},"11":{"name":"(anonymous_11)","line":101,"loc":{"start":{"line":101,"column":15},"end":{"line":101,"column":48}}},"12":{"name":"(anonymous_12)","line":113,"loc":{"start":{"line":113,"column":15},"end":{"line":113,"column":38}}},"13":{"name":"(anonymous_13)","line":118,"loc":{"start":{"line":118,"column":37},"end":{"line":118,"column":58}}}},"statementMap":{"1":{"start":{"line":8,"column":0},"end":{"line":8,"column":33}},"2":{"start":{"line":9,"column":0},"end":{"line":9,"column":31}},"3":{"start":{"line":11,"column":0},"end":{"line":11,"column":32}},"4":{"start":{"line":12,"column":0},"end":{"line":12,"column":23}},"5":{"start":{"line":13,"column":0},"end":{"line":13,"column":28}},"6":{"start":{"line":14,"column":0},"end":{"line":14,"column":34}},"7":{"start":{"line":15,"column":0},"end":{"line":15,"column":30}},"8":{"start":{"line":17,"column":0},"end":{"line":17,"column":25}},"9":{"start":{"line":19,"column":0},"end":{"line":29,"column":2}},"10":{"start":{"line":20,"column":2},"end":{"line":28,"column":5}},"11":{"start":{"line":21,"column":4},"end":{"line":27,"column":5}},"12":{"start":{"line":22,"column":6},"end":{"line":22,"column":20}},"13":{"start":{"line":23,"column":6},"end":{"line":23,"column":13}},"14":{"start":{"line":25,"column":6},"end":{"line":25,"column":61}},"15":{"start":{"line":26,"column":6},"end":{"line":26,"column":43}},"16":{"start":{"line":30,"column":0},"end":{"line":30,"column":32}},"17":{"start":{"line":32,"column":0},"end":{"line":51,"column":2}},"18":{"start":{"line":33,"column":2},"end":{"line":33,"column":65}},"19":{"start":{"line":34,"column":2},"end":{"line":36,"column":5}},"20":{"start":{"line":35,"column":4},"end":{"line":35,"column":72}},"21":{"start":{"line":40,"column":2},"end":{"line":42,"column":5}},"22":{"start":{"line":41,"column":4},"end":{"line":41,"column":72}},"23":{"start":{"line":44,"column":2},"end":{"line":44,"column":51}},"24":{"start":{"line":45,"column":2},"end":{"line":45,"column":45}},"25":{"start":{"line":46,"column":2},"end":{"line":50,"column":3}},"26":{"start":{"line":47,"column":4},"end":{"line":47,"column":72}},"27":{"start":{"line":49,"column":4},"end":{"line":49,"column":25}},"28":{"start":{"line":53,"column":0},"end":{"line":59,"column":2}},"29":{"start":{"line":54,"column":2},"end":{"line":54,"column":41}},"30":{"start":{"line":55,"column":2},"end":{"line":57,"column":5}},"31":{"start":{"line":56,"column":4},"end":{"line":56,"column":29}},"32":{"start":{"line":58,"column":2},"end":{"line":58,"column":27}},"33":{"start":{"line":60,"column":0},"end":{"line":60,"column":38}},"34":{"start":{"line":62,"column":0},"end":{"line":81,"column":2}},"35":{"start":{"line":63,"column":2},"end":{"line":63,"column":56}},"36":{"start":{"line":64,"column":2},"end":{"line":80,"column":3}},"37":{"start":{"line":65,"column":4},"end":{"line":65,"column":16}},"38":{"start":{"line":67,"column":4},"end":{"line":67,"column":43}},"39":{"start":{"line":68,"column":4},"end":{"line":79,"column":5}},"40":{"start":{"line":69,"column":6},"end":{"line":76,"column":9}},"41":{"start":{"line":70,"column":8},"end":{"line":74,"column":10}},"42":{"start":{"line":75,"column":8},"end":{"line":75,"column":60}},"43":{"start":{"line":78,"column":6},"end":{"line":78,"column":18}},"44":{"start":{"line":83,"column":0},"end":{"line":98,"column":2}},"45":{"start":{"line":84,"column":2},"end":{"line":84,"column":56}},"46":{"start":{"line":85,"column":2},"end":{"line":97,"column":3}},"47":{"start":{"line":86,"column":4},"end":{"line":86,"column":16}},"48":{"start":{"line":88,"column":4},"end":{"line":88,"column":43}},"49":{"start":{"line":89,"column":4},"end":{"line":96,"column":5}},"50":{"start":{"line":90,"column":6},"end":{"line":92,"column":8}},"51":{"start":{"line":93,"column":6},"end":{"line":93,"column":58}},"52":{"start":{"line":95,"column":6},"end":{"line":95,"column":18}},"53":{"start":{"line":99,"column":0},"end":{"line":99,"column":50}},"54":{"start":{"line":101,"column":0},"end":{"line":111,"column":2}},"55":{"start":{"line":102,"column":2},"end":{"line":102,"column":56}},"56":{"start":{"line":103,"column":2},"end":{"line":110,"column":3}},"57":{"start":{"line":104,"column":4},"end":{"line":104,"column":16}},"58":{"start":{"line":106,"column":4},"end":{"line":108,"column":6}},"59":{"start":{"line":109,"column":4},"end":{"line":109,"column":56}},"60":{"start":{"line":113,"column":0},"end":{"line":122,"column":2}},"61":{"start":{"line":114,"column":2},"end":{"line":117,"column":4}},"62":{"start":{"line":118,"column":2},"end":{"line":121,"column":5}},"63":{"start":{"line":120,"column":4},"end":{"line":120,"column":48}}},"branchMap":{"1":{"line":46,"type":"if","locations":[{"start":{"line":46,"column":2},"end":{"line":46,"column":2}},{"start":{"line":46,"column":2},"end":{"line":46,"column":2}}]},"2":{"line":64,"type":"if","locations":[{"start":{"line":64,"column":2},"end":{"line":64,"column":2}},{"start":{"line":64,"column":2},"end":{"line":64,"column":2}}]},"3":{"line":68,"type":"if","locations":[{"start":{"line":68,"column":4},"end":{"line":68,"column":4}},{"start":{"line":68,"column":4},"end":{"line":68,"column":4}}]},"4":{"line":85,"type":"if","locations":[{"start":{"line":85,"column":2},"end":{"line":85,"column":2}},{"start":{"line":85,"column":2},"end":{"line":85,"column":2}}]},"5":{"line":89,"type":"if","locations":[{"start":{"line":89,"column":4},"end":{"line":89,"column":4}},{"start":{"line":89,"column":4},"end":{"line":89,"column":4}}]},"6":{"line":103,"type":"if","locations":[{"start":{"line":103,"column":2},"end":{"line":103,"column":2}},{"start":{"line":103,"column":2},"end":{"line":103,"column":2}}]}}}}