{"/home/travis/build/kalabox/kalabox/lib/kbox.js":{"path":"/home/travis/build/kalabox/kalabox/lib/kbox.js","s":{"1":1,"2":1,"3":1,"4":1,"5":1,"6":1,"7":1,"8":1,"9":1,"10":1,"11":1,"12":1,"13":1,"14":1,"15":1,"16":1,"17":0,"18":0,"19":0,"20":0,"21":1,"22":0,"23":0,"24":0,"25":0,"26":0,"27":0,"28":0,"29":0,"30":0},"b":{"1":[0,0],"2":[0,0],"3":[0,0],"4":[0,0]},"f":{"1":0,"2":0,"3":0,"4":0},"fnMap":{"1":{"name":"(anonymous_1)","line":49,"loc":{"start":{"line":49,"column":18},"end":{"line":49,"column":41}}},"2":{"name":"(anonymous_2)","line":52,"loc":{"start":{"line":52,"column":21},"end":{"line":52,"column":32}}},"3":{"name":"(anonymous_3)","line":88,"loc":{"start":{"line":88,"column":18},"end":{"line":88,"column":31}}},"4":{"name":"(anonymous_4)","line":98,"loc":{"start":{"line":98,"column":37},"end":{"line":98,"column":57}}}},"statementMap":{"1":{"start":{"line":9,"column":0},"end":{"line":9,"column":17}},"2":{"start":{"line":12,"column":0},"end":{"line":12,"column":56}},"3":{"start":{"line":13,"column":0},"end":{"line":13,"column":26}},"4":{"start":{"line":16,"column":0},"end":{"line":16,"column":34}},"5":{"start":{"line":19,"column":0},"end":{"line":19,"column":47}},"6":{"start":{"line":22,"column":0},"end":{"line":22,"column":42}},"7":{"start":{"line":25,"column":0},"end":{"line":25,"column":40}},"8":{"start":{"line":28,"column":0},"end":{"line":28,"column":42}},"9":{"start":{"line":30,"column":0},"end":{"line":30,"column":42}},"10":{"start":{"line":33,"column":0},"end":{"line":33,"column":44}},"11":{"start":{"line":36,"column":0},"end":{"line":36,"column":38}},"12":{"start":{"line":39,"column":0},"end":{"line":39,"column":43}},"13":{"start":{"line":42,"column":0},"end":{"line":42,"column":40}},"14":{"start":{"line":45,"column":0},"end":{"line":45,"column":36}},"15":{"start":{"line":48,"column":0},"end":{"line":48,"column":46}},"16":{"start":{"line":49,"column":0},"end":{"line":65,"column":2}},"17":{"start":{"line":52,"column":2},"end":{"line":63,"column":21}},"18":{"start":{"line":55,"column":4},"end":{"line":57,"column":5}},"19":{"start":{"line":56,"column":6},"end":{"line":56,"column":55}},"20":{"start":{"line":59,"column":4},"end":{"line":59,"column":46}},"21":{"start":{"line":88,"column":0},"end":{"line":115,"column":2}},"22":{"start":{"line":91,"column":2},"end":{"line":93,"column":3}},"23":{"start":{"line":92,"column":4},"end":{"line":92,"column":56}},"24":{"start":{"line":95,"column":2},"end":{"line":113,"column":3}},"25":{"start":{"line":98,"column":4},"end":{"line":101,"column":7}},"26":{"start":{"line":99,"column":6},"end":{"line":99,"column":14}},"27":{"start":{"line":100,"column":6},"end":{"line":100,"column":13}},"28":{"start":{"line":103,"column":9},"end":{"line":113,"column":3}},"29":{"start":{"line":106,"column":4},"end":{"line":106,"column":41}},"30":{"start":{"line":111,"column":4},"end":{"line":111,"column":68}}},"branchMap":{"1":{"line":55,"type":"if","locations":[{"start":{"line":55,"column":4},"end":{"line":55,"column":4}},{"start":{"line":55,"column":4},"end":{"line":55,"column":4}}]},"2":{"line":91,"type":"if","locations":[{"start":{"line":91,"column":2},"end":{"line":91,"column":2}},{"start":{"line":91,"column":2},"end":{"line":91,"column":2}}]},"3":{"line":95,"type":"if","locations":[{"start":{"line":95,"column":2},"end":{"line":95,"column":2}},{"start":{"line":95,"column":2},"end":{"line":95,"column":2}}]},"4":{"line":103,"type":"if","locations":[{"start":{"line":103,"column":9},"end":{"line":103,"column":9}},{"start":{"line":103,"column":9},"end":{"line":103,"column":9}}]}}},"/home/travis/build/kalabox/kalabox/lib/promise.js":{"path":"/home/travis/build/kalabox/kalabox/lib/promise.js","s":{"1":1,"2":1,"3":1,"4":9,"5":0,"6":9,"7":1},"b":{"1":[0,9],"2":[9,3]},"f":{"1":9},"fnMap":{"1":{"name":"(anonymous_1)","line":10,"loc":{"start":{"line":10,"column":28},"end":{"line":10,"column":47}}}},"statementMap":{"1":{"start":{"line":4,"column":0},"end":{"line":4,"column":34}},"2":{"start":{"line":7,"column":0},"end":{"line":7,"column":26}},"3":{"start":{"line":10,"column":0},"end":{"line":22,"column":2}},"4":{"start":{"line":13,"column":2},"end":{"line":17,"column":3}},"5":{"start":{"line":15,"column":4},"end":{"line":15,"column":62}},"6":{"start":{"line":20,"column":2},"end":{"line":20,"column":35}},"7":{"start":{"line":25,"column":0},"end":{"line":25,"column":25}}},"branchMap":{"1":{"line":13,"type":"if","locations":[{"start":{"line":13,"column":2},"end":{"line":13,"column":2}},{"start":{"line":13,"column":2},"end":{"line":13,"column":2}}]},"2":{"line":13,"type":"binary-expr","locations":[{"start":{"line":13,"column":6},"end":{"line":13,"column":14}},{"start":{"line":13,"column":18},"end":{"line":13,"column":48}}]}}},"/home/travis/build/kalabox/kalabox/lib/app.js":{"path":"/home/travis/build/kalabox/kalabox/lib/app.js","s":{"1":1,"2":1,"3":1,"4":1,"5":1,"6":1,"7":1,"8":1,"9":1,"10":1,"11":1,"12":1,"13":1,"14":1,"15":1,"16":1,"17":0,"18":1,"19":0,"20":0,"21":0,"22":0,"23":0,"24":0,"25":0,"26":0,"27":0,"28":0,"29":0,"30":0,"31":0,"32":0,"33":0,"34":0,"35":0,"36":0,"37":0,"38":1,"39":0,"40":0,"41":0,"42":0,"43":0,"44":1,"45":0,"46":0,"47":0,"48":0,"49":1,"50":0,"51":0,"52":0,"53":0,"54":0,"55":0,"56":0,"57":0,"58":0,"59":0,"60":0,"61":0,"62":0,"63":1,"64":0,"65":0,"66":0,"67":0,"68":0,"69":0,"70":0,"71":0,"72":0,"73":0,"74":0,"75":1,"76":0,"77":0,"78":0,"79":0,"80":0,"81":0,"82":1,"83":0,"84":0,"85":0,"86":0,"87":0,"88":0,"89":0,"90":0,"91":0,"92":1,"93":0,"94":0,"95":0,"96":0,"97":1,"98":0,"99":0,"100":0,"101":0,"102":0,"103":0,"104":0,"105":0,"106":0,"107":0,"108":0,"109":0,"110":1,"111":0,"112":0,"113":0,"114":0,"115":0,"116":0,"117":0,"118":0,"119":0,"120":0,"121":0,"122":0,"123":0,"124":1,"125":0,"126":0,"127":1,"128":0,"129":0,"130":0,"131":0,"132":1,"133":0,"134":0,"135":0,"136":0,"137":0,"138":0,"139":1,"140":0,"141":0,"142":0,"143":1,"144":0,"145":0,"146":0,"147":0,"148":0,"149":0,"150":1,"151":0,"152":0,"153":1,"154":0,"155":0,"156":0,"157":0,"158":0,"159":0,"160":1,"161":0,"162":0,"163":0,"164":0,"165":1,"166":0,"167":0,"168":0},"b":{"1":[0,0],"2":[0,0],"3":[0,0],"4":[0,0],"5":[0,0],"6":[0,0],"7":[0,0],"8":[0,0],"9":[0,0],"10":[0,0],"11":[0,0],"12":[0,0],"13":[0,0],"14":[0,0],"15":[0,0]},"f":{"1":0,"2":0,"3":0,"4":0,"5":0,"6":0,"7":0,"8":0,"9":0,"10":0,"11":0,"12":0,"13":0,"14":0,"15":0,"16":0,"17":0,"18":0,"19":0,"20":0,"21":0,"22":0,"23":0,"24":0,"25":0,"26":0,"27":0,"28":0,"29":0,"30":0,"31":0,"32":0,"33":0,"34":0,"35":0,"36":0,"37":0,"38":0,"39":0,"40":0,"41":0,"42":0,"43":0,"44":0,"45":0,"46":0,"47":0,"48":0,"49":0,"50":0,"51":0,"52":0,"53":0,"54":0,"55":0,"56":0,"57":0,"58":0,"59":0,"60":0,"61":0,"62":0,"63":0,"64":0,"65":0,"66":0,"67":0,"68":0,"69":0,"70":0,"71":0},"fnMap":{"1":{"name":"(anonymous_1)","line":37,"loc":{"start":{"line":37,"column":9},"end":{"line":37,"column":23}}},"2":{"name":"(anonymous_2)","line":44,"loc":{"start":{"line":44,"column":22},"end":{"line":44,"column":57}}},"3":{"name":"(anonymous_3)","line":79,"loc":{"start":{"line":79,"column":10},"end":{"line":79,"column":24}}},"4":{"name":"(anonymous_4)","line":97,"loc":{"start":{"line":97,"column":22},"end":{"line":97,"column":36}}},"5":{"name":"(anonymous_5)","line":105,"loc":{"start":{"line":105,"column":51},"end":{"line":105,"column":77}}},"6":{"name":"(anonymous_6)","line":117,"loc":{"start":{"line":117,"column":40},"end":{"line":117,"column":64}}},"7":{"name":"(anonymous_7)","line":155,"loc":{"start":{"line":155,"column":30},"end":{"line":155,"column":63}}},"8":{"name":"(anonymous_8)","line":160,"loc":{"start":{"line":160,"column":8},"end":{"line":160,"column":27}}},"9":{"name":"(anonymous_9)","line":215,"loc":{"start":{"line":215,"column":26},"end":{"line":215,"column":45}}},"10":{"name":"(anonymous_10)","line":220,"loc":{"start":{"line":220,"column":8},"end":{"line":220,"column":27}}},"11":{"name":"(anonymous_11)","line":221,"loc":{"start":{"line":221,"column":33},"end":{"line":221,"column":51}}},"12":{"name":"(anonymous_12)","line":223,"loc":{"start":{"line":223,"column":12},"end":{"line":223,"column":26}}},"13":{"name":"(anonymous_13)","line":231,"loc":{"start":{"line":231,"column":7},"end":{"line":231,"column":22}}},"14":{"name":"(anonymous_14)","line":233,"loc":{"start":{"line":233,"column":33},"end":{"line":233,"column":47}}},"15":{"name":"(anonymous_15)","line":237,"loc":{"start":{"line":237,"column":36},"end":{"line":237,"column":52}}},"16":{"name":"(anonymous_16)","line":267,"loc":{"start":{"line":267,"column":24},"end":{"line":267,"column":52}}},"17":{"name":"(anonymous_17)","line":272,"loc":{"start":{"line":272,"column":8},"end":{"line":272,"column":23}}},"18":{"name":"(anonymous_18)","line":273,"loc":{"start":{"line":273,"column":27},"end":{"line":273,"column":41}}},"19":{"name":"(anonymous_19)","line":289,"loc":{"start":{"line":289,"column":20},"end":{"line":289,"column":34}}},"20":{"name":"(anonymous_20)","line":293,"loc":{"start":{"line":293,"column":34},"end":{"line":293,"column":54}}},"21":{"name":"(anonymous_21)","line":311,"loc":{"start":{"line":311,"column":24},"end":{"line":311,"column":49}}},"22":{"name":"(anonymous_22)","line":331,"loc":{"start":{"line":331,"column":23},"end":{"line":331,"column":58}}},"23":{"name":"(anonymous_23)","line":339,"loc":{"start":{"line":339,"column":8},"end":{"line":339,"column":19}}},"24":{"name":"(anonymous_24)","line":341,"loc":{"start":{"line":341,"column":11},"end":{"line":341,"column":25}}},"25":{"name":"(anonymous_25)","line":346,"loc":{"start":{"line":346,"column":8},"end":{"line":346,"column":19}}},"26":{"name":"(anonymous_26)","line":348,"loc":{"start":{"line":348,"column":11},"end":{"line":348,"column":25}}},"27":{"name":"(anonymous_27)","line":353,"loc":{"start":{"line":353,"column":8},"end":{"line":353,"column":28}}},"28":{"name":"(anonymous_28)","line":361,"loc":{"start":{"line":361,"column":8},"end":{"line":361,"column":19}}},"29":{"name":"(anonymous_29)","line":364,"loc":{"start":{"line":364,"column":9},"end":{"line":364,"column":23}}},"30":{"name":"(anonymous_30)","line":391,"loc":{"start":{"line":391,"column":32},"end":{"line":391,"column":57}}},"31":{"name":"(anonymous_31)","line":396,"loc":{"start":{"line":396,"column":8},"end":{"line":396,"column":19}}},"32":{"name":"(anonymous_32)","line":400,"loc":{"start":{"line":400,"column":8},"end":{"line":400,"column":19}}},"33":{"name":"(anonymous_33)","line":406,"loc":{"start":{"line":406,"column":8},"end":{"line":406,"column":19}}},"34":{"name":"(anonymous_34)","line":410,"loc":{"start":{"line":410,"column":12},"end":{"line":410,"column":32}}},"35":{"name":"(anonymous_35)","line":413,"loc":{"start":{"line":413,"column":12},"end":{"line":413,"column":38}}},"36":{"name":"(anonymous_36)","line":427,"loc":{"start":{"line":427,"column":9},"end":{"line":427,"column":29}}},"37":{"name":"(anonymous_37)","line":432,"loc":{"start":{"line":432,"column":8},"end":{"line":432,"column":19}}},"38":{"name":"(anonymous_38)","line":436,"loc":{"start":{"line":436,"column":9},"end":{"line":436,"column":23}}},"39":{"name":"(anonymous_39)","line":447,"loc":{"start":{"line":447,"column":22},"end":{"line":447,"column":53}}},"40":{"name":"(anonymous_40)","line":459,"loc":{"start":{"line":459,"column":21},"end":{"line":459,"column":56}}},"41":{"name":"(anonymous_41)","line":467,"loc":{"start":{"line":467,"column":8},"end":{"line":467,"column":19}}},"42":{"name":"(anonymous_42)","line":471,"loc":{"start":{"line":471,"column":8},"end":{"line":471,"column":19}}},"43":{"name":"(anonymous_43)","line":495,"loc":{"start":{"line":495,"column":28},"end":{"line":495,"column":52}}},"44":{"name":"(anonymous_44)","line":500,"loc":{"start":{"line":500,"column":8},"end":{"line":500,"column":19}}},"45":{"name":"(anonymous_45)","line":504,"loc":{"start":{"line":504,"column":8},"end":{"line":504,"column":19}}},"46":{"name":"(anonymous_46)","line":510,"loc":{"start":{"line":510,"column":8},"end":{"line":510,"column":19}}},"47":{"name":"(anonymous_47)","line":513,"loc":{"start":{"line":513,"column":7},"end":{"line":513,"column":27}}},"48":{"name":"(anonymous_48)","line":517,"loc":{"start":{"line":517,"column":8},"end":{"line":517,"column":19}}},"49":{"name":"(anonymous_49)","line":528,"loc":{"start":{"line":528,"column":20},"end":{"line":528,"column":50}}},"50":{"name":"(anonymous_50)","line":533,"loc":{"start":{"line":533,"column":8},"end":{"line":533,"column":19}}},"51":{"name":"(anonymous_51)","line":537,"loc":{"start":{"line":537,"column":8},"end":{"line":537,"column":19}}},"52":{"name":"(anonymous_52)","line":561,"loc":{"start":{"line":561,"column":26},"end":{"line":561,"column":50}}},"53":{"name":"(anonymous_53)","line":566,"loc":{"start":{"line":566,"column":8},"end":{"line":566,"column":19}}},"54":{"name":"(anonymous_54)","line":570,"loc":{"start":{"line":570,"column":8},"end":{"line":570,"column":19}}},"55":{"name":"(anonymous_55)","line":576,"loc":{"start":{"line":576,"column":8},"end":{"line":576,"column":19}}},"56":{"name":"(anonymous_56)","line":579,"loc":{"start":{"line":579,"column":12},"end":{"line":579,"column":32}}},"57":{"name":"(anonymous_57)","line":586,"loc":{"start":{"line":586,"column":8},"end":{"line":586,"column":19}}},"58":{"name":"(anonymous_58)","line":610,"loc":{"start":{"line":610,"column":32},"end":{"line":610,"column":56}}},"59":{"name":"(anonymous_59)","line":615,"loc":{"start":{"line":615,"column":8},"end":{"line":615,"column":19}}},"60":{"name":"(anonymous_60)","line":626,"loc":{"start":{"line":626,"column":25},"end":{"line":626,"column":55}}},"61":{"name":"(anonymous_61)","line":631,"loc":{"start":{"line":631,"column":8},"end":{"line":631,"column":19}}},"62":{"name":"(anonymous_62)","line":635,"loc":{"start":{"line":635,"column":8},"end":{"line":635,"column":19}}},"63":{"name":"(anonymous_63)","line":638,"loc":{"start":{"line":638,"column":11},"end":{"line":638,"column":25}}},"64":{"name":"(anonymous_64)","line":645,"loc":{"start":{"line":645,"column":8},"end":{"line":645,"column":19}}},"65":{"name":"(anonymous_65)","line":669,"loc":{"start":{"line":669,"column":36},"end":{"line":669,"column":60}}},"66":{"name":"(anonymous_66)","line":676,"loc":{"start":{"line":676,"column":8},"end":{"line":676,"column":19}}},"67":{"name":"(anonymous_67)","line":679,"loc":{"start":{"line":679,"column":12},"end":{"line":679,"column":32}}},"68":{"name":"(anonymous_68)","line":686,"loc":{"start":{"line":686,"column":8},"end":{"line":686,"column":19}}},"69":{"name":"(anonymous_69)","line":713,"loc":{"start":{"line":713,"column":32},"end":{"line":713,"column":56}}},"70":{"name":"(anonymous_70)","line":718,"loc":{"start":{"line":718,"column":8},"end":{"line":718,"column":19}}},"71":{"name":"(anonymous_71)","line":722,"loc":{"start":{"line":722,"column":8},"end":{"line":722,"column":19}}}},"statementMap":{"1":{"start":{"line":9,"column":0},"end":{"line":9,"column":31}},"2":{"start":{"line":10,"column":0},"end":{"line":10,"column":27}},"3":{"start":{"line":13,"column":0},"end":{"line":13,"column":26}},"4":{"start":{"line":14,"column":0},"end":{"line":14,"column":29}},"5":{"start":{"line":15,"column":0},"end":{"line":15,"column":31}},"6":{"start":{"line":18,"column":0},"end":{"line":18,"column":38}},"7":{"start":{"line":19,"column":0},"end":{"line":19,"column":32}},"8":{"start":{"line":20,"column":0},"end":{"line":20,"column":36}},"9":{"start":{"line":21,"column":0},"end":{"line":21,"column":32}},"10":{"start":{"line":22,"column":0},"end":{"line":22,"column":27}},"11":{"start":{"line":23,"column":0},"end":{"line":23,"column":34}},"12":{"start":{"line":24,"column":0},"end":{"line":24,"column":42}},"13":{"start":{"line":25,"column":0},"end":{"line":25,"column":32}},"14":{"start":{"line":30,"column":0},"end":{"line":30,"column":45}},"15":{"start":{"line":32,"column":0},"end":{"line":32,"column":40}},"16":{"start":{"line":37,"column":0},"end":{"line":39,"column":2}},"17":{"start":{"line":38,"column":2},"end":{"line":38,"column":41}},"18":{"start":{"line":44,"column":0},"end":{"line":92,"column":2}},"19":{"start":{"line":47,"column":2},"end":{"line":47,"column":46}},"20":{"start":{"line":50,"column":2},"end":{"line":50,"column":24}},"21":{"start":{"line":52,"column":2},"end":{"line":52,"column":52}},"22":{"start":{"line":54,"column":2},"end":{"line":54,"column":35}},"23":{"start":{"line":56,"column":2},"end":{"line":56,"column":49}},"24":{"start":{"line":58,"column":2},"end":{"line":58,"column":54}},"25":{"start":{"line":60,"column":2},"end":{"line":60,"column":61}},"26":{"start":{"line":64,"column":2},"end":{"line":64,"column":70}},"27":{"start":{"line":66,"column":2},"end":{"line":66,"column":50}},"28":{"start":{"line":70,"column":2},"end":{"line":72,"column":3}},"29":{"start":{"line":71,"column":4},"end":{"line":71,"column":79}},"30":{"start":{"line":75,"column":2},"end":{"line":88,"column":3}},"31":{"start":{"line":76,"column":4},"end":{"line":81,"column":7}},"32":{"start":{"line":80,"column":6},"end":{"line":80,"column":67}},"33":{"start":{"line":82,"column":4},"end":{"line":82,"column":53}},"34":{"start":{"line":83,"column":4},"end":{"line":87,"column":5}},"35":{"start":{"line":84,"column":6},"end":{"line":84,"column":36}},"36":{"start":{"line":86,"column":6},"end":{"line":86,"column":41}},"37":{"start":{"line":90,"column":2},"end":{"line":90,"column":19}},"38":{"start":{"line":97,"column":0},"end":{"line":112,"column":2}},"39":{"start":{"line":100,"column":2},"end":{"line":102,"column":3}},"40":{"start":{"line":101,"column":4},"end":{"line":101,"column":41}},"41":{"start":{"line":105,"column":2},"end":{"line":107,"column":5}},"42":{"start":{"line":106,"column":4},"end":{"line":106,"column":49}},"43":{"start":{"line":110,"column":2},"end":{"line":110,"column":44}},"44":{"start":{"line":117,"column":0},"end":{"line":131,"column":2}},"45":{"start":{"line":120,"column":2},"end":{"line":124,"column":3}},"46":{"start":{"line":121,"column":4},"end":{"line":121,"column":21}},"47":{"start":{"line":123,"column":4},"end":{"line":123,"column":40}},"48":{"start":{"line":127,"column":2},"end":{"line":129,"column":21}},"49":{"start":{"line":155,"column":0},"end":{"line":195,"column":2}},"50":{"start":{"line":158,"column":2},"end":{"line":193,"column":21}},"51":{"start":{"line":163,"column":4},"end":{"line":163,"column":17}},"52":{"start":{"line":165,"column":4},"end":{"line":165,"column":20}},"53":{"start":{"line":167,"column":4},"end":{"line":167,"column":49}},"54":{"start":{"line":169,"column":4},"end":{"line":169,"column":37}},"55":{"start":{"line":171,"column":4},"end":{"line":171,"column":63}},"56":{"start":{"line":173,"column":4},"end":{"line":173,"column":30}},"57":{"start":{"line":175,"column":4},"end":{"line":175,"column":50}},"58":{"start":{"line":177,"column":4},"end":{"line":177,"column":24}},"59":{"start":{"line":179,"column":4},"end":{"line":179,"column":64}},"60":{"start":{"line":181,"column":4},"end":{"line":184,"column":6}},"61":{"start":{"line":187,"column":4},"end":{"line":187,"column":25}},"62":{"start":{"line":189,"column":4},"end":{"line":189,"column":15}},"63":{"start":{"line":215,"column":0},"end":{"line":248,"column":2}},"64":{"start":{"line":218,"column":2},"end":{"line":246,"column":21}},"65":{"start":{"line":221,"column":4},"end":{"line":228,"column":11}},"66":{"start":{"line":222,"column":6},"end":{"line":226,"column":9}},"67":{"start":{"line":224,"column":8},"end":{"line":224,"column":60}},"68":{"start":{"line":225,"column":8},"end":{"line":225,"column":39}},"69":{"start":{"line":233,"column":4},"end":{"line":235,"column":7}},"70":{"start":{"line":234,"column":6},"end":{"line":234,"column":22}},"71":{"start":{"line":237,"column":4},"end":{"line":239,"column":7}},"72":{"start":{"line":238,"column":6},"end":{"line":238,"column":32}},"73":{"start":{"line":241,"column":4},"end":{"line":243,"column":5}},"74":{"start":{"line":242,"column":6},"end":{"line":242,"column":70}},"75":{"start":{"line":267,"column":0},"end":{"line":284,"column":2}},"76":{"start":{"line":270,"column":2},"end":{"line":282,"column":21}},"77":{"start":{"line":273,"column":4},"end":{"line":275,"column":7}},"78":{"start":{"line":274,"column":6},"end":{"line":274,"column":34}},"79":{"start":{"line":276,"column":4},"end":{"line":278,"column":5}},"80":{"start":{"line":277,"column":6},"end":{"line":277,"column":63}},"81":{"start":{"line":279,"column":4},"end":{"line":279,"column":15}},"82":{"start":{"line":289,"column":0},"end":{"line":306,"column":2}},"83":{"start":{"line":291,"column":2},"end":{"line":291,"column":45}},"84":{"start":{"line":293,"column":2},"end":{"line":297,"column":5}},"85":{"start":{"line":294,"column":4},"end":{"line":296,"column":5}},"86":{"start":{"line":295,"column":6},"end":{"line":295,"column":23}},"87":{"start":{"line":298,"column":2},"end":{"line":304,"column":3}},"88":{"start":{"line":300,"column":4},"end":{"line":300,"column":32}},"89":{"start":{"line":301,"column":9},"end":{"line":304,"column":3}},"90":{"start":{"line":303,"column":4},"end":{"line":303,"column":53}},"91":{"start":{"line":305,"column":2},"end":{"line":305,"column":20}},"92":{"start":{"line":311,"column":0},"end":{"line":326,"column":2}},"93":{"start":{"line":314,"column":2},"end":{"line":319,"column":4}},"94":{"start":{"line":321,"column":2},"end":{"line":323,"column":3}},"95":{"start":{"line":322,"column":4},"end":{"line":322,"column":66}},"96":{"start":{"line":325,"column":2},"end":{"line":325,"column":50}},"97":{"start":{"line":331,"column":0},"end":{"line":373,"column":2}},"98":{"start":{"line":334,"column":2},"end":{"line":334,"column":63}},"99":{"start":{"line":337,"column":2},"end":{"line":371,"column":21}},"100":{"start":{"line":340,"column":4},"end":{"line":343,"column":7}},"101":{"start":{"line":342,"column":6},"end":{"line":342,"column":46}},"102":{"start":{"line":347,"column":4},"end":{"line":350,"column":7}},"103":{"start":{"line":349,"column":6},"end":{"line":349,"column":47}},"104":{"start":{"line":354,"column":4},"end":{"line":358,"column":5}},"105":{"start":{"line":355,"column":6},"end":{"line":355,"column":44}},"106":{"start":{"line":356,"column":6},"end":{"line":356,"column":61}},"107":{"start":{"line":357,"column":6},"end":{"line":357,"column":56}},"108":{"start":{"line":362,"column":4},"end":{"line":362,"column":65}},"109":{"start":{"line":365,"column":4},"end":{"line":368,"column":6}},"110":{"start":{"line":391,"column":0},"end":{"line":442,"column":2}},"111":{"start":{"line":394,"column":2},"end":{"line":440,"column":21}},"112":{"start":{"line":397,"column":4},"end":{"line":397,"column":48}},"113":{"start":{"line":401,"column":4},"end":{"line":401,"column":52}},"114":{"start":{"line":408,"column":4},"end":{"line":429,"column":25}},"115":{"start":{"line":412,"column":6},"end":{"line":424,"column":9}},"116":{"start":{"line":414,"column":8},"end":{"line":423,"column":9}},"117":{"start":{"line":416,"column":10},"end":{"line":416,"column":22}},"118":{"start":{"line":417,"column":15},"end":{"line":423,"column":9}},"119":{"start":{"line":419,"column":10},"end":{"line":419,"column":23}},"120":{"start":{"line":422,"column":10},"end":{"line":422,"column":80}},"121":{"start":{"line":428,"column":6},"end":{"line":428,"column":46}},"122":{"start":{"line":433,"column":4},"end":{"line":433,"column":49}},"123":{"start":{"line":437,"column":4},"end":{"line":437,"column":73}},"124":{"start":{"line":447,"column":0},"end":{"line":454,"column":2}},"125":{"start":{"line":449,"column":2},"end":{"line":452,"column":4}},"126":{"start":{"line":453,"column":2},"end":{"line":453,"column":34}},"127":{"start":{"line":459,"column":0},"end":{"line":477,"column":2}},"128":{"start":{"line":462,"column":2},"end":{"line":462,"column":51}},"129":{"start":{"line":465,"column":2},"end":{"line":475,"column":21}},"130":{"start":{"line":468,"column":4},"end":{"line":468,"column":63}},"131":{"start":{"line":472,"column":4},"end":{"line":472,"column":63}},"132":{"start":{"line":495,"column":0},"end":{"line":523,"column":2}},"133":{"start":{"line":498,"column":2},"end":{"line":521,"column":21}},"134":{"start":{"line":501,"column":4},"end":{"line":501,"column":46}},"135":{"start":{"line":505,"column":4},"end":{"line":505,"column":46}},"136":{"start":{"line":511,"column":4},"end":{"line":511,"column":30}},"137":{"start":{"line":514,"column":4},"end":{"line":514,"column":42}},"138":{"start":{"line":518,"column":4},"end":{"line":518,"column":47}},"139":{"start":{"line":528,"column":0},"end":{"line":543,"column":2}},"140":{"start":{"line":531,"column":2},"end":{"line":541,"column":21}},"141":{"start":{"line":534,"column":4},"end":{"line":534,"column":46}},"142":{"start":{"line":538,"column":4},"end":{"line":538,"column":62}},"143":{"start":{"line":561,"column":0},"end":{"line":592,"column":2}},"144":{"start":{"line":564,"column":2},"end":{"line":590,"column":21}},"145":{"start":{"line":567,"column":4},"end":{"line":567,"column":45}},"146":{"start":{"line":571,"column":4},"end":{"line":571,"column":45}},"147":{"start":{"line":577,"column":4},"end":{"line":583,"column":11}},"148":{"start":{"line":580,"column":6},"end":{"line":580,"column":59}},"149":{"start":{"line":587,"column":4},"end":{"line":587,"column":46}},"150":{"start":{"line":610,"column":0},"end":{"line":621,"column":2}},"151":{"start":{"line":613,"column":2},"end":{"line":619,"column":21}},"152":{"start":{"line":616,"column":4},"end":{"line":616,"column":22}},"153":{"start":{"line":626,"column":0},"end":{"line":651,"column":2}},"154":{"start":{"line":629,"column":2},"end":{"line":649,"column":21}},"155":{"start":{"line":632,"column":4},"end":{"line":632,"column":48}},"156":{"start":{"line":636,"column":4},"end":{"line":642,"column":7}},"157":{"start":{"line":639,"column":6},"end":{"line":641,"column":7}},"158":{"start":{"line":640,"column":8},"end":{"line":640,"column":18}},"159":{"start":{"line":646,"column":4},"end":{"line":646,"column":67}},"160":{"start":{"line":669,"column":0},"end":{"line":692,"column":2}},"161":{"start":{"line":672,"column":2},"end":{"line":690,"column":21}},"162":{"start":{"line":677,"column":4},"end":{"line":683,"column":11}},"163":{"start":{"line":680,"column":6},"end":{"line":680,"column":59}},"164":{"start":{"line":687,"column":4},"end":{"line":687,"column":51}},"165":{"start":{"line":713,"column":0},"end":{"line":728,"column":2}},"166":{"start":{"line":716,"column":2},"end":{"line":726,"column":21}},"167":{"start":{"line":719,"column":4},"end":{"line":719,"column":26}},"168":{"start":{"line":723,"column":4},"end":{"line":723,"column":24}}},"branchMap":{"1":{"line":70,"type":"if","locations":[{"start":{"line":70,"column":2},"end":{"line":70,"column":2}},{"start":{"line":70,"column":2},"end":{"line":70,"column":2}}]},"2":{"line":75,"type":"if","locations":[{"start":{"line":75,"column":2},"end":{"line":75,"column":2}},{"start":{"line":75,"column":2},"end":{"line":75,"column":2}}]},"3":{"line":83,"type":"if","locations":[{"start":{"line":83,"column":4},"end":{"line":83,"column":4}},{"start":{"line":83,"column":4},"end":{"line":83,"column":4}}]},"4":{"line":100,"type":"if","locations":[{"start":{"line":100,"column":2},"end":{"line":100,"column":2}},{"start":{"line":100,"column":2},"end":{"line":100,"column":2}}]},"5":{"line":120,"type":"if","locations":[{"start":{"line":120,"column":2},"end":{"line":120,"column":2}},{"start":{"line":120,"column":2},"end":{"line":120,"column":2}}]},"6":{"line":241,"type":"if","locations":[{"start":{"line":241,"column":4},"end":{"line":241,"column":4}},{"start":{"line":241,"column":4},"end":{"line":241,"column":4}}]},"7":{"line":276,"type":"if","locations":[{"start":{"line":276,"column":4},"end":{"line":276,"column":4}},{"start":{"line":276,"column":4},"end":{"line":276,"column":4}}]},"8":{"line":294,"type":"if","locations":[{"start":{"line":294,"column":4},"end":{"line":294,"column":4}},{"start":{"line":294,"column":4},"end":{"line":294,"column":4}}]},"9":{"line":298,"type":"if","locations":[{"start":{"line":298,"column":2},"end":{"line":298,"column":2}},{"start":{"line":298,"column":2},"end":{"line":298,"column":2}}]},"10":{"line":301,"type":"if","locations":[{"start":{"line":301,"column":9},"end":{"line":301,"column":9}},{"start":{"line":301,"column":9},"end":{"line":301,"column":9}}]},"11":{"line":321,"type":"if","locations":[{"start":{"line":321,"column":2},"end":{"line":321,"column":2}},{"start":{"line":321,"column":2},"end":{"line":321,"column":2}}]},"12":{"line":354,"type":"if","locations":[{"start":{"line":354,"column":4},"end":{"line":354,"column":4}},{"start":{"line":354,"column":4},"end":{"line":354,"column":4}}]},"13":{"line":414,"type":"if","locations":[{"start":{"line":414,"column":8},"end":{"line":414,"column":8}},{"start":{"line":414,"column":8},"end":{"line":414,"column":8}}]},"14":{"line":417,"type":"if","locations":[{"start":{"line":417,"column":15},"end":{"line":417,"column":15}},{"start":{"line":417,"column":15},"end":{"line":417,"column":15}}]},"15":{"line":639,"type":"if","locations":[{"start":{"line":639,"column":6},"end":{"line":639,"column":6}},{"start":{"line":639,"column":6},"end":{"line":639,"column":6}}]}}},"/home/travis/build/kalabox/kalabox/lib/core.js":{"path":"/home/travis/build/kalabox/kalabox/lib/core.js","s":{"1":1,"2":1,"3":1,"4":1,"5":1,"6":1,"7":1},"b":{},"f":{},"fnMap":{},"statementMap":{"1":{"start":{"line":8,"column":0},"end":{"line":8,"column":45}},"2":{"start":{"line":11,"column":0},"end":{"line":11,"column":41}},"3":{"start":{"line":14,"column":0},"end":{"line":14,"column":39}},"4":{"start":{"line":17,"column":0},"end":{"line":17,"column":45}},"5":{"start":{"line":20,"column":0},"end":{"line":20,"column":39}},"6":{"start":{"line":23,"column":0},"end":{"line":23,"column":41}},"7":{"start":{"line":26,"column":0},"end":{"line":26,"column":43}}},"branchMap":{}},"/home/travis/build/kalabox/kalabox/lib/core/config.js":{"path":"/home/travis/build/kalabox/kalabox/lib/core/config.js","s":{"1":1,"2":1,"3":1,"4":1,"5":1,"6":1,"7":1,"8":1,"9":1,"10":1,"11":1,"12":1,"13":1,"14":0,"15":1,"16":41,"17":122,"18":624,"19":624,"20":475,"21":149,"22":81,"23":68,"24":41,"25":1,"26":445,"27":445,"28":445,"29":0,"30":445,"31":404,"32":41,"33":41,"34":41,"35":0,"36":41,"37":1,"38":12,"39":60,"40":516,"41":444,"42":72,"43":48,"44":12,"45":12,"46":1,"47":10,"48":10,"49":10,"50":236,"51":236,"52":10,"53":1,"54":1,"55":10,"56":116,"57":116,"58":12,"59":7,"60":7,"61":5,"62":104,"63":10,"64":1,"65":1,"66":6,"67":1,"68":6,"69":6,"70":6,"71":0,"72":6,"73":1,"74":5,"75":1,"76":5,"77":1,"78":5,"79":1,"80":2,"81":2,"82":2,"83":1,"84":5,"85":5,"86":5,"87":10,"88":2,"89":2,"90":10,"91":5,"92":1,"93":0,"94":1,"95":1,"96":0,"97":0,"98":1,"99":1,"100":1,"101":1,"102":1,"103":1,"104":1,"105":1,"106":1,"107":1},"b":{"1":[475,149],"2":[81,68],"3":[404,41],"4":[0,41],"5":[444,72],"6":[48,24],"7":[12,104],"8":[7,5],"9":[12,7],"10":[0,6],"11":[2,8],"12":[0,1],"13":[1,0]},"f":{"1":0,"2":41,"3":122,"4":624,"5":445,"6":41,"7":12,"8":60,"9":516,"10":10,"11":10,"12":6,"13":6,"14":5,"15":5,"16":5,"17":2,"18":5,"19":10,"20":0,"21":1},"fnMap":{"1":{"name":"(anonymous_1)","line":84,"loc":{"start":{"line":84,"column":9},"end":{"line":84,"column":23}}},"2":{"name":"(anonymous_2)","line":91,"loc":{"start":{"line":91,"column":16},"end":{"line":91,"column":44}}},"3":{"name":"(anonymous_3)","line":94,"loc":{"start":{"line":94,"column":12},"end":{"line":94,"column":32}}},"4":{"name":"(anonymous_4)","line":97,"loc":{"start":{"line":97,"column":21},"end":{"line":97,"column":40}}},"5":{"name":"(anonymous_5)","line":131,"loc":{"start":{"line":131,"column":46},"end":{"line":131,"column":66}}},"6":{"name":"(anonymous_6)","line":151,"loc":{"start":{"line":151,"column":28},"end":{"line":151,"column":49}}},"7":{"name":"(anonymous_7)","line":178,"loc":{"start":{"line":178,"column":36},"end":{"line":178,"column":53}}},"8":{"name":"(anonymous_8)","line":181,"loc":{"start":{"line":181,"column":12},"end":{"line":181,"column":24}}},"9":{"name":"(anonymous_9)","line":184,"loc":{"start":{"line":184,"column":14},"end":{"line":184,"column":33}}},"10":{"name":"sort","line":210,"loc":{"start":{"line":210,"column":0},"end":{"line":210,"column":22}}},"11":{"name":"mixIn","line":226,"loc":{"start":{"line":226,"column":0},"end":{"line":226,"column":21}}},"12":{"name":"(anonymous_12)","line":246,"loc":{"start":{"line":246,"column":21},"end":{"line":246,"column":32}}},"13":{"name":"(anonymous_13)","line":258,"loc":{"start":{"line":258,"column":23},"end":{"line":258,"column":34}}},"14":{"name":"(anonymous_14)","line":294,"loc":{"start":{"line":294,"column":27},"end":{"line":294,"column":38}}},"15":{"name":"(anonymous_15)","line":298,"loc":{"start":{"line":298,"column":66},"end":{"line":298,"column":77}}},"16":{"name":"(anonymous_16)","line":302,"loc":{"start":{"line":302,"column":30},"end":{"line":302,"column":41}}},"17":{"name":"(anonymous_17)","line":306,"loc":{"start":{"line":306,"column":21},"end":{"line":306,"column":46}}},"18":{"name":"(anonymous_18)","line":322,"loc":{"start":{"line":322,"column":26},"end":{"line":322,"column":37}}},"19":{"name":"(anonymous_19)","line":328,"loc":{"start":{"line":328,"column":43},"end":{"line":328,"column":72}}},"20":{"name":"(anonymous_20)","line":338,"loc":{"start":{"line":338,"column":31},"end":{"line":338,"column":53}}},"21":{"name":"(anonymous_21)","line":356,"loc":{"start":{"line":356,"column":23},"end":{"line":356,"column":46}}}},"statementMap":{"1":{"start":{"line":8,"column":0},"end":{"line":8,"column":27}},"2":{"start":{"line":9,"column":0},"end":{"line":9,"column":23}},"3":{"start":{"line":10,"column":0},"end":{"line":10,"column":23}},"4":{"start":{"line":11,"column":0},"end":{"line":11,"column":30}},"5":{"start":{"line":12,"column":0},"end":{"line":12,"column":32}},"6":{"start":{"line":13,"column":0},"end":{"line":13,"column":30}},"7":{"start":{"line":14,"column":0},"end":{"line":14,"column":26}},"8":{"start":{"line":17,"column":0},"end":{"line":17,"column":37}},"9":{"start":{"line":18,"column":0},"end":{"line":18,"column":42}},"10":{"start":{"line":20,"column":0},"end":{"line":76,"column":2}},"11":{"start":{"line":78,"column":0},"end":{"line":78,"column":25}},"12":{"start":{"line":79,"column":0},"end":{"line":79,"column":23}},"13":{"start":{"line":84,"column":0},"end":{"line":86,"column":2}},"14":{"start":{"line":85,"column":2},"end":{"line":85,"column":41}},"15":{"start":{"line":91,"column":0},"end":{"line":126,"column":2}},"16":{"start":{"line":94,"column":2},"end":{"line":121,"column":4}},"17":{"start":{"line":97,"column":4},"end":{"line":119,"column":7}},"18":{"start":{"line":100,"column":6},"end":{"line":100,"column":51}},"19":{"start":{"line":102,"column":6},"end":{"line":117,"column":7}},"20":{"start":{"line":105,"column":8},"end":{"line":105,"column":48}},"21":{"start":{"line":107,"column":13},"end":{"line":117,"column":7}},"22":{"start":{"line":110,"column":8},"end":{"line":110,"column":30}},"23":{"start":{"line":115,"column":8},"end":{"line":115,"column":21}},"24":{"start":{"line":124,"column":2},"end":{"line":124,"column":21}},"25":{"start":{"line":131,"column":0},"end":{"line":172,"column":2}},"26":{"start":{"line":135,"column":2},"end":{"line":135,"column":13}},"27":{"start":{"line":136,"column":2},"end":{"line":141,"column":3}},"28":{"start":{"line":137,"column":4},"end":{"line":137,"column":42}},"29":{"start":{"line":140,"column":4},"end":{"line":140,"column":30}},"30":{"start":{"line":143,"column":2},"end":{"line":170,"column":3}},"31":{"start":{"line":146,"column":4},"end":{"line":146,"column":13}},"32":{"start":{"line":151,"column":4},"end":{"line":168,"column":10}},"33":{"start":{"line":154,"column":6},"end":{"line":154,"column":54}},"34":{"start":{"line":156,"column":6},"end":{"line":166,"column":7}},"35":{"start":{"line":159,"column":8},"end":{"line":159,"column":19}},"36":{"start":{"line":164,"column":8},"end":{"line":164,"column":52}},"37":{"start":{"line":178,"column":0},"end":{"line":208,"column":2}},"38":{"start":{"line":181,"column":2},"end":{"line":200,"column":4}},"39":{"start":{"line":184,"column":4},"end":{"line":198,"column":7}},"40":{"start":{"line":186,"column":6},"end":{"line":196,"column":7}},"41":{"start":{"line":189,"column":8},"end":{"line":189,"column":45}},"42":{"start":{"line":191,"column":13},"end":{"line":196,"column":7}},"43":{"start":{"line":194,"column":8},"end":{"line":194,"column":17}},"44":{"start":{"line":203,"column":2},"end":{"line":203,"column":14}},"45":{"start":{"line":206,"column":2},"end":{"line":206,"column":16}},"46":{"start":{"line":210,"column":0},"end":{"line":218,"column":1}},"47":{"start":{"line":211,"column":2},"end":{"line":211,"column":40}},"48":{"start":{"line":212,"column":2},"end":{"line":212,"column":18}},"49":{"start":{"line":213,"column":2},"end":{"line":216,"column":3}},"50":{"start":{"line":214,"column":4},"end":{"line":214,"column":22}},"51":{"start":{"line":215,"column":4},"end":{"line":215,"column":30}},"52":{"start":{"line":217,"column":2},"end":{"line":217,"column":16}},"53":{"start":{"line":221,"column":0},"end":{"line":224,"column":2}},"54":{"start":{"line":226,"column":0},"end":{"line":243,"column":1}},"55":{"start":{"line":227,"column":2},"end":{"line":241,"column":3}},"56":{"start":{"line":228,"column":4},"end":{"line":228,"column":55}},"57":{"start":{"line":229,"column":4},"end":{"line":240,"column":5}},"58":{"start":{"line":231,"column":6},"end":{"line":236,"column":7}},"59":{"start":{"line":232,"column":8},"end":{"line":232,"column":47}},"60":{"start":{"line":233,"column":8},"end":{"line":233,"column":22}},"61":{"start":{"line":235,"column":8},"end":{"line":235,"column":24}},"62":{"start":{"line":239,"column":6},"end":{"line":239,"column":22}},"63":{"start":{"line":242,"column":2},"end":{"line":242,"column":28}},"64":{"start":{"line":244,"column":0},"end":{"line":244,"column":22}},"65":{"start":{"line":246,"column":0},"end":{"line":248,"column":2}},"66":{"start":{"line":247,"column":2},"end":{"line":247,"column":65}},"67":{"start":{"line":258,"column":0},"end":{"line":281,"column":2}},"68":{"start":{"line":259,"column":2},"end":{"line":259,"column":37}},"69":{"start":{"line":260,"column":2},"end":{"line":260,"column":26}},"70":{"start":{"line":261,"column":2},"end":{"line":263,"column":3}},"71":{"start":{"line":262,"column":4},"end":{"line":262,"column":23}},"72":{"start":{"line":264,"column":2},"end":{"line":280,"column":4}},"73":{"start":{"line":294,"column":0},"end":{"line":296,"column":2}},"74":{"start":{"line":295,"column":2},"end":{"line":295,"column":59}},"75":{"start":{"line":298,"column":0},"end":{"line":300,"column":2}},"76":{"start":{"line":299,"column":2},"end":{"line":299,"column":57}},"77":{"start":{"line":302,"column":0},"end":{"line":304,"column":2}},"78":{"start":{"line":303,"column":2},"end":{"line":303,"column":58}},"79":{"start":{"line":306,"column":0},"end":{"line":310,"column":2}},"80":{"start":{"line":307,"column":2},"end":{"line":307,"column":49}},"81":{"start":{"line":308,"column":2},"end":{"line":308,"column":52}},"82":{"start":{"line":309,"column":2},"end":{"line":309,"column":26}},"83":{"start":{"line":322,"column":0},"end":{"line":336,"column":2}},"84":{"start":{"line":323,"column":2},"end":{"line":323,"column":46}},"85":{"start":{"line":324,"column":2},"end":{"line":327,"column":4}},"86":{"start":{"line":328,"column":2},"end":{"line":334,"column":20}},"87":{"start":{"line":329,"column":4},"end":{"line":332,"column":5}},"88":{"start":{"line":330,"column":6},"end":{"line":330,"column":56}},"89":{"start":{"line":331,"column":6},"end":{"line":331,"column":47}},"90":{"start":{"line":333,"column":4},"end":{"line":333,"column":18}},"91":{"start":{"line":335,"column":2},"end":{"line":335,"column":22}},"92":{"start":{"line":338,"column":0},"end":{"line":340,"column":2}},"93":{"start":{"line":339,"column":2},"end":{"line":339,"column":63}},"94":{"start":{"line":356,"column":0},"end":{"line":376,"column":2}},"95":{"start":{"line":358,"column":2},"end":{"line":361,"column":3}},"96":{"start":{"line":359,"column":4},"end":{"line":359,"column":22}},"97":{"start":{"line":360,"column":4},"end":{"line":360,"column":26}},"98":{"start":{"line":363,"column":2},"end":{"line":363,"column":44}},"99":{"start":{"line":365,"column":2},"end":{"line":367,"column":3}},"100":{"start":{"line":366,"column":4},"end":{"line":366,"column":57}},"101":{"start":{"line":369,"column":2},"end":{"line":369,"column":62}},"102":{"start":{"line":370,"column":2},"end":{"line":370,"column":49}},"103":{"start":{"line":371,"column":2},"end":{"line":371,"column":34}},"104":{"start":{"line":372,"column":2},"end":{"line":372,"column":48}},"105":{"start":{"line":373,"column":2},"end":{"line":373,"column":50}},"106":{"start":{"line":374,"column":2},"end":{"line":374,"column":51}},"107":{"start":{"line":375,"column":2},"end":{"line":375,"column":16}}},"branchMap":{"1":{"line":102,"type":"if","locations":[{"start":{"line":102,"column":6},"end":{"line":102,"column":6}},{"start":{"line":102,"column":6},"end":{"line":102,"column":6}}]},"2":{"line":107,"type":"if","locations":[{"start":{"line":107,"column":13},"end":{"line":107,"column":13}},{"start":{"line":107,"column":13},"end":{"line":107,"column":13}}]},"3":{"line":143,"type":"if","locations":[{"start":{"line":143,"column":2},"end":{"line":143,"column":2}},{"start":{"line":143,"column":2},"end":{"line":143,"column":2}}]},"4":{"line":156,"type":"if","locations":[{"start":{"line":156,"column":6},"end":{"line":156,"column":6}},{"start":{"line":156,"column":6},"end":{"line":156,"column":6}}]},"5":{"line":186,"type":"if","locations":[{"start":{"line":186,"column":6},"end":{"line":186,"column":6}},{"start":{"line":186,"column":6},"end":{"line":186,"column":6}}]},"6":{"line":191,"type":"if","locations":[{"start":{"line":191,"column":13},"end":{"line":191,"column":13}},{"start":{"line":191,"column":13},"end":{"line":191,"column":13}}]},"7":{"line":229,"type":"if","locations":[{"start":{"line":229,"column":4},"end":{"line":229,"column":4}},{"start":{"line":229,"column":4},"end":{"line":229,"column":4}}]},"8":{"line":231,"type":"if","locations":[{"start":{"line":231,"column":6},"end":{"line":231,"column":6}},{"start":{"line":231,"column":6},"end":{"line":231,"column":6}}]},"9":{"line":231,"type":"binary-expr","locations":[{"start":{"line":231,"column":10},"end":{"line":231,"column":27}},{"start":{"line":231,"column":31},"end":{"line":231,"column":48}}]},"10":{"line":261,"type":"if","locations":[{"start":{"line":261,"column":2},"end":{"line":261,"column":2}},{"start":{"line":261,"column":2},"end":{"line":261,"column":2}}]},"11":{"line":329,"type":"if","locations":[{"start":{"line":329,"column":4},"end":{"line":329,"column":4}},{"start":{"line":329,"column":4},"end":{"line":329,"column":4}}]},"12":{"line":358,"type":"if","locations":[{"start":{"line":358,"column":2},"end":{"line":358,"column":2}},{"start":{"line":358,"column":2},"end":{"line":358,"column":2}}]},"13":{"line":365,"type":"if","locations":[{"start":{"line":365,"column":2},"end":{"line":365,"column":2}},{"start":{"line":365,"column":2},"end":{"line":365,"column":2}}]}}},"/home/travis/build/kalabox/kalabox/lib/core/env.js":{"path":"/home/travis/build/kalabox/kalabox/lib/core/env.js","s":{"1":1,"2":1,"3":1,"4":1,"5":1,"6":1,"7":1,"8":1,"9":1,"10":1,"11":1,"12":1,"13":29,"14":1,"15":0,"16":1,"17":0,"18":0,"19":0,"20":1,"21":29,"22":29,"23":29,"24":1,"25":0,"26":1,"27":17,"28":1,"29":6,"30":1,"31":17},"b":{"1":[0,0],"2":[0,29]},"f":{"1":29,"2":0,"3":0,"4":29,"5":0,"6":17,"7":6,"8":17},"fnMap":{"1":{"name":"getEnv","line":26,"loc":{"start":{"line":26,"column":0},"end":{"line":26,"column":21}}},"2":{"name":"setEnv","line":30,"loc":{"start":{"line":30,"column":30},"end":{"line":30,"column":58}}},"3":{"name":"(anonymous_3)","line":34,"loc":{"start":{"line":34,"column":22},"end":{"line":34,"column":45}}},"4":{"name":"(anonymous_4)","line":42,"loc":{"start":{"line":42,"column":21},"end":{"line":42,"column":32}}},"5":{"name":"(anonymous_5)","line":48,"loc":{"start":{"line":48,"column":25},"end":{"line":48,"column":36}}},"6":{"name":"(anonymous_6)","line":52,"loc":{"start":{"line":52,"column":25},"end":{"line":52,"column":36}}},"7":{"name":"(anonymous_7)","line":56,"loc":{"start":{"line":56,"column":29},"end":{"line":56,"column":40}}},"8":{"name":"(anonymous_8)","line":62,"loc":{"start":{"line":62,"column":24},"end":{"line":62,"column":35}}}},"statementMap":{"1":{"start":{"line":7,"column":0},"end":{"line":7,"column":27}},"2":{"start":{"line":10,"column":0},"end":{"line":10,"column":29}},"3":{"start":{"line":11,"column":0},"end":{"line":11,"column":28}},"4":{"start":{"line":12,"column":0},"end":{"line":12,"column":31}},"5":{"start":{"line":13,"column":0},"end":{"line":17,"column":2}},"6":{"start":{"line":18,"column":0},"end":{"line":18,"column":37}},"7":{"start":{"line":19,"column":0},"end":{"line":19,"column":27}},"8":{"start":{"line":20,"column":0},"end":{"line":20,"column":37}},"9":{"start":{"line":21,"column":0},"end":{"line":21,"column":42}},"10":{"start":{"line":22,"column":0},"end":{"line":22,"column":44}},"11":{"start":{"line":24,"column":0},"end":{"line":24,"column":36}},"12":{"start":{"line":26,"column":0},"end":{"line":28,"column":1}},"13":{"start":{"line":27,"column":2},"end":{"line":27,"column":26}},"14":{"start":{"line":30,"column":0},"end":{"line":32,"column":2}},"15":{"start":{"line":31,"column":2},"end":{"line":31,"column":27}},"16":{"start":{"line":34,"column":0},"end":{"line":40,"column":2}},"17":{"start":{"line":35,"column":2},"end":{"line":39,"column":3}},"18":{"start":{"line":36,"column":4},"end":{"line":36,"column":18}},"19":{"start":{"line":38,"column":4},"end":{"line":38,"column":20}},"20":{"start":{"line":42,"column":0},"end":{"line":46,"column":2}},"21":{"start":{"line":43,"column":2},"end":{"line":43,"column":61}},"22":{"start":{"line":44,"column":2},"end":{"line":44,"column":68}},"23":{"start":{"line":45,"column":2},"end":{"line":45,"column":24}},"24":{"start":{"line":48,"column":0},"end":{"line":50,"column":2}},"25":{"start":{"line":49,"column":2},"end":{"line":49,"column":60}},"26":{"start":{"line":52,"column":0},"end":{"line":54,"column":2}},"27":{"start":{"line":53,"column":2},"end":{"line":53,"column":64}},"28":{"start":{"line":56,"column":0},"end":{"line":60,"column":2}},"29":{"start":{"line":57,"column":2},"end":{"line":59,"column":4}},"30":{"start":{"line":62,"column":0},"end":{"line":64,"column":2}},"31":{"start":{"line":63,"column":2},"end":{"line":63,"column":43}}},"branchMap":{"1":{"line":35,"type":"if","locations":[{"start":{"line":35,"column":2},"end":{"line":35,"column":2}},{"start":{"line":35,"column":2},"end":{"line":35,"column":2}}]},"2":{"line":44,"type":"cond-expr","locations":[{"start":{"line":44,"column":35},"end":{"line":44,"column":51}},{"start":{"line":44,"column":54},"end":{"line":44,"column":67}}]}}},"/home/travis/build/kalabox/kalabox/lib/core/deps.js":{"path":"/home/travis/build/kalabox/kalabox/lib/core/deps.js","s":{"1":1,"2":1,"3":1,"4":1,"5":1,"6":45,"7":1,"8":14,"9":1,"10":15,"11":1,"12":1,"13":1,"14":0,"15":1,"16":15,"17":1,"18":1,"19":1,"20":10,"21":10,"22":1,"23":15,"24":15,"25":15,"26":1,"27":1,"28":14,"29":14,"30":0,"31":0,"32":0,"33":0,"34":14,"35":1,"36":2,"37":1,"38":1,"39":20,"40":20,"41":17,"42":3,"43":1,"44":2,"45":1,"46":0,"47":1,"48":0,"49":0,"50":0,"51":0,"52":0,"53":0,"54":0,"55":0,"56":1,"57":3,"58":3,"59":3,"60":3,"61":3,"62":3,"63":3,"64":1,"65":7,"66":7,"67":7,"68":7,"69":2,"70":5,"71":12,"72":5,"73":5,"74":1,"75":6,"76":5},"b":{"1":[15,0],"2":[1,14],"3":[0,14],"4":[0,0],"5":[1,1],"6":[17,3],"7":[1,2],"8":[3,1,1],"9":[0,0],"10":[2,5]},"f":{"1":45,"2":14,"3":15,"4":1,"5":0,"6":15,"7":1,"8":10,"9":15,"10":14,"11":0,"12":2,"13":20,"14":0,"15":0,"16":3,"17":3,"18":7,"19":12,"20":6},"fnMap":{"1":{"name":"_getDep","line":15,"loc":{"start":{"line":15,"column":0},"end":{"line":15,"column":23}}},"2":{"name":"_setDep","line":19,"loc":{"start":{"line":19,"column":0},"end":{"line":19,"column":30}}},"3":{"name":"_clear","line":23,"loc":{"start":{"line":23,"column":0},"end":{"line":23,"column":18}}},"4":{"name":"_remove","line":27,"loc":{"start":{"line":27,"column":0},"end":{"line":27,"column":23}}},"5":{"name":"(anonymous_5)","line":31,"loc":{"start":{"line":31,"column":15},"end":{"line":31,"column":26}}},"6":{"name":"(anonymous_6)","line":44,"loc":{"start":{"line":44,"column":16},"end":{"line":44,"column":27}}},"7":{"name":"(anonymous_7)","line":56,"loc":{"start":{"line":56,"column":17},"end":{"line":56,"column":32}}},"8":{"name":"(anonymous_8)","line":72,"loc":{"start":{"line":72,"column":34},"end":{"line":72,"column":49}}},"9":{"name":"(anonymous_9)","line":86,"loc":{"start":{"line":86,"column":34},"end":{"line":86,"column":60}}},"10":{"name":"(anonymous_10)","line":88,"loc":{"start":{"line":88,"column":11},"end":{"line":88,"column":22}}},"11":{"name":"(anonymous_11)","line":100,"loc":{"start":{"line":100,"column":55},"end":{"line":100,"column":69}}},"12":{"name":"(anonymous_12)","line":119,"loc":{"start":{"line":119,"column":21},"end":{"line":119,"column":41}}},"13":{"name":"(anonymous_13)","line":142,"loc":{"start":{"line":142,"column":31},"end":{"line":142,"column":52}}},"14":{"name":"_isFlag","line":153,"loc":{"start":{"line":153,"column":0},"end":{"line":153,"column":23}}},"15":{"name":"(anonymous_15)","line":157,"loc":{"start":{"line":157,"column":19},"end":{"line":157,"column":30}}},"16":{"name":"(anonymous_16)","line":181,"loc":{"start":{"line":181,"column":19},"end":{"line":181,"column":49}}},"17":{"name":"(anonymous_17)","line":189,"loc":{"start":{"line":189,"column":11},"end":{"line":189,"column":22}}},"18":{"name":"(anonymous_18)","line":197,"loc":{"start":{"line":197,"column":32},"end":{"line":197,"column":45}}},"19":{"name":"(anonymous_19)","line":204,"loc":{"start":{"line":204,"column":15},"end":{"line":204,"column":27}}},"20":{"name":"(anonymous_20)","line":219,"loc":{"start":{"line":219,"column":15},"end":{"line":219,"column":28}}}},"statementMap":{"1":{"start":{"line":8,"column":0},"end":{"line":8,"column":25}},"2":{"start":{"line":10,"column":0},"end":{"line":10,"column":26}},"3":{"start":{"line":11,"column":0},"end":{"line":11,"column":36}},"4":{"start":{"line":13,"column":0},"end":{"line":13,"column":15}},"5":{"start":{"line":15,"column":0},"end":{"line":17,"column":1}},"6":{"start":{"line":16,"column":2},"end":{"line":16,"column":21}},"7":{"start":{"line":19,"column":0},"end":{"line":21,"column":1}},"8":{"start":{"line":20,"column":2},"end":{"line":20,"column":22}},"9":{"start":{"line":23,"column":0},"end":{"line":25,"column":1}},"10":{"start":{"line":24,"column":2},"end":{"line":24,"column":13}},"11":{"start":{"line":27,"column":0},"end":{"line":29,"column":1}},"12":{"start":{"line":28,"column":2},"end":{"line":28,"column":21}},"13":{"start":{"line":31,"column":0},"end":{"line":33,"column":2}},"14":{"start":{"line":32,"column":2},"end":{"line":32,"column":23}},"15":{"start":{"line":44,"column":0},"end":{"line":46,"column":2}},"16":{"start":{"line":45,"column":2},"end":{"line":45,"column":11}},"17":{"start":{"line":56,"column":0},"end":{"line":58,"column":2}},"18":{"start":{"line":57,"column":2},"end":{"line":57,"column":16}},"19":{"start":{"line":72,"column":0},"end":{"line":75,"column":2}},"20":{"start":{"line":73,"column":2},"end":{"line":73,"column":29}},"21":{"start":{"line":74,"column":2},"end":{"line":74,"column":30}},"22":{"start":{"line":86,"column":0},"end":{"line":110,"column":2}},"23":{"start":{"line":87,"column":2},"end":{"line":89,"column":3}},"24":{"start":{"line":88,"column":4},"end":{"line":88,"column":25}},"25":{"start":{"line":91,"column":2},"end":{"line":97,"column":3}},"26":{"start":{"line":92,"column":4},"end":{"line":95,"column":39}},"27":{"start":{"line":96,"column":4},"end":{"line":96,"column":25}},"28":{"start":{"line":98,"column":2},"end":{"line":98,"column":21}},"29":{"start":{"line":99,"column":2},"end":{"line":109,"column":3}},"30":{"start":{"line":100,"column":4},"end":{"line":106,"column":7}},"31":{"start":{"line":101,"column":6},"end":{"line":105,"column":7}},"32":{"start":{"line":102,"column":8},"end":{"line":102,"column":18}},"33":{"start":{"line":104,"column":8},"end":{"line":104,"column":49}},"34":{"start":{"line":108,"column":4},"end":{"line":108,"column":11}},"35":{"start":{"line":119,"column":0},"end":{"line":123,"column":2}},"36":{"start":{"line":120,"column":2},"end":{"line":122,"column":3}},"37":{"start":{"line":121,"column":4},"end":{"line":121,"column":24}},"38":{"start":{"line":142,"column":0},"end":{"line":151,"column":2}},"39":{"start":{"line":143,"column":2},"end":{"line":143,"column":29}},"40":{"start":{"line":144,"column":2},"end":{"line":150,"column":3}},"41":{"start":{"line":145,"column":4},"end":{"line":145,"column":18}},"42":{"start":{"line":146,"column":9},"end":{"line":150,"column":3}},"43":{"start":{"line":147,"column":4},"end":{"line":147,"column":16}},"44":{"start":{"line":149,"column":4},"end":{"line":149,"column":68}},"45":{"start":{"line":153,"column":0},"end":{"line":155,"column":1}},"46":{"start":{"line":154,"column":2},"end":{"line":154,"column":62}},"47":{"start":{"line":157,"column":0},"end":{"line":168,"column":2}},"48":{"start":{"line":158,"column":2},"end":{"line":158,"column":17}},"49":{"start":{"line":159,"column":2},"end":{"line":166,"column":3}},"50":{"start":{"line":160,"column":4},"end":{"line":165,"column":5}},"51":{"start":{"line":161,"column":6},"end":{"line":161,"column":58}},"52":{"start":{"line":162,"column":6},"end":{"line":162,"column":58}},"53":{"start":{"line":163,"column":6},"end":{"line":163,"column":52}},"54":{"start":{"line":164,"column":6},"end":{"line":164,"column":30}},"55":{"start":{"line":167,"column":2},"end":{"line":167,"column":15}},"56":{"start":{"line":181,"column":0},"end":{"line":195,"column":2}},"57":{"start":{"line":182,"column":2},"end":{"line":182,"column":23}},"58":{"start":{"line":184,"column":2},"end":{"line":187,"column":3}},"59":{"start":{"line":185,"column":4},"end":{"line":185,"column":34}},"60":{"start":{"line":186,"column":4},"end":{"line":186,"column":32}},"61":{"start":{"line":189,"column":2},"end":{"line":194,"column":5}},"62":{"start":{"line":191,"column":4},"end":{"line":193,"column":5}},"63":{"start":{"line":192,"column":6},"end":{"line":192,"column":36}},"64":{"start":{"line":197,"column":0},"end":{"line":208,"column":2}},"65":{"start":{"line":198,"column":2},"end":{"line":198,"column":53}},"66":{"start":{"line":199,"column":2},"end":{"line":199,"column":27}},"67":{"start":{"line":200,"column":2},"end":{"line":200,"column":39}},"68":{"start":{"line":201,"column":2},"end":{"line":207,"column":3}},"69":{"start":{"line":202,"column":4},"end":{"line":202,"column":14}},"70":{"start":{"line":204,"column":4},"end":{"line":204,"column":48}},"71":{"start":{"line":204,"column":29},"end":{"line":204,"column":45}},"72":{"start":{"line":205,"column":4},"end":{"line":205,"column":44}},"73":{"start":{"line":206,"column":4},"end":{"line":206,"column":16}},"74":{"start":{"line":219,"column":0},"end":{"line":222,"column":2}},"75":{"start":{"line":220,"column":2},"end":{"line":220,"column":47}},"76":{"start":{"line":221,"column":2},"end":{"line":221,"column":28}}},"branchMap":{"1":{"line":87,"type":"if","locations":[{"start":{"line":87,"column":2},"end":{"line":87,"column":2}},{"start":{"line":87,"column":2},"end":{"line":87,"column":2}}]},"2":{"line":91,"type":"if","locations":[{"start":{"line":91,"column":2},"end":{"line":91,"column":2}},{"start":{"line":91,"column":2},"end":{"line":91,"column":2}}]},"3":{"line":99,"type":"if","locations":[{"start":{"line":99,"column":2},"end":{"line":99,"column":2}},{"start":{"line":99,"column":2},"end":{"line":99,"column":2}}]},"4":{"line":101,"type":"if","locations":[{"start":{"line":101,"column":6},"end":{"line":101,"column":6}},{"start":{"line":101,"column":6},"end":{"line":101,"column":6}}]},"5":{"line":120,"type":"if","locations":[{"start":{"line":120,"column":2},"end":{"line":120,"column":2}},{"start":{"line":120,"column":2},"end":{"line":120,"column":2}}]},"6":{"line":144,"type":"if","locations":[{"start":{"line":144,"column":2},"end":{"line":144,"column":2}},{"start":{"line":144,"column":2},"end":{"line":144,"column":2}}]},"7":{"line":146,"type":"if","locations":[{"start":{"line":146,"column":9},"end":{"line":146,"column":9}},{"start":{"line":146,"column":9},"end":{"line":146,"column":9}}]},"8":{"line":146,"type":"binary-expr","locations":[{"start":{"line":146,"column":13},"end":{"line":146,"column":17}},{"start":{"line":146,"column":21},"end":{"line":146,"column":34}},{"start":{"line":146,"column":38},"end":{"line":146,"column":60}}]},"9":{"line":160,"type":"if","locations":[{"start":{"line":160,"column":4},"end":{"line":160,"column":4}},{"start":{"line":160,"column":4},"end":{"line":160,"column":4}}]},"10":{"line":201,"type":"if","locations":[{"start":{"line":201,"column":2},"end":{"line":201,"column":2}},{"start":{"line":201,"column":2},"end":{"line":201,"column":2}}]}}},"/home/travis/build/kalabox/kalabox/lib/core/events.js":{"path":"/home/travis/build/kalabox/kalabox/lib/core/events.js","s":{"1":1,"2":1,"3":1,"4":1,"5":1,"6":1,"7":1,"8":1,"9":1,"10":1,"11":1,"12":1,"13":1,"14":1,"15":10,"16":10,"17":3,"18":3,"19":30,"20":3,"21":10,"22":1,"23":7,"24":7,"25":7,"26":1,"27":7,"28":7,"29":7,"30":7,"31":7,"32":0,"33":7,"34":0,"35":0,"36":7,"37":1,"38":3,"39":3,"40":2,"41":2,"42":3,"43":3,"44":3,"45":3,"46":30,"47":7,"48":3,"49":3,"50":0,"51":0,"52":3,"53":3,"54":2,"55":1,"56":1,"57":1,"58":3,"59":6,"60":6,"61":2,"62":4,"63":1,"64":1,"65":1,"66":7,"67":1,"68":3},"b":{"1":[3,7],"2":[7,0],"3":[0,7],"4":[7,7],"5":[0,7],"6":[7,0],"7":[2,1],"8":[3,2],"9":[0,3],"10":[2,4]},"f":{"1":1,"2":10,"3":7,"4":7,"5":0,"6":3,"7":7,"8":3,"9":2,"10":1,"11":3,"12":6,"13":6,"14":1,"15":7,"16":3},"fnMap":{"1":{"name":"(anonymous_1)","line":24,"loc":{"start":{"line":24,"column":40},"end":{"line":24,"column":51}}},"2":{"name":"(anonymous_2)","line":29,"loc":{"start":{"line":29,"column":37},"end":{"line":29,"column":52}}},"3":{"name":"(anonymous_3)","line":41,"loc":{"start":{"line":41,"column":36},"end":{"line":41,"column":65}}},"4":{"name":"(anonymous_4)","line":48,"loc":{"start":{"line":48,"column":27},"end":{"line":48,"column":56}}},"5":{"name":"(anonymous_5)","line":65,"loc":{"start":{"line":65,"column":12},"end":{"line":65,"column":23}}},"6":{"name":"(anonymous_6)","line":73,"loc":{"start":{"line":73,"column":29},"end":{"line":73,"column":59}}},"7":{"name":"(anonymous_7)","line":88,"loc":{"start":{"line":88,"column":25},"end":{"line":88,"column":38}}},"8":{"name":"(anonymous_8)","line":98,"loc":{"start":{"line":98,"column":21},"end":{"line":98,"column":32}}},"9":{"name":"(anonymous_9)","line":110,"loc":{"start":{"line":110,"column":7},"end":{"line":110,"column":18}}},"10":{"name":"(anonymous_10)","line":114,"loc":{"start":{"line":114,"column":9},"end":{"line":114,"column":23}}},"11":{"name":"(anonymous_11)","line":123,"loc":{"start":{"line":123,"column":34},"end":{"line":123,"column":63}}},"12":{"name":"(anonymous_12)","line":126,"loc":{"start":{"line":126,"column":27},"end":{"line":126,"column":40}}},"13":{"name":"(anonymous_13)","line":128,"loc":{"start":{"line":128,"column":28},"end":{"line":128,"column":43}}},"14":{"name":"(anonymous_14)","line":144,"loc":{"start":{"line":144,"column":25},"end":{"line":144,"column":36}}},"15":{"name":"(anonymous_15)","line":168,"loc":{"start":{"line":168,"column":22},"end":{"line":168,"column":51}}},"16":{"name":"(anonymous_16)","line":191,"loc":{"start":{"line":191,"column":26},"end":{"line":191,"column":54}}}},"statementMap":{"1":{"start":{"line":8,"column":0},"end":{"line":8,"column":39}},"2":{"start":{"line":9,"column":0},"end":{"line":9,"column":26}},"3":{"start":{"line":11,"column":0},"end":{"line":11,"column":26}},"4":{"start":{"line":12,"column":0},"end":{"line":12,"column":29}},"5":{"start":{"line":13,"column":0},"end":{"line":13,"column":32}},"6":{"start":{"line":14,"column":0},"end":{"line":14,"column":36}},"7":{"start":{"line":17,"column":0},"end":{"line":17,"column":45}},"8":{"start":{"line":19,"column":0},"end":{"line":19,"column":24}},"9":{"start":{"line":20,"column":0},"end":{"line":20,"column":25}},"10":{"start":{"line":22,"column":0},"end":{"line":22,"column":19}},"11":{"start":{"line":24,"column":0},"end":{"line":27,"column":2}},"12":{"start":{"line":25,"column":2},"end":{"line":25,"column":18}},"13":{"start":{"line":26,"column":2},"end":{"line":26,"column":20}},"14":{"start":{"line":29,"column":0},"end":{"line":39,"column":2}},"15":{"start":{"line":30,"column":2},"end":{"line":30,"column":18}},"16":{"start":{"line":31,"column":2},"end":{"line":37,"column":3}},"17":{"start":{"line":32,"column":4},"end":{"line":32,"column":24}},"18":{"start":{"line":33,"column":4},"end":{"line":35,"column":5}},"19":{"start":{"line":34,"column":6},"end":{"line":34,"column":26}},"20":{"start":{"line":36,"column":4},"end":{"line":36,"column":36}},"21":{"start":{"line":38,"column":2},"end":{"line":38,"column":28}},"22":{"start":{"line":41,"column":0},"end":{"line":46,"column":2}},"23":{"start":{"line":42,"column":2},"end":{"line":42,"column":18}},"24":{"start":{"line":44,"column":2},"end":{"line":44,"column":42}},"25":{"start":{"line":45,"column":2},"end":{"line":45,"column":31}},"26":{"start":{"line":48,"column":0},"end":{"line":71,"column":2}},"27":{"start":{"line":50,"column":2},"end":{"line":50,"column":18}},"28":{"start":{"line":53,"column":2},"end":{"line":56,"column":3}},"29":{"start":{"line":54,"column":4},"end":{"line":54,"column":18}},"30":{"start":{"line":55,"column":4},"end":{"line":55,"column":17}},"31":{"start":{"line":59,"column":2},"end":{"line":61,"column":3}},"32":{"start":{"line":60,"column":4},"end":{"line":60,"column":55}},"33":{"start":{"line":63,"column":2},"end":{"line":69,"column":3}},"34":{"start":{"line":64,"column":4},"end":{"line":64,"column":33}},"35":{"start":{"line":65,"column":4},"end":{"line":65,"column":27}},"36":{"start":{"line":68,"column":4},"end":{"line":68,"column":41}},"37":{"start":{"line":73,"column":0},"end":{"line":121,"column":2}},"38":{"start":{"line":75,"column":2},"end":{"line":75,"column":18}},"39":{"start":{"line":78,"column":2},"end":{"line":81,"column":3}},"40":{"start":{"line":79,"column":4},"end":{"line":79,"column":19}},"41":{"start":{"line":80,"column":4},"end":{"line":80,"column":19}},"42":{"start":{"line":83,"column":2},"end":{"line":83,"column":59}},"43":{"start":{"line":85,"column":2},"end":{"line":85,"column":42}},"44":{"start":{"line":86,"column":2},"end":{"line":86,"column":15}},"45":{"start":{"line":87,"column":2},"end":{"line":91,"column":3}},"46":{"start":{"line":88,"column":4},"end":{"line":90,"column":7}},"47":{"start":{"line":89,"column":6},"end":{"line":89,"column":19}},"48":{"start":{"line":98,"column":2},"end":{"line":119,"column":17}},"49":{"start":{"line":99,"column":4},"end":{"line":107,"column":5}},"50":{"start":{"line":101,"column":6},"end":{"line":101,"column":52}},"51":{"start":{"line":102,"column":6},"end":{"line":102,"column":18}},"52":{"start":{"line":105,"column":6},"end":{"line":105,"column":73}},"53":{"start":{"line":106,"column":6},"end":{"line":106,"column":42}},"54":{"start":{"line":111,"column":4},"end":{"line":111,"column":74}},"55":{"start":{"line":115,"column":4},"end":{"line":115,"column":76}},"56":{"start":{"line":116,"column":4},"end":{"line":116,"column":14}},"57":{"start":{"line":123,"column":0},"end":{"line":141,"column":2}},"58":{"start":{"line":126,"column":2},"end":{"line":139,"column":17}},"59":{"start":{"line":128,"column":4},"end":{"line":136,"column":7}},"60":{"start":{"line":129,"column":6},"end":{"line":135,"column":7}},"61":{"start":{"line":131,"column":8},"end":{"line":131,"column":26}},"62":{"start":{"line":134,"column":8},"end":{"line":134,"column":17}},"63":{"start":{"line":144,"column":0},"end":{"line":146,"column":3}},"64":{"start":{"line":145,"column":2},"end":{"line":145,"column":27}},"65":{"start":{"line":168,"column":0},"end":{"line":170,"column":2}},"66":{"start":{"line":169,"column":2},"end":{"line":169,"column":39}},"67":{"start":{"line":191,"column":0},"end":{"line":200,"column":2}},"68":{"start":{"line":194,"column":2},"end":{"line":198,"column":15}}},"branchMap":{"1":{"line":31,"type":"if","locations":[{"start":{"line":31,"column":2},"end":{"line":31,"column":2}},{"start":{"line":31,"column":2},"end":{"line":31,"column":2}}]},"2":{"line":53,"type":"if","locations":[{"start":{"line":53,"column":2},"end":{"line":53,"column":2}},{"start":{"line":53,"column":2},"end":{"line":53,"column":2}}]},"3":{"line":59,"type":"if","locations":[{"start":{"line":59,"column":2},"end":{"line":59,"column":2}},{"start":{"line":59,"column":2},"end":{"line":59,"column":2}}]},"4":{"line":59,"type":"binary-expr","locations":[{"start":{"line":59,"column":6},"end":{"line":59,"column":32}},{"start":{"line":59,"column":36},"end":{"line":59,"column":63}}]},"5":{"line":63,"type":"if","locations":[{"start":{"line":63,"column":2},"end":{"line":63,"column":2}},{"start":{"line":63,"column":2},"end":{"line":63,"column":2}}]},"6":{"line":63,"type":"binary-expr","locations":[{"start":{"line":63,"column":6},"end":{"line":63,"column":31}},{"start":{"line":63,"column":35},"end":{"line":63,"column":55}}]},"7":{"line":78,"type":"if","locations":[{"start":{"line":78,"column":2},"end":{"line":78,"column":2}},{"start":{"line":78,"column":2},"end":{"line":78,"column":2}}]},"8":{"line":78,"type":"binary-expr","locations":[{"start":{"line":78,"column":6},"end":{"line":78,"column":35}},{"start":{"line":78,"column":39},"end":{"line":78,"column":57}}]},"9":{"line":99,"type":"if","locations":[{"start":{"line":99,"column":4},"end":{"line":99,"column":4}},{"start":{"line":99,"column":4},"end":{"line":99,"column":4}}]},"10":{"line":129,"type":"if","locations":[{"start":{"line":129,"column":6},"end":{"line":129,"column":6}},{"start":{"line":129,"column":6},"end":{"line":129,"column":6}}]}}},"/home/travis/build/kalabox/kalabox/lib/core/log.js":{"path":"/home/travis/build/kalabox/kalabox/lib/core/log.js","s":{"1":1,"2":1,"3":1,"4":1,"5":1,"6":1,"7":1,"8":1,"9":22,"10":0,"11":22,"12":1,"13":10,"14":0,"15":10,"16":10,"17":0,"18":1,"19":2,"20":0,"21":2,"22":0,"23":2,"24":0,"25":2,"26":2,"27":2,"28":1,"29":1,"30":0,"31":1,"32":0,"33":1,"34":1,"35":1,"36":0,"37":1,"38":1,"39":1,"40":0,"41":1,"42":1,"43":1,"44":0,"45":1,"46":1,"47":1,"48":10,"49":0,"50":10,"51":10,"52":0,"53":10,"54":1,"55":1,"56":1,"57":0,"58":1,"59":0,"60":1,"61":0,"62":1,"63":2,"64":0,"65":2,"66":1,"67":1,"68":1,"69":1,"70":1,"71":0,"72":0,"73":1,"74":0,"75":0,"76":0,"77":0,"78":0,"79":0,"80":0,"81":0,"82":1,"83":3,"84":3,"85":9,"86":9,"87":9,"88":9,"89":2,"90":9,"91":20,"92":0,"93":20,"94":9,"95":3,"96":0,"97":3,"98":9,"99":3,"100":0,"101":0,"102":0,"103":0,"104":0,"105":0,"106":3},"b":{"1":[0,22],"2":[0,10],"3":[10,0],"4":[0,2],"5":[0,2],"6":[0,2],"7":[0,1],"8":[0,1],"9":[0,1],"10":[0,1],"11":[1,0],"12":[0,1],"13":[0,1],"14":[0,10],"15":[0,10],"16":[0,1],"17":[0,1],"18":[1,1],"19":[0,1],"20":[0,2],"21":[0,0],"22":[9,0],"23":[2,7],"24":[0,20],"25":[0,0]},"f":{"1":22,"2":10,"3":2,"4":1,"5":1,"6":1,"7":10,"8":1,"9":2,"10":1,"11":0,"12":0,"13":0,"14":3,"15":9,"16":20,"17":0,"18":9,"19":0},"fnMap":{"1":{"name":"(anonymous_1)","line":18,"loc":{"start":{"line":18,"column":21},"end":{"line":18,"column":36}}},"2":{"name":"(anonymous_2)","line":32,"loc":{"start":{"line":32,"column":16},"end":{"line":32,"column":31}}},"3":{"name":"(anonymous_3)","line":55,"loc":{"start":{"line":55,"column":19},"end":{"line":55,"column":40}}},"4":{"name":"(anonymous_4)","line":86,"loc":{"start":{"line":86,"column":26},"end":{"line":86,"column":44}}},"5":{"name":"(anonymous_5)","line":100,"loc":{"start":{"line":100,"column":31},"end":{"line":100,"column":45}}},"6":{"name":"(anonymous_6)","line":107,"loc":{"start":{"line":107,"column":12},"end":{"line":107,"column":44}}},"7":{"name":"(anonymous_7)","line":158,"loc":{"start":{"line":158,"column":15},"end":{"line":158,"column":30}}},"8":{"name":"(anonymous_8)","line":191,"loc":{"start":{"line":191,"column":12},"end":{"line":191,"column":40}}},"9":{"name":"(anonymous_9)","line":205,"loc":{"start":{"line":205,"column":21},"end":{"line":205,"column":35}}},"10":{"name":"(anonymous_10)","line":222,"loc":{"start":{"line":222,"column":28},"end":{"line":222,"column":39}}},"11":{"name":"(anonymous_11)","line":231,"loc":{"start":{"line":231,"column":26},"end":{"line":231,"column":37}}},"12":{"name":"(anonymous_12)","line":240,"loc":{"start":{"line":240,"column":28},"end":{"line":240,"column":39}}},"13":{"name":"(anonymous_13)","line":247,"loc":{"start":{"line":247,"column":18},"end":{"line":247,"column":32}}},"14":{"name":"(anonymous_14)","line":264,"loc":{"start":{"line":264,"column":15},"end":{"line":264,"column":31}}},"15":{"name":"(anonymous_15)","line":269,"loc":{"start":{"line":269,"column":12},"end":{"line":269,"column":45}}},"16":{"name":"(anonymous_16)","line":285,"loc":{"start":{"line":285,"column":23},"end":{"line":285,"column":37}}},"17":{"name":"(anonymous_17)","line":301,"loc":{"start":{"line":301,"column":13},"end":{"line":301,"column":33}}},"18":{"name":"(anonymous_18)","line":310,"loc":{"start":{"line":310,"column":14},"end":{"line":310,"column":34}}},"19":{"name":"(anonymous_19)","line":319,"loc":{"start":{"line":319,"column":14},"end":{"line":319,"column":28}}}},"statementMap":{"1":{"start":{"line":3,"column":0},"end":{"line":3,"column":33}},"2":{"start":{"line":4,"column":0},"end":{"line":4,"column":32}},"3":{"start":{"line":5,"column":0},"end":{"line":5,"column":29}},"4":{"start":{"line":6,"column":0},"end":{"line":6,"column":27}},"5":{"start":{"line":7,"column":0},"end":{"line":7,"column":26}},"6":{"start":{"line":8,"column":0},"end":{"line":8,"column":31}},"7":{"start":{"line":13,"column":0},"end":{"line":13,"column":17}},"8":{"start":{"line":18,"column":0},"end":{"line":27,"column":2}},"9":{"start":{"line":21,"column":2},"end":{"line":23,"column":3}},"10":{"start":{"line":22,"column":4},"end":{"line":22,"column":56}},"11":{"start":{"line":25,"column":2},"end":{"line":25,"column":30}},"12":{"start":{"line":32,"column":0},"end":{"line":50,"column":2}},"13":{"start":{"line":35,"column":2},"end":{"line":37,"column":3}},"14":{"start":{"line":36,"column":4},"end":{"line":36,"column":56}},"15":{"start":{"line":39,"column":2},"end":{"line":49,"column":3}},"16":{"start":{"line":42,"column":4},"end":{"line":42,"column":25}},"17":{"start":{"line":47,"column":4},"end":{"line":47,"column":16}},"18":{"start":{"line":55,"column":0},"end":{"line":81,"column":2}},"19":{"start":{"line":58,"column":2},"end":{"line":60,"column":3}},"20":{"start":{"line":59,"column":4},"end":{"line":59,"column":56}},"21":{"start":{"line":61,"column":2},"end":{"line":63,"column":3}},"22":{"start":{"line":62,"column":4},"end":{"line":62,"column":59}},"23":{"start":{"line":65,"column":2},"end":{"line":79,"column":3}},"24":{"start":{"line":68,"column":4},"end":{"line":68,"column":64}},"25":{"start":{"line":73,"column":4},"end":{"line":73,"column":44}},"26":{"start":{"line":74,"column":4},"end":{"line":74,"column":27}},"27":{"start":{"line":77,"column":4},"end":{"line":77,"column":18}},"28":{"start":{"line":86,"column":0},"end":{"line":153,"column":2}},"29":{"start":{"line":89,"column":2},"end":{"line":91,"column":3}},"30":{"start":{"line":90,"column":4},"end":{"line":90,"column":17}},"31":{"start":{"line":94,"column":2},"end":{"line":96,"column":3}},"32":{"start":{"line":95,"column":4},"end":{"line":95,"column":32}},"33":{"start":{"line":99,"column":2},"end":{"line":99,"column":37}},"34":{"start":{"line":100,"column":2},"end":{"line":104,"column":5}},"35":{"start":{"line":101,"column":4},"end":{"line":103,"column":5}},"36":{"start":{"line":102,"column":6},"end":{"line":102,"column":64}},"37":{"start":{"line":107,"column":2},"end":{"line":151,"column":5}},"38":{"start":{"line":110,"column":4},"end":{"line":110,"column":39}},"39":{"start":{"line":113,"column":4},"end":{"line":115,"column":5}},"40":{"start":{"line":114,"column":6},"end":{"line":114,"column":29}},"41":{"start":{"line":118,"column":4},"end":{"line":118,"column":75}},"42":{"start":{"line":121,"column":4},"end":{"line":123,"column":6}},"43":{"start":{"line":125,"column":4},"end":{"line":131,"column":5}},"44":{"start":{"line":127,"column":6},"end":{"line":130,"column":10}},"45":{"start":{"line":134,"column":4},"end":{"line":137,"column":7}},"46":{"start":{"line":140,"column":4},"end":{"line":149,"column":7}},"47":{"start":{"line":158,"column":0},"end":{"line":179,"column":2}},"48":{"start":{"line":161,"column":2},"end":{"line":163,"column":3}},"49":{"start":{"line":162,"column":4},"end":{"line":162,"column":11}},"50":{"start":{"line":166,"column":2},"end":{"line":166,"column":31}},"51":{"start":{"line":167,"column":2},"end":{"line":177,"column":3}},"52":{"start":{"line":170,"column":4},"end":{"line":170,"column":49}},"53":{"start":{"line":175,"column":4},"end":{"line":175,"column":18}},"54":{"start":{"line":184,"column":0},"end":{"line":184,"column":48}},"55":{"start":{"line":191,"column":0},"end":{"line":216,"column":2}},"56":{"start":{"line":194,"column":2},"end":{"line":196,"column":3}},"57":{"start":{"line":195,"column":4},"end":{"line":195,"column":64}},"58":{"start":{"line":197,"column":2},"end":{"line":199,"column":3}},"59":{"start":{"line":198,"column":4},"end":{"line":198,"column":56}},"60":{"start":{"line":200,"column":2},"end":{"line":202,"column":3}},"61":{"start":{"line":201,"column":4},"end":{"line":201,"column":55}},"62":{"start":{"line":205,"column":2},"end":{"line":211,"column":5}},"63":{"start":{"line":206,"column":4},"end":{"line":210,"column":5}},"64":{"start":{"line":207,"column":6},"end":{"line":207,"column":25}},"65":{"start":{"line":209,"column":6},"end":{"line":209,"column":17}},"66":{"start":{"line":214,"column":2},"end":{"line":214,"column":42}},"67":{"start":{"line":222,"column":0},"end":{"line":225,"column":2}},"68":{"start":{"line":223,"column":2},"end":{"line":223,"column":51}},"69":{"start":{"line":224,"column":2},"end":{"line":224,"column":31}},"70":{"start":{"line":231,"column":0},"end":{"line":234,"column":2}},"71":{"start":{"line":232,"column":2},"end":{"line":232,"column":51}},"72":{"start":{"line":233,"column":2},"end":{"line":233,"column":30}},"73":{"start":{"line":240,"column":0},"end":{"line":259,"column":2}},"74":{"start":{"line":243,"column":2},"end":{"line":243,"column":54}},"75":{"start":{"line":246,"column":2},"end":{"line":246,"column":16}},"76":{"start":{"line":247,"column":2},"end":{"line":254,"column":5}},"77":{"start":{"line":248,"column":4},"end":{"line":253,"column":5}},"78":{"start":{"line":249,"column":6},"end":{"line":249,"column":29}},"79":{"start":{"line":250,"column":6},"end":{"line":250,"column":27}},"80":{"start":{"line":252,"column":6},"end":{"line":252,"column":21}},"81":{"start":{"line":257,"column":2},"end":{"line":257,"column":32}},"82":{"start":{"line":264,"column":0},"end":{"line":341,"column":2}},"83":{"start":{"line":266,"column":2},"end":{"line":266,"column":25}},"84":{"start":{"line":269,"column":2},"end":{"line":296,"column":4}},"85":{"start":{"line":272,"column":4},"end":{"line":272,"column":23}},"86":{"start":{"line":274,"column":4},"end":{"line":277,"column":5}},"87":{"start":{"line":276,"column":6},"end":{"line":276,"column":21}},"88":{"start":{"line":279,"column":4},"end":{"line":282,"column":5}},"89":{"start":{"line":281,"column":6},"end":{"line":281,"column":22}},"90":{"start":{"line":285,"column":4},"end":{"line":291,"column":7}},"91":{"start":{"line":286,"column":6},"end":{"line":290,"column":7}},"92":{"start":{"line":287,"column":8},"end":{"line":287,"column":27}},"93":{"start":{"line":289,"column":8},"end":{"line":289,"column":19}},"94":{"start":{"line":294,"column":4},"end":{"line":294,"column":44}},"95":{"start":{"line":301,"column":2},"end":{"line":305,"column":4}},"96":{"start":{"line":303,"column":4},"end":{"line":303,"column":35}},"97":{"start":{"line":310,"column":2},"end":{"line":314,"column":4}},"98":{"start":{"line":312,"column":4},"end":{"line":312,"column":36}},"99":{"start":{"line":319,"column":2},"end":{"line":333,"column":4}},"100":{"start":{"line":321,"column":4},"end":{"line":321,"column":34}},"101":{"start":{"line":324,"column":4},"end":{"line":329,"column":5}},"102":{"start":{"line":325,"column":6},"end":{"line":325,"column":29}},"103":{"start":{"line":326,"column":6},"end":{"line":326,"column":27}},"104":{"start":{"line":328,"column":6},"end":{"line":328,"column":21}},"105":{"start":{"line":331,"column":4},"end":{"line":331,"column":26}},"106":{"start":{"line":335,"column":2},"end":{"line":339,"column":4}}},"branchMap":{"1":{"line":21,"type":"if","locations":[{"start":{"line":21,"column":2},"end":{"line":21,"column":2}},{"start":{"line":21,"column":2},"end":{"line":21,"column":2}}]},"2":{"line":35,"type":"if","locations":[{"start":{"line":35,"column":2},"end":{"line":35,"column":2}},{"start":{"line":35,"column":2},"end":{"line":35,"column":2}}]},"3":{"line":39,"type":"if","locations":[{"start":{"line":39,"column":2},"end":{"line":39,"column":2}},{"start":{"line":39,"column":2},"end":{"line":39,"column":2}}]},"4":{"line":58,"type":"if","locations":[{"start":{"line":58,"column":2},"end":{"line":58,"column":2}},{"start":{"line":58,"column":2},"end":{"line":58,"column":2}}]},"5":{"line":61,"type":"if","locations":[{"start":{"line":61,"column":2},"end":{"line":61,"column":2}},{"start":{"line":61,"column":2},"end":{"line":61,"column":2}}]},"6":{"line":65,"type":"if","locations":[{"start":{"line":65,"column":2},"end":{"line":65,"column":2}},{"start":{"line":65,"column":2},"end":{"line":65,"column":2}}]},"7":{"line":89,"type":"if","locations":[{"start":{"line":89,"column":2},"end":{"line":89,"column":2}},{"start":{"line":89,"column":2},"end":{"line":89,"column":2}}]},"8":{"line":94,"type":"if","locations":[{"start":{"line":94,"column":2},"end":{"line":94,"column":2}},{"start":{"line":94,"column":2},"end":{"line":94,"column":2}}]},"9":{"line":101,"type":"if","locations":[{"start":{"line":101,"column":4},"end":{"line":101,"column":4}},{"start":{"line":101,"column":4},"end":{"line":101,"column":4}}]},"10":{"line":113,"type":"if","locations":[{"start":{"line":113,"column":4},"end":{"line":113,"column":4}},{"start":{"line":113,"column":4},"end":{"line":113,"column":4}}]},"11":{"line":113,"type":"binary-expr","locations":[{"start":{"line":113,"column":8},"end":{"line":113,"column":28}},{"start":{"line":113,"column":32},"end":{"line":113,"column":55}}]},"12":{"line":118,"type":"cond-expr","locations":[{"start":{"line":118,"column":36},"end":{"line":118,"column":43}},{"start":{"line":118,"column":46},"end":{"line":118,"column":74}}]},"13":{"line":125,"type":"if","locations":[{"start":{"line":125,"column":4},"end":{"line":125,"column":4}},{"start":{"line":125,"column":4},"end":{"line":125,"column":4}}]},"14":{"line":161,"type":"if","locations":[{"start":{"line":161,"column":2},"end":{"line":161,"column":2}},{"start":{"line":161,"column":2},"end":{"line":161,"column":2}}]},"15":{"line":167,"type":"if","locations":[{"start":{"line":167,"column":2},"end":{"line":167,"column":2}},{"start":{"line":167,"column":2},"end":{"line":167,"column":2}}]},"16":{"line":194,"type":"if","locations":[{"start":{"line":194,"column":2},"end":{"line":194,"column":2}},{"start":{"line":194,"column":2},"end":{"line":194,"column":2}}]},"17":{"line":197,"type":"if","locations":[{"start":{"line":197,"column":2},"end":{"line":197,"column":2}},{"start":{"line":197,"column":2},"end":{"line":197,"column":2}}]},"18":{"line":197,"type":"binary-expr","locations":[{"start":{"line":197,"column":6},"end":{"line":197,"column":23}},{"start":{"line":197,"column":27},"end":{"line":197,"column":44}}]},"19":{"line":200,"type":"if","locations":[{"start":{"line":200,"column":2},"end":{"line":200,"column":2}},{"start":{"line":200,"column":2},"end":{"line":200,"column":2}}]},"20":{"line":206,"type":"if","locations":[{"start":{"line":206,"column":4},"end":{"li
[...]
lumn":4},"end":{"line":90,"column":4}}]},"5":{"line":115,"type":"if","locations":[{"start":{"line":115,"column":2},"end":{"line":115,"column":2}},{"start":{"line":115,"column":2},"end":{"line":115,"column":2}}]}}},"/home/travis/build/kalabox/kalabox/lib/update.js":{"path":"/home/travis/build/kalabox/kalabox/lib/update.js","s":{"1":1,"2":1,"3":1,"4":0,"5":1,"6":0,"7":1,"8":1,"9":1},"b":{},"f":{"1":0,"2":0},"fnMap":{"1":{"name":"(anonymous_1)","line":11,"loc":{"start":{"line":11,"column":14},"end":{"line":11,"column":33}}},"2":{"name":"(anonymous_2)","line":15,"loc":{"start":{"line":15,"column":19},"end":{"line":15,"column":30}}}},"statementMap":{"1":{"start":{"line":8,"column":0},"end":{"line":8,"column":38}},"2":{"start":{"line":9,"column":0},"end":{"line":9,"column":36}},"3":{"start":{"line":11,"column":0},"end":{"line":13,"column":2}},"4":{"start":{"line":12,"column":2},"end":{"line":12,"column":51}},"5":{"start":{"line":15,"column":0},"end":{"line":17,"column":2}},"6":{"start":{"line":16,"column":2},"end":{"line":16,"column":46}},"7":{"start":{"line":19,"column":0},"end":{"line":19,"column":34}},"8":{"start":{"line":21,"column":0},"end":{"line":21,"column":36}},"9":{"start":{"line":82,"column":0},"end":{"line":82,"column":46}}},"branchMap":{}},"/home/travis/build/kalabox/kalabox/lib/require.js":{"path":"/home/travis/build/kalabox/kalabox/lib/require.js","s":{"1":1,"2":1,"3":1,"4":1,"5":1,"6":1,"7":1,"8":1,"9":1,"10":1,"11":1,"12":0,"13":0,"14":0,"15":0,"16":0,"17":0,"18":0,"19":0,"20":0,"21":1,"22":0,"23":0,"24":0,"25":1,"26":1,"27":0,"28":0,"29":0,"30":0,"31":1,"32":0,"33":0,"34":0,"35":0,"36":0,"37":0,"38":0,"39":0,"40":0,"41":0,"42":0,"43":0,"44":0,"45":0,"46":0,"47":0,"48":1,"49":0,"50":0,"51":0,"52":0,"53":1,"54":0,"55":0,"56":0,"57":0,"58":1,"59":0,"60":0,"61":0,"62":0,"63":0,"64":0,"65":0,"66":0,"67":0,"68":0,"69":0,"70":0,"71":0,"72":0,"73":0,"74":0,"75":0,"76":0,"77":1,"78":0,"79":0,"80":0,"81":0,"82":0,"83":0,"84":0,"85":0,"86":0,"87":0,"88":0,"89":0},"b":{"1":[0,0],"2":[0,0],"3":[0,0],"4":[0,0],"5":[0,0],"6":[0,0],"7":[0,0],"8":[0,0],"9":[0,0],"10":[0,0],"11":[0,0],"12":[0,0],"13":[0,0],"14":[0,0]},"f":{"1":0,"2":0,"3":0,"4":0,"5":0,"6":0,"7":0,"8":0,"9":0,"10":0,"11":0,"12":0,"13":0,"14":0,"15":0,"16":0,"17":0,"18":0,"19":0,"20":0,"21":0,"22":0,"23":0,"24":0,"25":0,"26":0,"27":0,"28":0,"29":0},"fnMap":{"1":{"name":"(anonymous_1)","line":45,"loc":{"start":{"line":45,"column":14},"end":{"line":45,"column":27}}},"2":{"name":"(anonymous_2)","line":52,"loc":{"start":{"line":52,"column":15},"end":{"line":52,"column":27}}},"3":{"name":"KboxRequireError","line":61,"loc":{"start":{"line":61,"column":0},"end":{"line":61,"column":35}}},"4":{"name":"(anonymous_4)","line":72,"loc":{"start":{"line":72,"column":29},"end":{"line":72,"column":52}}},"5":{"name":"(anonymous_5)","line":75,"loc":{"start":{"line":75,"column":21},"end":{"line":75,"column":32}}},"6":{"name":"(anonymous_6)","line":79,"loc":{"start":{"line":79,"column":9},"end":{"line":79,"column":23}}},"7":{"name":"(anonymous_7)","line":94,"loc":{"start":{"line":94,"column":27},"end":{"line":94,"column":56}}},"8":{"name":"(anonymous_8)","line":104,"loc":{"start":{"line":104,"column":15},"end":{"line":104,"column":29}}},"9":{"name":"(anonymous_9)","line":115,"loc":{"start":{"line":115,"column":19},"end":{"line":115,"column":44}}},"10":{"name":"(anonymous_10)","line":124,"loc":{"start":{"line":124,"column":31},"end":{"line":124,"column":45}}},"11":{"name":"(anonymous_11)","line":125,"loc":{"start":{"line":125,"column":26},"end":{"line":125,"column":43}}},"12":{"name":"(anonymous_12)","line":134,"loc":{"start":{"line":134,"column":8},"end":{"line":134,"column":24}}},"13":{"name":"(anonymous_13)","line":138,"loc":{"start":{"line":138,"column":8},"end":{"line":138,"column":23}}},"14":{"name":"(anonymous_14)","line":140,"loc":{"start":{"line":140,"column":25},"end":{"line":140,"column":36}}},"15":{"name":"(anonymous_15)","line":143,"loc":{"start":{"line":143,"column":13},"end":{"line":143,"column":27}}},"16":{"name":"(anonymous_16)","line":159,"loc":{"start":{"line":159,"column":41},"end":{"line":159,"column":70}}},"17":{"name":"(anonymous_17)","line":165,"loc":{"start":{"line":165,"column":8},"end":{"line":165,"column":22}}},"18":{"name":"(anonymous_18)","line":181,"loc":{"start":{"line":181,"column":20},"end":{"line":181,"column":49}}},"19":{"name":"(anonymous_19)","line":198,"loc":{"start":{"line":198,"column":22},"end":{"line":198,"column":51}}},"20":{"name":"(anonymous_20)","line":203,"loc":{"start":{"line":203,"column":7},"end":{"line":203,"column":21}}},"21":{"name":"(anonymous_21)","line":210,"loc":{"start":{"line":210,"column":8},"end":{"line":210,"column":22}}},"22":{"name":"(anonymous_22)","line":223,"loc":{"start":{"line":223,"column":27},"end":{"line":223,"column":38}}},"23":{"name":"(anonymous_23)","line":227,"loc":{"start":{"line":227,"column":15},"end":{"line":227,"column":29}}},"24":{"name":"(anonymous_24)","line":239,"loc":{"start":{"line":239,"column":29},"end":{"line":239,"column":40}}},"25":{"name":"(anonymous_25)","line":243,"loc":{"start":{"line":243,"column":17},"end":{"line":243,"column":31}}},"26":{"name":"(anonymous_26)","line":276,"loc":{"start":{"line":276,"column":18},"end":{"line":276,"column":47}}},"27":{"name":"(anonymous_27)","line":291,"loc":{"start":{"line":291,"column":8},"end":{"line":291,"column":22}}},"28":{"name":"(anonymous_28)","line":299,"loc":{"start":{"line":299,"column":8},"end":{"line":299,"column":22}}},"29":{"name":"(anonymous_29)","line":306,"loc":{"start":{"line":306,"column":7},"end":{"line":306,"column":21}}}},"statementMap":{"1":{"start":{"line":12,"column":0},"end":{"line":12,"column":31}},"2":{"start":{"line":13,"column":0},"end":{"line":13,"column":27}},"3":{"start":{"line":14,"column":0},"end":{"line":14,"column":27}},"4":{"start":{"line":19,"column":0},"end":{"line":19,"column":26}},"5":{"start":{"line":20,"column":0},"end":{"line":20,"column":34}},"6":{"start":{"line":21,"column":0},"end":{"line":21,"column":26}},"7":{"start":{"line":26,"column":0},"end":{"line":26,"column":45}},"8":{"start":{"line":31,"column":0},"end":{"line":31,"column":33}},"9":{"start":{"line":34,"column":0},"end":{"line":34,"column":24}},"10":{"start":{"line":39,"column":0},"end":{"line":39,"column":15}},"11":{"start":{"line":45,"column":0},"end":{"line":56,"column":2}},"12":{"start":{"line":46,"column":2},"end":{"line":46,"column":53}},"13":{"start":{"line":47,"column":2},"end":{"line":47,"column":27}},"14":{"start":{"line":48,"column":2},"end":{"line":48,"column":39}},"15":{"start":{"line":49,"column":2},"end":{"line":55,"column":3}},"16":{"start":{"line":50,"column":4},"end":{"line":50,"column":14}},"17":{"start":{"line":52,"column":4},"end":{"line":52,"column":48}},"18":{"start":{"line":52,"column":29},"end":{"line":52,"column":45}},"19":{"start":{"line":53,"column":4},"end":{"line":53,"column":44}},"20":{"start":{"line":54,"column":4},"end":{"line":54,"column":16}},"21":{"start":{"line":61,"column":0},"end":{"line":65,"column":1}},"22":{"start":{"line":62,"column":2},"end":{"line":62,"column":19}},"23":{"start":{"line":63,"column":2},"end":{"line":63,"column":48}},"24":{"start":{"line":64,"column":2},"end":{"line":64,"column":52}},"25":{"start":{"line":66,"column":0},"end":{"line":66,"column":39}},"26":{"start":{"line":72,"column":0},"end":{"line":87,"column":2}},"27":{"start":{"line":75,"column":2},"end":{"line":85,"column":21}},"28":{"start":{"line":76,"column":4},"end":{"line":76,"column":44}},"29":{"start":{"line":80,"column":4},"end":{"line":82,"column":5}},"30":{"start":{"line":81,"column":6},"end":{"line":81,"column":42}},"31":{"start":{"line":94,"column":0},"end":{"line":152,"column":2}},"32":{"start":{"line":97,"column":2},"end":{"line":97,"column":59}},"33":{"start":{"line":100,"column":2},"end":{"line":103,"column":4}},"34":{"start":{"line":104,"column":2},"end":{"line":106,"column":5}},"35":{"start":{"line":105,"column":4},"end":{"line":105,"column":34}},"36":{"start":{"line":109,"column":2},"end":{"line":112,"column":4}},"37":{"start":{"line":115,"column":2},"end":{"line":121,"column":4}},"38":{"start":{"line":116,"column":4},"end":{"line":120,"column":13}},"39":{"start":{"line":124,"column":2},"end":{"line":128,"column":5}},"40":{"start":{"line":125,"column":4},"end":{"line":127,"column":7}},"41":{"start":{"line":126,"column":6},"end":{"line":126,"column":52}},"42":{"start":{"line":131,"column":2},"end":{"line":150,"column":21}},"43":{"start":{"line":135,"column":4},"end":{"line":135,"column":25}},"44":{"start":{"line":139,"column":4},"end":{"line":147,"column":5}},"45":{"start":{"line":140,"column":6},"end":{"line":146,"column":9}},"46":{"start":{"line":141,"column":8},"end":{"line":141,"column":29}},"47":{"start":{"line":145,"column":8},"end":{"line":145,"column":46}},"48":{"start":{"line":159,"column":0},"end":{"line":175,"column":2}},"49":{"start":{"line":162,"column":2},"end":{"line":173,"column":21}},"50":{"start":{"line":166,"column":4},"end":{"line":170,"column":5}},"51":{"start":{"line":167,"column":6},"end":{"line":167,"column":17}},"52":{"start":{"line":169,"column":6},"end":{"line":169,"column":44}},"53":{"start":{"line":181,"column":0},"end":{"line":193,"column":2}},"54":{"start":{"line":184,"column":2},"end":{"line":184,"column":28}},"55":{"start":{"line":185,"column":2},"end":{"line":185,"column":21}},"56":{"start":{"line":186,"column":2},"end":{"line":186,"column":21}},"57":{"start":{"line":189,"column":2},"end":{"line":191,"column":21}},"58":{"start":{"line":198,"column":0},"end":{"line":271,"column":2}},"59":{"start":{"line":201,"column":2},"end":{"line":269,"column":21}},"60":{"start":{"line":204,"column":4},"end":{"line":207,"column":5}},"61":{"start":{"line":205,"column":6},"end":{"line":206,"column":38}},"62":{"start":{"line":213,"column":4},"end":{"line":265,"column":5}},"63":{"start":{"line":216,"column":6},"end":{"line":216,"column":17}},"64":{"start":{"line":218,"column":11},"end":{"line":265,"column":5}},"65":{"start":{"line":220,"column":6},"end":{"line":257,"column":7}},"66":{"start":{"line":223,"column":8},"end":{"line":229,"column":11}},"67":{"start":{"line":224,"column":10},"end":{"line":224,"column":23}},"68":{"start":{"line":228,"column":10},"end":{"line":228,"column":46}},"69":{"start":{"line":234,"column":8},"end":{"line":234,"column":32}},"70":{"start":{"line":236,"column":8},"end":{"line":255,"column":9}},"71":{"start":{"line":239,"column":10},"end":{"line":245,"column":13}},"72":{"start":{"line":240,"column":12},"end":{"line":240,"column":29}},"73":{"start":{"line":244,"column":12},"end":{"line":244,"column":48}},"74":{"start":{"line":250,"column":10},"end":{"line":250,"column":57}},"75":{"start":{"line":251,"column":10},"end":{"line":253,"column":74}},"76":{"start":{"line":262,"column":6},"end":{"line":263,"column":68}},"77":{"start":{"line":276,"column":0},"end":{"line":312,"column":2}},"78":{"start":{"line":278,"column":2},"end":{"line":281,"column":3}},"79":{"start":{"line":280,"column":4},"end":{"line":280,"column":48}},"80":{"start":{"line":283,"column":2},"end":{"line":286,"column":3}},"81":{"start":{"line":285,"column":4},"end":{"line":285,"column":46}},"82":{"start":{"line":289,"column":2},"end":{"line":310,"column":21}},"83":{"start":{"line":292,"column":4},"end":{"line":296,"column":5}},"84":{"start":{"line":293,"column":6},"end":{"line":293,"column":17}},"85":{"start":{"line":295,"column":6},"end":{"line":295,"column":39}},"86":{"start":{"line":300,"column":4},"end":{"line":302,"column":5}},"87":{"start":{"line":301,"column":6},"end":{"line":301,"column":15}},"88":{"start":{"line":303,"column":4},"end":{"line":303,"column":15}},"89":{"start":{"line":307,"column":4},"end":{"line":307,"column":20}}},"branchMap":{"1":{"line":49,"type":"if","locations":[{"start":{"line":49,"column":2},"end":{"line":49,"column":2}},{"start":{"line":49,"column":2},"end":{"line":49,"column":2}}]},"2":{"line":80,"type":"if","locations":[{"start":{"line":80,"column":4},"end":{"line":80,"column":4}},{"start":{"line":80,"column":4},"end":{"line":80,"column":4}}]},"3":{"line":139,"type":"if","locations":[{"start":{"line":139,"column":4},"end":{"line":139,"column":4}},{"start":{"line":139,"column":4},"end":{"line":139,"column":4}}]},"4":{"line":166,"type":"if","locations":[{"start":{"line":166,"column":4},"end":{"line":166,"column":4}},{"start":{"line":166,"column":4},"end":{"line":166,"column":4}}]},"5":{"line":204,"type":"if","locations":[{"start":{"line":204,"column":4},"end":{"line":204,"column":4}},{"start":{"line":204,"column":4},"end":{"line":204,"column":4}}]},"6":{"line":213,"type":"if","locations":[{"start":{"line":213,"column":4},"end":{"line":213,"column":4}},{"start":{"line":213,"column":4},"end":{"line":213,"column":4}}]},"7":{"line":218,"type":"if","locations":[{"start":{"line":218,"column":11},"end":{"line":218,"column":11}},{"start":{"line":218,"column":11},"end":{"line":218,"column":11}}]},"8":{"line":220,"type":"if","locations":[{"start":{"line":220,"column":6},"end":{"line":220,"column":6}},{"start":{"line":220,"column":6},"end":{"line":220,"column":6}}]},"9":{"line":236,"type":"if","locations":[{"start":{"line":236,"column":8},"end":{"line":236,"column":8}},{"start":{"line":236,"column":8},"end":{"line":236,"column":8}}]},"10":{"line":236,"type":"binary-expr","locations":[{"start":{"line":236,"column":12},"end":{"line":236,"column":29}},{"start":{"line":236,"column":33},"end":{"line":236,"column":51}}]},"11":{"line":278,"type":"if","locations":[{"start":{"line":278,"column":2},"end":{"line":278,"column":2}},{"start":{"line":278,"column":2},"end":{"line":278,"column":2}}]},"12":{"line":283,"type":"if","locations":[{"start":{"line":283,"column":2},"end":{"line":283,"column":2}},{"start":{"line":283,"column":2},"end":{"line":283,"column":2}}]},"13":{"line":292,"type":"if","locations":[{"start":{"line":292,"column":4},"end":{"line":292,"column":4}},{"start":{"line":292,"column":4},"end":{"line":292,"column":4}}]},"14":{"line":300,"type":"if","locations":[{"start":{"line":300,"column":4},"end":{"line":300,"column":4}},{"start":{"line":300,"column":4},"end":{"line":300,"column":4}}]}}},"/home/travis/build/kalabox/kalabox/lib/testUtil.js":{"path":"/home/travis/build/kalabox/kalabox/lib/testUtil.js","s":{"1":1,"2":6,"3":6,"4":6,"5":6,"6":6,"7":6,"8":6},"b":{"1":[3,3]},"f":{"1":6},"fnMap":{"1":{"name":"(anonymous_1)","line":33,"loc":{"start":{"line":33,"column":10},"end":{"line":33,"column":25}}}},"statementMap":{"1":{"start":{"line":3,"column":0},"end":{"line":42,"column":2}},"2":{"start":{"line":34,"column":4},"end":{"line":34,"column":44}},"3":{"start":{"line":35,"column":4},"end":{"line":35,"column":36}},"4":{"start":{"line":36,"column":4},"end":{"line":36,"column":29}},"5":{"start":{"line":37,"column":4},"end":{"line":37,"column":36}},"6":{"start":{"line":38,"column":4},"end":{"line":38,"column":20}},"7":{"start":{"line":39,"column":4},"end":{"line":39,"column":24}},"8":{"start":{"line":40,"column":4},"end":{"line":40,"column":18}}},"branchMap":{"1":{"line":34,"type":"cond-expr","locations":[{"start":{"line":34,"column":25},"end":{"line":34,"column":29}},{"start":{"line":34,"column":32},"end":{"line":34,"column":43}}]}}},"/home/travis/build/kalabox/kalabox/lib/engine/provider.js":{"path":"/home/travis/build/kalabox/kalabox/lib/engine/provider.js","s":{"1":0,"2":0,"3":0,"4":0,"5":0,"6":0,"7":0,"8":0,"9":0,"10":0,"11":0,"12":0,"13":0,"14":0,"15":0,"16":0,"17":0,"18":0,"19":0,"20":0,"21":0,"22":0,"23":0,"24":0,"25":0,"26":0,"27":0,"28":0,"29":0,"30":0,"31":0,"32":0,"33":0},"b":{"1":[0,0],"2":[0,0],"3":[0,0]},"f":{"1":0,"2":0,"3":0,"4":0,"5":0,"6":0,"7":0,"8":0,"9":0,"10":0,"11":0,"12":0,"13":0},"fnMap":{"1":{"name":"(anonymous_1)","line":24,"loc":{"start":{"line":24,"column":25},"end":{"line":24,"column":36}}},"2":{"name":"(anonymous_2)","line":29,"loc":{"start":{"line":29,"column":9},"end":{"line":29,"column":23}}},"3":{"name":"(anonymous_3)","line":38,"loc":{"start":{"line":38,"column":18},"end":{"line":38,"column":29}}},"4":{"name":"(anonymous_4)","line":54,"loc":{"start":{"line":54,"column":13},"end":{"line":54,"column":38}}},"5":{"name":"(anonymous_5)","line":83,"loc":{"start":{"line":83,"column":15},"end":{"line":83,"column":34}}},"6":{"name":"(anonymous_6)","line":109,"loc":{"start":{"line":109,"column":22},"end":{"line":109,"column":41}}},"7":{"name":"(anonymous_7)","line":132,"loc":{"start":{"line":132,"column":15},"end":{"line":132,"column":34}}},"8":{"name":"(anonymous_8)","line":147,"loc":{"start":{"line":147,"column":17},"end":{"line":147,"column":36}}},"9":{"name":"(anonymous_9)","line":186,"loc":{"start":{"line":186,"column":19},"end":{"line":186,"column":38}}},"10":{"name":"(anonymous_10)","line":212,"loc":{"start":{"line":212,"column":23},"end":{"line":212,"column":42}}},"11":{"name":"(anonymous_11)","line":222,"loc":{"start":{"line":222,"column":16},"end":{"line":222,"column":35}}},"12":{"name":"(anonymous_12)","line":242,"loc":{"start":{"line":242,"column":23},"end":{"line":242,"column":42}}},"13":{"name":"(anonymous_13)","line":259,"loc":{"start":{"line":259,"column":22},"end":{"line":259,"column":37}}}},"statementMap":{"1":{"start":{"line":16,"column":0},"end":{"line":16,"column":39}},"2":{"start":{"line":17,"column":0},"end":{"line":17,"column":33}},"3":{"start":{"line":18,"column":0},"end":{"line":18,"column":26}},"4":{"start":{"line":19,"column":0},"end":{"line":19,"column":31}},"5":{"start":{"line":24,"column":0},"end":{"line":33,"column":3}},"6":{"start":{"line":27,"column":2},"end":{"line":31,"column":5}},"7":{"start":{"line":30,"column":4},"end":{"line":30,"column":61}},"8":{"start":{"line":38,"column":0},"end":{"line":40,"column":2}},"9":{"start":{"line":39,"column":2},"end":{"line":39,"column":28}},"10":{"start":{"line":54,"column":0},"end":{"line":70,"column":2}},"11":{"start":{"line":57,"column":2},"end":{"line":60,"column":3}},"12":{"start":{"line":58,"column":4},"end":{"line":58,"column":20}},"13":{"start":{"line":59,"column":4},"end":{"line":59,"column":16}},"14":{"start":{"line":63,"column":2},"end":{"line":63,"column":20}},"15":{"start":{"line":66,"column":2},"end":{"line":68,"column":21}},"16":{"start":{"line":83,"column":0},"end":{"line":90,"column":2}},"17":{"start":{"line":86,"column":2},"end":{"line":88,"column":21}},"18":{"start":{"line":109,"column":0},"end":{"line":116,"column":2}},"19":{"start":{"line":112,"column":2},"end":{"line":114,"column":21}},"20":{"start":{"line":132,"column":0},"end":{"line":139,"column":2}},"21":{"start":{"line":135,"column":2},"end":{"line":137,"column":21}},"22":{"start":{"line":147,"column":0},"end":{"line":154,"column":2}},"23":{"start":{"line":150,"column":2},"end":{"line":152,"column":21}},"24":{"start":{"line":186,"column":0},"end":{"line":193,"column":2}},"25":{"start":{"line":189,"column":2},"end":{"line":191,"column":21}},"26":{"start":{"line":212,"column":0},"end":{"line":219,"column":2}},"27":{"start":{"line":215,"column":2},"end":{"line":217,"column":21}},"28":{"start":{"line":222,"column":0},"end":{"line":229,"column":2}},"29":{"start":{"line":225,"column":2},"end":{"line":227,"column":21}},"30":{"start":{"line":242,"column":0},"end":{"line":249,"column":2}},"31":{"start":{"line":245,"column":2},"end":{"line":247,"column":21}},"32":{"start":{"line":259,"column":0},"end":{"line":261,"column":2}},"33":{"start":{"line":260,"column":2},"end":{"line":260,"column":41}}},"branchMap":{"1":{"line":57,"type":"if","locations":[{"start":{"line":57,"column":2},"end":{"line":57,"column":2}},{"start":{"line":57,"column":2},"end":{"line":57,"column":2}}]},"2":{"line":57,"type":"binary-expr","locations":[{"start":{"line":57,"column":6},"end":{"line":57,"column":15}},{"start":{"line":57,"column":19},"end":{"line":57,"column":45}}]},"3":{"line":63,"type":"binary-expr","locations":[{"start":{"line":63,"column":9},"end":{"line":63,"column":13}},{"start":{"line":63,"column":17},"end":{"line":63,"column":19}}]}}}}