TN:
SF:/home/travis/build/kalabox/kalabox/lib/kbox.js
FN:39,(anonymous_1)
FN:71,(anonymous_2)
FN:80,(anonymous_3)
FNF:3
FNH:0
FNDA:0,(anonymous_1)
FNDA:0,(anonymous_2)
FNDA:0,(anonymous_3)
DA:8,1
DA:10,1
DA:11,1
DA:13,1
DA:14,1
DA:16,1
DA:17,1
DA:19,1
DA:20,1
DA:22,1
DA:23,1
DA:25,1
DA:26,1
DA:28,1
DA:29,1
DA:31,1
DA:33,1
DA:34,1
DA:36,1
DA:38,1
DA:39,1
DA:40,0
DA:41,0
DA:43,0
DA:44,0
DA:47,0
DA:71,1
DA:74,0
DA:75,0
DA:78,0
DA:80,0
DA:81,0
DA:82,0
DA:85,0
DA:87,0
DA:91,0
LF:36
LH:22
BRDA:40,1,0,0
BRDA:40,1,1,0
BRDA:43,2,0,0
BRDA:43,2,1,0
BRDA:74,3,0,0
BRDA:74,3,1,0
BRDA:78,4,0,0
BRDA:78,4,1,0
BRDA:85,5,0,0
BRDA:85,5,1,0
BRF:10
BRH:0
end_of_record
TN:
SF:/home/travis/build/kalabox/kalabox/lib/app.js
FN:21,(anonymous_1)
FN:25,(anonymous_2)
FN:47,(anonymous_3)
FN:60,(anonymous_4)
FN:73,(anonymous_5)
FN:82,(anonymous_6)
FN:85,(anonymous_7)
FN:112,(anonymous_8)
FN:152,(anonymous_9)
FN:153,(anonymous_10)
FN:158,(anonymous_11)
FN:159,(anonymous_12)
FN:164,(anonymous_13)
FN:170,(anonymous_14)
FN:176,(anonymous_15)
FN:179,(anonymous_16)
FN:209,(anonymous_17)
FN:210,(anonymous_18)
FN:214,(anonymous_19)
FN:227,(anonymous_20)
FN:230,(anonymous_21)
FN:241,(anonymous_22)
FN:259,(anonymous_23)
FN:261,(anonymous_24)
FN:265,(anonymous_25)
FN:270,(anonymous_26)
FN:280,(anonymous_27)
FN:307,(anonymous_28)
FN:308,(anonymous_29)
FN:309,(anonymous_30)
FN:313,(anonymous_31)
FN:317,(anonymous_32)
FN:323,(anonymous_33)
FN:326,(anonymous_34)
FN:330,(anonymous_35)
FN:346,(anonymous_36)
FN:359,(anonymous_37)
FN:361,(anonymous_38)
FN:365,(anonymous_39)
FN:369,(anonymous_40)
FN:398,(anonymous_41)
FN:399,(anonymous_42)
FN:400,(anonymous_43)
FN:404,(anonymous_44)
FN:410,(anonymous_45)
FN:413,(anonymous_46)
FN:414,(anonymous_47)
FN:431,(anonymous_48)
FN:432,(anonymous_49)
FN:436,(anonymous_50)
FN:440,(anonymous_51)
FN:465,(anonymous_52)
FN:466,(anonymous_53)
FN:467,(anonymous_54)
FN:472,(anonymous_55)
FN:478,(anonymous_56)
FN:481,(anonymous_57)
FN:482,(anonymous_58)
FN:515,(anonymous_59)
FN:516,(anonymous_60)
FN:525,(anonymous_61)
FN:526,(anonymous_62)
FN:530,(anonymous_63)
FN:535,(anonymous_64)
FN:560,(anonymous_65)
FN:561,(anonymous_66)
FN:562,(anonymous_67)
FN:568,(anonymous_68)
FN:571,(anonymous_69)
FN:575,(anonymous_70)
FN:606,(anonymous_71)
FN:607,(anonymous_72)
FN:612,(anonymous_73)
FN:617,(anonymous_74)
FNF:74
FNH:0
FNDA:0,(anonymous_1)
FNDA:0,(anonymous_2)
FNDA:0,(anonymous_3)
FNDA:0,(anonymous_4)
FNDA:0,(anonymous_5)
FNDA:0,(anonymous_6)
FNDA:0,(anonymous_7)
FNDA:0,(anonymous_8)
FNDA:0,(anonymous_9)
FNDA:0,(anonymous_10)
FNDA:0,(anonymous_11)
FNDA:0,(anonymous_12)
FNDA:0,(anonymous_13)
FNDA:0,(anonymous_14)
FNDA:0,(anonymous_15)
FNDA:0,(anonymous_16)
FNDA:0,(anonymous_17)
FNDA:0,(anonymous_18)
FNDA:0,(anonymous_19)
FNDA:0,(anonymous_20)
FNDA:0,(anonymous_21)
FNDA:0,(anonymous_22)
FNDA:0,(anonymous_23)
FNDA:0,(anonymous_24)
FNDA:0,(anonymous_25)
FNDA:0,(anonymous_26)
FNDA:0,(anonymous_27)
FNDA:0,(anonymous_28)
FNDA:0,(anonymous_29)
FNDA:0,(anonymous_30)
FNDA:0,(anonymous_31)
FNDA:0,(anonymous_32)
FNDA:0,(anonymous_33)
FNDA:0,(anonymous_34)
FNDA:0,(anonymous_35)
FNDA:0,(anonymous_36)
FNDA:0,(anonymous_37)
FNDA:0,(anonymous_38)
FNDA:0,(anonymous_39)
FNDA:0,(anonymous_40)
FNDA:0,(anonymous_41)
FNDA:0,(anonymous_42)
FNDA:0,(anonymous_43)
FNDA:0,(anonymous_44)
FNDA:0,(anonymous_45)
FNDA:0,(anonymous_46)
FNDA:0,(anonymous_47)
FNDA:0,(anonymous_48)
FNDA:0,(anonymous_49)
FNDA:0,(anonymous_50)
FNDA:0,(anonymous_51)
FNDA:0,(anonymous_52)
FNDA:0,(anonymous_53)
FNDA:0,(anonymous_54)
FNDA:0,(anonymous_55)
FNDA:0,(anonymous_56)
FNDA:0,(anonymous_57)
FNDA:0,(anonymous_58)
FNDA:0,(anonymous_59)
FNDA:0,(anonymous_60)
FNDA:0,(anonymous_61)
FNDA:0,(anonymous_62)
FNDA:0,(anonymous_63)
FNDA:0,(anonymous_64)
FNDA:0,(anonymous_65)
FNDA:0,(anonymous_66)
FNDA:0,(anonymous_67)
FNDA:0,(anonymous_68)
FNDA:0,(anonymous_69)
FNDA:0,(anonymous_70)
FNDA:0,(anonymous_71)
FNDA:0,(anonymous_72)
FNDA:0,(anonymous_73)
FNDA:0,(anonymous_74)
DA:8,1
DA:9,1
DA:10,1
DA:11,1
DA:12,1
DA:13,1
DA:14,1
DA:15,1
DA:16,1
DA:17,1
DA:18,1
DA:19,1
DA:21,1
DA:22,0
DA:25,1
DA:26,0
DA:27,0
DA:28,0
DA:30,0
DA:31,0
DA:32,0
DA:33,0
DA:34,0
DA:35,0
DA:36,0
DA:37,0
DA:39,0
DA:40,0
DA:43,0
DA:44,0
DA:48,0
DA:50,0
DA:51,0
DA:52,0
DA:54,0
DA:57,0
DA:60,1
DA:61,0
DA:62,0
DA:63,0
DA:65,0
DA:66,0
DA:67,0
DA:68,0
DA:73,1
DA:74,0
DA:75,0
DA:77,0
DA:78,0
DA:80,0
DA:82,0
DA:83,0
DA:86,0
DA:112,1
DA:113,0
DA:114,0
DA:117,0
DA:118,0
DA:119,0
DA:120,0
DA:121,0
DA:122,0
DA:123,0
DA:124,0
DA:125,0
DA:126,0
DA:130,0
DA:131,0
DA:152,1
DA:153,0
DA:154,0
DA:155,0
DA:157,0
DA:159,0
DA:160,0
DA:161,0
DA:163,0
DA:164,0
DA:165,0
DA:171,0
DA:172,0
DA:176,0
DA:177,0
DA:179,0
DA:180,0
DA:181,0
DA:185,0
DA:209,1
DA:210,0
DA:211,0
DA:212,0
DA:214,0
DA:215,0
DA:217,0
DA:218,0
DA:220,0
DA:225,1
DA:227,1
DA:229,0
DA:230,0
DA:231,0
DA:232,0
DA:235,0
DA:236,0
DA:238,0
DA:241,1
DA:242,0
DA:248,0
DA:249,0
DA:251,0
DA:252,0
DA:253,0
DA:256,0
DA:259,1
DA:260,0
DA:261,0
DA:262,0
DA:263,0
DA:265,0
DA:266,0
DA:267,0
DA:270,0
DA:271,0
DA:272,0
DA:274,0
DA:275,0
DA:276,0
DA:280,0
DA:281,0
DA:307,1
DA:308,0
DA:309,0
DA:310,0
DA:311,0
DA:313,0
DA:314,0
DA:315,0
DA:317,0
DA:318,0
DA:319,0
DA:321,0
DA:324,0
DA:327,0
DA:328,0
DA:330,0
DA:331,0
DA:344,1
DA:346,1
DA:347,0
DA:351,0
DA:352,0
DA:353,0
DA:356,0
DA:359,1
DA:360,0
DA:361,0
DA:362,0
DA:363,0
DA:365,0
DA:366,0
DA:367,0
DA:369,0
DA:370,0
DA:371,0
DA:373,0
DA:398,1
DA:399,0
DA:400,0
DA:401,0
DA:402,0
DA:404,0
DA:405,0
DA:406,0
DA:408,0
DA:411,0
DA:414,0
DA:415,0
DA:416,0
DA:418,0
DA:429,1
DA:431,1
DA:432,0
DA:433,0
DA:434,0
DA:436,0
DA:437,0
DA:438,0
DA:440,0
DA:441,0
DA:465,1
DA:466,0
DA:467,0
DA:468,0
DA:469,0
DA:472,0
DA:473,0
DA:474,0
DA:476,0
DA:479,0
DA:482,0
DA:483,0
DA:484,0
DA:486,0
DA:497,1
DA:515,1
DA:516,0
DA:517,0
DA:518,0
DA:520,0
DA:525,1
DA:526,0
DA:527,0
DA:528,0
DA:530,0
DA:531,0
DA:532,0
DA:534,0
DA:535,0
DA:536,0
DA:560,1
DA:561,0
DA:562,0
DA:563,0
DA:564,0
DA:566,0
DA:569,0
DA:572,0
DA:573,0
DA:575,0
DA:576,0
DA:585,1
DA:606,1
DA:607,0
DA:608,0
DA:609,0
DA:612,0
DA:613,0
DA:614,0
DA:617,0
DA:618,0
DA:619,0
DA:622,0
LF:242
LH:37
BRDA:39,1,0,0
BRDA:39,1,1,0
BRDA:43,2,0,0
BRDA:43,2,1,0
BRDA:51,3,0,0
BRDA:51,3,1,0
BRDA:62,4,0,0
BRDA:62,4,1,0
BRDA:66,5,0,0
BRDA:66,5,1,0
BRDA:74,6,0,0
BRDA:74,6,1,0
BRDA:77,7,0,0
BRDA:77,7,1,0
BRDA:113,8,0,0
BRDA:113,8,1,0
BRDA:154,9,0,0
BRDA:154,9,1,0
BRDA:160,10,0,0
BRDA:160,10,1,0
BRDA:171,11,0,0
BRDA:171,11,1,0
BRDA:180,12,0,0
BRDA:180,12,1,0
BRDA:211,13,0,0
BRDA:211,13,1,0
BRDA:217,14,0,0
BRDA:217,14,1,0
BRDA:231,15,0,0
BRDA:231,15,1,0
BRDA:235,16,0,0
BRDA:235,16,1,0
BRDA:248,17,0,0
BRDA:248,17,1,0
BRDA:251,18,0,0
BRDA:251,18,1,0
BRDA:262,19,0,0
BRDA:262,19,1,0
BRDA:266,20,0,0
BRDA:266,20,1,0
BRDA:271,21,0,0
BRDA:271,21,1,0
BRDA:274,22,0,0
BRDA:274,22,1,0
BRDA:310,23,0,0
BRDA:310,23,1,0
BRDA:314,24,0,0
BRDA:314,24,1,0
BRDA:318,25,0,0
BRDA:318,25,1,0
BRDA:327,26,0,0
BRDA:327,26,1,0
BRDA:327,27,0,0
BRDA:327,27,1,0
BRDA:351,28,0,0
BRDA:351,28,1,0
BRDA:362,29,0,0
BRDA:362,29,1,0
BRDA:366,30,0,0
BRDA:366,30,1,0
BRDA:370,31,0,0
BRDA:370,31,1,0
BRDA:401,32,0,0
BRDA:401,32,1,0
BRDA:405,33,0,0
BRDA:405,33,1,0
BRDA:415,34,0,0
BRDA:415,34,1,0
BRDA:433,35,0,0
BRDA:433,35,1,0
BRDA:437,36,0,0
BRDA:437,36,1,0
BRDA:468,37,0,0
BRDA:468,37,1,0
BRDA:473,38,0,0
BRDA:473,38,1,0
BRDA:483,39,0,0
BRDA:483,39,1,0
BRDA:517,40,0,0
BRDA:517,40,1,0
BRDA:527,41,0,0
BRDA:527,41,1,0
BRDA:531,42,0,0
BRDA:531,42,1,0
BRDA:563,43,0,0
BRDA:563,43,1,0
BRDA:572,44,0,0
BRDA:572,44,1,0
BRDA:572,45,0,0
BRDA:572,45,1,0
BRDA:608,46,0,0
BRDA:608,46,1,0
BRDA:613,47,0,0
BRDA:613,47,1,0
BRDA:618,48,0,0
BRDA:618,48,1,0
BRF:96
BRH:0
end_of_record
TN:
SF:/home/travis/build/kalabox/kalabox/lib/core.js
FNF:0
FNH:0
DA:7,1
DA:9,1
DA:11,1
DA:13,1
DA:15,1
DA:17,1
DA:19,1
LF:7
LH:7
BRF:0
BRH:0
end_of_record
TN:
SF:/home/travis/build/kalabox/kalabox/lib/core/config.js
FN:58,(anonymous_1)
FN:65,(anonymous_2)
FN:68,(anonymous_3)
FN:71,(anonymous_4)
FN:105,(anonymous_5)
FN:125,(anonymous_6)
FN:152,(anonymous_7)
FN:155,(anonymous_8)
FN:158,(anonymous_9)
FN:184,sort
FN:199,mixIn
FN:218,(anonymous_12)
FN:230,(anonymous_13)
FN:266,(anonymous_14)
FN:270,(anonymous_15)
FN:274,(anonymous_16)
FN:278,(anonymous_17)
FN:294,(anonymous_18)
FN:300,(anonymous_19)
FN:310,(anonymous_20)
FN:328,(anonymous_21)
FNF:21
FNH:19
FNDA:0,(anonymous_1)
FNDA:41,(anonymous_2)
FNDA:105,(anonymous_3)
FNDA:555,(anonymous_4)
FNDA:277,(anonymous_5)
FNDA:41,(anonymous_6)
FNDA:12,(anonymous_7)
FNDA:44,(anonymous_8)
FNDA:324,(anonymous_9)
FNDA:10,sort
FNDA:10,mixIn
FNDA:6,(anonymous_12)
FNDA:6,(anonymous_13)
FNDA:5,(anonymous_14)
FNDA:5,(anonymous_15)
FNDA:5,(anonymous_16)
FNDA:2,(anonymous_17)
FNDA:5,(anonymous_18)
FNDA:10,(anonymous_19)
FNDA:0,(anonymous_20)
FNDA:1,(anonymous_21)
DA:8,1
DA:9,1
DA:10,1
DA:11,1
DA:12,1
DA:13,1
DA:14,1
DA:17,1
DA:18,1
DA:20,1
DA:52,1
DA:53,1
DA:58,1
DA:59,0
DA:65,1
DA:68,41
DA:71,105
DA:74,555
DA:76,555
DA:79,439
DA:81,116
DA:84,64
DA:89,52
DA:98,41
DA:105,1
DA:109,277
DA:110,277
DA:111,277
DA:114,0
DA:117,277
DA:120,236
DA:125,41
DA:128,41
DA:130,41
DA:133,0
DA:138,41
DA:152,1
DA:155,12
DA:158,44
DA:160,324
DA:163,276
DA:165,48
DA:168,32
DA:177,12
DA:180,12
DA:184,1
DA:185,10
DA:186,10
DA:187,10
DA:188,220
DA:189,220
DA:191,10
DA:195,1
DA:199,1
DA:200,10
DA:201,106
DA:202,106
DA:204,7
DA:205,0
DA:207,7
DA:211,99
DA:214,10
DA:216,1
DA:218,1
DA:219,6
DA:230,1
DA:231,6
DA:232,6
DA:233,6
DA:234,0
DA:236,6
DA:266,1
DA:267,5
DA:270,1
DA:271,5
DA:274,1
DA:275,5
DA:278,1
DA:279,2
DA:280,2
DA:281,2
DA:294,1
DA:295,5
DA:296,5
DA:300,5
DA:301,10
DA:302,2
DA:303,2
DA:305,10
DA:307,5
DA:310,1
DA:311,0
DA:328,1
DA:330,1
DA:331,0
DA:332,0
DA:335,1
DA:337,1
DA:338,1
DA:341,1
DA:342,1
DA:343,1
DA:344,1
DA:345,1
DA:346,1
DA:347,1
LF:106
LH:98
BRDA:76,1,0,439
BRDA:76,1,1,116
BRDA:81,2,0,64
BRDA:81,2,1,52
BRDA:117,3,0,236
BRDA:117,3,1,41
BRDA:130,4,0,0
BRDA:130,4,1,41
BRDA:160,5,0,276
BRDA:160,5,1,48
BRDA:165,6,0,32
BRDA:165,6,1,16
BRDA:202,7,0,7
BRDA:202,7,1,99
BRDA:204,8,0,0
BRDA:204,8,1,7
BRDA:233,9,0,0
BRDA:233,9,1,6
BRDA:301,10,0,2
BRDA:301,10,1,8
BRDA:330,11,0,0
BRDA:330,11,1,1
BRDA:337,12,0,1
BRDA:337,12,1,0
BRF:24
BRH:19
end_of_record
TN:
SF:/home/travis/build/kalabox/kalabox/lib/core/env.js
FN:26,getEnv
FN:30,setEnv
FN:34,(anonymous_3)
FN:42,(anonymous_4)
FN:48,(anonymous_5)
FN:52,(anonymous_6)
FN:56,(anonymous_7)
FN:62,(anonymous_8)
FNF:8
FNH:5
FNDA:29,getEnv
FNDA:0,setEnv
FNDA:0,(anonymous_3)
FNDA:29,(anonymous_4)
FNDA:0,(anonymous_5)
FNDA:17,(anonymous_6)
FNDA:6,(anonymous_7)
FNDA:17,(anonymous_8)
DA:7,1
DA:10,1
DA:11,1
DA:12,1
DA:13,1
DA:18,1
DA:19,1
DA:20,1
DA:21,1
DA:22,1
DA:24,1
DA:26,1
DA:27,29
DA:30,1
DA:31,0
DA:34,1
DA:35,0
DA:36,0
DA:38,0
DA:42,1
DA:43,29
DA:44,29
DA:45,29
DA:48,1
DA:49,0
DA:52,1
DA:53,17
DA:56,1
DA:57,6
DA:62,1
DA:63,17
LF:31
LH:26
BRDA:35,1,0,0
BRDA:35,1,1,0
BRDA:44,2,0,0
BRDA:44,2,1,29
BRF:4
BRH:1
end_of_record
TN:
SF:/home/travis/build/kalabox/kalabox/lib/core/deps.js
FN:15,_getDep
FN:19,_setDep
FN:23,_clear
FN:27,_remove
FN:31,(anonymous_5)
FN:44,(anonymous_6)
FN:56,(anonymous_7)
FN:72,(anonymous_8)
FN:86,(anonymous_9)
FN:88,(anonymous_10)
FN:100,(anonymous_11)
FN:119,(anonymous_12)
FN:142,(anonymous_13)
FN:153,_isFlag
FN:157,(anonymous_15)
FN:181,(anonymous_16)
FN:189,(anonymous_17)
FN:197,(anonymous_18)
FN:204,(anonymous_19)
FN:220,(anonymous_20)
FNF:20
FNH:16
FNDA:45,_getDep
FNDA:14,_setDep
FNDA:15,_clear
FNDA:1,_remove
FNDA:0,(anonymous_5)
FNDA:15,(anonymous_6)
FNDA:1,(anonymous_7)
FNDA:10,(anonymous_8)
FNDA:15,(anonymous_9)
FNDA:14,(anonymous_10)
FNDA:0,(anonymous_11)
FNDA:2,(anonymous_12)
FNDA:20,(anonymous_13)
FNDA:0,_isFlag
FNDA:0,(anonymous_15)
FNDA:3,(anonymous_16)
FNDA:3,(anonymous_17)
FNDA:7,(anonymous_18)
FNDA:12,(anonymous_19)
FNDA:6,(anonymous_20)
DA:8,1
DA:10,1
DA:11,1
DA:13,1
DA:15,1
DA:16,45
DA:19,1
DA:20,14
DA:23,1
DA:24,15
DA:27,1
DA:28,1
DA:31,1
DA:32,0
DA:44,1
DA:45,15
DA:56,1
DA:57,1
DA:72,1
DA:73,10
DA:74,10
DA:86,1
DA:87,15
DA:88,15
DA:91,15
DA:92,1
DA:96,1
DA:98,14
DA:99,14
DA:100,0
DA:101,0
DA:102,0
DA:104,0
DA:108,14
DA:119,1
DA:120,2
DA:121,1
DA:142,1
DA:143,20
DA:144,20
DA:145,17
DA:146,3
DA:147,1
DA:149,2
DA:153,1
DA:154,0
DA:157,1
DA:158,0
DA:159,0
DA:160,0
DA:161,0
DA:162,0
DA:163,0
DA:164,0
DA:167,0
DA:181,1
DA:182,3
DA:184,3
DA:185,3
DA:186,3
DA:189,3
DA:191,3
DA:192,3
DA:197,1
DA:198,7
DA:199,7
DA:200,7
DA:201,7
DA:202,2
DA:204,12
DA:205,5
DA:206,5
DA:209,1
DA:220,1
DA:221,6
DA:222,5
LF:76
LH:62
BRDA:87,1,0,15
BRDA:87,1,1,0
BRDA:91,2,0,1
BRDA:91,2,1,14
BRDA:99,3,0,0
BRDA:99,3,1,14
BRDA:101,4,0,0
BRDA:101,4,1,0
BRDA:120,5,0,1
BRDA:120,5,1,1
BRDA:144,6,0,17
BRDA:144,6,1,3
BRDA:146,7,0,1
BRDA:146,7,1,2
BRDA:146,8,0,3
BRDA:146,8,1,1
BRDA:146,8,2,1
BRDA:160,9,0,0
BRDA:160,9,1,0
BRDA:201,10,0,2
BRDA:201,10,1,5
BRF:21
BRH:15
end_of_record
TN:
SF:/home/travis/build/kalabox/kalabox/lib/core/events.js
FN:20,(anonymous_1)
FN:25,(anonymous_2)
FN:37,(anonymous_3)
FN:44,(anonymous_4)
FN:60,(anonymous_5)
FN:68,(anonymous_6)
FN:87,(anonymous_7)
FN:96,(anonymous_8)
FN:97,(anonymous_9)
FN:105,(anonymous_10)
FN:132,(anonymous_11)
FN:133,(anonymous_12)
FN:140,(anonymous_13)
FN:151,(anonymous_14)
FN:178,(anonymous_15)
FN:201,(anonymous_16)
FNF:16
FNH:14
FNDA:1,(anonymous_1)
FNDA:10,(anonymous_2)
FNDA:7,(anonymous_3)
FNDA:7,(anonymous_4)
FNDA:0,(anonymous_5)
FNDA:3,(anonymous_6)
FNDA:7,(anonymous_7)
FNDA:3,(anonymous_8)
FNDA:0,(anonymous_9)
FNDA:3,(anonymous_10)
FNDA:3,(anonymous_11)
FNDA:6,(anonymous_12)
FNDA:3,(anonymous_13)
FNDA:10,(anonymous_14)
FNDA:7,(anonymous_15)
FNDA:3,(anonymous_16)
DA:8,1
DA:9,1
DA:10,1
DA:12,1
DA:13,1
DA:15,1
DA:16,1
DA:18,1
DA:20,1
DA:21,1
DA:22,1
DA:25,1
DA:26,10
DA:27,10
DA:28,3
DA:29,3
DA:30,30
DA:32,3
DA:34,10
DA:37,1
DA:38,7
DA:40,7
DA:41,7
DA:44,1
DA:45,7
DA:48,7
DA:49,7
DA:50,7
DA:54,7
DA:55,0
DA:58,7
DA:59,0
DA:60,0
DA:63,7
DA:68,1
DA:69,3
DA:72,3
DA:73,2
DA:74,2
DA:77,3
DA:80,3
DA:81,0
DA:84,3
DA:85,3
DA:86,3
DA:87,30
DA:88,7
DA:93,3
DA:94,3
DA:95,3
DA:96,3
DA:97,3
DA:98,0
DA:99,0
DA:100,0
DA:104,3
DA:105,3
DA:106,3
DA:107,0
DA:109,0
DA:110,0
DA:112,3
DA:113,3
DA:114,3
DA:117,3
DA:118,1
DA:120,2
DA:123,3
DA:125,3
DA:127,0
DA:128,0
DA:132,1
DA:133,3
DA:134,6
DA:135,2
DA:137,4
DA:141,3
DA:142,1
DA:144,2
DA:150,1
DA:151,1
DA:152,10
DA:153,1
DA:155,10
DA:178,1
DA:179,7
DA:201,1
DA:202,3
LF:88
LH:76
BRDA:27,1,0,3
BRDA:27,1,1,7
BRDA:48,2,0,7
BRDA:48,2,1,0
BRDA:54,3,0,0
BRDA:54,3,1,7
BRDA:54,4,0,7
BRDA:54,4,1,7
BRDA:58,5,0,0
BRDA:58,5,1,7
BRDA:58,6,0,7
BRDA:58,6,1,0
BRDA:72,7,0,2
BRDA:72,7,1,1
BRDA:72,8,0,3
BRDA:72,8,1,2
BRDA:80,9,0,0
BRDA:80,9,1,3
BRDA:80,10,0,3
BRDA:80,10,1,3
BRDA:93,11,0,3
BRDA:93,11,1,0
BRDA:98,12,0,0
BRDA:98,12,1,0
BRDA:106,13,0,0
BRDA:106,13,1,3
BRDA:113,14,0,3
BRDA:113,14,1,0
BRDA:117,15,0,1
BRDA:117,15,1,2
BRDA:134,16,0,2
BRDA:134,16,1,4
BRDA:141,17,0,1
BRDA:141,17,1,2
BRDA:152,18,0,1
BRDA:152,18,1,9
BRF:36
BRH:26
end_of_record
TN:
SF:/home/travis/build/kalabox/kalabox/lib/core/log.js
FN:18,(anonymous_1)
FN:32,(anonymous_2)
FN:55,(anonymous_3)
FN:86,(anonymous_4)
FN:100,(anonymous_5)
FN:107,(anonymous_6)
FN:158,(anonymous_7)
FN:190,(anonymous_8)
FN:204,(anonymous_9)
FN:220,(anonymous_10)
FN:228,(anonymous_11)
FN:236,(anonymous_12)
FN:243,(anonymous_13)
FNF:13
FNH:10
FNDA:16,(anonymous_1)
FNDA:7,(anonymous_2)
FNDA:2,(anonymous_3)
FNDA:1,(anonymous_4)
FNDA:1,(anonymous_5)
FNDA:1,(anonymous_6)
FNDA:7,(anonymous_7)
FNDA:7,(anonymous_8)
FNDA:12,(anonymous_9)
FNDA:7,(anonymous_10)
FNDA:0,(anonymous_11)
FNDA:0,(anonymous_12)
FNDA:0,(anonymous_13)
DA:3,1
DA:4,1
DA:5,1
DA:6,1
DA:7,1
DA:8,1
DA:13,1
DA:18,1
DA:21,16
DA:22,0
DA:25,16
DA:32,1
DA:35,7
DA:36,0
DA:39,7
DA:42,7
DA:47,0
DA:55,1
DA:58,2
DA:59,0
DA:61,2
DA:62,0
DA:65,2
DA:68,0
DA:73,2
DA:74,2
DA:77,2
DA:86,1
DA:89,1
DA:90,0
DA:94,1
DA:95,0
DA:99,1
DA:100,1
DA:101,1
DA:102,0
DA:107,1
DA:110,1
DA:113,1
DA:114,0
DA:118,1
DA:121,1
DA:125,1
DA:127,0
DA:134,1
DA:140,1
DA:158,1
DA:161,7
DA:162,0
DA:166,7
DA:167,7
DA:170,0
DA:175,7
DA:184,1
DA:190,1
DA:193,7
DA:194,0
DA:196,7
DA:197,0
DA:199,7
DA:200,0
DA:204,7
DA:205,12
DA:206,1
DA:208,11
DA:213,7
DA:220,1
DA:221,7
DA:222,7
DA:228,1
DA:229,0
DA:230,0
DA:236,1
DA:239,0
DA:242,0
DA:243,0
DA:244,0
DA:245,0
DA:246,0
DA:248,0
DA:253,0
LF:81
LH:55
BRDA:21,1,0,0
BRDA:21,1,1,16
BRDA:35,2,0,0
BRDA:35,2,1,7
BRDA:39,3,0,7
BRDA:39,3,1,0
BRDA:58,4,0,0
BRDA:58,4,1,2
BRDA:61,5,0,0
BRDA:61,5,1,2
BRDA:65,6,0,0
BRDA:65,6,1,2
BRDA:89,7,0,0
BRDA:89,7,1,1
BRDA:94,8,0,0
BRDA:94,8,1,1
BRDA:101,9,0,0
BRDA:101,9,1,1
BRDA:113,10,0,0
BRDA:113,10,1,1
BRDA:113,11,0,1
BRDA:113,11,1,0
BRDA:118,12,0,0
BRDA:118,12,1,1
BRDA:125,13,0,0
BRDA:125,13,1,1
BRDA:161,14,0,0
BRDA:161,14,1,7
BRDA:167,15,0,0
BRDA:167,15,1,7
BRDA:193,16,0,0
BRDA:193,16,1,7
BRDA:196,17,0,0
BRDA:196,17,1,7
BRDA:196,18,0,7
BRDA:196,18,1,7
BRDA:199,19,0,0
BRDA:199,19,1,7
BRDA:205,20,0,1
BRDA:205,20,1,11
BRDA:244,21,0,0
BRDA:244,21,1,0
BRF:42
BRH:22
end_of_record
TN:
SF:/home/travis/build/kalabox/kalabox/lib/core/mode.js
FN:14,(anonymous_1)
FN:18,(anonymous_2)
FN:29,(anonymous_3)
FN:33,(anonymous_4)
FNF:4
FNH:4
FNDA:6,(anonymous_1)
FNDA:7,(anonymous_2)
FNDA:1,(anonymous_3)
FNDA:5,(anonymous_4)
DA:3,2
DA:5,2
DA:7,2
DA:9,2
DA:14,2
DA:15,6
DA:18,2
DA:19,7
DA:20,1
DA:21,6
DA:22,2
DA:24,4
DA:25,4
DA:29,2
DA:30,1
DA:33,2
DA:34,5
LF:17
LH:17
BRDA:19,1,0,1
BRDA:19,1,1,6
BRDA:21,2,0,2
BRDA:21,2,1,4
BRF:4
BRH:4
end_of_record
TN:
SF:/home/travis/build/kalabox/kalabox/lib/core/tasks.js
FN:20,(anonymous_1)
FN:36,(anonymous_2)
FN:43,(anonymous_3)
FN:50,(anonymous_4)
FN:57,(anonymous_5)
FN:66,(anonymous_6)
FN:82,(anonymous_7)
FN:107,(anonymous_8)
FN:108,(anonymous_9)
FN:116,(anonymous_10)
FN:125,(anonymous_11)
FN:147,(anonymous_12)
FN:158,(anonymous_13)
FN:173,(anonymous_14)
FN:224,(anonymous_15)
FN:253,(anonymous_16)
FN:293,(anonymous_17)
FN:300,(anonymous_18)
FN:303,(anonymous_19)
FN:329,(anonymous_20)
FN:341,(anonymous_21)
FN:344,(anonymous_22)
FN:363,(anonymous_23)
FN:384,(anonymous_24)
FN:402,(anonymous_25)
FN:409,(anonymous_26)
FN:423,(anonymous_27)
FN:433,(anonymous_28)
FN:440,(anonymous_29)
FN:497,(anonymous_30)
FN:513,(anonymous_31)
FN:518,(anonymous_32)
FN:543,(anonymous_33)
FN:551,(anonymous_34)
FN:568,(anonymous_35)
FN:627,(anonymous_36)
FN:653,(anonymous_37)
FN:654,(anonymous_38)
FN:673,(anonymous_39)
FN:711,(anonymous_40)
FN:786,(anonymous_41)
FN:803,(anonymous_42)
FN:822,(anonymous_43)
FN:832,(anonymous_44)
FN:856,(anonymous_45)
FN:883,(anonymous_46)
FN:912,(anonymous_47)
FN:925,(anonymous_48)
FN:929,(anonymous_49)
FN:938,(anonymous_50)
FN:943,(anonymous_51)
FN:961,(anonymous_52)
FN:999,(anonymous_53)
FN:1003,(anonymous_54)
FN:1013,(anonymous_55)
FN:1021,(anonymous_56)
FNF:56
FNH:26
FNDA:4,(anonymous_1)
FNDA:47,(anonymous_2)
FNDA:26,(anonymous_3)
FNDA:5,(anonymous_4)
FNDA:3,(anonymous_5)
FNDA:21,(anonymous_6)
FNDA:2,(anonymous_7)
FNDA:5,(anonymous_8)
FNDA:5,(anonymous_9)
FNDA:5,(anonymous_10)
FNDA:5,(anonymous_11)
FNDA:3,(anonymous_12)
FNDA:8,(anonymous_13)
FNDA:5,(anonymous_14)
FNDA:1,(anonymous_15)
FNDA:3,(anonymous_16)
FNDA:0,(anonymous_17)
FNDA:0,(anonymous_18)
FNDA:0,(anonymous_19)
FNDA:0,(anonymous_20)
FNDA:3,(anonymous_21)
FNDA:18,(anonymous_22)
FNDA:8,(anonymous_23)
FNDA:0,(anonymous_24)
FNDA:3,(anonymous_25)
FNDA:0,(anonymous_26)
FNDA:0,(anonymous_27)
FNDA:3,(anonymous_28)
FNDA:3,(anonymous_29)
FNDA:3,(anonymous_30)
FNDA:0,(anonymous_31)
FNDA:0,(anonymous_32)
FNDA:4,(anonymous_33)
FNDA:3,(anonymous_34)
FNDA:7,(anonymous_35)
FNDA:0,(anonymous_36)
FNDA:0,(anonymous_37)
FNDA:0,(anonymous_38)
FNDA:0,(anonymous_39)
FNDA:0,(anonymous_40)
FNDA:0,(anonymous_41)
FNDA:0,(anonymous_42)
FNDA:0,(anonymous_43)
FNDA:0,(anonymous_44)
FNDA:0,(anonymous_45)
FNDA:0,(anonymous_46)
FNDA:0,(anonymous_47)
FNDA:0,(anonymous_48)
FNDA:0,(anonymous_49)
FNDA:0,(anonymous_50)
FNDA:0,(anonymous_51)
FNDA:0,(anonymous_52)
FNDA:0,(anonymous_53)
FNDA:0,(anonymous_54)
FNDA:0,(anonymous_55)
FNDA:0,(anonymous_56)
DA:10,1
DA:11,1
DA:12,1
DA:15,1
DA:20,1
DA:21,4
DA:31,1
DA:36,1
DA:37,47
DA:43,1
DA:44,26
DA:50,1
DA:51,5
DA:57,1
DA:58,3
DA:66,1
DA:67,21
DA:68,12
DA:69,9
DA:70,9
DA:71,0
DA:73,9
DA:75,0
DA:82,1
DA:83,2
DA:84,2
DA:86,2
DA:87,0
DA:89,2
DA:90,0
DA:93,2
DA:94,0
DA:95,2
DA:96,1
DA:97,1
DA:98,1
DA:100,0
DA:107,1
DA:108,5
DA:109,5
DA:116,1
DA:117,5
DA:118,5
DA:119,5
DA:125,1
DA:127,5
DA:128,0
DA:130,5
DA:131,0
DA:135,5
DA:136,0
DA:140,5
DA:141,5
DA:147,1
DA:150,3
DA:151,0
DA:153,3
DA:154,0
DA:158,3
DA:161,8
DA:162,0
DA:164,8
DA:165,0
DA:169,8
DA:170,8
DA:173,8
DA:174,5
DA:178,8
DA:179,0
DA:183,8
DA:186,3
DA:188,3
DA:190,0
DA:194,3
DA:198,3
DA:203,5
DA:205,2
DA:206,2
DA:210,5
DA:217,3
DA:224,1
DA:225,1
DA:231,1
DA:243,1
DA:248,1
DA:253,1
DA:254,3
DA:255,0
DA:258,3
DA:260,0
DA:264,3
DA:266,0
DA:270,3
DA:272,3
DA:273,3
DA:274,3
DA:277,0
DA:279,3
DA:285,0
DA:293,1
DA:294,0
DA:300,1
DA:303,0
DA:304,0
DA:309,0
DA:310,0
DA:314,0
DA:315,0
DA:319,0
DA:320,0
DA:324,0
DA:325,0
DA:329,0
DA:330,0
DA:331,0
DA:341,1
DA:344,3
DA:345,18
DA:346,0
DA:352,3
DA:353,0
DA:357,3
DA:358,0
DA:360,3
DA:361,0
DA:363,3
DA:364,8
DA:365,0
DA:370,3
DA:371,0
DA:375,3
DA:376,0
DA:378,3
DA:381,3
DA:382,0
DA:384,3
DA:385,0
DA:389,3
DA:390,0
DA:392,3
DA:393,0
DA:402,1
DA:403,3
DA:409,1
DA:412,0
DA:413,0
DA:414,0
DA:415,0
DA:418,0
DA:422,0
DA:423,0
DA:424,0
DA:425,0
DA:433,1
DA:434,3
DA:440,1
DA:497,1
DA:498,3
DA:499,0
DA:502,3
DA:503,3
DA:505,3
DA:506,3
DA:507,3
DA:508,3
DA:509,3
DA:511,0
DA:513,0
DA:514,0
DA:518,0
DA:519,0
DA:520,0
DA:521,0
DA:522,0
DA:523,0
DA:528,0
DA:538,1
DA:543,1
DA:544,4
DA:551,1
DA:554,3
DA:555,0
DA:556,0
DA:560,3
DA:561,0
DA:563,3
DA:564,0
DA:568,3
DA:570,7
DA:573,2
DA:578,2
DA:580,5
DA:583,0
DA:588,0
DA:590,5
DA:593,5
DA:594,5
DA:597,5
DA:599,5
DA:602,4
DA:607,1
DA:614,0
DA:621,3
DA:627,1
DA:630,0
DA:631,0
DA:635,0
DA:642,0
DA:653,1
DA:654,0
DA:655,0
DA:656,0
DA:657,0
DA:659,0
DA:660,0
DA:661,0
DA:662,0
DA:664,0
DA:673,1
DA:676,0
DA:677,0
DA:679,0
DA:680,0
DA:682,0
DA:683,0
DA:686,0
DA:688,0
DA:691,0
DA:698,0
DA:699,0
DA:704,0
DA:711,1
DA:714,0
DA:715,0
DA:717,0
DA:718,0
DA:720,0
DA:721,0
DA:725,0
DA:727,0
DA:729,0
DA:731,0
DA:733,0
DA:736,0
DA:739,0
DA:740,0
DA:741,0
DA:748,0
DA:749,0
DA:750,0
DA:754,0
DA:762,0
DA:763,0
DA:765,0
DA:768,0
DA:771,0
DA:776,0
DA:777,0
DA:786,1
DA:789,0
DA:790,0
DA:794,0
DA:797,0
DA:800,0
DA:803,0
DA:805,0
DA:808,0
DA:810,0
DA:813,0
DA:816,0
DA:820,0
DA:822,0
DA:824,0
DA:827,0
DA:832,0
DA:833,0
DA:836,0
DA:839,0
DA:844,0
DA:853,0
DA:856,0
DA:858,0
DA:860,0
DA:865,0
DA:872,0
DA:878,0
DA:879,0
DA:883,0
DA:886,0
DA:887,0
DA:891,0
DA:892,0
DA:895,0
DA:898,0
DA:905,0
DA:907,0
DA:912,0
DA:913,0
DA:919,0
DA:925,0
DA:926,0
DA:929,0
DA:930,0
DA:931,0
DA:932,0
DA:938,0
DA:939,0
DA:941,0
DA:943,0
DA:944,0
DA:945,0
DA:946,0
DA:948,0
DA:952,0
DA:953,0
DA:954,0
DA:961,1
DA:964,0
DA:965,0
DA:966,0
DA:968,0
DA:970,0
DA:971,0
DA:973,0
DA:974,0
DA:977,0
DA:980,0
DA:983,0
DA:984,0
DA:987,0
DA:988,0
DA:989,0
DA:992,0
DA:999,1
DA:1000,0
DA:1001,0
DA:1003,0
DA:1004,0
DA:1006,0
DA:1013,1
DA:1016,0
DA:1017,0
DA:1021,0
DA:1022,0
DA:1025,0
DA:1027,0
DA:1030,0
DA:1031,0
DA:1032,0
DA:1041,0
DA:1050,0
DA:1052,0
DA:1054,0
DA:1056,0
DA:1059,0
DA:1062,0
LF:356
LH:139
BRDA:51,1,0,5
BRDA:51,1,1,3
BRDA:58,2,0,3
BRDA:58,2,1,3
BRDA:58,2,2,3
BRDA:67,3,0,12
BRDA:67,3,1,9
BRDA:69,4,0,9
BRDA:69,4,1,0
BRDA:70,5,0,0
BRDA:70,5,1,9
BRDA:86,6,0,0
BRDA:86,6,1,2
BRDA:86,7,0,2
BRDA:86,7,1,2
BRDA:89,8,0,0
BRDA:89,8,1,2
BRDA:89,9,0,2
BRDA:89,9,1,2
BRDA:93,10,0,0
BRDA:93,10,1,2
BRDA:95,11,0,1
BRDA:95,11,1,1
BRDA:97,12,0,1
BRDA:97,12,1,0
BRDA:127,13,0,0
BRDA:127,13,1,5
BRDA:130,14,0,0
BRDA:130,14,1,5
BRDA:135,15,0,0
BRDA:135,15,1,5
BRDA:150,16,0,0
BRDA:150,16,1,3
BRDA:153,17,0,0
BRDA:153,17,1,3
BRDA:161,18,0,0
BRDA:161,18,1,8
BRDA:164,19,0,0
BRDA:164,19,1,8
BRDA:178,20,0,0
BRDA:178,20,1,8
BRDA:178,21,0,8
BRDA:178,21,1,3
BRDA:183,22,0,3
BRDA:183,22,1,5
BRDA:188,23,0,0
BRDA:188,23,1,3
BRDA:203,24,0,2
BRDA:203,24,1,3
BRDA:254,25,0,0
BRDA:254,25,1,3
BRDA:258,26,0,0
BRDA:258,26,1,3
BRDA:264,27,0,0
BRDA:264,27,1,3
BRDA:270,28,0,3
BRDA:270,28,1,0
BRDA:309,29,0,0
BRDA:309,29,1,0
BRDA:314,30,0,0
BRDA:314,30,1,0
BRDA:314,31,0,0
BRDA:314,31,1,0
BRDA:319,32,0,0
BRDA:319,32,1,0
BRDA:324,33,0,0
BRDA:324,33,1,0
BRDA:330,34,0,0
BRDA:330,34,1,0
BRDA:345,35,0,0
BRDA:345,35,1,18
BRDA:352,36,0,0
BRDA:352,36,1,3
BRDA:357,37,0,0
BRDA:357,37,1,3
BRDA:360,38,0,0
BRDA:360,38,1,3
BRDA:364,39,0,0
BRDA:364,39,1,8
BRDA:370,40,0,0
BRDA:370,40,1,3
BRDA:370,41,0,3
BRDA:370,41,1,3
BRDA:375,42,0,0
BRDA:375,42,1,3
BRDA:381,43,0,0
BRDA:381,43,1,3
BRDA:389,44,0,0
BRDA:389,44,1,3
BRDA:392,45,0,0
BRDA:392,45,1,3
BRDA:412,46,0,0
BRDA:412,46,1,0
BRDA:412,47,0,0
BRDA:412,47,1,0
BRDA:412,47,2,0
BRDA:424,48,0,0
BRDA:424,48,1,0
BRDA:498,49,0,0
BRDA:498,49,1,3
BRDA:503,50,0,3
BRDA:503,50,1,0
BRDA:511,51,0,0
BRDA:511,51,1,0
BRDA:554,52,0,0
BRDA:554,52,1,3
BRDA:560,53,0,0
BRDA:560,53,1,3
BRDA:563,54,0,0
BRDA:563,54,1,3
BRDA:570,55,0,2
BRDA:570,55,1,5
BRDA:580,56,0,0
BRDA:580,56,1,5
BRDA:590,57,0,5
BRDA:590,57,1,0
BRDA:599,58,0,4
BRDA:599,58,1,1
BRDA:630,59,0,0
BRDA:630,59,1,0
BRDA:656,60,0,0
BRDA:656,60,1,0
BRDA:659,61,0,0
BRDA:659,61,1,0
BRDA:661,62,0,0
BRDA:661,62,1,0
BRDA:676,63,0,0
BRDA:676,63,1,0
BRDA:679,64,0,0
BRDA:679,64,1,0
BRDA:682,65,0,0
BRDA:682,65,1,0
BRDA:686,66,0,0
BRDA:686,66,1,0
BRDA:698,67,0,0
BRDA:698,67,1,0
BRDA:698,68,0,0
BRDA:698,68,1,0
BRDA:714,69,0,0
BRDA:714,69,1,0
BRDA:717,70,0,0
BRDA:717,70,1,0
BRDA:720,71,0,0
BRDA:720,71,1,0
BRDA:739,72,0,0
BRDA:739,72,1,0
BRDA:740,73,0,0
BRDA:740,73,1,0
BRDA:748,74,0,0
BRDA:748,74,1,0
BRDA:763,75,0,0
BRDA:763,75,1,0
BRDA:768,76,0,0
BRDA:768,76,1,0
BRDA:789,77,0,0
BRDA:789,77,1,0
BRDA:805,78,0,0
BRDA:805,78,1,0
BRDA:810,79,0,0
BRDA:810,79,1,0
BRDA:824,80,0,0
BRDA:824,80,1,0
BRDA:836,81,0,0
BRDA:836,81,1,0
BRDA:853,82,0,0
BRDA:853,82,1,0
BRDA:878,83,0,0
BRDA:878,83,1,0
BRDA:886,84,0,0
BRDA:886,84,1,0
BRDA:891,85,0,0
BRDA:891,85,1,0
BRDA:895,86,0,0
BRDA:895,86,1,0
BRDA:905,87,0,0
BRDA:905,87,1,0
BRDA:945,88,0,0
BRDA:945,88,1,0
BRDA:970,89,0,0
BRDA:970,89,1,0
BRDA:983,90,0,0
BRDA:983,90,1,0
BRDA:1000,91,0,0
BRDA:1000,91,1,0
BRDA:1016,92,0,0
BRDA:1016,92,1,0
BRDA:1022,93,0,0
BRDA:1022,93,1,0
BRDA:1027,94,0,0
BRDA:1027,94,1,0
BRF:190
BRH:61
end_of_record
TN:
SF:/home/travis/build/kalabox/kalabox/lib/engine.js
FN:24,(anonymous_1)
FN:39,(anonymous_2)
FN:43,(anonymous_3)
FN:57,(anonymous_4)
FN:61,(anonymous_5)
FN:75,(anonymous_6)
FN:76,(anonymous_7)
FN:80,(anonymous_8)
FN:85,(anonymous_9)
FN:109,(anonymous_10)
FN:127,(anonymous_11)
FN:138,(anonymous_12)
FN:145,(anonymous_13)
FN:146,(anonymous_14)
FN:177,(anonymous_15)
FN:178,(anonymous_16)
FN:195,(anonymous_17)
FN:196,(anonymous_18)
FN:221,(anonymous_19)
FN:233,(anonymous_20)
FN:258,(anonymous_21)
FN:259,(anonymous_22)
FN:263,(anonymous_23)
FN:292,(anonymous_24)
FN:293,(anonymous_25)
FN:297,(anonymous_26)
FN:345,(anonymous_27)
FN:346,(anonymous_28)
FN:379,(anonymous_29)
FN:380,(anonymous_30)
FN:385,(anonymous_31)
FN:386,(anonymous_32)
FN:421,(anonymous_33)
FN:426,(anonymous_34)
FN:430,(anonymous_35)
FN:433,(anonymous_36)
FN:459,(anonymous_37)
FN:460,(anonymous_38)
FN:465,(anonymous_39)
FN:466,(anonymous_40)
FN:481,(anonymous_41)
FN:482,(anonymous_42)
FN:487,(anonymous_43)
FN:488,(anonymous_44)
FN:534,(anonymous_45)
FN:535,(anonymous_46)
FN:544,(anonymous_47)
FN:546,(anonymous_48)
FN:553,(anonymous_49)
FN:556,(anonymous_50)
FN:585,(anonymous_51)
FN:586,(anonymous_52)
FN:590,(anonymous_53)
FN:610,(anonymous_54)
FN:611,(anonymous_55)
FN:639,(anonymous_56)
FN:640,(anonymous_57)
FN:682,(anonymous_58)
FN:683,(anonymous_59)
FNF:59
FNH:0
FNDA:0,(anonymous_1)
FNDA:0,(anonymous_2)
FNDA:0,(anonymous_3)
FNDA:0,(anonymous_4)
FNDA:0,(anonymous_5)
FNDA:0,(anonymous_6)
FNDA:0,(anonymous_7)
FNDA:0,(anonymous_8)
FNDA:0,(anonymous_9)
FNDA:0,(anonymous_10)
FNDA:0,(anonymous_11)
FNDA:0,(anonymous_12)
FNDA:0,(anonymous_13)
FNDA:0,(anonymous_14)
FNDA:0,(anonymous_15)
FNDA:0,(anonymous_16)
FNDA:0,(anonymous_17)
FNDA:0,(anonymous_18)
FNDA:0,(anonymous_19)
FNDA:0,(anonymous_20)
FNDA:0,(anonymous_21)
FNDA:0,(anonymous_22)
FNDA:0,(anonymous_23)
FNDA:0,(anonymous_24)
FNDA:0,(anonymous_25)
FNDA:0,(anonymous_26)
FNDA:0,(anonymous_27)
FNDA:0,(anonymous_28)
FNDA:0,(anonymous_29)
FNDA:0,(anonymous_30)
FNDA:0,(anonymous_31)
FNDA:0,(anonymous_32)
FNDA:0,(anonymous_33)
FNDA:0,(anonymous_34)
FNDA:0,(anonymous_35)
FNDA:0,(anonymous_36)
FNDA:0,(anonymous_37)
FNDA:0,(anonymous_38)
FNDA:0,(anonymous_39)
FNDA:0,(anonymous_40)
FNDA:0,(anonymous_41)
FNDA:0,(anonymous_42)
FNDA:0,(anonymous_43)
FNDA:0,(anonymous_44)
FNDA:0,(anonymous_45)
FNDA:0,(anonymous_46)
FNDA:0,(anonymous_47)
FNDA:0,(anonymous_48)
FNDA:0,(anonymous_49)
FNDA:0,(anonymous_50)
FNDA:0,(anonymous_51)
FNDA:0,(anonymous_52)
FNDA:0,(anonymous_53)
FNDA:0,(anonymous_54)
FNDA:0,(anonymous_55)
FNDA:0,(anonymous_56)
FNDA:0,(anonymous_57)
FNDA:0,(anonymous_58)
FNDA:0,(anonymous_59)
DA:14,1
DA:15,1
DA:16,1
DA:17,1
DA:19,1
DA:20,1
DA:22,1
DA:24,1
DA:25,0
DA:26,0
DA:27,0
DA:29,0
DA:34,0
DA:35,0
DA:38,1
DA:39,1
DA:40,0
DA:41,0
DA:43,0
DA:44,0
DA:45,0
DA:46,0
DA:47,0
DA:49,0
DA:50,0
DA:56,1
DA:57,1
DA:58,0
DA:59,0
DA:61,0
DA:62,0
DA:63,0
DA:64,0
DA:65,0
DA:67,0
DA:68,0
DA:74,1
DA:75,1
DA:76,0
DA:77,0
DA:78,0
DA:80,0
DA:81,0
DA:82,0
DA:84,0
DA:85,0
DA:86,0
DA:87,0
DA:90,0
DA:91,0
DA:92,0
DA:97,0
DA:109,1
DA:110,0
DA:127,1
DA:128,0
DA:138,1
DA:139,0
DA:140,0
DA:143,0
DA:144,0
DA:145,0
DA:146,0
DA:147,0
DA:148,0
DA:150,0
DA:151,0
DA:152,0
DA:157,0
DA:177,1
DA:178,0
DA:179,0
DA:180,0
DA:182,0
DA:195,1
DA:196,0
DA:197,0
DA:198,0
DA:201,0
DA:221,1
DA:222,0
DA:223,0
DA:224,0
DA:226,0
DA:227,0
DA:229,0
DA:230,0
DA:233,0
DA:234,0
DA:235,0
DA:237,0
DA:258,1
DA:259,0
DA:260,0
DA:261,0
DA:263,0
DA:264,0
DA:266,0
DA:292,1
DA:293,0
DA:294,0
DA:295,0
DA:297,0
DA:298,0
DA:299,0
DA:301,0
DA:345,1
DA:346,0
DA:347,0
DA:348,0
DA:350,0
DA:379,1
DA:380,0
DA:381,0
DA:382,0
DA:385,0
DA:386,0
DA:387,0
DA:388,0
DA:391,0
DA:421,1
DA:422,0
DA:423,0
DA:424,0
DA:426,0
DA:427,0
DA:428,0
DA:430,0
DA:433,0
DA:434,0
DA:459,1
DA:460,0
DA:461,0
DA:462,0
DA:465,0
DA:466,0
DA:467,0
DA:468,0
DA:471,0
DA:481,1
DA:482,0
DA:483,0
DA:484,0
DA:487,0
DA:488,0
DA:489,0
DA:490,0
DA:493,0
DA:507,1
DA:534,1
DA:535,0
DA:536,0
DA:537,0
DA:539,0
DA:544,1
DA:545,0
DA:546,0
DA:547,0
DA:548,0
DA:550,0
DA:553,0
DA:554,0
DA:556,0
DA:557,0
DA:558,0
DA:560,0
DA:585,1
DA:586,0
DA:587,0
DA:588,0
DA:590,0
DA:591,0
DA:610,1
DA:611,0
DA:612,0
DA:613,0
DA:615,0
DA:639,1
DA:640,0
DA:641,0
DA:642,0
DA:644,0
DA:682,1
DA:683,0
DA:684,0
DA:685,0
DA:687,0
LF:187
LH:34
BRDA:26,1,0,0
BRDA:26,1,1,0
BRDA:40,2,0,0
BRDA:40,2,1,0
BRDA:44,3,0,0
BRDA:44,3,1,0
BRDA:46,4,0,0
BRDA:46,4,1,0
BRDA:58,5,0,0
BRDA:58,5,1,0
BRDA:62,6,0,0
BRDA:62,6,1,0
BRDA:64,7,0,0
BRDA:64,7,1,0
BRDA:77,8,0,0
BRDA:77,8,1,0
BRDA:81,9,0,0
BRDA:81,9,1,0
BRDA:84,10,0,0
BRDA:84,10,1,0
BRDA:86,11,0,0
BRDA:86,11,1,0
BRDA:139,12,0,0
BRDA:139,12,1,0
BRDA:143,13,0,0
BRDA:143,13,1,0
BRDA:147,14,0,0
BRDA:147,14,1,0
BRDA:179,15,0,0
BRDA:179,15,1,0
BRDA:197,16,0,0
BRDA:197,16,1,0
BRDA:222,17,0,0
BRDA:222,17,1,0
BRDA:222,18,0,0
BRDA:222,18,1,0
BRDA:226,19,0,0
BRDA:226,19,1,0
BRDA:226,20,0,0
BRDA:226,20,1,0
BRDA:229,21,0,0
BRDA:229,21,1,0
BRDA:234,22,0,0
BRDA:234,22,1,0
BRDA:260,23,0,0
BRDA:260,23,1,0
BRDA:264,24,0,0
BRDA:264,24,1,0
BRDA:294,25,0,0
BRDA:294,25,1,0
BRDA:298,26,0,0
BRDA:298,26,1,0
BRDA:347,27,0,0
BRDA:347,27,1,0
BRDA:381,28,0,0
BRDA:381,28,1,0
BRDA:387,29,0,0
BRDA:387,29,1,0
BRDA:422,30,0,0
BRDA:422,30,1,0
BRDA:422,31,0,0
BRDA:422,31,1,0
BRDA:427,32,0,0
BRDA:427,32,1,0
BRDA:461,33,0,0
BRDA:461,33,1,0
BRDA:467,34,0,0
BRDA:467,34,1,0
BRDA:483,35,0,0
BRDA:483,35,1,0
BRDA:489,36,0,0
BRDA:489,36,1,0
BRDA:536,37,0,0
BRDA:536,37,1,0
BRDA:547,38,0,0
BRDA:547,38,1,0
BRDA:557,39,0,0
BRDA:557,39,1,0
BRDA:587,40,0,0
BRDA:587,40,1,0
BRDA:612,41,0,0
BRDA:612,41,1,0
BRDA:641,42,0,0
BRDA:641,42,1,0
BRDA:684,43,0,0
BRDA:684,43,1,0
BRF:86
BRH:0
end_of_record
TN:
SF:/home/travis/build/kalabox/kalabox/lib/util.js
FN:32,(anonymous_1)
FN:38,(anonymous_2)
FN:44,(anonymous_3)
FN:53,(anonymous_4)
FN:58,(anonymous_5)
FN:62,(anonymous_6)
FN:70,(anonymous_7)
FN:75,(anonymous_8)
FN:80,(anonymous_9)
FN:81,(anonymous_10)
FNF:10
FNH:10
FNDA:170,(anonymous_1)
FNDA:141,(anonymous_2)
FNDA:5,(anonymous_3)
FNDA:162,(anonymous_4)
FNDA:162,(anonymous_5)
FNDA:145,(anonymous_6)
FNDA:8,(anonymous_7)
FNDA:7,(anonymous_8)
FNDA:2,(anonymous_9)
FNDA:6,(anonymous_10)
DA:7,1
DA:9,1
DA:11,1
DA:12,1
DA:14,1
DA:15,1
DA:17,1
DA:18,1
DA:20,1
DA:21,1
DA:23,1
DA:24,1
DA:26,1
DA:27,1
DA:29,1
DA:30,1
DA:32,1
DA:33,170
DA:36,1
DA:39,141
DA:40,145
DA:42,43
DA:45,5
DA:46,5
DA:47,10
DA:48,3
DA:51,2
DA:54,162
DA:55,162
DA:56,162
DA:59,162
DA:60,162
DA:63,145
DA:64,98
DA:69,1
DA:71,8
DA:72,8
DA:73,8
DA:76,7
DA:80,1
DA:81,2
DA:82,6
LF:42
LH:42
BRDA:47,1,0,3
BRDA:47,1,1,7
BRDA:63,2,0,98
BRDA:63,2,1,47
BRF:4
BRH:4
end_of_record
TN:
SF:/home/travis/build/kalabox/kalabox/lib/util/algo.js
FN:10,(anonymous_1)
FN:12,(anonymous_2)
FN:14,(anonymous_3)
FN:25,(anonymous_4)
FN:49,(anonymous_5)
FN:51,(anonymous_6)
FN:52,(anonymous_7)
FN:57,(anonymous_8)
FNF:8
FNH:0
FNDA:0,(anonymous_1)
FNDA:0,(anonymous_2)
FNDA:0,(anonymous_3)
FNDA:0,(anonymous_4)
FNDA:0,(anonymous_5)
FNDA:0,(anonymous_6)
FNDA:0,(anonymous_7)
FNDA:0,(anonymous_8)
DA:3,1
DA:4,1
DA:5,1
DA:10,1
DA:12,0
DA:14,0
DA:15,0
DA:18,0
DA:25,1
DA:27,0
DA:29,0
DA:31,0
DA:33,0
DA:35,0
DA:39,0
DA:49,1
DA:51,0
DA:52,0
DA:53,0
DA:57,0
DA:58,0
DA:59,0
DA:62,0
DA:66,1
LF:24
LH:7
BRDA:29,1,0,0
BRDA:29,1,1,0
BRDA:33,2,0,0
BRDA:33,2,1,0
BRF:4
BRH:0
end_of_record
TN:
SF:/home/travis/build/kalabox/kalabox/lib/util/disk.js
FN:10,(anonymous_1)
FN:12,(anonymous_2)
FN:26,(anonymous_3)
FN:27,(anonymous_4)
FN:36,(anonymous_5)
FN:38,(anonymous_6)
FNF:6
FNH:4
FNDA:0,(anonymous_1)
FNDA:0,(anonymous_2)
FNDA:1,(anonymous_3)
FNDA:1,(anonymous_4)
FNDA:3,(anonymous_5)
FNDA:3,(anonymous_6)
DA:4,2
DA:5,2
DA:6,2
DA:7,2
DA:8,2
DA:10,2
DA:11,0
DA:12,0
DA:13,0
DA:14,0
DA:16,0
DA:17,0
DA:18,0
DA:20,0
DA:26,2
DA:27,1
DA:28,1
DA:29,1
DA:30,0
DA:32,1
DA:36,2
DA:37,3
DA:38,3
DA:39,3
DA:40,3
DA:41,1
DA:45,3
LF:27
LH:18
BRDA:13,1,0,0
BRDA:13,1,1,0
BRDA:17,2,0,0
BRDA:17,2,1,0
BRDA:17,3,0,0
BRDA:17,3,1,0
BRDA:29,4,0,0
BRDA:29,4,1,1
BRDA:40,5,0,1
BRDA:40,5,1,2
BRDA:40,6,0,3
BRDA:40,6,1,3
BRF:12
BRH:5
end_of_record
TN:
SF:/home/travis/build/kalabox/kalabox/lib/util/shell.js
FN:25,(anonymous_1)
FN:29,(anonymous_2)
FN:31,(anonymous_3)
FN:87,(anonymous_4)
FN:89,(anonymous_5)
FN:114,(anonymous_6)
FN:133,(anonymous_7)
FNF:7
FNH:3
FNDA:1,(anonymous_1)
FNDA:0,(anonymous_2)
FNDA:0,(anonymous_3)
FNDA:4,(anonymous_4)
FNDA:4,(anonymous_5)
FNDA:0,(anonymous_6)
FNDA:0,(anonymous_7)
DA:8,1
DA:9,1
DA:25,1
DA:26,1
DA:29,1
DA:31,0
DA:32,0
DA:33,0
DA:36,0
DA:37,0
DA:38,0
DA:40,0
DA:43,0
DA:44,0
DA:47,0
DA:52,0
DA:53,0
DA:58,0
DA:59,0
DA:62,0
DA:63,0
DA:66,0
DA:87,1
DA:88,4
DA:89,4
DA:90,4
DA:91,4
DA:92,2
DA:96,4
DA:114,1
DA:115,0
DA:133,1
DA:134,0
LF:33
LH:14
BRDA:36,1,0,0
BRDA:36,1,1,0
BRDA:37,2,0,0
BRDA:37,2,1,0
BRDA:43,3,0,0
BRDA:43,3,1,0
BRDA:52,4,0,0
BRDA:52,4,1,0
BRDA:58,5,0,0
BRDA:58,5,1,0
BRDA:62,6,0,0
BRDA:62,6,1,0
BRDA:91,7,0,2
BRDA:91,7,1,2
BRF:14
BRH:2
end_of_record
TN:
SF:/home/travis/build/kalabox/kalabox/lib/util/download.js
FN:4,(anonymous_1)
FN:11,(anonymous_2)
FNF:2
FNH:0
FNDA:0,(anonymous_1)
FNDA:0,(anonymous_2)
DA:4,1
DA:7,0
DA:8,0
DA:9,0
DA:11,0
DA:12,0
DA:15,0
DA:16,0
LF:8
LH:1
BRF:0
BRH:0
end_of_record
TN:
SF:/home/travis/build/kalabox/kalabox/lib/util/firewall.js
FN:27,(anonymous_1)
FN:29,(anonymous_2)
FN:55,(anonymous_3)
FN:56,(anonymous_4)
FNF:4
FNH:0
FNDA:0,(anonymous_1)
FNDA:0,(anonymous_2)
FNDA:0,(anonymous_3)
FNDA:0,(anonymous_4)
DA:8,2
DA:9,2
DA:27,2
DA:28,0
DA:29,0
DA:30,0
DA:31,0
DA:32,0
DA:33,0
DA:35,0
DA:55,2
DA:56,0
DA:57,0
LF:13
LH:4
BRDA:30,1,0,0
BRDA:30,1,1,0
BRDA:32,2,0,0
BRDA:32,2,1,0
BRF:4
BRH:0
end_of_record
TN:
SF:/home/travis/build/kalabox/kalabox/lib/util/helpers.js
FN:7,(anonymous_1)
FN:9,(anonymous_2)
FN:10,(anonymous_3)
FN:20,(anonymous_4)
FN:35,(anonymous_5)
FN:36,(anonymous_6)
FN:46,(anonymous_7)
FN:57,(anonymous_8)
FN:58,(anonymous_9)
FN:74,(anonymous_10)
FN:75,(anonymous_11)
FN:90,(anonymous_12)
FN:91,(anonymous_13)
FN:107,(anonymous_14)
FN:111,(anonymous_15)
FNF:15
FNH:6
FNDA:2,(anonymous_1)
FNDA:0,(anonymous_2)
FNDA:0,(anonymous_3)
FNDA:0,(anonymous_4)
FNDA:0,(anonymous_5)
FNDA:0,(anonymous_6)
FNDA:0,(anonymous_7)
FNDA:5,(anonymous_8)
FNDA:16,(anonymous_9)
FNDA:1,(anonymous_10)
FNDA:5,(anonymous_11)
FNDA:0,(anonymous_12)
FNDA:0,(anonymous_13)
FNDA:4,(anonymous_14)
FNDA:0,(anonymous_15)
DA:7,2
DA:9,1
DA:10,0
DA:11,0
DA:12,0
DA:13,0
DA:15,0
DA:18,0
DA:19,0
DA:20,0
DA:21,0
DA:22,0
DA:24,0
DA:25,0
DA:27,0
DA:32,0
DA:35,1
DA:36,0
DA:37,0
DA:38,0
DA:39,0
DA:41,0
DA:44,0
DA:45,0
DA:46,0
DA:47,0
DA:48,0
DA:50,0
DA:54,0
DA:57,1
DA:58,5
DA:59,16
DA:60,2
DA:62,14
DA:63,14
DA:64,14
DA:65,3
DA:67,11
DA:71,5
DA:74,1
DA:75,1
DA:76,5
DA:77,1
DA:79,4
DA:80,4
DA:81,4
DA:82,2
DA:84,4
DA:87,1
DA:90,1
DA:91,0
DA:92,0
DA:93,0
DA:95,0
DA:96,0
DA:97,0
DA:98,0
DA:99,0
DA:101,0
DA:104,0
DA:107,1
DA:108,4
DA:111,1
DA:112,0
DA:115,1
LF:65
LH:28
BRDA:11,1,0,0
BRDA:11,1,1,0
BRDA:12,2,0,0
BRDA:12,2,1,0
BRDA:21,3,0,0
BRDA:21,3,1,0
BRDA:24,4,0,0
BRDA:24,4,1,0
BRDA:37,5,0,0
BRDA:37,5,1,0
BRDA:38,6,0,0
BRDA:38,6,1,0
BRDA:47,7,0,0
BRDA:47,7,1,0
BRDA:59,8,0,2
BRDA:59,8,1,14
BRDA:64,9,0,3
BRDA:64,9,1,11
BRDA:76,10,0,1
BRDA:76,10,1,4
BRDA:81,11,0,2
BRDA:81,11,1,2
BRDA:92,12,0,0
BRDA:92,12,1,0
BRDA:98,13,0,0
BRDA:98,13,1,0
BRF:26
BRH:8
end_of_record
TN:
SF:/home/travis/build/kalabox/kalabox/lib/util/internet.js
FN:23,(anonymous_1)
FN:24,(anonymous_2)
FNF:2
FNH:2
FNDA:2,(anonymous_1)
FNDA:2,(anonymous_2)
DA:8,1
DA:23,1
DA:24,2
DA:25,2
LF:4
LH:4
BRF:0
BRH:0
end_of_record
TN:
SF:/home/travis/build/kalabox/kalabox/lib/util/npm.js
FN:18,(anonymous_1)
FN:28,(anonymous_2)
FN:46,(anonymous_3)
FN:47,(anonymous_4)
FN:52,(anonymous_5)
FN:71,(anonymous_6)
FN:87,(anonymous_7)
FN:91,(anonymous_8)
FN:94,(anonymous_9)
FN:125,(anonymous_10)
FN:126,(anonymous_11)
FN:140,(anonymous_12)
FN:174,(anonymous_13)
FN:200,(anonymous_14)
FN:207,(anonymous_15)
FN:241,(anonymous_16)
FN:245,(anonymous_17)
FNF:17
FNH:0
FNDA:0,(anonymous_1)
FNDA:0,(anonymous_2)
FNDA:0,(anonymous_3)
FNDA:0,(anonymous_4)
FNDA:0,(anonymous_5)
FNDA:0,(anonymous_6)
FNDA:0,(anonymous_7)
FNDA:0,(anonymous_8)
FNDA:0,(anonymous_9)
FNDA:0,(anonymous_10)
FNDA:0,(anonymous_11)
FNDA:0,(anonymous_12)
FNDA:0,(anonymous_13)
FNDA:0,(anonymous_14)
FNDA:0,(anonymous_15)
FNDA:0,(anonymous_16)
FNDA:0,(anonymous_17)
DA:8,1
DA:9,1
DA:10,1
DA:11,1
DA:12,1
DA:13,1
DA:14,1
DA:17,1
DA:18,1
DA:19,0
DA:20,0
DA:22,0
DA:28,1
DA:29,0
DA:30,0
DA:31,0
DA:33,0
DA:34,0
DA:36,0
DA:37,0
DA:40,0
DA:46,1
DA:47,0
DA:48,0
DA:49,0
DA:51,0
DA:52,0
DA:53,0
DA:54,0
DA:55,0
DA:57,0
DA:61,0
DA:71,1
DA:73,0
DA:74,0
DA:75,0
DA:76,0
DA:79,0
DA:80,0
DA:84,0
DA:85,0
DA:87,0
DA:88,0
DA:91,0
DA:92,0
DA:95,0
DA:96,0
DA:98,0
DA:104,0
DA:105,0
DA:106,0
DA:107,0
DA:108,0
DA:109,0
DA:111,0
DA:112,0
DA:113,0
DA:116,0
DA:119,0
DA:120,0
DA:121,0
DA:123,0
DA:126,0
DA:127,0
DA:128,0
DA:130,0
DA:131,0
DA:132,0
DA:135,0
DA:141,0
DA:142,0
DA:145,0
DA:146,0
DA:147,0
DA:153,0
DA:174,1
DA:175,0
DA:200,1
DA:201,0
DA:202,0
DA:203,0
DA:207,0
DA:208,0
DA:209,0
DA:210,0
DA:211,0
DA:216,0
DA:219,0
DA:220,0
DA:223,0
DA:241,1
DA:242,0
DA:243,0
DA:244,0
DA:245,0
DA:246,0
DA:247,0
DA:248,0
DA:249,0
DA:254,0
DA:257,0
DA:258,0
DA:261,0
LF:103
LH:15
BRDA:19,1,0,0
BRDA:19,1,1,0
BRDA:30,2,0,0
BRDA:30,2,1,0
BRDA:36,3,0,0
BRDA:36,3,1,0
BRDA:48,4,0,0
BRDA:48,4,1,0
BRDA:53,5,0,0
BRDA:53,5,1,0
BRDA:54,6,0,0
BRDA:54,6,1,0
BRDA:73,7,0,0
BRDA:73,7,1,0
BRDA:75,8,0,0
BRDA:75,8,1,0
BRDA:95,9,0,0
BRDA:95,9,1,0
BRDA:104,10,0,0
BRDA:104,10,1,0
BRDA:104,11,0,0
BRDA:104,11,1,0
BRDA:106,12,0,0
BRDA:106,12,1,0
BRDA:108,13,0,0
BRDA:108,13,1,0
BRDA:119,14,0,0
BRDA:119,14,1,0
BRDA:120,15,0,0
BRDA:120,15,1,0
BRDA:120,16,0,0
BRDA:120,16,1,0
BRDA:127,17,0,0
BRDA:127,17,1,0
BRDA:130,18,0,0
BRDA:130,18,1,0
BRDA:141,19,0,0
BRDA:141,19,1,0
BRDA:210,20,0,0
BRDA:210,20,1,0
BRDA:219,21,0,0
BRDA:219,21,1,0
BRDA:248,22,0,0
BRDA:248,22,1,0
BRDA:257,23,0,0
BRDA:257,23,1,0
BRF:46
BRH:0
end_of_record
TN:
SF:/home/travis/build/kalabox/kalabox/lib/engine/provider.js
FN:18,(anonymous_1)
FN:19,(anonymous_2)
FN:28,(anonymous_3)
FN:43,(anonymous_4)
FN:51,(anonymous_5)
FN:53,(anonymous_6)
FN:61,(anonymous_7)
FN:77,(anonymous_8)
FN:101,(anonymous_9)
FN:122,(anonymous_10)
FN:140,(anonymous_11)
FN:150,(anonymous_12)
FN:184,(anonymous_13)
FN:205,(anonymous_14)
FN:210,(anonymous_15)
FN:225,(anonymous_16)
FN:237,(anonymous_17)
FNF:17
FNH:0
FNDA:0,(anonymous_1)
FNDA:0,(anonymous_2)
FNDA:0,(anonymous_3)
FNDA:0,(anonymous_4)
FNDA:0,(anonymous_5)
FNDA:0,(anonymous_6)
FNDA:0,(anonymous_7)
FNDA:0,(anonymous_8)
FNDA:0,(anonymous_9)
FNDA:0,(anonymous_10)
FNDA:0,(anonymous_11)
FNDA:0,(anonymous_12)
FNDA:0,(anonymous_13)
FNDA:0,(anonymous_14)
FNDA:0,(anonymous_15)
FNDA:0,(anonymous_16)
FNDA:0,(anonymous_17)
DA:16,1
DA:18,1
DA:19,0
DA:20,0
DA:28,1
DA:29,0
DA:32,0
DA:44,0
DA:46,0
DA:49,1
DA:51,1
DA:52,0
DA:53,0
DA:54,0
DA:55,0
DA:58,0
DA:61,1
DA:62,0
DA:77,1
DA:78,0
DA:79,0
DA:80,0
DA:81,0
DA:84,0
DA:85,0
DA:87,0
DA:101,1
DA:102,0
DA:122,1
DA:123,0
DA:140,1
DA:141,0
DA:150,1
DA:151,0
DA:184,1
DA:185,0
DA:205,1
DA:206,0
DA:210,1
DA:211,0
DA:225,1
DA:226,0
DA:237,1
DA:238,0
LF:44
LH:16
BRDA:52,1,0,0
BRDA:52,1,1,0
BRDA:80,2,0,0
BRDA:80,2,1,0
BRF:4
BRH:0
end_of_record
TN:
SF:/home/travis/build/kalabox/kalabox/lib/services.js
FN:45,(anonymous_1)
FN:52,(anonymous_2)
FN:80,(anonymous_3)
FN:95,(anonymous_4)
FNF:4
FNH:0
FNDA:0,(anonymous_1)
FNDA:0,(anonymous_2)
FNDA:0,(anonymous_3)
FNDA:0,(anonymous_4)
DA:21,1
DA:45,1
DA:46,0
DA:47,0
DA:50,0
DA:51,0
DA:52,0
DA:53,0
DA:54,0
DA:56,0
DA:57,0
DA:61,0
DA:80,1
DA:81,0
DA:95,1
DA:96,0
LF:16
LH:4
BRDA:46,1,0,0
BRDA:46,1,1,0
BRDA:50,2,0,0
BRDA:50,2,1,0
BRDA:53,3,0,0
BRDA:53,3,1,0
BRF:6
BRH:0
end_of_record
TN:
SF:/home/travis/build/kalabox/kalabox/lib/share.js
FN:21,(anonymous_1)
FN:24,(anonymous_2)
FN:25,(anonymous_3)
FN:33,(anonymous_4)
FN:34,(anonymous_5)
FN:35,(anonymous_6)
FN:46,(anonymous_7)
FN:50,(anonymous_8)
FN:59,(anonymous_9)
FN:62,(anonymous_10)
FN:63,(anonymous_11)
FN:72,(anonymous_12)
FN:87,(anonymous_13)
FN:97,(anonymous_14)
FN:99,(anonymous_15)
FN:100,(anonymous_16)
FN:118,(anonymous_17)
FN:123,(anonymous_18)
FN:125,(anonymous_19)
FN:141,(anonymous_20)
FN:142,(anonymous_21)
FN:150,(anonymous_22)
FN:151,(anonymous_23)
FN:153,(anonymous_24)
FN:165,(anonymous_25)
FN:167,(anonymous_26)
FN:170,(anonymous_27)
FN:179,(anonymous_28)
FN:184,(anonymous_29)
FN:203,(anonymous_30)
FN:207,(anonymous_31)
FN:211,(anonymous_32)
FN:217,(anonymous_33)
FN:229,(anonymous_34)
FN:230,(anonymous_35)
FN:239,(anonymous_36)
FN:246,(anonymous_37)
FN:263,(anonymous_38)
FN:266,(anonymous_39)
FN:270,(anonymous_40)
FN:278,(anonymous_41)
FN:285,(anonymous_42)
FN:289,(anonymous_43)
FN:299,(anonymous_44)
FN:306,(anonymous_45)
FN:308,(anonymous_46)
FN:315,(anonymous_47)
FN:326,(anonymous_48)
FN:333,(anonymous_49)
FN:347,(anonymous_50)
FN:356,(anonymous_51)
FN:365,(anonymous_52)
FN:367,(anonymous_53)
FN:372,(anonymous_54)
FN:383,(anonymous_55)
FN:390,(anonymous_56)
FNF:56
FNH:0
FNDA:0,(anonymous_1)
FNDA:0,(anonymous_2)
FNDA:0,(anonymous_3)
FNDA:0,(anonymous_4)
FNDA:0,(anonymous_5)
FNDA:0,(anonymous_6)
FNDA:0,(anonymous_7)
FNDA:0,(anonymous_8)
FNDA:0,(anonymous_9)
FNDA:0,(anonymous_10)
FNDA:0,(anonymous_11)
FNDA:0,(anonymous_12)
FNDA:0,(anonymous_13)
FNDA:0,(anonymous_14)
FNDA:0,(anonymous_15)
FNDA:0,(anonymous_16)
FNDA:0,(anonymous_17)
FNDA:0,(anonymous_18)
FNDA:0,(anonymous_19)
FNDA:0,(anonymous_20)
FNDA:0,(anonymous_21)
FNDA:0,(anonymous_22)
FNDA:0,(anonymous_23)
FNDA:0,(anonymous_24)
FNDA:0,(anonymous_25)
FNDA:0,(anonymous_26)
FNDA:0,(anonymous_27)
FNDA:0,(anonymous_28)
FNDA:0,(anonymous_29)
FNDA:0,(anonymous_30)
FNDA:0,(anonymous_31)
FNDA:0,(anonymous_32)
FNDA:0,(anonymous_33)
FNDA:0,(anonymous_34)
FNDA:0,(anonymous_35)
FNDA:0,(anonymous_36)
FNDA:0,(anonymous_37)
FNDA:0,(anonymous_38)
FNDA:0,(anonymous_39)
FNDA:0,(anonymous_40)
FNDA:0,(anonymous_41)
FNDA:0,(anonymous_42)
FNDA:0,(anonymous_43)
FNDA:0,(anonymous_44)
FNDA:0,(anonymous_45)
FNDA:0,(anonymous_46)
FNDA:0,(anonymous_47)
FNDA:0,(anonymous_48)
FNDA:0,(anonymous_49)
FNDA:0,(anonymous_50)
FNDA:0,(anonymous_51)
FNDA:0,(anonymous_52)
FNDA:0,(anonymous_53)
FNDA:0,(anonymous_54)
FNDA:0,(anonymous_55)
FNDA:0,(anonymous_56)
DA:3,1
DA:4,1
DA:5,1
DA:6,1
DA:7,1
DA:8,1
DA:9,1
DA:10,1
DA:12,1
DA:14,1
DA:16,1
DA:21,1
DA:24,0
DA:25,0
DA:26,0
DA:27,0
DA:29,0
DA:34,0
DA:35,0
DA:36,0
DA:37,0
DA:39,0
DA:47,0
DA:51,0
DA:59,1
DA:62,0
DA:63,0
DA:64,0
DA:65,0
DA:67,0
DA:73,0
DA:74,0
DA:78,0
DA:79,0
DA:81,0
DA:88,0
DA:89,0
DA:97,1
DA:99,0
DA:100,0
DA:101,0
DA:102,0
DA:104,0
DA:105,0
DA:106,0
DA:108,0
DA:118,1
DA:121,0
DA:124,0
DA:126,0
DA:127,0
DA:129,0
DA:141,1
DA:142,0
DA:143,0
DA:150,1
DA:151,0
DA:153,0
DA:154,0
DA:155,0
DA:157,0
DA:165,1
DA:167,0
DA:170,0
DA:173,0
DA:174,0
DA:178,0
DA:179,0
DA:180,0
DA:184,0
DA:185,0
DA:186,0
DA:188,0
DA:192,0
DA:203,1
DA:206,0
DA:208,0
DA:210,0
DA:212,0
DA:214,0
DA:219,0
DA:229,1
DA:230,0
DA:231,0
DA:233,0
DA:239,1
DA:240,0
DA:246,1
DA:249,0
DA:250,0
DA:254,0
DA:255,0
DA:259,0
DA:262,0
DA:265,0
DA:267,0
DA:269,0
DA:271,0
DA:279,0
DA:284,0
DA:287,0
DA:290,0
DA:295,0
DA:298,0
DA:302,0
DA:305,0
DA:307,0
DA:309,0
DA:314,0
DA:317,0
DA:329,0
DA:330,0
DA:333,0
DA:334,0
DA:335,0
DA:336,0
DA:337,0
DA:340,0
DA:349,0
DA:358,0
DA:367,0
DA:369,0
DA:372,0
DA:375,0
DA:376,0
DA:378,0
DA:382,0
DA:386,0
DA:387,0
DA:390,0
DA:391,0
LF:131
LH:22
BRDA:26,1,0,0
BRDA:26,1,1,0
BRDA:36,2,0,0
BRDA:36,2,1,0
BRDA:64,3,0,0
BRDA:64,3,1,0
BRDA:75,4,0,0
BRDA:75,4,1,0
BRDA:75,4,2,0
BRDA:78,5,0,0
BRDA:78,5,1,0
BRDA:101,6,0,0
BRDA:101,6,1,0
BRDA:105,7,0,0
BRDA:105,7,1,0
BRDA:126,8,0,0
BRDA:126,8,1,0
BRDA:154,9,0,0
BRDA:154,9,1,0
BRDA:173,10,0,0
BRDA:173,10,1,0
BRDA:185,11,0,0
BRDA:185,11,1,0
BRDA:208,12,0,0
BRDA:208,12,1,0
BRDA:212,13,0,0
BRDA:212,13,1,0
BRDA:249,14,0,0
BRDA:249,14,1,0
BRDA:254,15,0,0
BRDA:254,15,1,0
BRDA:267,16,0,0
BRDA:267,16,1,0
BRDA:376,17,0,0
BRDA:376,17,1,0
BRDA:386,18,0,0
BRDA:386,18,1,0
BRF:37
BRH:0
end_of_record
TN:
SF:/home/travis/build/kalabox/kalabox/lib/share/sync/sync.js
FN:18,Sync
FN:23,(anonymous_2)
FN:27,(anonymous_3)
FN:31,(anonymous_4)
FN:33,(anonymous_5)
FN:39,(anonymous_6)
FN:41,(anonymous_7)
FN:46,(anonymous_8)
FN:50,(anonymous_9)
FN:55,(anonymous_10)
FN:60,(anonymous_11)
FN:65,(anonymous_12)
FN:69,(anonymous_13)
FN:70,(anonymous_14)
FN:72,(anonymous_15)
FN:75,(anonymous_16)
FN:80,(anonymous_17)
FN:90,(anonymous_18)
FN:94,(anonymous_19)
FN:99,(anonymous_20)
FN:123,(anonymous_21)
FN:126,(anonymous_22)
FN:133,(anonymous_23)
FN:136,(anonymous_24)
FN:138,(anonymous_25)
FN:146,(anonymous_26)
FN:148,(anonymous_27)
FN:170,(anonymous_28)
FN:180,(anonymous_29)
FN:183,(anonymous_30)
FN:188,(anonymous_31)
FN:191,(anonymous_32)
FN:194,(anonymous_33)
FN:203,(anonymous_34)
FN:206,(anonymous_35)
FN:209,(anonymous_36)
FN:218,(anonymous_37)
FN:222,(anonymous_38)
FN:227,(anonymous_39)
FN:231,(anonymous_40)
FN:233,(anonymous_41)
FN:239,(anonymous_42)
FN:243,(anonymous_43)
FN:248,(anonymous_44)
FN:252,(anonymous_45)
FN:257,(anonymous_46)
FN:266,(anonymous_47)
FN:267,(anonymous_48)
FN:279,(anonymous_49)
FNF:49
FNH:0
FNDA:0,Sync
FNDA:0,(anonymous_2)
FNDA:0,(anonymous_3)
FNDA:0,(anonymous_4)
FNDA:0,(anonymous_5)
FNDA:0,(anonymous_6)
FNDA:0,(anonymous_7)
FNDA:0,(anonymous_8)
FNDA:0,(anonymous_9)
FNDA:0,(anonymous_10)
FNDA:0,(anonymous_11)
FNDA:0,(anonymous_12)
FNDA:0,(anonymous_13)
FNDA:0,(anonymous_14)
FNDA:0,(anonymous_15)
FNDA:0,(anonymous_16)
FNDA:0,(anonymous_17)
FNDA:0,(anonymous_18)
FNDA:0,(anonymous_19)
FNDA:0,(anonymous_20)
FNDA:0,(anonymous_21)
FNDA:0,(anonymous_22)
FNDA:0,(anonymous_23)
FNDA:0,(anonymous_24)
FNDA:0,(anonymous_25)
FNDA:0,(anonymous_26)
FNDA:0,(anonymous_27)
FNDA:0,(anonymous_28)
FNDA:0,(anonymous_29)
FNDA:0,(anonymous_30)
FNDA:0,(anonymous_31)
FNDA:0,(anonymous_32)
FNDA:0,(anonymous_33)
FNDA:0,(anonymous_34)
FNDA:0,(anonymous_35)
FNDA:0,(anonymous_36)
FNDA:0,(anonymous_37)
FNDA:0,(anonymous_38)
FNDA:0,(anonymous_39)
FNDA:0,(anonymous_40)
FNDA:0,(anonymous_41)
FNDA:0,(anonymous_42)
FNDA:0,(anonymous_43)
FNDA:0,(anonymous_44)
FNDA:0,(anonymous_45)
FNDA:0,(anonymous_46)
FNDA:0,(anonymous_47)
FNDA:0,(anonymous_48)
FNDA:0,(anonymous_49)
DA:3,1
DA:4,1
DA:5,1
DA:6,1
DA:7,1
DA:8,1
DA:9,1
DA:10,1
DA:12,1
DA:14,1
DA:15,1
DA:16,1
DA:18,1
DA:19,0
DA:20,0
DA:23,1
DA:24,0
DA:27,1
DA:28,0
DA:29,0
DA:30,0
DA:32,0
DA:34,0
DA:39,1
DA:40,0
DA:42,0
DA:46,1
DA:47,0
DA:50,1
DA:51,0
DA:52,0
DA:55,1
DA:56,0
DA:57,0
DA:60,1
DA:61,0
DA:62,0
DA:65,1
DA:66,0
DA:67,0
DA:68,0
DA:69,0
DA:70,0
DA:71,0
DA:73,0
DA:76,0
DA:77,0
DA:80,0
DA:81,0
DA:86,0
DA:90,1
DA:92,0
DA:94,0
DA:95,0
DA:98,0
DA:99,0
DA:100,0
DA:102,0
DA:104,0
DA:107,0
DA:115,0
DA:119,0
DA:123,1
DA:124,0
DA:125,0
DA:127,0
DA:128,0
DA:129,0
DA:133,1
DA:134,0
DA:135,0
DA:137,0
DA:138,0
DA:139,0
DA:141,0
DA:142,0
DA:146,1
DA:148,0
DA:149,0
DA:152,0
DA:170,0
DA:171,0
DA:174,0
DA:176,0
DA:180,1
DA:181,0
DA:182,0
DA:184,0
DA:188,1
DA:189,0
DA:190,0
DA:192,0
DA:195,0
DA:196,0
DA:198,0
DA:203,1
DA:204,0
DA:205,0
DA:207,0
DA:210,0
DA:211,0
DA:213,0
DA:218,1
DA:219,0
DA:220,0
DA:221,0
DA:223,0
DA:227,1
DA:228,0
DA:229,0
DA:230,0
DA:232,0
DA:234,0
DA:239,1
DA:240,0
DA:241,0
DA:242,0
DA:244,0
DA:248,1
DA:249,0
DA:250,0
DA:251,0
DA:253,0
DA:257,1
DA:258,0
DA:259,0
DA:260,0
DA:263,0
DA:266,0
DA:267,0
DA:268,0
DA:269,0
DA:270,0
DA:271,0
DA:272,0
DA:276,0
DA:280,0
DA:284,1
LF:138
LH:34
BRDA:76,1,0,0
BRDA:76,1,1,0
BRDA:98,2,0,0
BRDA:98,2,1,0
BRDA:100,3,0,0
BRDA:100,3,1,0
BRDA:100,4,0,0
BRDA:100,4,1,0
BRDA:195,5,0,0
BRDA:195,5,1,0
BRDA:210,6,0,0
BRDA:210,6,1,0
BRDA:259,7,0,0
BRDA:259,7,1,0
BRF:14
BRH:0
end_of_record
TN:
SF:/home/travis/build/kalabox/kalabox/lib/share/sync/syncRest.js
FN:5,(anonymous_1)
FN:21,(anonymous_2)
FN:25,(anonymous_3)
FN:31,(anonymous_4)
FN:33,(anonymous_5)
FN:37,(anonymous_6)
FN:46,(anonymous_7)
FN:54,(anonymous_8)
FN:63,(anonymous_9)
FN:65,(anonymous_10)
FN:69,(anonymous_11)
FN:78,(anonymous_12)
FN:86,(anonymous_13)
FN:89,(anonymous_14)
FN:92,(anonymous_15)
FN:95,(anonymous_16)
FN:98,(anonymous_17)
FN:101,(anonymous_18)
FN:104,(anonymous_19)
FN:107,(anonymous_20)
FN:110,(anonymous_21)
FN:118,(anonymous_22)
FN:121,(anonymous_23)
FN:124,(anonymous_24)
FN:127,(anonymous_25)
FN:130,(anonymous_26)
FN:133,(anonymous_27)
FN:136,(anonymous_28)
FN:139,(anonymous_29)
FNF:29
FNH:0
FNDA:0,(anonymous_1)
FNDA:0,(anonymous_2)
FNDA:0,(anonymous_3)
FNDA:0,(anonymous_4)
FNDA:0,(anonymous_5)
FNDA:0,(anonymous_6)
FNDA:0,(anonymous_7)
FNDA:0,(anonymous_8)
FNDA:0,(anonymous_9)
FNDA:0,(anonymous_10)
FNDA:0,(anonymous_11)
FNDA:0,(anonymous_12)
FNDA:0,(anonymous_13)
FNDA:0,(anonymous_14)
FNDA:0,(anonymous_15)
FNDA:0,(anonymous_16)
FNDA:0,(anonymous_17)
FNDA:0,(anonymous_18)
FNDA:0,(anonymous_19)
FNDA:0,(anonymous_20)
FNDA:0,(anonymous_21)
FNDA:0,(anonymous_22)
FNDA:0,(anonymous_23)
FNDA:0,(anonymous_24)
FNDA:0,(anonymous_25)
FNDA:0,(anonymous_26)
FNDA:0,(anonymous_27)
FNDA:0,(anonymous_28)
FNDA:0,(anonymous_29)
DA:4,1
DA:5,1
DA:6,0
DA:7,0
DA:9,0
DA:12,1
DA:13,1
DA:15,1
DA:21,1
DA:22,0
DA:25,1
DA:26,0
DA:27,0
DA:30,0
DA:31,0
DA:32,0
DA:34,0
DA:35,0
DA:39,0
DA:40,0
DA:41,0
DA:43,0
DA:47,0
DA:48,0
DA:54,1
DA:55,0
DA:56,0
DA:58,0
DA:59,0
DA:62,0
DA:63,0
DA:64,0
DA:66,0
DA:67,0
DA:71,0
DA:72,0
DA:73,0
DA:75,0
DA:79,0
DA:80,0
DA:85,1
DA:87,0
DA:90,0
DA:93,0
DA:96,0
DA:99,0
DA:102,0
DA:105,0
DA:108,0
DA:111,0
DA:112,0
DA:114,0
DA:119,0
DA:122,0
DA:125,0
DA:128,0
DA:131,0
DA:134,0
DA:137,0
DA:140,0
DA:144,1
LF:61
LH:10
BRDA:6,1,0,0
BRDA:6,1,1,0
BRDA:39,2,0,0
BRDA:39,2,1,0
BRDA:55,3,0,0
BRDA:55,3,1,0
BRDA:71,4,0,0
BRDA:71,4,1,0
BRDA:111,5,0,0
BRDA:111,5,1,0
BRF:10
BRH:0
end_of_record
TN:
SF:/home/travis/build/kalabox/kalabox/lib/share/sync/syncContainer.js
FN:8,(anonymous_1)
FN:9,(anonymous_2)
FN:10,(anonymous_3)
FN:20,(anonymous_4)
FN:21,(anonymous_5)
FN:22,(anonymous_6)
FN:32,(anonymous_7)
FN:48,(anonymous_8)
FN:49,(anonymous_9)
FN:59,(anonymous_10)
FN:60,(anonymous_11)
FN:61,(anonymous_12)
FN:65,(anonymous_13)
FN:70,(anonymous_14)
FN:74,(anonymous_15)
FN:87,(anonymous_16)
FN:88,(anonymous_17)
FN:89,(anonymous_18)
FN:99,(anonymous_19)
FN:100,(anonymous_20)
FN:101,(anonymous_21)
FNF:21
FNH:0
FNDA:0,(anonymous_1)
FNDA:0,(anonymous_2)
FNDA:0,(anonymous_3)
FNDA:0,(anonymous_4)
FNDA:0,(anonymous_5)
FNDA:0,(anonymous_6)
FNDA:0,(anonymous_7)
FNDA:0,(anonymous_8)
FNDA:0,(anonymous_9)
FNDA:0,(anonymous_10)
FNDA:0,(anonymous_11)
FNDA:0,(anonymous_12)
FNDA:0,(anonymous_13)
FNDA:0,(anonymous_14)
FNDA:0,(anonymous_15)
FNDA:0,(anonymous_16)
FNDA:0,(anonymous_17)
FNDA:0,(anonymous_18)
FNDA:0,(anonymous_19)
FNDA:0,(anonymous_20)
FNDA:0,(anonymous_21)
DA:3,1
DA:4,1
DA:6,1
DA:8,1
DA:9,0
DA:10,0
DA:11,0
DA:12,0
DA:14,0
DA:20,1
DA:21,0
DA:22,0
DA:23,0
DA:24,0
DA:26,0
DA:32,1
DA:33,0
DA:34,0
DA:48,0
DA:49,0
DA:50,0
DA:51,0
DA:53,0
DA:59,1
DA:60,0
DA:61,0
DA:62,0
DA:63,0
DA:65,0
DA:66,0
DA:67,0
DA:69,0
DA:71,0
DA:72,0
DA:74,0
DA:75,0
DA:81,0
DA:87,1
DA:88,0
DA:89,0
DA:90,0
DA:91,0
DA:93,0
DA:99,1
DA:100,0
DA:101,0
DA:102,0
DA:103,0
DA:105,0
LF:49
LH:9
BRDA:11,1,0,0
BRDA:11,1,1,0
BRDA:23,2,0,0
BRDA:23,2,1,0
BRDA:50,3,0,0
BRDA:50,3,1,0
BRDA:62,4,0,0
BRDA:62,4,1,0
BRDA:66,5,0,0
BRDA:66,5,1,0
BRDA:71,6,0,0
BRDA:71,6,1,0
BRDA:90,7,0,0
BRDA:90,7,1,0
BRDA:102,8,0,0
BRDA:102,8,1,0
BRF:16
BRH:0
end_of_record
TN:
SF:/home/travis/build/kalabox/kalabox/lib/app/discovery.js
FN:16,(anonymous_1)
FN:20,(anonymous_2)
FN:29,(anonymous_3)
FN:30,(anonymous_4)
FN:35,(anonymous_5)
FN:36,(anonymous_6)
FN:39,(anonymous_7)
FN:43,(anonymous_8)
FN:55,(anonymous_9)
FN:59,(anonymous_10)
FN:63,(anonymous_11)
FN:67,(anonymous_12)
FN:79,(anonymous_13)
FN:81,(anonymous_14)
FN:91,(anonymous_15)
FN:92,(anonymous_16)
FN:94,(anonymous_17)
FN:98,(anonymous_18)
FN:117,(anonymous_19)
FN:118,(anonymous_20)
FN:120,(anonymous_21)
FN:129,(anonymous_22)
FN:133,(anonymous_23)
FN:137,(anonymous_24)
FN:142,(anonymous_25)
FN:146,(anonymous_26)
FN:158,(anonymous_27)
FN:162,(anonymous_28)
FN:164,(anonymous_29)
FN:165,(anonymous_30)
FN:169,(anonymous_31)
FN:173,(anonymous_32)
FN:187,(anonymous_33)
FN:188,(anonymous_34)
FN:190,(anonymous_35)
FN:192,(anonymous_36)
FN:208,(anonymous_37)
FN:213,(anonymous_38)
FN:216,(anonymous_39)
FN:220,(anonymous_40)
FN:231,(anonymous_41)
FN:237,(anonymous_42)
FNF:42
FNH:0
FNDA:0,(anonymous_1)
FNDA:0,(anonymous_2)
FNDA:0,(anonymous_3)
FNDA:0,(anonymous_4)
FNDA:0,(anonymous_5)
FNDA:0,(anonymous_6)
FNDA:0,(anonymous_7)
FNDA:0,(anonymous_8)
FNDA:0,(anonymous_9)
FNDA:0,(anonymous_10)
FNDA:0,(anonymous_11)
FNDA:0,(anonymous_12)
FNDA:0,(anonymous_13)
FNDA:0,(anonymous_14)
FNDA:0,(anonymous_15)
FNDA:0,(anonymous_16)
FNDA:0,(anonymous_17)
FNDA:0,(anonymous_18)
FNDA:0,(anonymous_19)
FNDA:0,(anonymous_20)
FNDA:0,(anonymous_21)
FNDA:0,(anonymous_22)
FNDA:0,(anonymous_23)
FNDA:0,(anonymous_24)
FNDA:0,(anonymous_25)
FNDA:0,(anonymous_26)
FNDA:0,(anonymous_27)
FNDA:0,(anonymous_28)
FNDA:0,(anonymous_29)
FNDA:0,(anonymous_30)
FNDA:0,(anonymous_31)
FNDA:0,(anonymous_32)
FNDA:0,(anonymous_33)
FNDA:0,(anonymous_34)
FNDA:0,(anonymous_35)
FNDA:0,(anonymous_36)
FNDA:0,(anonymous_37)
FNDA:0,(anonymous_38)
FNDA:0,(anonymous_39)
FNDA:0,(anonymous_40)
FNDA:0,(anonymous_41)
FNDA:0,(anonymous_42)
DA:3,1
DA:4,1
DA:5,1
DA:6,1
DA:7,1
DA:10,1
DA:12,1
DA:14,1
DA:16,1
DA:17,0
DA:20,1
DA:21,0
DA:22,0
DA:23,0
DA:25,0
DA:29,1
DA:30,0
DA:31,0
DA:35,1
DA:36,0
DA:37,0
DA:38,0
DA:39,0
DA:40,0
DA:41,0
DA:43,0
DA:44,0
DA:45,0
DA:47,0
DA:55,1
DA:56,0
DA:59,0
DA:60,0
DA:61,0
DA:62,0
DA:63,0
DA:64,0
DA:65,0
DA:67,0
DA:68,0
DA:69,0
DA:71,0
DA:79,1
DA:80,0
DA:82,0
DA:83,0
DA:84,0
DA:86,0
DA:91,1
DA:92,0
DA:93,0
DA:94,0
DA:95,0
DA:96,0
DA:98,0
DA:99,0
DA:100,0
DA:102,0
DA:103,0
DA:104,0
DA:105,0
DA:107,0
DA:108,0
DA:117,1
DA:118,0
DA:119,0
DA:121,0
DA:122,0
DA:124,0
DA:129,1
DA:131,0
DA:134,0
DA:135,0
DA:138,0
DA:142,1
DA:143,0
DA:144,0
DA:146,0
DA:147,0
DA:148,0
DA:150,0
DA:154,0
DA:158,1
DA:159,0
DA:162,1
DA:163,0
DA:164,0
DA:165,0
DA:166,0
DA:167,0
DA:169,0
DA:170,0
DA:171,0
DA:173,0
DA:174,0
DA:175,0
DA:177,0
DA:187,1
DA:188,0
DA:189,0
DA:190,0
DA:191,0
DA:192,0
DA:193,0
DA:194,0
DA:196,0
DA:200,0
DA:208,1
DA:209,0
DA:210,0
DA:211,0
DA:212,0
DA:214,0
DA:215,0
DA:217,0
DA:218,0
DA:220,0
DA:221,0
DA:223,0
DA:224,0
DA:225,0
DA:227,0
DA:232,0
DA:233,0
DA:235,0
DA:238,0
DA:239,0
DA:241,0
LF:128
LH:22
BRDA:22,1,0,0
BRDA:22,1,1,0
BRDA:40,2,0,0
BRDA:40,2,1,0
BRDA:44,3,0,0
BRDA:44,3,1,0
BRDA:64,4,0,0
BRDA:64,4,1,0
BRDA:68,5,0,0
BRDA:68,5,1,0
BRDA:82,6,0,0
BRDA:82,6,1,0
BRDA:95,7,0,0
BRDA:95,7,1,0
BRDA:99,8,0,0
BRDA:99,8,1,0
BRDA:103,9,0,0
BRDA:103,9,1,0
BRDA:121,10,0,0
BRDA:121,10,1,0
BRDA:144,11,0,0
BRDA:144,11,1,0
BRDA:147,12,0,0
BRDA:147,12,1,0
BRDA:166,13,0,0
BRDA:166,13,1,0
BRDA:170,14,0,0
BRDA:170,14,1,0
BRDA:174,15,0,0
BRDA:174,15,1,0
BRDA:191,16,0,0
BRDA:191,16,1,0
BRDA:193,17,0,0
BRDA:193,17,1,0
BRDA:217,18,0,0
BRDA:217,18,1,0
BRDA:223,19,0,0
BRDA:223,19,1,0
BRDA:232,20,0,0
BRDA:232,20,1,0
BRDA:238,21,0,0
BRDA:238,21,1,0
BRF:42
BRH:0
end_of_record
TN:
SF:/home/travis/build/kalabox/kalabox/lib/install.js
FN:18,(anonymous_1)
FN:23,(anonymous_2)
FNF:2
FNH:0
FNDA:0,(anonymous_1)
FNDA:0,(anonymous_2)
DA:8,1
DA:9,1
DA:11,1
DA:13,1
DA:15,1
DA:16,1
DA:18,1
DA:19,0
DA:20,0
DA:23,1
DA:24,0
DA:27,1
DA:29,1
DA:90,1
LF:14
LH:11
BRF:0
BRH:0
end_of_record
TN:
SF:/home/travis/build/kalabox/kalabox/lib/install/cmd.js
FN:9,(anonymous_1)
FN:15,(anonymous_2)
FN:27,(anonymous_3)
FN:36,(anonymous_4)
FN:41,(anonymous_5)
FN:48,(anonymous_6)
FN:60,(anonymous_7)
FN:62,(anonymous_8)
FN:72,(anonymous_9)
FN:76,(anonymous_10)
FN:82,(anonymous_11)
FN:86,(anonymous_12)
FN:92,(anonymous_13)
FN:104,(anonymous_14)
FN:110,(anonymous_15)
FN:112,(anonymous_16)
FNF:16
FNH:0
FNDA:0,(anonymous_1)
FNDA:0,(anonymous_2)
FNDA:0,(anonymous_3)
FNDA:0,(anonymous_4)
FNDA:0,(anonymous_5)
FNDA:0,(anonymous_6)
FNDA:0,(anonymous_7)
FNDA:0,(anonymous_8)
FNDA:0,(anonymous_9)
FNDA:0,(anonymous_10)
FNDA:0,(anonymous_11)
FNDA:0,(anonymous_12)
FNDA:0,(anonymous_13)
FNDA:0,(anonymous_14)
FNDA:0,(anonymous_15)
FNDA:0,(anonymous_16)
DA:3,1
DA:5,1
DA:6,1
DA:7,1
DA:9,1
DA:10,0
DA:11,0
DA:13,0
DA:14,0
DA:15,0
DA:16,0
DA:17,0
DA:20,0
DA:23,0
DA:27,1
DA:28,0
DA:29,0
DA:32,0
DA:36,1
DA:37,0
DA:41,1
DA:43,0
DA:48,1
DA:49,0
DA:50,0
DA:52,0
DA:53,0
DA:56,0
DA:60,1
DA:61,0
DA:62,0
DA:63,0
DA:68,0
DA:69,0
DA:72,1
DA:73,0
DA:74,0
DA:75,0
DA:76,0
DA:77,0
DA:79,0
DA:82,1
DA:83,0
DA:84,0
DA:85,0
DA:86,0
DA:87,0
DA:89,0
DA:92,1
DA:93,0
DA:94,0
DA:96,0
DA:97,0
DA:100,0
DA:104,1
DA:106,0
DA:107,0
DA:110,1
DA:112,0
DA:113,0
LF:60
LH:15
BRDA:10,1,0,0
BRDA:10,1,1,0
BRDA:13,2,0,0
BRDA:13,2,1,0
BRDA:16,3,0,0
BRDA:16,3,1,0
BRDA:28,4,0,0
BRDA:28,4,1,0
BRDA:28,5,0,0
BRDA:28,5,1,0
BRDA:49,6,0,0
BRDA:49,6,1,0
BRDA:52,7,0,0
BRDA:52,7,1,0
BRDA:93,8,0,0
BRDA:93,8,1,0
BRDA:96,9,0,0
BRDA:96,9,1,0
BRF:18
BRH:0
end_of_record
TN:
SF:/home/travis/build/kalabox/kalabox/lib/install/framework.js
FN:10,(anonymous_1)
FN:39,(anonymous_2)
FN:58,(anonymous_3)
FN:85,(anonymous_4)
FN:95,(anonymous_5)
FN:101,(anonymous_6)
FN:118,(anonymous_7)
FN:125,(anonymous_8)
FN:139,(anonymous_9)
FN:144,(anonymous_10)
FN:158,(anonymous_11)
FN:165,(anonymous_12)
FN:229,(anonymous_13)
FN:234,(anonymous_14)
FN:242,(anonymous_15)
FN:246,(anonymous_16)
FN:251,(anonymous_17)
FN:254,(anonymous_18)
FN:270,(anonymous_19)
FN:295,(anonymous_20)
FN:305,(anonymous_21)
FN:323,(anonymous_22)
FN:339,(anonymous_23)
FN:355,(anonymous_24)
FN:358,(anonymous_25)
FN:359,(anonymous_26)
FN:380,(anonymous_27)
FN:391,(anonymous_28)
FN:394,(anonymous_29)
FN:409,(anonymous_30)
FN:421,(anonymous_31)
FNF:31
FNH:26
FNDA:3,(anonymous_1)
FNDA:0,(anonymous_2)
FNDA:6,(anonymous_3)
FNDA:36,(anonymous_4)
FNDA:15,(anonymous_5)
FNDA:9,(anonymous_6)
FNDA:6,(anonymous_7)
FNDA:6,(anonymous_8)
FNDA:0,(anonymous_9)
FNDA:4,(anonymous_10)
FNDA:0,(anonymous_11)
FNDA:22,(anonymous_12)
FNDA:3,(anonymous_13)
FNDA:18,(anonymous_14)
FNDA:3,(anonymous_15)
FNDA:13,(anonymous_16)
FNDA:13,(anonymous_17)
FNDA:0,(anonymous_18)
FNDA:0,(anonymous_19)
FNDA:3,(anonymous_20)
FNDA:13,(anonymous_21)
FNDA:13,(anonymous_22)
FNDA:3,(anonymous_23)
FNDA:25,(anonymous_24)
FNDA:13,(anonymous_25)
FNDA:12,(anonymous_26)
FNDA:1,(anonymous_27)
FNDA:1,(anonymous_28)
FNDA:4,(anonymous_29)
FNDA:2,(anonymous_30)
FNDA:1,(anonymous_31)
DA:3,1
DA:4,1
DA:5,1
DA:6,1
DA:7,1
DA:8,1
DA:10,1
DA:13,3
DA:16,3
DA:19,3
DA:39,3
DA:40,0
DA:46,3
DA:58,3
DA:60,6
DA:61,0
DA:65,6
DA:66,0
DA:70,6
DA:71,0
DA:75,6
DA:76,0
DA:80,6
DA:81,0
DA:85,6
DA:86,36
DA:87,0
DA:94,6
DA:95,6
DA:96,15
DA:98,9
DA:99,6
DA:100,3
DA:101,3
DA:102,9
DA:105,0
DA:108,6
DA:109,6
DA:110,0
DA:118,3
DA:119,6
DA:125,3
DA:126,6
DA:127,0
DA:130,6
DA:132,6
DA:134,2
DA:135,2
DA:136,2
DA:137,4
DA:139,4
DA:140,0
DA:144,4
DA:145,4
DA:146,4
DA:147,4
DA:150,0
DA:158,3
DA:159,0
DA:165,3
DA:166,22
DA:167,0
DA:169,22
DA:170,0
DA:174,22
DA:176,16
DA:179,6
DA:181,0
DA:184,6
DA:186,1
DA:189,5
DA:192,0
DA:194,0
DA:199,0
DA:202,0
DA:204,0
DA:207,0
DA:209,0
DA:214,0
DA:221,5
DA:229,3
DA:230,3
DA:231,0
DA:234,3
DA:235,18
DA:242,3
DA:245,3
DA:246,3
DA:247,13
DA:251,3
DA:254,13
DA:257,0
DA:259,0
DA:260,0
DA:265,0
DA:266,0
DA:270,0
DA:273,0
DA:276,0
DA:277,0
DA:288,3
DA:295,3
DA:299,3
DA:302,3
DA:305,3
DA:306,13
DA:307,13
DA:311,3
DA:312,3
DA:313,3
DA:315,0
DA:316,0
DA:318,0
DA:320,3
DA:323,3
DA:324,13
DA:325,13
DA:326,0
DA:328,13
DA:332,3
DA:339,3
DA:340,3
DA:341,0
DA:345,3
DA:348,3
DA:351,3
DA:354,3
DA:355,3
DA:356,25
DA:358,3
DA:359,13
DA:360,12
DA:361,0
DA:366,13
DA:367,0
DA:369,13
DA:373,3
DA:380,3
DA:382,1
DA:383,0
DA:387,1
DA:388,0
DA:391,1
DA:392,1
DA:393,1
DA:394,1
DA:395,4
DA:396,4
DA:398,0
DA:400,4
DA:402,2
DA:403,2
DA:404,2
DA:405,2
DA:406,2
DA:408,2
DA:409,2
DA:410,2
DA:411,2
DA:415,0
DA:417,0
DA:422,1
DA:423,0
DA:425,1
DA:432,3
LF:165
LH:118
BRDA:60,1,0,0
BRDA:60,1,1,6
BRDA:60,2,0,6
BRDA:60,2,1,6
BRDA:65,3,0,0
BRDA:65,3,1,6
BRDA:70,4,0,0
BRDA:70,4,1,6
BRDA:75,5,0,0
BRDA:75,5,1,6
BRDA:80,6,0,0
BRDA:80,6,1,6
BRDA:86,7,0,0
BRDA:86,7,1,36
BRDA:96,8,0,6
BRDA:96,8,1,9
BRDA:98,9,0,6
BRDA:98,9,1,3
BRDA:100,10,0,3
BRDA:100,10,1,0
BRDA:109,11,0,0
BRDA:109,11,1,6
BRDA:126,12,0,0
BRDA:126,12,1,6
BRDA:132,13,0,2
BRDA:132,13,1,4
BRDA:137,14,0,4
BRDA:137,14,1,0
BRDA:166,15,0,0
BRDA:166,15,1,22
BRDA:169,16,0,0
BRDA:169,16,1,22
BRDA:174,17,0,16
BRDA:174,17,1,6
BRDA:179,18,0,0
BRDA:179,18,1,6
BRDA:179,19,0,6
BRDA:179,19,1,4
BRDA:184,20,0,1
BRDA:184,20,1,5
BRDA:184,21,0,6
BRDA:184,21,1,2
BRDA:189,22,0,0
BRDA:189,22,1,5
BRDA:192,23,0,0
BRDA:192,23,1,0
BRDA:202,24,0,0
BRDA:202,24,1,0
BRDA:207,25,0,0
BRDA:207,25,1,0
BRDA:230,26,0,0
BRDA:230,26,1,3
BRDA:259,27,0,0
BRDA:259,27,1,0
BRDA:265,28,0,0
BRDA:265,28,1,0
BRDA:273,29,0,0
BRDA:273,29,1,0
BRDA:273,30,0,0
BRDA:273,30,1,0
BRDA:276,31,0,0
BRDA:276,31,1,0
BRDA:315,32,0,0
BRDA:315,32,1,0
BRDA:325,33,0,0
BRDA:325,33,1,13
BRDA:340,34,0,0
BRDA:340,34,1,3
BRDA:360,35,0,0
BRDA:360,35,1,12
BRDA:366,36,0,0
BRDA:366,36,1,13
BRDA:382,37,0,0
BRDA:382,37,1,1
BRDA:387,38,0,0
BRDA:387,38,1,1
BRDA:396,39,0,0
BRDA:396,39,1,4
BRDA:400,40,0,2
BRDA:400,40,1,2
BRDA:406,41,0,2
BRDA:406,41,1,0
BRDA:422,42,0,0
BRDA:422,42,1,1
BRF:84
BRH:42
end_of_record
TN:
SF:/home/travis/build/kalabox/kalabox/lib/install/linuxOsInfo.js
FN:13,(anonymous_1)
FN:17,(anonymous_2)
FN:21,(anonymous_3)
FN:25,(anonymous_4)
FN:36,(anonymous_5)
FN:50,(anonymous_6)
FN:56,(anonymous_7)
FN:70,(anonymous_8)
FN:81,(anonymous_9)
FN:83,(anonymous_10)
FNF:10
FNH:0
FNDA:0,(anonymous_1)
FNDA:0,(anonymous_2)
FNDA:0,(anonymous_3)
FNDA:0,(anonymous_4)
FNDA:0,(anonymous_5)
FNDA:0,(anonymous_6)
FNDA:0,(anonymous_7)
FNDA:0,(anonymous_8)
FNDA:0,(anonymous_9)
FNDA:0,(anonymous_10)
DA:3,1
DA:4,1
DA:5,1
DA:7,1
DA:9,1
DA:11,1
DA:13,1
DA:14,0
DA:17,1
DA:18,0
DA:21,1
DA:22,0
DA:25,1
DA:26,0
DA:27,0
DA:28,0
DA:29,0
DA:30,0
DA:36,1
DA:39,0
DA:42,0
DA:47,0
DA:50,0
DA:51,0
DA:55,0
DA:56,0
DA:58,0
DA:59,0
DA:60,0
DA:64,0
DA:70,1
DA:72,0
DA:73,0
DA:75,0
DA:76,0
DA:81,1
DA:82,0
DA:83,0
DA:84,0
DA:87,0
DA:88,0
DA:89,0
DA:90,0
DA:92,0
LF:44
LH:13
BRDA:18,1,0,0
BRDA:18,1,1,0
BRDA:39,2,0,0
BRDA:39,2,1,0
BRDA:58,3,0,0
BRDA:58,3,1,0
BRDA:58,4,0,0
BRDA:58,4,1,0
BRDA:58,4,2,0
BRDA:72,5,0,0
BRDA:72,5,1,0
BRDA:84,6,0,0
BRDA:84,6,1,0
BRDA:87,7,0,0
BRDA:87,7,1,0
BRDA:89,8,0,0
BRDA:89,8,1,0
BRF:17
BRH:0
end_of_record
TN:
SF:/home/travis/build/kalabox/kalabox/lib/create.js
FN:16,(anonymous_1)
FN:83,(anonymous_2)
FN:108,(anonymous_3)
FN:122,(anonymous_4)
FN:128,(anonymous_5)
FN:137,(anonymous_6)
FN:154,(anonymous_7)
FN:167,(anonymous_8)
FN:202,(anonymous_9)
FN:205,(anonymous_10)
FN:218,(anonymous_11)
FN:226,(anonymous_12)
FN:232,(anonymous_13)
FN:237,(anonymous_14)
FN:242,(anonymous_15)
FN:247,(anonymous_16)
FN:252,(anonymous_17)
FN:257,(anonymous_18)
FN:262,(anonymous_19)
FN:269,(anonymous_20)
FN:306,(anonymous_21)
FN:320,(anonymous_22)
FN:354,(anonymous_23)
FNF:23
FNH:1
FNDA:1,(anonymous_1)
FNDA:0,(anonymous_2)
FNDA:0,(anonymous_3)
FNDA:0,(anonymous_4)
FNDA:0,(anonymous_5)
FNDA:0,(anonymous_6)
FNDA:0,(anonymous_7)
FNDA:0,(anonymous_8)
FNDA:0,(anonymous_9)
FNDA:0,(anonymous_10)
FNDA:0,(anonymous_11)
FNDA:0,(anonymous_12)
FNDA:0,(anonymous_13)
FNDA:0,(anonymous_14)
FNDA:0,(anonymous_15)
FNDA:0,(anonymous_16)
FNDA:0,(anonymous_17)
FNDA:0,(anonymous_18)
FNDA:0,(anonymous_19)
FNDA:0,(anonymous_20)
FNDA:0,(anonymous_21)
FNDA:0,(anonymous_22)
FNDA:0,(anonymous_23)
DA:8,1
DA:9,1
DA:10,1
DA:11,1
DA:12,1
DA:13,1
DA:14,1
DA:16,1
DA:17,1
DA:18,1
DA:83,1
DA:84,0
DA:96,0
DA:97,0
DA:99,0
DA:100,0
DA:102,0
DA:103,0
DA:104,0
DA:108,1
DA:109,0
DA:118,0
DA:119,0
DA:122,1
DA:123,0
DA:124,0
DA:128,1
DA:129,0
DA:130,0
DA:131,0
DA:132,0
DA:134,0
DA:137,1
DA:138,0
DA:154,1
DA:155,0
DA:157,0
DA:160,0
DA:161,0
DA:162,0
DA:165,0
DA:167,0
DA:168,0
DA:169,0
DA:170,0
DA:172,0
DA:173,0
DA:174,0
DA:179,0
DA:185,0
DA:190,0
DA:196,0
DA:202,0
DA:204,0
DA:205,0
DA:206,0
DA:207,0
DA:208,0
DA:210,0
DA:211,0
DA:214,0
DA:218,0
DA:219,0
DA:226,1
DA:227,0
DA:228,0
DA:229,0
DA:230,0
DA:231,0
DA:232,0
DA:233,0
DA:234,0
DA:237,0
DA:238,0
DA:239,0
DA:240,0
DA:241,0
DA:242,0
DA:243,0
DA:244,0
DA:247,0
DA:248,0
DA:249,0
DA:252,0
DA:253,0
DA:254,0
DA:257,0
DA:258,0
DA:259,0
DA:262,0
DA:263,0
DA:264,0
DA:267,0
DA:268,0
DA:269,0
DA:270,0
DA:271,0
DA:274,0
DA:275,0
DA:279,0
DA:283,0
DA:295,0
DA:299,0
DA:306,1
DA:307,0
DA:314,0
DA:315,0
DA:316,0
DA:317,0
DA:320,0
DA:321,0
DA:322,0
DA:323,0
DA:325,0
DA:326,0
DA:327,0
DA:328,0
DA:329,0
DA:331,0
DA:332,0
DA:335,0
DA:342,0
DA:345,0
DA:346,0
DA:348,0
DA:349,0
DA:350,0
DA:351,0
DA:354,0
DA:355,0
DA:356,0
DA:358,0
DA:363,1
LF:133
LH:19
BRDA:96,1,0,0
BRDA:96,1,1,0
BRDA:99,2,0,0
BRDA:99,2,1,0
BRDA:102,3,0,0
BRDA:102,3,1,0
BRDA:123,4,0,0
BRDA:123,4,1,0
BRDA:129,5,0,0
BRDA:129,5,1,0
BRDA:155,6,0,0
BRDA:155,6,1,0
BRDA:168,7,0,0
BRDA:168,7,1,0
BRDA:172,8,0,0
BRDA:172,8,1,0
BRDA:207,9,0,0
BRDA:207,9,1,0
BRDA:210,10,0,0
BRDA:210,10,1,0
BRDA:210,11,0,0
BRDA:210,11,1,0
BRDA:228,12,0,0
BRDA:228,12,1,0
BRDA:233,13,0,0
BRDA:233,13,1,0
BRDA:240,14,0,0
BRDA:240,14,1,0
BRDA:243,15,0,0
BRDA:243,15,1,0
BRDA:248,16,0,0
BRDA:248,16,1,0
BRDA:253,17,0,0
BRDA:253,17,1,0
BRDA:258,18,0,0
BRDA:258,18,1,0
BRDA:263,19,0,0
BRDA:263,19,1,0
BRDA:268,20,0,0
BRDA:268,20,1,0
BRDA:270,21,0,0
BRDA:270,21,1,0
BRDA:321,22,0,0
BRDA:321,22,1,0
BRDA:322,23,0,0
BRDA:322,23,1,0
BRDA:325,24,0,0
BRDA:325,24,1,0
BRDA:328,25,0,0
BRDA:328,25,1,0
BRDA:331,26,0,0
BRDA:331,26,1,0
BRDA:345,27,0,0
BRDA:345,27,1,0
BRDA:355,28,0,0
BRDA:355,28,1,0
BRF:56
BRH:0
end_of_record
TN:
SF:/home/travis/build/kalabox/kalabox/lib/update.js
FN:11,(anonymous_1)
FN:15,(anonymous_2)
FNF:2
FNH:0
FNDA:0,(anonymous_1)
FNDA:0,(anonymous_2)
DA:8,1
DA:9,1
DA:11,1
DA:12,0
DA:15,1
DA:16,0
DA:19,1
DA:21,1
DA:82,1
LF:9
LH:7
BRF:0
BRH:0
end_of_record
TN:
SF:/home/travis/build/kalabox/kalabox/lib/require.js
FN:27,(anonymous_1)
FN:34,(anonymous_2)
FN:43,KboxRequireError
FN:54,(anonymous_4)
FN:71,(anonymous_5)
FN:73,(anonymous_6)
FN:83,(anonymous_7)
FN:87,(anonymous_8)
FN:110,(anonymous_9)
FN:112,(anonymous_10)
FN:128,(anonymous_11)
FN:133,(anonymous_12)
FN:145,(anonymous_13)
FN:148,(anonymous_14)
FN:222,(anonymous_15)
FN:244,(anonymous_16)
FNF:16
FNH:0
FNDA:0,(anonymous_1)
FNDA:0,(anonymous_2)
FNDA:0,KboxRequireError
FNDA:0,(anonymous_4)
FNDA:0,(anonymous_5)
FNDA:0,(anonymous_6)
FNDA:0,(anonymous_7)
FNDA:0,(anonymous_8)
FNDA:0,(anonymous_9)
FNDA:0,(anonymous_10)
FNDA:0,(anonymous_11)
FNDA:0,(anonymous_12)
FNDA:0,(anonymous_13)
FNDA:0,(anonymous_14)
FNDA:0,(anonymous_15)
FNDA:0,(anonymous_16)
DA:9,1
DA:10,1
DA:11,1
DA:12,1
DA:13,1
DA:14,1
DA:16,1
DA:21,1
DA:27,1
DA:28,0
DA:29,0
DA:30,0
DA:31,0
DA:32,0
DA:34,0
DA:35,0
DA:36,0
DA:43,1
DA:44,0
DA:45,0
DA:46,0
DA:48,1
DA:54,1
DA:55,0
DA:56,0
DA:57,0
DA:59,0
DA:60,0
DA:63,0
DA:71,1
DA:73,0
DA:74,0
DA:75,0
DA:79,0
DA:80,0
DA:82,0
DA:83,0
DA:84,0
DA:88,0
DA:91,0
DA:93,0
DA:94,0
DA:95,0
DA:96,0
DA:97,0
DA:99,0
DA:102,0
DA:110,1
DA:112,0
DA:113,0
DA:114,0
DA:115,0
DA:116,0
DA:119,0
DA:128,1
DA:130,0
DA:131,0
DA:132,0
DA:133,0
DA:134,0
DA:135,0
DA:137,0
DA:145,1
DA:148,0
DA:149,0
DA:151,0
DA:153,0
DA:156,0
DA:162,0
DA:165,0
DA:167,0
DA:169,0
DA:172,0
DA:177,0
DA:179,0
DA:182,0
DA:183,0
DA:184,0
DA:186,0
DA:190,0
DA:195,0
DA:196,0
DA:199,0
DA:208,0
DA:222,1
DA:224,0
DA:226,0
DA:229,0
DA:231,0
DA:234,0
DA:236,0
DA:239,0
DA:241,0
DA:244,0
DA:245,0
DA:246,0
DA:248,0
DA:249,0
DA:251,0
DA:252,0
LF:100
LH:17
BRDA:31,1,0,0
BRDA:31,1,1,0
BRDA:59,2,0,0
BRDA:59,2,1,0
BRDA:79,3,0,0
BRDA:79,3,1,0
BRDA:95,4,0,0
BRDA:95,4,1,0
BRDA:113,5,0,0
BRDA:113,5,1,0
BRDA:115,6,0,0
BRDA:115,6,1,0
BRDA:134,7,0,0
BRDA:134,7,1,0
BRDA:134,8,0,0
BRDA:134,8,1,0
BRDA:149,9,0,0
BRDA:149,9,1,0
BRDA:153,10,0,0
BRDA:153,10,1,0
BRDA:162,11,0,0
BRDA:162,11,1,0
BRDA:167,12,0,0
BRDA:167,12,1,0
BRDA:169,13,0,0
BRDA:169,13,1,0
BRDA:179,14,0,0
BRDA:179,14,1,0
BRDA:179,15,0,0
BRDA:179,15,1,0
BRDA:224,16,0,0
BRDA:224,16,1,0
BRDA:229,17,0,0
BRDA:229,17,1,0
BRDA:234,18,0,0
BRDA:234,18,1,0
BRDA:239,19,0,0
BRDA:239,19,1,0
BRDA:245,20,0,0
BRDA:245,20,1,0
BRDA:248,21,0,0
BRDA:248,21,1,0
BRF:42
BRH:0
end_of_record
TN:
SF:/home/travis/build/kalabox/kalabox/lib/testUtil.js
FN:33,(anonymous_1)
FNF:1
FNH:1
FNDA:6,(anonymous_1)
DA:3,1
DA:34,6
DA:35,6
DA:36,6
DA:37,6
DA:38,6
DA:39,6
DA:40,6
LF:8
LH:8
BRDA:34,1,0,3
BRDA:34,1,1,3
BRF:2
BRH:2
end_of_record
