TN:
SF:/home/travis/build/kalabox/kalabox/lib/kbox.js
FN:49,(anonymous_1)
FN:52,(anonymous_2)
FN:88,(anonymous_3)
FN:98,(anonymous_4)
FNF:4
FNH:0
FNDA:0,(anonymous_1)
FNDA:0,(anonymous_2)
FNDA:0,(anonymous_3)
FNDA:0,(anonymous_4)
DA:9,1
DA:12,1
DA:13,1
DA:16,1
DA:19,1
DA:22,1
DA:25,1
DA:28,1
DA:30,1
DA:33,1
DA:36,1
DA:39,1
DA:42,1
DA:45,1
DA:48,1
DA:49,1
DA:52,0
DA:55,0
DA:56,0
DA:59,0
DA:88,1
DA:91,0
DA:92,0
DA:95,0
DA:98,0
DA:99,0
DA:100,0
DA:103,0
DA:106,0
DA:111,0
LF:30
LH:17
BRDA:55,1,0,0
BRDA:55,1,1,0
BRDA:91,2,0,0
BRDA:91,2,1,0
BRDA:95,3,0,0
BRDA:95,3,1,0
BRDA:103,4,0,0
BRDA:103,4,1,0
BRF:8
BRH:0
end_of_record
TN:
SF:/home/travis/build/kalabox/kalabox/lib/promise.js
FN:10,(anonymous_1)
FNF:1
FNH:1
FNDA:9,(anonymous_1)
DA:4,1
DA:7,1
DA:10,1
DA:13,9
DA:15,0
DA:20,9
DA:25,1
LF:7
LH:6
BRDA:13,1,0,0
BRDA:13,1,1,9
BRDA:13,2,0,9
BRDA:13,2,1,3
BRF:4
BRH:3
end_of_record
TN:
SF:/home/travis/build/kalabox/kalabox/lib/app.js
FN:37,(anonymous_1)
FN:44,(anonymous_2)
FN:79,(anonymous_3)
FN:97,(anonymous_4)
FN:105,(anonymous_5)
FN:117,(anonymous_6)
FN:155,(anonymous_7)
FN:160,(anonymous_8)
FN:210,(anonymous_9)
FN:215,(anonymous_10)
FN:216,(anonymous_11)
FN:218,(anonymous_12)
FN:226,(anonymous_13)
FN:228,(anonymous_14)
FN:232,(anonymous_15)
FN:262,(anonymous_16)
FN:267,(anonymous_17)
FN:268,(anonymous_18)
FN:284,(anonymous_19)
FN:288,(anonymous_20)
FN:306,(anonymous_21)
FN:326,(anonymous_22)
FN:334,(anonymous_23)
FN:336,(anonymous_24)
FN:341,(anonymous_25)
FN:343,(anonymous_26)
FN:348,(anonymous_27)
FN:356,(anonymous_28)
FN:359,(anonymous_29)
FN:386,(anonymous_30)
FN:391,(anonymous_31)
FN:395,(anonymous_32)
FN:401,(anonymous_33)
FN:405,(anonymous_34)
FN:408,(anonymous_35)
FN:422,(anonymous_36)
FN:427,(anonymous_37)
FN:431,(anonymous_38)
FN:442,(anonymous_39)
FN:454,(anonymous_40)
FN:462,(anonymous_41)
FN:466,(anonymous_42)
FN:490,(anonymous_43)
FN:495,(anonymous_44)
FN:499,(anonymous_45)
FN:505,(anonymous_46)
FN:508,(anonymous_47)
FN:512,(anonymous_48)
FN:523,(anonymous_49)
FN:528,(anonymous_50)
FN:532,(anonymous_51)
FN:556,(anonymous_52)
FN:561,(anonymous_53)
FN:565,(anonymous_54)
FN:571,(anonymous_55)
FN:574,(anonymous_56)
FN:581,(anonymous_57)
FN:605,(anonymous_58)
FN:610,(anonymous_59)
FN:621,(anonymous_60)
FN:626,(anonymous_61)
FN:630,(anonymous_62)
FN:633,(anonymous_63)
FN:640,(anonymous_64)
FN:664,(anonymous_65)
FN:671,(anonymous_66)
FN:674,(anonymous_67)
FN:681,(anonymous_68)
FN:708,(anonymous_69)
FN:713,(anonymous_70)
FN:717,(anonymous_71)
FNF:71
FNH:0
FNDA:0,(anonymous_1)
FNDA:0,(anonymous_2)
FNDA:0,(anonymous_3)
FNDA:0,(anonymous_4)
FNDA:0,(anonymous_5)
FNDA:0,(anonymous_6)
FNDA:0,(anonymous_7)
FNDA:0,(anonymous_8)
FNDA:0,(anonymous_9)
FNDA:0,(anonymous_10)
FNDA:0,(anonymous_11)
FNDA:0,(anonymous_12)
FNDA:0,(anonymous_13)
FNDA:0,(anonymous_14)
FNDA:0,(anonymous_15)
FNDA:0,(anonymous_16)
FNDA:0,(anonymous_17)
FNDA:0,(anonymous_18)
FNDA:0,(anonymous_19)
FNDA:0,(anonymous_20)
FNDA:0,(anonymous_21)
FNDA:0,(anonymous_22)
FNDA:0,(anonymous_23)
FNDA:0,(anonymous_24)
FNDA:0,(anonymous_25)
FNDA:0,(anonymous_26)
FNDA:0,(anonymous_27)
FNDA:0,(anonymous_28)
FNDA:0,(anonymous_29)
FNDA:0,(anonymous_30)
FNDA:0,(anonymous_31)
FNDA:0,(anonymous_32)
FNDA:0,(anonymous_33)
FNDA:0,(anonymous_34)
FNDA:0,(anonymous_35)
FNDA:0,(anonymous_36)
FNDA:0,(anonymous_37)
FNDA:0,(anonymous_38)
FNDA:0,(anonymous_39)
FNDA:0,(anonymous_40)
FNDA:0,(anonymous_41)
FNDA:0,(anonymous_42)
FNDA:0,(anonymous_43)
FNDA:0,(anonymous_44)
FNDA:0,(anonymous_45)
FNDA:0,(anonymous_46)
FNDA:0,(anonymous_47)
FNDA:0,(anonymous_48)
FNDA:0,(anonymous_49)
FNDA:0,(anonymous_50)
FNDA:0,(anonymous_51)
FNDA:0,(anonymous_52)
FNDA:0,(anonymous_53)
FNDA:0,(anonymous_54)
FNDA:0,(anonymous_55)
FNDA:0,(anonymous_56)
FNDA:0,(anonymous_57)
FNDA:0,(anonymous_58)
FNDA:0,(anonymous_59)
FNDA:0,(anonymous_60)
FNDA:0,(anonymous_61)
FNDA:0,(anonymous_62)
FNDA:0,(anonymous_63)
FNDA:0,(anonymous_64)
FNDA:0,(anonymous_65)
FNDA:0,(anonymous_66)
FNDA:0,(anonymous_67)
FNDA:0,(anonymous_68)
FNDA:0,(anonymous_69)
FNDA:0,(anonymous_70)
FNDA:0,(anonymous_71)
DA:9,1
DA:10,1
DA:13,1
DA:14,1
DA:15,1
DA:18,1
DA:19,1
DA:20,1
DA:21,1
DA:22,1
DA:23,1
DA:24,1
DA:25,1
DA:30,1
DA:32,1
DA:37,1
DA:38,0
DA:44,1
DA:47,0
DA:50,0
DA:52,0
DA:54,0
DA:56,0
DA:58,0
DA:60,0
DA:64,0
DA:66,0
DA:70,0
DA:71,0
DA:75,0
DA:76,0
DA:80,0
DA:82,0
DA:83,0
DA:84,0
DA:86,0
DA:90,0
DA:97,1
DA:100,0
DA:101,0
DA:105,0
DA:106,0
DA:110,0
DA:117,1
DA:120,0
DA:121,0
DA:123,0
DA:127,0
DA:155,1
DA:158,0
DA:163,0
DA:165,0
DA:167,0
DA:169,0
DA:171,0
DA:173,0
DA:175,0
DA:177,0
DA:179,0
DA:182,0
DA:184,0
DA:210,1
DA:213,0
DA:216,0
DA:217,0
DA:219,0
DA:220,0
DA:228,0
DA:229,0
DA:232,0
DA:233,0
DA:236,0
DA:237,0
DA:262,1
DA:265,0
DA:268,0
DA:269,0
DA:271,0
DA:272,0
DA:274,0
DA:284,1
DA:286,0
DA:288,0
DA:289,0
DA:290,0
DA:293,0
DA:295,0
DA:296,0
DA:298,0
DA:300,0
DA:306,1
DA:309,0
DA:316,0
DA:317,0
DA:320,0
DA:326,1
DA:329,0
DA:332,0
DA:335,0
DA:337,0
DA:342,0
DA:344,0
DA:349,0
DA:350,0
DA:351,0
DA:352,0
DA:357,0
DA:360,0
DA:386,1
DA:389,0
DA:392,0
DA:396,0
DA:403,0
DA:407,0
DA:409,0
DA:411,0
DA:412,0
DA:414,0
DA:417,0
DA:423,0
DA:428,0
DA:432,0
DA:442,1
DA:444,0
DA:448,0
DA:454,1
DA:457,0
DA:460,0
DA:463,0
DA:467,0
DA:490,1
DA:493,0
DA:496,0
DA:500,0
DA:506,0
DA:509,0
DA:513,0
DA:523,1
DA:526,0
DA:529,0
DA:533,0
DA:556,1
DA:559,0
DA:562,0
DA:566,0
DA:572,0
DA:575,0
DA:582,0
DA:605,1
DA:608,0
DA:611,0
DA:621,1
DA:624,0
DA:627,0
DA:631,0
DA:634,0
DA:635,0
DA:641,0
DA:664,1
DA:667,0
DA:672,0
DA:675,0
DA:682,0
DA:708,1
DA:711,0
DA:714,0
DA:718,0
LF:167
LH:35
BRDA:70,1,0,0
BRDA:70,1,1,0
BRDA:75,2,0,0
BRDA:75,2,1,0
BRDA:83,3,0,0
BRDA:83,3,1,0
BRDA:100,4,0,0
BRDA:100,4,1,0
BRDA:120,5,0,0
BRDA:120,5,1,0
BRDA:236,6,0,0
BRDA:236,6,1,0
BRDA:271,7,0,0
BRDA:271,7,1,0
BRDA:289,8,0,0
BRDA:289,8,1,0
BRDA:293,9,0,0
BRDA:293,9,1,0
BRDA:296,10,0,0
BRDA:296,10,1,0
BRDA:316,11,0,0
BRDA:316,11,1,0
BRDA:349,12,0,0
BRDA:349,12,1,0
BRDA:409,13,0,0
BRDA:409,13,1,0
BRDA:412,14,0,0
BRDA:412,14,1,0
BRDA:634,15,0,0
BRDA:634,15,1,0
BRF:30
BRH:0
end_of_record
TN:
SF:/home/travis/build/kalabox/kalabox/lib/core.js
FNF:0
FNH:0
DA:8,1
DA:11,1
DA:14,1
DA:17,1
DA:20,1
DA:23,1
DA:26,1
LF:7
LH:7
BRF:0
BRH:0
end_of_record
TN:
SF:/home/travis/build/kalabox/kalabox/lib/core/config.js
FN:85,(anonymous_1)
FN:92,(anonymous_2)
FN:95,(anonymous_3)
FN:98,(anonymous_4)
FN:132,(anonymous_5)
FN:152,(anonymous_6)
FN:179,(anonymous_7)
FN:182,(anonymous_8)
FN:185,(anonymous_9)
FN:211,sort
FN:227,mixIn
FN:247,(anonymous_12)
FN:259,(anonymous_13)
FN:295,(anonymous_14)
FN:299,(anonymous_15)
FN:303,(anonymous_16)
FN:307,(anonymous_17)
FN:323,(anonymous_18)
FN:329,(anonymous_19)
FN:339,(anonymous_20)
FN:357,(anonymous_21)
FN:372,(anonymous_22)
FNF:22
FNH:20
FNDA:0,(anonymous_1)
FNDA:43,(anonymous_2)
FNDA:131,(anonymous_3)
FNDA:714,(anonymous_4)
FNDA:454,(anonymous_5)
FNDA:43,(anonymous_6)
FNDA:12,(anonymous_7)
FNDA:60,(anonymous_8)
FNDA:525,(anonymous_9)
FNDA:10,sort
FNDA:10,mixIn
FNDA:6,(anonymous_12)
FNDA:6,(anonymous_13)
FNDA:5,(anonymous_14)
FNDA:5,(anonymous_15)
FNDA:5,(anonymous_16)
FNDA:2,(anonymous_17)
FNDA:5,(anonymous_18)
FNDA:10,(anonymous_19)
FNDA:0,(anonymous_20)
FNDA:1,(anonymous_21)
FNDA:3,(anonymous_22)
DA:8,1
DA:9,1
DA:10,1
DA:11,1
DA:12,1
DA:13,1
DA:14,1
DA:17,1
DA:18,1
DA:20,1
DA:79,1
DA:80,1
DA:85,1
DA:86,0
DA:92,1
DA:95,43
DA:98,131
DA:101,714
DA:103,714
DA:106,555
DA:108,159
DA:111,88
DA:116,71
DA:125,43
DA:132,1
DA:136,454
DA:137,454
DA:138,454
DA:141,0
DA:144,454
DA:147,412
DA:152,42
DA:155,43
DA:157,43
DA:160,0
DA:165,43
DA:179,1
DA:182,12
DA:185,60
DA:187,525
DA:190,453
DA:192,72
DA:195,48
DA:204,12
DA:207,12
DA:211,1
DA:212,10
DA:213,10
DA:214,10
DA:215,237
DA:216,237
DA:218,10
DA:222,1
DA:227,1
DA:228,10
DA:229,117
DA:230,117
DA:232,12
DA:233,7
DA:234,7
DA:236,5
DA:240,105
DA:243,10
DA:245,1
DA:247,1
DA:248,6
DA:259,1
DA:260,6
DA:261,6
DA:262,6
DA:263,0
DA:265,6
DA:295,1
DA:296,5
DA:299,1
DA:300,5
DA:303,1
DA:304,5
DA:307,1
DA:308,2
DA:309,2
DA:310,2
DA:323,1
DA:324,5
DA:325,5
DA:329,5
DA:330,10
DA:331,2
DA:332,2
DA:334,10
DA:336,5
DA:339,1
DA:340,0
DA:357,1
DA:359,1
DA:360,0
DA:361,0
DA:364,1
DA:366,1
DA:367,1
DA:370,1
DA:371,1
DA:372,1
DA:373,3
DA:374,3
DA:378,1
DA:379,1
DA:380,1
DA:381,1
DA:382,1
DA:383,1
LF:111
LH:104
BRDA:103,1,0,555
BRDA:103,1,1,159
BRDA:108,2,0,88
BRDA:108,2,1,71
BRDA:144,3,0,412
BRDA:144,3,1,42
BRDA:157,4,0,0
BRDA:157,4,1,43
BRDA:187,5,0,453
BRDA:187,5,1,72
BRDA:192,6,0,48
BRDA:192,6,1,24
BRDA:230,7,0,12
BRDA:230,7,1,105
BRDA:232,8,0,7
BRDA:232,8,1,5
BRDA:232,9,0,12
BRDA:232,9,1,7
BRDA:262,10,0,0
BRDA:262,10,1,6
BRDA:330,11,0,2
BRDA:330,11,1,8
BRDA:359,12,0,0
BRDA:359,12,1,1
BRDA:366,13,0,1
BRDA:366,13,1,0
BRDA:373,14,0,3
BRDA:373,14,1,0
BRF:28
BRH:23
end_of_record
TN:
SF:/home/travis/build/kalabox/kalabox/lib/core/env.js
FN:26,getEnv
FN:30,setEnv
FN:34,(anonymous_3)
FN:42,(anonymous_4)
FN:48,(anonymous_5)
FN:52,(anonymous_6)
FN:56,(anonymous_7)
FN:62,(anonymous_8)
FNF:8
FNH:5
FNDA:29,getEnv
FNDA:0,setEnv
FNDA:0,(anonymous_3)
FNDA:29,(anonymous_4)
FNDA:0,(anonymous_5)
FNDA:17,(anonymous_6)
FNDA:6,(anonymous_7)
FNDA:17,(anonymous_8)
DA:7,1
DA:10,1
DA:11,1
DA:12,1
DA:13,1
DA:18,1
DA:19,1
DA:20,1
DA:21,1
DA:22,1
DA:24,1
DA:26,1
DA:27,29
DA:30,1
DA:31,0
DA:34,1
DA:35,0
DA:36,0
DA:38,0
DA:42,1
DA:43,29
DA:44,29
DA:45,29
DA:48,1
DA:49,0
DA:52,1
DA:53,17
DA:56,1
DA:57,6
DA:62,1
DA:63,17
LF:31
LH:26
BRDA:35,1,0,0
BRDA:35,1,1,0
BRDA:44,2,0,0
BRDA:44,2,1,29
BRF:4
BRH:1
end_of_record
TN:
SF:/home/travis/build/kalabox/kalabox/lib/core/deps.js
FN:15,_getDep
FN:19,_setDep
FN:23,_clear
FN:27,_remove
FN:31,(anonymous_5)
FN:44,(anonymous_6)
FN:56,(anonymous_7)
FN:72,(anonymous_8)
FN:86,(anonymous_9)
FN:88,(anonymous_10)
FN:100,(anonymous_11)
FN:119,(anonymous_12)
FN:142,(anonymous_13)
FN:153,_isFlag
FN:157,(anonymous_15)
FN:181,(anonymous_16)
FN:189,(anonymous_17)
FN:197,(anonymous_18)
FN:204,(anonymous_19)
FN:219,(anonymous_20)
FNF:20
FNH:16
FNDA:45,_getDep
FNDA:14,_setDep
FNDA:15,_clear
FNDA:1,_remove
FNDA:0,(anonymous_5)
FNDA:15,(anonymous_6)
FNDA:1,(anonymous_7)
FNDA:10,(anonymous_8)
FNDA:15,(anonymous_9)
FNDA:14,(anonymous_10)
FNDA:0,(anonymous_11)
FNDA:2,(anonymous_12)
FNDA:20,(anonymous_13)
FNDA:0,_isFlag
FNDA:0,(anonymous_15)
FNDA:3,(anonymous_16)
FNDA:3,(anonymous_17)
FNDA:7,(anonymous_18)
FNDA:12,(anonymous_19)
FNDA:6,(anonymous_20)
DA:8,1
DA:10,1
DA:11,1
DA:13,1
DA:15,1
DA:16,45
DA:19,1
DA:20,14
DA:23,1
DA:24,15
DA:27,1
DA:28,1
DA:31,1
DA:32,0
DA:44,1
DA:45,15
DA:56,1
DA:57,1
DA:72,1
DA:73,10
DA:74,10
DA:86,1
DA:87,15
DA:88,15
DA:91,15
DA:92,1
DA:96,1
DA:98,14
DA:99,14
DA:100,0
DA:101,0
DA:102,0
DA:104,0
DA:108,14
DA:119,1
DA:120,2
DA:121,1
DA:142,1
DA:143,20
DA:144,20
DA:145,17
DA:146,3
DA:147,1
DA:149,2
DA:153,1
DA:154,0
DA:157,1
DA:158,0
DA:159,0
DA:160,0
DA:161,0
DA:162,0
DA:163,0
DA:164,0
DA:167,0
DA:181,1
DA:182,3
DA:184,3
DA:185,3
DA:186,3
DA:189,3
DA:191,3
DA:192,3
DA:197,1
DA:198,7
DA:199,7
DA:200,7
DA:201,7
DA:202,2
DA:204,12
DA:205,5
DA:206,5
DA:219,1
DA:220,6
DA:221,5
LF:75
LH:61
BRDA:87,1,0,15
BRDA:87,1,1,0
BRDA:91,2,0,1
BRDA:91,2,1,14
BRDA:99,3,0,0
BRDA:99,3,1,14
BRDA:101,4,0,0
BRDA:101,4,1,0
BRDA:120,5,0,1
BRDA:120,5,1,1
BRDA:144,6,0,17
BRDA:144,6,1,3
BRDA:146,7,0,1
BRDA:146,7,1,2
BRDA:146,8,0,3
BRDA:146,8,1,1
BRDA:146,8,2,1
BRDA:160,9,0,0
BRDA:160,9,1,0
BRDA:201,10,0,2
BRDA:201,10,1,5
BRF:21
BRH:15
end_of_record
TN:
SF:/home/travis/build/kalabox/kalabox/lib/core/events.js
FN:24,(anonymous_1)
FN:29,(anonymous_2)
FN:41,(anonymous_3)
FN:48,(anonymous_4)
FN:65,(anonymous_5)
FN:73,(anonymous_6)
FN:88,(anonymous_7)
FN:98,(anonymous_8)
FN:110,(anonymous_9)
FN:114,(anonymous_10)
FN:123,(anonymous_11)
FN:126,(anonymous_12)
FN:128,(anonymous_13)
FN:144,(anonymous_14)
FN:168,(anonymous_15)
FN:191,(anonymous_16)
FNF:16
FNH:15
FNDA:1,(anonymous_1)
FNDA:12,(anonymous_2)
FNDA:9,(anonymous_3)
FNDA:9,(anonymous_4)
FNDA:0,(anonymous_5)
FNDA:3,(anonymous_6)
FNDA:7,(anonymous_7)
FNDA:3,(anonymous_8)
FNDA:2,(anonymous_9)
FNDA:1,(anonymous_10)
FNDA:3,(anonymous_11)
FNDA:6,(anonymous_12)
FNDA:6,(anonymous_13)
FNDA:1,(anonymous_14)
FNDA:9,(anonymous_15)
FNDA:3,(anonymous_16)
DA:8,1
DA:9,1
DA:11,1
DA:12,1
DA:13,1
DA:14,1
DA:17,1
DA:19,1
DA:20,1
DA:22,1
DA:24,1
DA:25,1
DA:26,1
DA:29,1
DA:30,12
DA:31,12
DA:32,5
DA:33,5
DA:34,50
DA:36,5
DA:38,12
DA:41,1
DA:42,9
DA:44,9
DA:45,9
DA:48,1
DA:50,9
DA:53,9
DA:54,9
DA:55,9
DA:59,9
DA:60,0
DA:63,9
DA:64,0
DA:65,0
DA:68,9
DA:73,1
DA:75,3
DA:78,3
DA:79,2
DA:80,2
DA:83,3
DA:85,3
DA:86,3
DA:87,3
DA:88,30
DA:89,7
DA:98,3
DA:99,3
DA:101,0
DA:102,0
DA:105,3
DA:106,3
DA:111,2
DA:115,1
DA:116,1
DA:123,1
DA:126,3
DA:128,6
DA:129,6
DA:131,2
DA:134,4
DA:144,1
DA:145,1
DA:168,1
DA:169,9
DA:191,1
DA:194,3
LF:68
LH:63
BRDA:31,1,0,5
BRDA:31,1,1,7
BRDA:53,2,0,9
BRDA:53,2,1,0
BRDA:59,3,0,0
BRDA:59,3,1,9
BRDA:59,4,0,9
BRDA:59,4,1,9
BRDA:63,5,0,0
BRDA:63,5,1,9
BRDA:63,6,0,9
BRDA:63,6,1,0
BRDA:78,7,0,2
BRDA:78,7,1,1
BRDA:78,8,0,3
BRDA:78,8,1,2
BRDA:99,9,0,0
BRDA:99,9,1,3
BRDA:129,10,0,2
BRDA:129,10,1,4
BRF:20
BRH:15
end_of_record
TN:
SF:/home/travis/build/kalabox/kalabox/lib/core/log.js
FN:18,(anonymous_1)
FN:32,(anonymous_2)
FN:55,(anonymous_3)
FN:86,(anonymous_4)
FN:100,(anonymous_5)
FN:107,(anonymous_6)
FN:158,(anonymous_7)
FN:191,(anonymous_8)
FN:205,(anonymous_9)
FN:222,(anonymous_10)
FN:231,(anonymous_11)
FN:240,(anonymous_12)
FN:247,(anonymous_13)
FN:264,(anonymous_14)
FN:269,(anonymous_15)
FN:285,(anonymous_16)
FN:301,(anonymous_17)
FN:310,(anonymous_18)
FN:319,(anonymous_19)
FNF:19
FNH:14
FNDA:22,(anonymous_1)
FNDA:10,(anonymous_2)
FNDA:2,(anonymous_3)
FNDA:1,(anonymous_4)
FNDA:1,(anonymous_5)
FNDA:1,(anonymous_6)
FNDA:10,(anonymous_7)
FNDA:1,(anonymous_8)
FNDA:2,(anonymous_9)
FNDA:1,(anonymous_10)
FNDA:0,(anonymous_11)
FNDA:0,(anonymous_12)
FNDA:0,(anonymous_13)
FNDA:4,(anonymous_14)
FNDA:9,(anonymous_15)
FNDA:20,(anonymous_16)
FNDA:0,(anonymous_17)
FNDA:9,(anonymous_18)
FNDA:0,(anonymous_19)
DA:3,1
DA:4,1
DA:5,1
DA:6,1
DA:7,1
DA:8,1
DA:13,1
DA:18,1
DA:21,22
DA:22,0
DA:25,22
DA:32,1
DA:35,10
DA:36,0
DA:39,10
DA:42,10
DA:47,0
DA:55,1
DA:58,2
DA:59,0
DA:61,2
DA:62,0
DA:65,2
DA:68,0
DA:73,2
DA:74,2
DA:77,2
DA:86,1
DA:89,1
DA:90,0
DA:94,1
DA:95,0
DA:99,1
DA:100,1
DA:101,1
DA:102,0
DA:107,1
DA:110,1
DA:113,1
DA:114,0
DA:118,1
DA:121,1
DA:125,1
DA:127,0
DA:134,1
DA:140,1
DA:158,1
DA:161,10
DA:162,0
DA:166,10
DA:167,10
DA:170,0
DA:175,10
DA:184,1
DA:191,1
DA:194,1
DA:195,0
DA:197,1
DA:198,0
DA:200,1
DA:201,0
DA:205,1
DA:206,2
DA:207,0
DA:209,2
DA:214,1
DA:222,1
DA:223,1
DA:224,1
DA:231,1
DA:232,0
DA:233,0
DA:240,1
DA:243,0
DA:246,0
DA:247,0
DA:248,0
DA:249,0
DA:250,0
DA:252,0
DA:257,0
DA:264,1
DA:266,4
DA:269,4
DA:272,9
DA:274,9
DA:276,9
DA:279,9
DA:281,2
DA:285,9
DA:286,20
DA:287,0
DA:289,20
DA:294,9
DA:301,4
DA:303,0
DA:310,4
DA:312,9
DA:319,4
DA:321,0
DA:324,0
DA:325,0
DA:326,0
DA:328,0
DA:331,0
DA:335,4
LF:106
LH:71
BRDA:21,1,0,0
BRDA:21,1,1,22
BRDA:35,2,0,0
BRDA:35,2,1,10
BRDA:39,3,0,10
BRDA:39,3,1,0
BRDA:58,4,0,0
BRDA:58,4,1,2
BRDA:61,5,0,0
BRDA:61,5,1,2
BRDA:65,6,0,0
BRDA:65,6,1,2
BRDA:89,7,0,0
BRDA:89,7,1,1
BRDA:94,8,0,0
BRDA:94,8,1,1
BRDA:101,9,0,0
BRDA:101,9,1,1
BRDA:113,10,0,0
BRDA:113,10,1,1
BRDA:113,11,0,1
BRDA:113,11,1,0
BRDA:118,12,0,0
BRDA:118,12,1,1
BRDA:125,13,0,0
BRDA:125,13,1,1
BRDA:161,14,0,0
BRDA:161,14,1,10
BRDA:167,15,0,0
BRDA:167,15,1,10
BRDA:194,16,0,0
BRDA:194,16,1,1
BRDA:197,17,0,0
BRDA:197,17,1,1
BRDA:197,18,0,1
BRDA:197,18,1,1
BRDA:200,19,0,0
BRDA:200,19,1,1
BRDA:206,20,0,0
BRDA:206,20,1,2
BRDA:248,21,0,0
BRDA:248,21,1,0
BRDA:274,22,0,9
BRDA:274,22,1,0
BRDA:279,23,0,2
BRDA:279,23,1,7
BRDA:286,24,0,0
BRDA:286,24,1,20
BRDA:324,25,0,0
BRDA:324,25,1,0
BRF:50
BRH:25
end_of_record
TN:
SF:/home/travis/build/kalabox/kalabox/lib/core/mode.js
FN:14,(anonymous_1)
FN:18,(anonymous_2)
FN:29,(anonymous_3)
FN:33,(anonymous_4)
FNF:4
FNH:4
FNDA:6,(anonymous_1)
FNDA:7,(anonymous_2)
FNDA:1,(anonymous_3)
FNDA:5,(anonymous_4)
DA:3,2
DA:5,2
DA:7,2
DA:9,2
DA:14,2
DA:15,6
DA:18,2
DA:19,7
DA:20,1
DA:21,6
DA:22,2
DA:24,4
DA:25,4
DA:29,2
DA:30,1
DA:33,2
DA:34,5
LF:17
LH:17
BRDA:19,1,0,1
BRDA:19,1,1,6
BRDA:21,2,0,2
BRDA:21,2,1,4
BRF:4
BRH:4
end_of_record
TN:
SF:/home/travis/build/kalabox/kalabox/lib/core/tasks.js
FN:22,(anonymous_1)
FN:38,(anonymous_2)
FN:45,(anonymous_3)
FN:52,(anonymous_4)
FN:59,(anonymous_5)
FN:68,(anonymous_6)
FN:84,(anonymous_7)
FN:109,(anonymous_8)
FN:110,(anonymous_9)
FN:118,(anonymous_10)
FN:127,(anonymous_11)
FN:149,(anonymous_12)
FN:160,(anonymous_13)
FN:175,(anonymous_14)
FN:226,(anonymous_15)
FN:255,(anonymous_16)
FN:295,(anonymous_17)
FN:302,(anonymous_18)
FN:305,(anonymous_19)
FN:331,(anonymous_20)
FN:343,(anonymous_21)
FN:346,(anonymous_22)
FN:365,(anonymous_23)
FN:386,(anonymous_24)
FN:404,(anonymous_25)
FN:411,(anonymous_26)
FN:425,(anonymous_27)
FN:435,(anonymous_28)
FN:442,(anonymous_29)
FN:499,(anonymous_30)
FN:515,(anonymous_31)
FN:520,(anonymous_32)
FN:545,(anonymous_33)
FN:553,(anonymous_34)
FN:570,(anonymous_35)
FN:629,(anonymous_36)
FN:655,(anonymous_37)
FN:656,(anonymous_38)
FN:675,(anonymous_39)
FN:713,(anonymous_40)
FN:788,(anonymous_41)
FN:805,(anonymous_42)
FN:824,(anonymous_43)
FN:834,(anonymous_44)
FN:858,(anonymous_45)
FN:885,(anonymous_46)
FN:914,(anonymous_47)
FN:927,(anonymous_48)
FN:931,(anonymous_49)
FN:940,(anonymous_50)
FN:945,(anonymous_51)
FN:963,(anonymous_52)
FN:1001,(anonymous_53)
FN:1005,(anonymous_54)
FN:1015,(anonymous_55)
FN:1023,(anonymous_56)
FNF:56
FNH:26
FNDA:4,(anonymous_1)
FNDA:47,(anonymous_2)
FNDA:26,(anonymous_3)
FNDA:5,(anonymous_4)
FNDA:3,(anonymous_5)
FNDA:21,(anonymous_6)
FNDA:2,(anonymous_7)
FNDA:5,(anonymous_8)
FNDA:5,(anonymous_9)
FNDA:5,(anonymous_10)
FNDA:5,(anonymous_11)
FNDA:3,(anonymous_12)
FNDA:8,(anonymous_13)
FNDA:5,(anonymous_14)
FNDA:1,(anonymous_15)
FNDA:3,(anonymous_16)
FNDA:0,(anonymous_17)
FNDA:0,(anonymous_18)
FNDA:0,(anonymous_19)
FNDA:0,(anonymous_20)
FNDA:3,(anonymous_21)
FNDA:18,(anonymous_22)
FNDA:8,(anonymous_23)
FNDA:0,(anonymous_24)
FNDA:3,(anonymous_25)
FNDA:0,(anonymous_26)
FNDA:0,(anonymous_27)
FNDA:3,(anonymous_28)
FNDA:3,(anonymous_29)
FNDA:3,(anonymous_30)
FNDA:0,(anonymous_31)
FNDA:0,(anonymous_32)
FNDA:4,(anonymous_33)
FNDA:3,(anonymous_34)
FNDA:7,(anonymous_35)
FNDA:0,(anonymous_36)
FNDA:0,(anonymous_37)
FNDA:0,(anonymous_38)
FNDA:0,(anonymous_39)
FNDA:0,(anonymous_40)
FNDA:0,(anonymous_41)
FNDA:0,(anonymous_42)
FNDA:0,(anonymous_43)
FNDA:0,(anonymous_44)
FNDA:0,(anonymous_45)
FNDA:0,(anonymous_46)
FNDA:0,(anonymous_47)
FNDA:0,(anonymous_48)
FNDA:0,(anonymous_49)
FNDA:0,(anonymous_50)
FNDA:0,(anonymous_51)
FNDA:0,(anonymous_52)
FNDA:0,(anonymous_53)
FNDA:0,(anonymous_54)
FNDA:0,(anonymous_55)
FNDA:0,(anonymous_56)
DA:12,1
DA:13,1
DA:14,1
DA:17,1
DA:22,1
DA:23,4
DA:33,1
DA:38,1
DA:39,47
DA:45,1
DA:46,26
DA:52,1
DA:53,5
DA:59,1
DA:60,3
DA:68,1
DA:69,21
DA:70,12
DA:71,9
DA:72,9
DA:73,0
DA:75,9
DA:77,0
DA:84,1
DA:85,2
DA:86,2
DA:88,2
DA:89,0
DA:91,2
DA:92,0
DA:95,2
DA:96,0
DA:97,2
DA:98,1
DA:99,1
DA:100,1
DA:102,0
DA:109,1
DA:110,5
DA:111,5
DA:118,1
DA:119,5
DA:120,5
DA:121,5
DA:127,1
DA:129,5
DA:130,0
DA:132,5
DA:133,0
DA:137,5
DA:138,0
DA:142,5
DA:143,5
DA:149,1
DA:152,3
DA:153,0
DA:155,3
DA:156,0
DA:160,3
DA:163,8
DA:164,0
DA:166,8
DA:167,0
DA:171,8
DA:172,8
DA:175,8
DA:176,5
DA:180,8
DA:181,0
DA:185,8
DA:188,3
DA:190,3
DA:192,0
DA:196,3
DA:200,3
DA:205,5
DA:207,2
DA:208,2
DA:212,5
DA:219,3
DA:226,1
DA:227,1
DA:233,1
DA:245,1
DA:250,1
DA:255,1
DA:256,3
DA:257,0
DA:260,3
DA:262,0
DA:266,3
DA:268,0
DA:272,3
DA:274,3
DA:275,3
DA:276,3
DA:279,0
DA:281,3
DA:287,0
DA:295,1
DA:296,0
DA:302,1
DA:305,0
DA:306,0
DA:311,0
DA:312,0
DA:316,0
DA:317,0
DA:321,0
DA:322,0
DA:326,0
DA:327,0
DA:331,0
DA:332,0
DA:333,0
DA:343,1
DA:346,3
DA:347,18
DA:348,0
DA:354,3
DA:355,0
DA:359,3
DA:360,0
DA:362,3
DA:363,0
DA:365,3
DA:366,8
DA:367,0
DA:372,3
DA:373,0
DA:377,3
DA:378,0
DA:380,3
DA:383,3
DA:384,0
DA:386,3
DA:387,0
DA:391,3
DA:392,0
DA:394,3
DA:395,0
DA:404,1
DA:405,3
DA:411,1
DA:414,0
DA:415,0
DA:416,0
DA:417,0
DA:420,0
DA:424,0
DA:425,0
DA:426,0
DA:427,0
DA:435,1
DA:436,3
DA:442,1
DA:499,1
DA:500,3
DA:501,0
DA:504,3
DA:505,3
DA:507,3
DA:508,3
DA:509,3
DA:510,3
DA:511,3
DA:513,0
DA:515,0
DA:516,0
DA:520,0
DA:521,0
DA:522,0
DA:523,0
DA:524,0
DA:525,0
DA:530,0
DA:540,1
DA:545,1
DA:546,4
DA:553,1
DA:556,3
DA:557,0
DA:558,0
DA:562,3
DA:563,0
DA:565,3
DA:566,0
DA:570,3
DA:572,7
DA:575,2
DA:580,2
DA:582,5
DA:585,0
DA:590,0
DA:592,5
DA:595,5
DA:596,5
DA:599,5
DA:601,5
DA:604,4
DA:609,1
DA:616,0
DA:623,3
DA:629,1
DA:632,0
DA:633,0
DA:637,0
DA:644,0
DA:655,1
DA:656,0
DA:657,0
DA:658,0
DA:659,0
DA:661,0
DA:662,0
DA:663,0
DA:664,0
DA:666,0
DA:675,1
DA:678,0
DA:679,0
DA:681,0
DA:682,0
DA:684,0
DA:685,0
DA:688,0
DA:690,0
DA:693,0
DA:700,0
DA:701,0
DA:706,0
DA:713,1
DA:716,0
DA:717,0
DA:719,0
DA:720,0
DA:722,0
DA:723,0
DA:727,0
DA:729,0
DA:731,0
DA:733,0
DA:735,0
DA:738,0
DA:741,0
DA:742,0
DA:743,0
DA:750,0
DA:751,0
DA:752,0
DA:756,0
DA:764,0
DA:765,0
DA:767,0
DA:770,0
DA:773,0
DA:778,0
DA:779,0
DA:788,1
DA:791,0
DA:792,0
DA:796,0
DA:799,0
DA:802,0
DA:805,0
DA:807,0
DA:810,0
DA:812,0
DA:815,0
DA:818,0
DA:822,0
DA:824,0
DA:826,0
DA:829,0
DA:834,0
DA:835,0
DA:838,0
DA:841,0
DA:846,0
DA:855,0
DA:858,0
DA:860,0
DA:862,0
DA:867,0
DA:874,0
DA:880,0
DA:881,0
DA:885,0
DA:888,0
DA:889,0
DA:893,0
DA:894,0
DA:897,0
DA:900,0
DA:907,0
DA:909,0
DA:914,0
DA:915,0
DA:921,0
DA:927,0
DA:928,0
DA:931,0
DA:932,0
DA:933,0
DA:934,0
DA:940,0
DA:941,0
DA:943,0
DA:945,0
DA:946,0
DA:947,0
DA:948,0
DA:950,0
DA:954,0
DA:955,0
DA:956,0
DA:963,1
DA:966,0
DA:967,0
DA:968,0
DA:970,0
DA:972,0
DA:973,0
DA:975,0
DA:976,0
DA:979,0
DA:982,0
DA:985,0
DA:986,0
DA:989,0
DA:990,0
DA:991,0
DA:994,0
DA:1001,1
DA:1002,0
DA:1003,0
DA:1005,0
DA:1006,0
DA:1008,0
DA:1015,1
DA:1018,0
DA:1019,0
DA:1023,0
DA:1024,0
DA:1027,0
DA:1029,0
DA:1032,0
DA:1033,0
DA:1034,0
DA:1043,0
DA:1052,0
DA:1054,0
DA:1056,0
DA:1058,0
DA:1061,0
DA:1064,0
LF:356
LH:139
BRDA:53,1,0,5
BRDA:53,1,1,3
BRDA:60,2,0,3
BRDA:60,2,1,3
BRDA:60,2,2,3
BRDA:69,3,0,12
BRDA:69,3,1,9
BRDA:71,4,0,9
BRDA:71,4,1,0
BRDA:72,5,0,0
BRDA:72,5,1,9
BRDA:88,6,0,0
BRDA:88,6,1,2
BRDA:88,7,0,2
BRDA:88,7,1,2
BRDA:91,8,0,0
BRDA:91,8,1,2
BRDA:91,9,0,2
BRDA:91,9,1,2
BRDA:95,10,0,0
BRDA:95,10,1,2
BRDA:97,11,0,1
BRDA:97,11,1,1
BRDA:99,12,0,1
BRDA:99,12,1,0
BRDA:129,13,0,0
BRDA:129,13,1,5
BRDA:132,14,0,0
BRDA:132,14,1,5
BRDA:137,15,0,0
BRDA:137,15,1,5
BRDA:152,16,0,0
BRDA:152,16,1,3
BRDA:155,17,0,0
BRDA:155,17,1,3
BRDA:163,18,0,0
BRDA:163,18,1,8
BRDA:166,19,0,0
BRDA:166,19,1,8
BRDA:180,20,0,0
BRDA:180,20,1,8
BRDA:180,21,0,8
BRDA:180,21,1,3
BRDA:185,22,0,3
BRDA:185,22,1,5
BRDA:190,23,0,0
BRDA:190,23,1,3
BRDA:205,24,0,2
BRDA:205,24,1,3
BRDA:256,25,0,0
BRDA:256,25,1,3
BRDA:260,26,0,0
BRDA:260,26,1,3
BRDA:266,27,0,0
BRDA:266,27,1,3
BRDA:272,28,0,3
BRDA:272,28,1,0
BRDA:311,29,0,0
BRDA:311,29,1,0
BRDA:316,30,0,0
BRDA:316,30,1,0
BRDA:316,31,0,0
BRDA:316,31,1,0
BRDA:321,32,0,0
BRDA:321,32,1,0
BRDA:326,33,0,0
BRDA:326,33,1,0
BRDA:332,34,0,0
BRDA:332,34,1,0
BRDA:347,35,0,0
BRDA:347,35,1,18
BRDA:354,36,0,0
BRDA:354,36,1,3
BRDA:359,37,0,0
BRDA:359,37,1,3
BRDA:362,38,0,0
BRDA:362,38,1,3
BRDA:366,39,0,0
BRDA:366,39,1,8
BRDA:372,40,0,0
BRDA:372,40,1,3
BRDA:372,41,0,3
BRDA:372,41,1,3
BRDA:377,42,0,0
BRDA:377,42,1,3
BRDA:383,43,0,0
BRDA:383,43,1,3
BRDA:391,44,0,0
BRDA:391,44,1,3
BRDA:394,45,0,0
BRDA:394,45,1,3
BRDA:414,46,0,0
BRDA:414,46,1,0
BRDA:414,47,0,0
BRDA:414,47,1,0
BRDA:414,47,2,0
BRDA:426,48,0,0
BRDA:426,48,1,0
BRDA:500,49,0,0
BRDA:500,49,1,3
BRDA:505,50,0,3
BRDA:505,50,1,0
BRDA:513,51,0,0
BRDA:513,51,1,0
BRDA:556,52,0,0
BRDA:556,52,1,3
BRDA:562,53,0,0
BRDA:562,53,1,3
BRDA:565,54,0,0
BRDA:565,54,1,3
BRDA:572,55,0,2
BRDA:572,55,1,5
BRDA:582,56,0,0
BRDA:582,56,1,5
BRDA:592,57,0,5
BRDA:592,57,1,0
BRDA:601,58,0,4
BRDA:601,58,1,1
BRDA:632,59,0,0
BRDA:632,59,1,0
BRDA:658,60,0,0
BRDA:658,60,1,0
BRDA:661,61,0,0
BRDA:661,61,1,0
BRDA:663,62,0,0
BRDA:663,62,1,0
BRDA:678,63,0,0
BRDA:678,63,1,0
BRDA:681,64,0,0
BRDA:681,64,1,0
BRDA:684,65,0,0
BRDA:684,65,1,0
BRDA:688,66,0,0
BRDA:688,66,1,0
BRDA:700,67,0,0
BRDA:700,67,1,0
BRDA:700,68,0,0
BRDA:700,68,1,0
BRDA:716,69,0,0
BRDA:716,69,1,0
BRDA:719,70,0,0
BRDA:719,70,1,0
BRDA:722,71,0,0
BRDA:722,71,1,0
BRDA:741,72,0,0
BRDA:741,72,1,0
BRDA:742,73,0,0
BRDA:742,73,1,0
BRDA:750,74,0,0
BRDA:750,74,1,0
BRDA:765,75,0,0
BRDA:765,75,1,0
BRDA:770,76,0,0
BRDA:770,76,1,0
BRDA:791,77,0,0
BRDA:791,77,1,0
BRDA:807,78,0,0
BRDA:807,78,1,0
BRDA:812,79,0,0
BRDA:812,79,1,0
BRDA:826,80,0,0
BRDA:826,80,1,0
BRDA:838,81,0,0
BRDA:838,81,1,0
BRDA:855,82,0,0
BRDA:855,82,1,0
BRDA:880,83,0,0
BRDA:880,83,1,0
BRDA:888,84,0,0
BRDA:888,84,1,0
BRDA:893,85,0,0
BRDA:893,85,1,0
BRDA:897,86,0,0
BRDA:897,86,1,0
BRDA:907,87,0,0
BRDA:907,87,1,0
BRDA:947,88,0,0
BRDA:947,88,1,0
BRDA:972,89,0,0
BRDA:972,89,1,0
BRDA:985,90,0,0
BRDA:985,90,1,0
BRDA:1002,91,0,0
BRDA:1002,91,1,0
BRDA:1018,92,0,0
BRDA:1018,92,1,0
BRDA:1024,93,0,0
BRDA:1024,93,1,0
BRDA:1029,94,0,0
BRDA:1029,94,1,0
BRF:190
BRH:61
end_of_record
TN:
SF:/home/travis/build/kalabox/kalabox/lib/engine.js
FN:34,(anonymous_1)
FN:37,(anonymous_2)
FN:53,(anonymous_3)
FN:64,(anonymous_4)
FN:67,(anonymous_5)
FN:69,(anonymous_6)
FN:80,(anonymous_7)
FN:85,(anonymous_8)
FN:89,(anonymous_9)
FN:108,(anonymous_10)
FN:121,(anonymous_11)
FN:142,(anonymous_12)
FN:155,(anonymous_13)
FN:171,(anonymous_14)
FN:183,(anonymous_15)
FN:200,(anonymous_16)
FN:218,(anonymous_17)
FN:234,(anonymous_18)
FN:257,(anonymous_19)
FN:262,(anonymous_20)
FN:278,(anonymous_21)
FN:283,(anonymous_22)
FN:306,(anonymous_23)
FN:315,(anonymous_24)
FN:323,(anonymous_25)
FN:332,(anonymous_26)
FN:335,(anonymous_27)
FN:358,(anonymous_28)
FN:362,(anonymous_29)
FN:367,(anonymous_30)
FN:403,(anonymous_31)
FN:408,(anonymous_32)
FN:453,(anonymous_33)
FN:458,(anonymous_34)
FN:490,(anonymous_35)
FN:495,(anonymous_36)
FN:499,(anonymous_37)
FN:529,(anonymous_38)
FN:540,(anonymous_39)
FN:556,(anonymous_40)
FN:561,(anonymous_41)
FN:565,(anonymous_42)
FN:597,(anonymous_43)
FN:602,(anonymous_44)
FN:613,(anonymous_45)
FN:625,(anonymous_46)
FN:637,(anonymous_47)
FN:659,(anonymous_48)
FN:664,(anonymous_49)
FN:691,(anonymous_50)
FN:696,(anonymous_51)
FN:705,(anonymous_52)
FN:710,(anonymous_53)
FN:751,(anonymous_54)
FN:756,(anonymous_55)
FNF:55
FNH:0
FNDA:0,(anonymous_1)
FNDA:0,(anonymous_2)
FNDA:0,(anonymous_3)
FNDA:0,(anonymous_4)
FNDA:0,(anonymous_5)
FNDA:0,(anonymous_6)
FNDA:0,(anonymous_7)
FNDA:0,(anonymous_8)
FNDA:0,(anonymous_9)
FNDA:0,(anonymous_10)
FNDA:0,(anonymous_11)
FNDA:0,(anonymous_12)
FNDA:0,(anonymous_13)
FNDA:0,(anonymous_14)
FNDA:0,(anonymous_15)
FNDA:0,(anonymous_16)
FNDA:0,(anonymous_17)
FNDA:0,(anonymous_18)
FNDA:0,(anonymous_19)
FNDA:0,(anonymous_20)
FNDA:0,(anonymous_21)
FNDA:0,(anonymous_22)
FNDA:0,(anonymous_23)
FNDA:0,(anonymous_24)
FNDA:0,(anonymous_25)
FNDA:0,(anonymous_26)
FNDA:0,(anonymous_27)
FNDA:0,(anonymous_28)
FNDA:0,(anonymous_29)
FNDA:0,(anonymous_30)
FNDA:0,(anonymous_31)
FNDA:0,(anonymous_32)
FNDA:0,(anonymous_33)
FNDA:0,(anonymous_34)
FNDA:0,(anonymous_35)
FNDA:0,(anonymous_36)
FNDA:0,(anonymous_37)
FNDA:0,(anonymous_38)
FNDA:0,(anonymous_39)
FNDA:0,(anonymous_40)
FNDA:0,(anonymous_41)
FNDA:0,(anonymous_42)
FNDA:0,(anonymous_43)
FNDA:0,(anonymous_44)
FNDA:0,(anonymous_45)
FNDA:0,(anonymous_46)
FNDA:0,(anonymous_47)
FNDA:0,(anonymous_48)
FNDA:0,(anonymous_49)
FNDA:0,(anonymous_50)
FNDA:0,(anonymous_51)
FNDA:0,(anonymous_52)
FNDA:0,(anonymous_53)
FNDA:0,(anonymous_54)
FNDA:0,(anonymous_55)
DA:16,1
DA:21,1
DA:22,1
DA:23,1
DA:24,1
DA:29,1
DA:34,1
DA:37,0
DA:40,0
DA:43,0
DA:46,0
DA:49,0
DA:54,0
DA:64,1
DA:66,0
DA:68,0
DA:70,0
DA:80,1
DA:83,0
DA:86,0
DA:90,0
DA:95,0
DA:103,1
DA:108,1
DA:110,0
DA:113,0
DA:119,0
DA:122,0
DA:123,0
DA:124,0
DA:137,1
DA:142,1
DA:144,0
DA:147,0
DA:153,0
DA:156,0
DA:157,0
DA:158,0
DA:171,1
DA:174,0
DA:183,1
DA:186,0
DA:200,1
DA:201,0
DA:218,1
DA:221,0
DA:234,1
DA:236,0
DA:257,1
DA:260,0
DA:263,0
DA:278,1
DA:281,0
DA:284,0
DA:306,1
DA:309,0
DA:310,0
DA:311,0
DA:315,0
DA:316,0
DA:317,0
DA:324,0
DA:332,1
DA:334,0
DA:336,0
DA:358,1
DA:361,0
DA:364,0
DA:368,0
DA:375,0
DA:403,1
DA:406,0
DA:409,0
DA:453,1
DA:456,0
DA:459,0
DA:490,1
DA:493,0
DA:496,0
DA:500,0
DA:529,1
DA:532,0
DA:533,0
DA:534,0
DA:538,0
DA:541,0
DA:556,1
DA:559,0
DA:562,0
DA:566,0
DA:597,1
DA:600,0
DA:603,0
DA:613,1
DA:616,0
DA:625,1
DA:628,0
DA:637,1
DA:640,0
DA:659,1
DA:662,0
DA:665,0
DA:691,1
DA:694,0
DA:697,0
DA:705,1
DA:708,0
DA:711,0
DA:751,1
DA:754,0
DA:757,0
LF:111
LH:36
BRDA:110,1,0,0
BRDA:110,1,1,0
BRDA:123,2,0,0
BRDA:123,2,1,0
BRDA:144,3,0,0
BRDA:144,3,1,0
BRDA:157,4,0,0
BRDA:157,4,1,0
BRDA:309,5,0,0
BRDA:309,5,1,0
BRDA:309,6,0,0
BRDA:309,6,1,0
BRDA:316,7,0,0
BRDA:316,7,1,0
BRDA:316,8,0,0
BRDA:316,8,1,0
BRDA:532,9,0,0
BRDA:532,9,1,0
BRDA:532,10,0,0
BRDA:532,10,1,0
BRF:20
BRH:0
end_of_record
TN:
SF:/home/travis/build/kalabox/kalabox/lib/util.js
FN:40,(anonymous_1)
FN:46,(anonymous_2)
FN:52,(anonymous_3)
FN:61,(anonymous_4)
FN:66,(anonymous_5)
FN:70,(anonymous_6)
FN:78,(anonymous_7)
FN:83,(anonymous_8)
FN:88,(anonymous_9)
FN:89,(anonymous_10)
FNF:10
FNH:10
FNDA:170,(anonymous_1)
FNDA:141,(anonymous_2)
FNDA:5,(anonymous_3)
FNDA:162,(anonymous_4)
FNDA:162,(anonymous_5)
FNDA:145,(anonymous_6)
FNDA:8,(anonymous_7)
FNDA:7,(anonymous_8)
FNDA:2,(anonymous_9)
FNDA:6,(anonymous_10)
DA:7,1
DA:9,1
DA:11,1
DA:13,1
DA:15,1
DA:16,1
DA:18,1
DA:20,1
DA:21,1
DA:23,1
DA:24,1
DA:26,1
DA:27,1
DA:29,1
DA:30,1
DA:32,1
DA:33,1
DA:35,1
DA:36,1
DA:38,1
DA:40,1
DA:41,170
DA:44,1
DA:47,141
DA:48,145
DA:50,43
DA:53,5
DA:54,5
DA:55,10
DA:56,3
DA:59,2
DA:62,162
DA:63,162
DA:64,162
DA:67,162
DA:68,162
DA:71,145
DA:72,98
DA:77,1
DA:79,8
DA:80,8
DA:81,8
DA:84,7
DA:88,1
DA:89,2
DA:90,6
LF:46
LH:46
BRDA:55,1,0,3
BRDA:55,1,1,7
BRDA:71,2,0,98
BRDA:71,2,1,47
BRF:4
BRH:4
end_of_record
TN:
SF:/home/travis/build/kalabox/kalabox/lib/util/algo.js
FN:10,(anonymous_1)
FN:12,(anonymous_2)
FN:14,(anonymous_3)
FN:25,(anonymous_4)
FN:49,(anonymous_5)
FN:51,(anonymous_6)
FN:52,(anonymous_7)
FN:57,(anonymous_8)
FNF:8
FNH:0
FNDA:0,(anonymous_1)
FNDA:0,(anonymous_2)
FNDA:0,(anonymous_3)
FNDA:0,(anonymous_4)
FNDA:0,(anonymous_5)
FNDA:0,(anonymous_6)
FNDA:0,(anonymous_7)
FNDA:0,(anonymous_8)
DA:3,1
DA:4,1
DA:5,1
DA:10,1
DA:12,0
DA:14,0
DA:15,0
DA:18,0
DA:25,1
DA:27,0
DA:29,0
DA:31,0
DA:33,0
DA:35,0
DA:39,0
DA:49,1
DA:51,0
DA:52,0
DA:53,0
DA:57,0
DA:58,0
DA:59,0
DA:62,0
DA:66,1
LF:24
LH:7
BRDA:29,1,0,0
BRDA:29,1,1,0
BRDA:33,2,0,0
BRDA:33,2,1,0
BRF:4
BRH:0
end_of_record
TN:
SF:/home/travis/build/kalabox/kalabox/lib/util/disk.js
FN:10,(anonymous_1)
FN:12,(anonymous_2)
FN:26,(anonymous_3)
FN:27,(anonymous_4)
FN:36,(anonymous_5)
FN:38,(anonymous_6)
FNF:6
FNH:4
FNDA:0,(anonymous_1)
FNDA:0,(anonymous_2)
FNDA:1,(anonymous_3)
FNDA:1,(anonymous_4)
FNDA:3,(anonymous_5)
FNDA:3,(anonymous_6)
DA:4,2
DA:5,2
DA:6,2
DA:7,2
DA:8,2
DA:10,2
DA:11,0
DA:12,0
DA:13,0
DA:14,0
DA:16,0
DA:17,0
DA:18,0
DA:20,0
DA:26,2
DA:27,1
DA:28,1
DA:29,1
DA:30,0
DA:32,1
DA:36,2
DA:37,3
DA:38,3
DA:39,3
DA:40,3
DA:41,1
DA:45,3
LF:27
LH:18
BRDA:13,1,0,0
BRDA:13,1,1,0
BRDA:17,2,0,0
BRDA:17,2,1,0
BRDA:17,3,0,0
BRDA:17,3,1,0
BRDA:29,4,0,0
BRDA:29,4,1,1
BRDA:40,5,0,1
BRDA:40,5,1,2
BRDA:40,6,0,3
BRDA:40,6,1,3
BRF:12
BRH:5
end_of_record
TN:
SF:/home/travis/build/kalabox/kalabox/lib/util/shell.js
FN:26,(anonymous_1)
FN:30,(anonymous_2)
FN:32,(anonymous_3)
FN:88,(anonymous_4)
FN:95,(anonymous_5)
FN:120,(anonymous_6)
FN:139,(anonymous_7)
FNF:7
FNH:3
FNDA:1,(anonymous_1)
FNDA:0,(anonymous_2)
FNDA:0,(anonymous_3)
FNDA:4,(anonymous_4)
FNDA:4,(anonymous_5)
FNDA:0,(anonymous_6)
FNDA:0,(anonymous_7)
DA:8,1
DA:9,1
DA:10,1
DA:26,1
DA:27,1
DA:30,1
DA:32,0
DA:33,0
DA:34,0
DA:37,0
DA:38,0
DA:39,0
DA:41,0
DA:44,0
DA:45,0
DA:48,0
DA:53,0
DA:54,0
DA:59,0
DA:60,0
DA:63,0
DA:64,0
DA:67,0
DA:88,1
DA:90,4
DA:91,0
DA:94,4
DA:95,4
DA:96,4
DA:97,4
DA:98,2
DA:102,4
DA:120,1
DA:121,0
DA:139,1
DA:140,0
LF:36
LH:16
BRDA:37,1,0,0
BRDA:37,1,1,0
BRDA:38,2,0,0
BRDA:38,2,1,0
BRDA:44,3,0,0
BRDA:44,3,1,0
BRDA:53,4,0,0
BRDA:53,4,1,0
BRDA:59,5,0,0
BRDA:59,5,1,0
BRDA:63,6,0,0
BRDA:63,6,1,0
BRDA:90,7,0,0
BRDA:90,7,1,4
BRDA:97,8,0,2
BRDA:97,8,1,2
BRF:16
BRH:3
end_of_record
TN:
SF:/home/travis/build/kalabox/kalabox/lib/util/docker.js
FNF:0
FNH:0
DA:3,1
LF:1
LH:1
BRF:0
BRH:0
end_of_record
TN:
SF:/home/travis/build/kalabox/kalabox/lib/util/docker/containerName.js
FN:20,(anonymous_1)
FN:29,(anonymous_2)
FN:48,(anonymous_3)
FN:50,(anonymous_4)
FN:76,(anonymous_5)
FN:95,(anonymous_6)
FN:113,(anonymous_7)
FN:123,(anonymous_8)
FN:155,(anonymous_9)
FN:170,(anonymous_10)
FNF:10
FNH:0
FNDA:0,(anonymous_1)
FNDA:0,(anonymous_2)
FNDA:0,(anonymous_3)
FNDA:0,(anonymous_4)
FNDA:0,(anonymous_5)
FNDA:0,(anonymous_6)
FNDA:0,(anonymous_7)
FNDA:0,(anonymous_8)
FNDA:0,(anonymous_9)
FNDA:0,(anonymous_10)
DA:3,1
DA:4,1
DA:5,1
DA:6,1
DA:7,1
DA:8,1
DA:11,1
DA:12,1
DA:13,1
DA:14,1
DA:15,1
DA:20,1
DA:22,0
DA:29,1
DA:32,0
DA:39,1
DA:48,1
DA:50,0
DA:52,0
DA:53,0
DA:60,0
DA:62,0
DA:76,1
DA:79,0
DA:86,0
DA:88,0
DA:95,1
DA:98,0
DA:104,0
DA:106,0
DA:113,1
DA:115,0
DA:116,0
DA:123,1
DA:126,0
DA:127,0
DA:131,0
DA:133,0
DA:136,0
DA:138,0
DA:141,0
DA:146,0
DA:155,1
DA:157,0
DA:158,0
DA:159,0
DA:160,0
DA:162,0
DA:170,1
DA:173,0
DA:176,0
DA:183,0
DA:186,0
DA:190,1
LF:54
LH:22
BRDA:52,1,0,0
BRDA:52,1,1,0
BRDA:60,2,0,0
BRDA:60,2,1,0
BRDA:126,3,0,0
BRDA:126,3,1,0
BRDA:126,4,0,0
BRDA:126,4,1,0
BRDA:133,5,0,0
BRDA:133,5,1,0
BRDA:133,6,0,0
BRDA:133,6,1,0
BRDA:138,7,0,0
BRDA:138,7,1,0
BRDA:138,8,0,0
BRDA:138,8,1,0
BRDA:157,9,0,0
BRDA:157,9,1,0
BRDA:159,10,0,0
BRDA:159,10,1,0
BRF:20
BRH:0
end_of_record
TN:
SF:/home/travis/build/kalabox/kalabox/lib/util/docker/createOpts.js
FN:13,CreateOpts
FN:41,(anonymous_2)
FN:50,(anonymous_3)
FN:57,(anonymous_4)
FN:63,(anonymous_5)
FN:70,(anonymous_6)
FN:74,(anonymous_7)
FN:92,(anonymous_8)
FN:99,(anonymous_9)
FN:110,(anonymous_10)
FN:117,(anonymous_11)
FN:130,(anonymous_12)
FN:137,(anonymous_13)
FN:171,(anonymous_14)
FN:178,(anonymous_15)
FN:200,(anonymous_16)
FN:207,(anonymous_17)
FN:214,(anonymous_18)
FNF:18
FNH:0
FNDA:0,CreateOpts
FNDA:0,(anonymous_2)
FNDA:0,(anonymous_3)
FNDA:0,(anonymous_4)
FNDA:0,(anonymous_5)
FNDA:0,(anonymous_6)
FNDA:0,(anonymous_7)
FNDA:0,(anonymous_8)
FNDA:0,(anonymous_9)
FNDA:0,(anonymous_10)
FNDA:0,(anonymous_11)
FNDA:0,(anonymous_12)
FNDA:0,(anonymous_13)
FNDA:0,(anonymous_14)
FNDA:0,(anonymous_15)
FNDA:0,(anonymous_16)
FNDA:0,(anonymous_17)
FNDA:0,(anonymous_18)
DA:5,1
DA:6,1
DA:7,1
DA:8,1
DA:13,1
DA:15,0
DA:18,0
DA:32,0
DA:41,1
DA:43,0
DA:50,1
DA:51,0
DA:57,1
DA:59,0
DA:63,1
DA:65,0
DA:67,0
DA:70,1
DA:71,0
DA:74,1
DA:76,0
DA:78,0
DA:79,0
DA:80,0
DA:81,0
DA:84,0
DA:89,0
DA:92,1
DA:93,0
DA:99,1
DA:102,0
DA:105,0
DA:107,0
DA:110,1
DA:111,0
DA:117,1
DA:120,0
DA:121,0
DA:125,0
DA:127,0
DA:130,1
DA:131,0
DA:137,1
DA:140,0
DA:143,0
DA:144,0
DA:146,0
DA:147,0
DA:149,0
DA:150,0
DA:154,0
DA:158,0
DA:159,0
DA:163,0
DA:166,0
DA:168,0
DA:171,1
DA:172,0
DA:178,1
DA:181,0
DA:184,0
DA:187,0
DA:188,0
DA:192,0
DA:195,0
DA:197,0
DA:200,1
DA:201,0
DA:207,1
DA:209,0
DA:211,0
DA:214,1
DA:215,0
DA:218,1
LF:74
LH:23
BRDA:15,1,0,0
BRDA:15,1,1,0
BRDA:79,2,0,0
BRDA:79,2,1,0
BRDA:81,3,0,0
BRDA:81,3,1,0
BRDA:120,4,0,0
BRDA:120,4,1,0
BRDA:120,5,0,0
BRDA:120,5,1,0
BRDA:140,6,0,0
BRDA:140,6,1,0
BRDA:143,7,0,0
BRDA:143,7,1,0
BRDA:146,8,0,0
BRDA:146,8,1,0
BRDA:146,9,0,0
BRDA:146,9,1,0
BRDA:149,10,0,0
BRDA:149,10,1,0
BRDA:158,11,0,0
BRDA:158,11,1,0
BRDA:158,12,0,0
BRDA:158,12,1,0
BRDA:181,13,0,0
BRDA:181,13,1,0
BRDA:187,14,0,0
BRDA:187,14,1,0
BRF:28
BRH:0
end_of_record
TN:
SF:/home/travis/build/kalabox/kalabox/lib/util/docker/imageName.js
FN:16,(anonymous_1)
FN:75,(anonymous_2)
FN:83,(anonymous_3)
FN:126,(anonymous_4)
FNF:4
FNH:0
FNDA:0,(anonymous_1)
FNDA:0,(anonymous_2)
FNDA:0,(anonymous_3)
FNDA:0,(anonymous_4)
DA:3,1
DA:4,1
DA:5,1
DA:7,1
DA:8,1
DA:9,1
DA:10,1
DA:11,1
DA:16,1
DA:19,0
DA:20,0
DA:24,0
DA:27,0
DA:33,0
DA:36,0
DA:38,0
DA:41,0
DA:42,0
DA:47,0
DA:52,0
DA:54,0
DA:57,0
DA:58,0
DA:60,0
DA:63,0
DA:68,0
DA:75,1
DA:78,0
DA:79,0
DA:83,0
DA:84,0
DA:85,0
DA:91,0
DA:92,0
DA:101,0
DA:102,0
DA:106,0
DA:108,0
DA:110,0
DA:113,0
DA:115,0
DA:119,0
DA:126,1
DA:129,0
DA:132,0
DA:135,0
DA:136,0
DA:137,0
DA:140,0
DA:144,0
DA:145,0
DA:149,0
DA:153,1
LF:53
LH:12
BRDA:19,1,0,0
BRDA:19,1,1,0
BRDA:33,2,0,0
BRDA:33,2,1,0
BRDA:38,3,0,0
BRDA:38,3,1,0
BRDA:54,4,0,0
BRDA:54,4,1,0
BRDA:60,5,0,0
BRDA:60,5,1,0
BRDA:78,6,0,0
BRDA:78,6,1,0
BRDA:78,7,0,0
BRDA:78,7,1,0
BRDA:84,8,0,0
BRDA:84,8,1,0
BRDA:91,9,0,0
BRDA:91,9,1,0
BRDA:91,10,0,0
BRDA:91,10,1,0
BRDA:101,11,0,0
BRDA:101,11,1,0
BRDA:108,12,0,0
BRDA:108,12,1,0
BRDA:113,13,0,0
BRDA:113,13,1,0
BRDA:135,14,0,0
BRDA:135,14,1,0
BRDA:136,15,0,0
BRDA:136,15,1,0
BRDA:144,16,0,0
BRDA:144,16,1,0
BRDA:144,17,0,0
BRDA:144,17,1,0
BRF:34
BRH:0
end_of_record
TN:
SF:/home/travis/build/kalabox/kalabox/lib/util/version.js
FN:10,(anonymous_1)
FN:20,(anonymous_2)
FN:47,(anonymous_3)
FN:56,(anonymous_4)
FN:64,(anonymous_5)
FN:78,(anonymous_6)
FNF:6
FNH:0
FNDA:0,(anonymous_1)
FNDA:0,(anonymous_2)
FNDA:0,(anonymous_3)
FNDA:0,(anonymous_4)
FNDA:0,(anonymous_5)
FNDA:0,(anonymous_6)
DA:3,1
DA:4,1
DA:5,1
DA:10,1
DA:12,0
DA:13,0
DA:20,1
DA:23,0
DA:24,0
DA:28,0
DA:31,0
DA:32,0
DA:36,0
DA:47,1
DA:49,0
DA:56,1
DA:59,0
DA:60,0
DA:64,0
DA:65,0
DA:66,0
DA:71,0
DA:78,1
DA:80,0
DA:81,0
DA:82,0
DA:86,1
LF:27
LH:9
BRDA:23,1,0,0
BRDA:23,1,1,0
BRDA:31,2,0,0
BRDA:31,2,1,0
BRDA:59,3,0,0
BRDA:59,3,1,0
BRDA:65,4,0,0
BRDA:65,4,1,0
BRDA:65,5,0,0
BRDA:65,5,1,0
BRF:10
BRH:0
end_of_record
TN:
SF:/home/travis/build/kalabox/kalabox/lib/util/docker/startOpts.js
FN:13,StartOpts
FN:35,(anonymous_2)
FN:44,(anonymous_3)
FN:51,(anonymous_4)
FN:60,(anonymous_5)
FN:94,(anonymous_6)
FN:101,(anonymous_7)
FN:123,(anonymous_8)
FNF:8
FNH:0
FNDA:0,StartOpts
FNDA:0,(anonymous_2)
FNDA:0,(anonymous_3)
FNDA:0,(anonymous_4)
FNDA:0,(anonymous_5)
FNDA:0,(anonymous_6)
FNDA:0,(anonymous_7)
FNDA:0,(anonymous_8)
DA:5,1
DA:6,1
DA:7,1
DA:8,1
DA:13,1
DA:15,0
DA:18,0
DA:26,0
DA:35,1
DA:37,0
DA:44,1
DA:45,0
DA:51,1
DA:53,0
DA:60,1
DA:63,0
DA:66,0
DA:67,0
DA:69,0
DA:70,0
DA:72,0
DA:73,0
DA:77,0
DA:81,0
DA:82,0
DA:86,0
DA:89,0
DA:91,0
DA:94,1
DA:95,0
DA:101,1
DA:104,0
DA:107,0
DA:110,0
DA:111,0
DA:115,0
DA:118,0
DA:120,0
DA:123,1
DA:124,0
DA:127,1
LF:41
LH:13
BRDA:15,1,0,0
BRDA:15,1,1,0
BRDA:63,2,0,0
BRDA:63,2,1,0
BRDA:66,3,0,0
BRDA:66,3,1,0
BRDA:69,4,0,0
BRDA:69,4,1,0
BRDA:69,5,0,0
BRDA:69,5,1,0
BRDA:72,6,0,0
BRDA:72,6,1,0
BRDA:81,7,0,0
BRDA:81,7,1,0
BRDA:81,8,0,0
BRDA:81,8,1,0
BRDA:104,9,0,0
BRDA:104,9,1,0
BRDA:110,10,0,0
BRDA:110,10,1,0
BRF:20
BRH:0
end_of_record
TN:
SF:/home/travis/build/kalabox/kalabox/lib/util/download.js
FN:4,(anonymous_1)
FN:11,(anonymous_2)
FNF:2
FNH:0
FNDA:0,(anonymous_1)
FNDA:0,(anonymous_2)
DA:4,1
DA:7,0
DA:8,0
DA:9,0
DA:11,0
DA:12,0
DA:15,0
DA:16,0
LF:8
LH:1
BRF:0
BRH:0
end_of_record
TN:
SF:/home/travis/build/kalabox/kalabox/lib/util/firewall.js
FN:27,(anonymous_1)
FN:29,(anonymous_2)
FN:55,(anonymous_3)
FN:56,(anonymous_4)
FNF:4
FNH:0
FNDA:0,(anonymous_1)
FNDA:0,(anonymous_2)
FNDA:0,(anonymous_3)
FNDA:0,(anonymous_4)
DA:8,2
DA:9,2
DA:27,2
DA:28,0
DA:29,0
DA:30,0
DA:31,0
DA:32,0
DA:33,0
DA:35,0
DA:55,2
DA:56,0
DA:57,0
LF:13
LH:4
BRDA:30,1,0,0
BRDA:30,1,1,0
BRDA:32,2,0,0
BRDA:32,2,1,0
BRF:4
BRH:0
end_of_record
TN:
SF:/home/travis/build/kalabox/kalabox/lib/util/helpers.js
FN:7,(anonymous_1)
FN:9,(anonymous_2)
FN:10,(anonymous_3)
FN:20,(anonymous_4)
FN:35,(anonymous_5)
FN:36,(anonymous_6)
FN:46,(anonymous_7)
FN:57,(anonymous_8)
FN:58,(anonymous_9)
FN:74,(anonymous_10)
FN:75,(anonymous_11)
FN:90,(anonymous_12)
FN:91,(anonymous_13)
FN:107,(anonymous_14)
FN:111,(anonymous_15)
FNF:15
FNH:6
FNDA:2,(anonymous_1)
FNDA:0,(anonymous_2)
FNDA:0,(anonymous_3)
FNDA:0,(anonymous_4)
FNDA:0,(anonymous_5)
FNDA:0,(anonymous_6)
FNDA:0,(anonymous_7)
FNDA:5,(anonymous_8)
FNDA:16,(anonymous_9)
FNDA:1,(anonymous_10)
FNDA:5,(anonymous_11)
FNDA:0,(anonymous_12)
FNDA:0,(anonymous_13)
FNDA:4,(anonymous_14)
FNDA:0,(anonymous_15)
DA:7,2
DA:9,1
DA:10,0
DA:11,0
DA:12,0
DA:13,0
DA:15,0
DA:18,0
DA:19,0
DA:20,0
DA:21,0
DA:22,0
DA:24,0
DA:25,0
DA:27,0
DA:32,0
DA:35,1
DA:36,0
DA:37,0
DA:38,0
DA:39,0
DA:41,0
DA:44,0
DA:45,0
DA:46,0
DA:47,0
DA:48,0
DA:50,0
DA:54,0
DA:57,1
DA:58,5
DA:59,16
DA:60,2
DA:62,14
DA:63,14
DA:64,14
DA:65,3
DA:67,11
DA:71,5
DA:74,1
DA:75,1
DA:76,5
DA:77,1
DA:79,4
DA:80,4
DA:81,4
DA:82,2
DA:84,4
DA:87,1
DA:90,1
DA:91,0
DA:92,0
DA:93,0
DA:95,0
DA:96,0
DA:97,0
DA:98,0
DA:99,0
DA:101,0
DA:104,0
DA:107,1
DA:108,4
DA:111,1
DA:112,0
DA:115,1
LF:65
LH:28
BRDA:11,1,0,0
BRDA:11,1,1,0
BRDA:12,2,0,0
BRDA:12,2,1,0
BRDA:21,3,0,0
BRDA:21,3,1,0
BRDA:24,4,0,0
BRDA:24,4,1,0
BRDA:37,5,0,0
BRDA:37,5,1,0
BRDA:38,6,0,0
BRDA:38,6,1,0
BRDA:47,7,0,0
BRDA:47,7,1,0
BRDA:59,8,0,2
BRDA:59,8,1,14
BRDA:64,9,0,3
BRDA:64,9,1,11
BRDA:76,10,0,1
BRDA:76,10,1,4
BRDA:81,11,0,2
BRDA:81,11,1,2
BRDA:92,12,0,0
BRDA:92,12,1,0
BRDA:98,13,0,0
BRDA:98,13,1,0
BRF:26
BRH:8
end_of_record
TN:
SF:/home/travis/build/kalabox/kalabox/lib/util/internet.js
FN:23,(anonymous_1)
FN:24,(anonymous_2)
FNF:2
FNH:2
FNDA:2,(anonymous_1)
FNDA:2,(anonymous_2)
DA:8,1
DA:23,1
DA:24,2
DA:25,2
LF:4
LH:4
BRF:0
BRH:0
end_of_record
TN:
SF:/home/travis/build/kalabox/kalabox/lib/util/npm.js
FN:33,(anonymous_1)
FN:40,(anonymous_2)
FN:43,(anonymous_3)
FN:47,(anonymous_4)
FN:51,(anonymous_5)
FN:56,(anonymous_6)
FN:72,(anonymous_7)
FN:80,(anonymous_8)
FN:82,(anonymous_9)
FN:87,(anonymous_10)
FN:100,(anonymous_11)
FN:109,(anonymous_12)
FN:117,(anonymous_13)
FN:118,(anonymous_14)
FN:123,(anonymous_15)
FN:125,(anonymous_16)
FN:129,(anonymous_17)
FN:138,(anonymous_18)
FN:161,(anonymous_19)
FN:169,(anonymous_20)
FN:185,(anonymous_21)
FN:199,(anonymous_22)
FN:208,(anonymous_23)
FN:234,(anonymous_24)
FN:264,(anonymous_25)
FN:290,(anonymous_26)
FNF:26
FNH:0
FNDA:0,(anonymous_1)
FNDA:0,(anonymous_2)
FNDA:0,(anonymous_3)
FNDA:0,(anonymous_4)
FNDA:0,(anonymous_5)
FNDA:0,(anonymous_6)
FNDA:0,(anonymous_7)
FNDA:0,(anonymous_8)
FNDA:0,(anonymous_9)
FNDA:0,(anonymous_10)
FNDA:0,(anonymous_11)
FNDA:0,(anonymous_12)
FNDA:0,(anonymous_13)
FNDA:0,(anonymous_14)
FNDA:0,(anonymous_15)
FNDA:0,(anonymous_16)
FNDA:0,(anonymous_17)
FNDA:0,(anonymous_18)
FNDA:0,(anonymous_19)
FNDA:0,(anonymous_20)
FNDA:0,(anonymous_21)
FNDA:0,(anonymous_22)
FNDA:0,(anonymous_23)
FNDA:0,(anonymous_24)
FNDA:0,(anonymous_25)
FNDA:0,(anonymous_26)
DA:11,1
DA:16,1
DA:17,1
DA:18,1
DA:23,1
DA:24,1
DA:25,1
DA:30,1
DA:33,1
DA:34,0
DA:40,1
DA:43,0
DA:44,0
DA:48,0
DA:52,0
DA:53,0
DA:55,0
DA:56,0
DA:59,0
DA:60,0
DA:63,0
DA:72,1
DA:75,0
DA:78,0
DA:81,0
DA:82,0
DA:83,0
DA:88,0
DA:90,0
DA:93,0
DA:101,0
DA:109,1
DA:112,0
DA:115,0
DA:118,0
DA:119,0
DA:125,0
DA:126,0
DA:130,0
DA:139,0
DA:161,1
DA:163,0
DA:164,0
DA:165,0
DA:169,0
DA:170,0
DA:171,0
DA:174,0
DA:175,0
DA:177,0
DA:180,0
DA:186,0
DA:188,0
DA:199,1
DA:202,0
DA:205,0
DA:208,0
DA:211,0
DA:214,0
DA:219,0
DA:222,0
DA:223,0
DA:230,0
DA:235,0
DA:264,1
DA:267,0
DA:270,0
DA:290,1
DA:293,0
DA:296,0
LF:70
LH:16
BRDA:52,1,0,0
BRDA:52,1,1,0
BRDA:59,2,0,0
BRDA:59,2,1,0
BRDA:88,3,0,0
BRDA:88,3,1,0
BRDA:163,4,0,0
BRDA:163,4,1,0
BRDA:163,5,0,0
BRDA:163,5,1,0
BRDA:170,6,0,0
BRDA:170,6,1,0
BRDA:175,7,0,0
BRDA:175,7,1,0
BRDA:186,8,0,0
BRDA:186,8,1,0
BRDA:222,9,0,0
BRDA:222,9,1,0
BRF:18
BRH:0
end_of_record
TN:
SF:/home/travis/build/kalabox/kalabox/lib/share.js
FN:24,(anonymous_1)
FN:29,(anonymous_2)
FN:31,(anonymous_3)
FN:38,(anonymous_4)
FN:42,(anonymous_5)
FN:51,(anonymous_6)
FN:57,(anonymous_7)
FN:73,(anonymous_8)
FN:82,(anonymous_9)
FN:87,(anonymous_10)
FN:97,(anonymous_11)
FN:102,(anonymous_12)
FN:104,(anonymous_13)
FN:120,(anonymous_14)
FN:127,(anonymous_15)
FN:131,(anonymous_16)
FN:139,(anonymous_17)
FN:144,(anonymous_18)
FN:148,(anonymous_19)
FN:153,(anonymous_20)
FN:170,(anonymous_21)
FN:174,(anonymous_22)
FN:178,(anonymous_23)
FN:184,(anonymous_24)
FN:196,(anonymous_25)
FN:197,(anonymous_26)
FN:206,(anonymous_27)
FN:213,(anonymous_28)
FN:217,(anonymous_29)
FN:219,(anonymous_30)
FN:223,(anonymous_31)
FN:228,(anonymous_32)
FN:235,(anonymous_33)
FN:238,(anonymous_34)
FN:240,(anonymous_35)
FN:252,(anonymous_36)
FN:256,(anonymous_37)
FN:258,(anonymous_38)
FN:264,(anonymous_39)
FN:267,(anonymous_40)
FN:271,(anonymous_41)
FN:276,(anonymous_42)
FN:286,(anonymous_43)
FN:289,(anonymous_44)
FN:292,(anonymous_45)
FN:304,(anonymous_46)
FN:307,(anonymous_47)
FN:309,(anonymous_48)
FN:320,(anonymous_49)
FN:337,(anonymous_50)
FN:351,(anonymous_51)
FN:362,(anonymous_52)
FN:367,(anonymous_53)
FN:371,(anonymous_54)
FN:376,(anonymous_55)
FN:381,(anonymous_56)
FN:387,(anonymous_57)
FN:391,(anonymous_58)
FN:396,(anonymous_59)
FN:402,(anonymous_60)
FN:417,(anonymous_61)
FN:426,(anonymous_62)
FN:440,(anonymous_63)
FN:447,(anonymous_64)
FN:450,(anonymous_65)
FN:456,(anonymous_66)
FN:458,(anonymous_67)
FN:461,(anonymous_68)
FN:464,(anonymous_69)
FN:467,(anonymous_70)
FN:470,(anonymous_71)
FNF:71
FNH:0
FNDA:0,(anonymous_1)
FNDA:0,(anonymous_2)
FNDA:0,(anonymous_3)
FNDA:0,(anonymous_4)
FNDA:0,(anonymous_5)
FNDA:0,(anonymous_6)
FNDA:0,(anonymous_7)
FNDA:0,(anonymous_8)
FNDA:0,(anonymous_9)
FNDA:0,(anonymous_10)
FNDA:0,(anonymous_11)
FNDA:0,(anonymous_12)
FNDA:0,(anonymous_13)
FNDA:0,(anonymous_14)
FNDA:0,(anonymous_15)
FNDA:0,(anonymous_16)
FNDA:0,(anonymous_17)
FNDA:0,(anonymous_18)
FNDA:0,(anonymous_19)
FNDA:0,(anonymous_20)
FNDA:0,(anonymous_21)
FNDA:0,(anonymous_22)
FNDA:0,(anonymous_23)
FNDA:0,(anonymous_24)
FNDA:0,(anonymous_25)
FNDA:0,(anonymous_26)
FNDA:0,(anonymous_27)
FNDA:0,(anonymous_28)
FNDA:0,(anonymous_29)
FNDA:0,(anonymous_30)
FNDA:0,(anonymous_31)
FNDA:0,(anonymous_32)
FNDA:0,(anonymous_33)
FNDA:0,(anonymous_34)
FNDA:0,(anonymous_35)
FNDA:0,(anonymous_36)
FNDA:0,(anonymous_37)
FNDA:0,(anonymous_38)
FNDA:0,(anonymous_39)
FNDA:0,(anonymous_40)
FNDA:0,(anonymous_41)
FNDA:0,(anonymous_42)
FNDA:0,(anonymous_43)
FNDA:0,(anonymous_44)
FNDA:0,(anonymous_45)
FNDA:0,(anonymous_46)
FNDA:0,(anonymous_47)
FNDA:0,(anonymous_48)
FNDA:0,(anonymous_49)
FNDA:0,(anonymous_50)
FNDA:0,(anonymous_51)
FNDA:0,(anonymous_52)
FNDA:0,(anonymous_53)
FNDA:0,(anonymous_54)
FNDA:0,(anonymous_55)
FNDA:0,(anonymous_56)
FNDA:0,(anonymous_57)
FNDA:0,(anonymous_58)
FNDA:0,(anonymous_59)
FNDA:0,(anonymous_60)
FNDA:0,(anonymous_61)
FNDA:0,(anonymous_62)
FNDA:0,(anonymous_63)
FNDA:0,(anonymous_64)
FNDA:0,(anonymous_65)
FNDA:0,(anonymous_66)
FNDA:0,(anonymous_67)
FNDA:0,(anonymous_68)
FNDA:0,(anonymous_69)
FNDA:0,(anonymous_70)
FNDA:0,(anonymous_71)
DA:3,1
DA:4,1
DA:5,1
DA:6,1
DA:7,1
DA:8,1
DA:9,1
DA:10,1
DA:11,1
DA:12,1
DA:13,1
DA:15,1
DA:17,1
DA:19,1
DA:24,1
DA:27,0
DA:30,0
DA:32,0
DA:39,0
DA:43,0
DA:51,1
DA:54,0
DA:58,0
DA:59,0
DA:63,0
DA:64,0
DA:66,0
DA:74,0
DA:82,1
DA:85,0
DA:88,0
DA:89,0
DA:97,1
DA:100,0
DA:103,0
DA:105,0
DA:106,0
DA:108,0
DA:120,1
DA:121,0
DA:127,1
DA:129,0
DA:132,0
DA:139,1
DA:142,0
DA:147,0
DA:148,0
DA:149,0
DA:153,0
DA:154,0
DA:155,0
DA:157,0
DA:161,0
DA:170,1
DA:173,0
DA:175,0
DA:177,0
DA:179,0
DA:181,0
DA:186,0
DA:196,1
DA:197,0
DA:198,0
DA:200,0
DA:206,1
DA:207,0
DA:213,1
DA:216,0
DA:218,0
DA:221,0
DA:222,0
DA:224,0
DA:229,0
DA:235,1
DA:237,0
DA:239,0
DA:241,0
DA:242,0
DA:252,1
DA:255,0
DA:257,0
DA:260,0
DA:261,0
DA:265,0
DA:268,0
DA:270,0
DA:272,0
DA:277,0
DA:286,1
DA:288,0
DA:290,0
DA:291,0
DA:293,0
DA:304,1
DA:306,0
DA:308,0
DA:310,0
DA:320,1
DA:323,0
DA:326,0
DA:329,0
DA:332,0
DA:335,0
DA:339,0
DA:340,0
DA:341,0
DA:342,0
DA:343,0
DA:345,0
DA:352,0
DA:353,0
DA:354,0
DA:355,0
DA:356,0
DA:357,0
DA:364,0
DA:366,0
DA:368,0
DA:369,0
DA:372,0
DA:375,0
DA:377,0
DA:380,0
DA:382,0
DA:389,0
DA:391,0
DA:392,0
DA:394,0
DA:397,0
DA:404,0
DA:407,0
DA:408,0
DA:411,0
DA:417,0
DA:418,0
DA:419,0
DA:420,0
DA:421,0
DA:428,0
DA:430,0
DA:433,0
DA:436,0
DA:442,0
DA:444,0
DA:446,0
DA:448,0
DA:451,0
DA:457,0
DA:459,0
DA:462,0
DA:465,0
DA:468,0
DA:471,0
LF:153
LH:30
BRDA:60,1,0,0
BRDA:60,1,1,0
BRDA:60,1,2,0
BRDA:63,2,0,0
BRDA:63,2,1,0
BRDA:105,3,0,0
BRDA:105,3,1,0
BRDA:154,4,0,0
BRDA:154,4,1,0
BRDA:175,5,0,0
BRDA:175,5,1,0
BRDA:179,6,0,0
BRDA:179,6,1,0
BRDA:221,7,0,0
BRDA:221,7,1,0
BRDA:241,8,0,0
BRDA:241,8,1,0
BRDA:260,9,0,0
BRDA:260,9,1,0
BRDA:268,10,0,0
BRDA:268,10,1,0
BRDA:290,11,0,0
BRDA:290,11,1,0
BRDA:392,12,0,0
BRDA:392,12,1,0
BRDA:407,13,0,0
BRDA:407,13,1,0
BRDA:436,14,0,0
BRDA:436,14,1,0
BRDA:444,15,0,0
BRDA:444,15,1,0
BRF:31
BRH:0
end_of_record
TN:
SF:/home/travis/build/kalabox/kalabox/lib/share/sync/sync.js
FN:30,Sync
FN:38,(anonymous_2)
FN:45,(anonymous_3)
FN:52,(anonymous_4)
FN:56,(anonymous_5)
FN:64,(anonymous_6)
FN:68,(anonymous_7)
FN:76,(anonymous_8)
FN:83,(anonymous_9)
FN:92,(anonymous_10)
FN:100,(anonymous_11)
FN:108,(anonymous_12)
FN:128,(anonymous_13)
FN:137,(anonymous_14)
FN:155,(anonymous_15)
FN:170,(anonymous_16)
FN:178,(anonymous_17)
FN:190,(anonymous_18)
FN:199,(anonymous_19)
FN:207,(anonymous_20)
FN:208,(anonymous_21)
FN:214,(anonymous_22)
FN:222,(anonymous_23)
FN:228,(anonymous_24)
FN:231,(anonymous_25)
FN:255,(anonymous_26)
FN:267,(anonymous_27)
FN:280,(anonymous_28)
FN:284,(anonymous_29)
FN:302,(anonymous_30)
FN:309,(anonymous_31)
FN:316,(anonymous_32)
FN:327,(anonymous_33)
FN:336,(anonymous_34)
FN:347,(anonymous_35)
FN:351,(anonymous_36)
FN:360,(anonymous_37)
FN:371,(anonymous_38)
FN:380,(anonymous_39)
FN:387,(anonymous_40)
FN:394,(anonymous_41)
FN:440,(anonymous_42)
FN:444,(anonymous_43)
FNF:43
FNH:0
FNDA:0,Sync
FNDA:0,(anonymous_2)
FNDA:0,(anonymous_3)
FNDA:0,(anonymous_4)
FNDA:0,(anonymous_5)
FNDA:0,(anonymous_6)
FNDA:0,(anonymous_7)
FNDA:0,(anonymous_8)
FNDA:0,(anonymous_9)
FNDA:0,(anonymous_10)
FNDA:0,(anonymous_11)
FNDA:0,(anonymous_12)
FNDA:0,(anonymous_13)
FNDA:0,(anonymous_14)
FNDA:0,(anonymous_15)
FNDA:0,(anonymous_16)
FNDA:0,(anonymous_17)
FNDA:0,(anonymous_18)
FNDA:0,(anonymous_19)
FNDA:0,(anonymous_20)
FNDA:0,(anonymous_21)
FNDA:0,(anonymous_22)
FNDA:0,(anonymous_23)
FNDA:0,(anonymous_24)
FNDA:0,(anonymous_25)
FNDA:0,(anonymous_26)
FNDA:0,(anonymous_27)
FNDA:0,(anonymous_28)
FNDA:0,(anonymous_29)
FNDA:0,(anonymous_30)
FNDA:0,(anonymous_31)
FNDA:0,(anonymous_32)
FNDA:0,(anonymous_33)
FNDA:0,(anonymous_34)
FNDA:0,(anonymous_35)
FNDA:0,(anonymous_36)
FNDA:0,(anonymous_37)
FNDA:0,(anonymous_38)
FNDA:0,(anonymous_39)
FNDA:0,(anonymous_40)
FNDA:0,(anonymous_41)
FNDA:0,(anonymous_42)
FNDA:0,(anonymous_43)
DA:3,1
DA:4,1
DA:5,1
DA:6,1
DA:7,1
DA:8,1
DA:9,1
DA:10,1
DA:11,1
DA:16,1
DA:21,1
DA:22,1
DA:23,1
DA:24,1
DA:25,1
DA:30,1
DA:31,0
DA:32,0
DA:38,1
DA:39,0
DA:45,1
DA:46,0
DA:48,0
DA:50,0
DA:53,0
DA:57,0
DA:64,1
DA:66,0
DA:69,0
DA:76,1
DA:77,0
DA:83,1
DA:84,0
DA:85,0
DA:86,0
DA:92,1
DA:93,0
DA:94,0
DA:100,1
DA:101,0
DA:102,0
DA:108,1
DA:111,0
DA:114,0
DA:121,0
DA:128,1
DA:131,0
DA:134,0
DA:137,0
DA:138,0
DA:142,0
DA:145,0
DA:155,0
DA:156,0
DA:160,0
DA:163,0
DA:170,1
DA:173,0
DA:176,0
DA:186,0
DA:187,0
DA:191,0
DA:199,1
DA:202,0
DA:205,0
DA:208,0
DA:209,0
DA:211,0
DA:215,0
DA:222,1
DA:224,0
DA:228,1
DA:231,0
DA:232,0
DA:236,0
DA:255,0
DA:256,0
DA:260,0
DA:263,0
DA:267,1
DA:270,0
DA:273,0
DA:278,0
DA:281,0
DA:285,0
DA:287,0
DA:290,0
DA:302,1
DA:303,0
DA:309,1
DA:310,0
DA:316,1
DA:319,0
DA:322,0
DA:325,0
DA:328,0
DA:336,1
DA:339,0
DA:342,0
DA:345,0
DA:348,0
DA:352,0
DA:360,1
DA:363,0
DA:366,0
DA:369,0
DA:372,0
DA:380,1
DA:381,0
DA:387,1
DA:388,0
DA:394,1
DA:397,0
DA:400,0
DA:403,0
DA:406,0
DA:409,0
DA:412,0
DA:415,0
DA:418,0
DA:426,0
DA:429,0
DA:434,0
DA:440,0
DA:441,0
DA:445,0
DA:451,1
LF:127
LH:39
BRDA:142,1,0,0
BRDA:142,1,1,0
BRDA:285,2,0,0
BRDA:285,2,1,0
BRDA:406,3,0,0
BRDA:406,3,1,0
BRF:6
BRH:0
end_of_record
TN:
SF:/home/travis/build/kalabox/kalabox/lib/share/sync/syncRest.js
FN:11,(anonymous_1)
FN:32,(anonymous_2)
FN:51,(anonymous_3)
FN:64,(anonymous_4)
FN:65,(anonymous_5)
FN:67,(anonymous_6)
FN:72,(anonymous_7)
FN:75,(anonymous_8)
FN:81,(anonymous_9)
FN:91,(anonymous_10)
FN:104,(anonymous_11)
FN:107,(anonymous_12)
FN:111,(anonymous_13)
FN:117,(anonymous_14)
FN:128,(anonymous_15)
FN:148,(anonymous_16)
FN:162,(anonymous_17)
FN:169,(anonymous_18)
FN:177,(anonymous_19)
FN:180,(anonymous_20)
FN:183,(anonymous_21)
FN:186,(anonymous_22)
FN:189,(anonymous_23)
FN:192,(anonymous_24)
FN:195,(anonymous_25)
FN:198,(anonymous_26)
FN:201,(anonymous_27)
FN:210,(anonymous_28)
FN:213,(anonymous_29)
FN:216,(anonymous_30)
FN:219,(anonymous_31)
FN:222,(anonymous_32)
FN:225,(anonymous_33)
FN:228,(anonymous_34)
FN:231,(anonymous_35)
FNF:35
FNH:0
FNDA:0,(anonymous_1)
FNDA:0,(anonymous_2)
FNDA:0,(anonymous_3)
FNDA:0,(anonymous_4)
FNDA:0,(anonymous_5)
FNDA:0,(anonymous_6)
FNDA:0,(anonymous_7)
FNDA:0,(anonymous_8)
FNDA:0,(anonymous_9)
FNDA:0,(anonymous_10)
FNDA:0,(anonymous_11)
FNDA:0,(anonymous_12)
FNDA:0,(anonymous_13)
FNDA:0,(anonymous_14)
FNDA:0,(anonymous_15)
FNDA:0,(anonymous_16)
FNDA:0,(anonymous_17)
FNDA:0,(anonymous_18)
FNDA:0,(anonymous_19)
FNDA:0,(anonymous_20)
FNDA:0,(anonymous_21)
FNDA:0,(anonymous_22)
FNDA:0,(anonymous_23)
FNDA:0,(anonymous_24)
FNDA:0,(anonymous_25)
FNDA:0,(anonymous_26)
FNDA:0,(anonymous_27)
FNDA:0,(anonymous_28)
FNDA:0,(anonymous_29)
FNDA:0,(anonymous_30)
FNDA:0,(anonymous_31)
FNDA:0,(anonymous_32)
FNDA:0,(anonymous_33)
FNDA:0,(anonymous_34)
FNDA:0,(anonymous_35)
DA:3,1
DA:4,1
DA:5,1
DA:6,1
DA:11,1
DA:12,0
DA:18,1
DA:27,1
DA:32,1
DA:35,0
DA:40,0
DA:41,0
DA:45,0
DA:48,0
DA:51,0
DA:52,0
DA:54,0
DA:55,0
DA:57,0
DA:60,0
DA:65,0
DA:66,0
DA:69,0
DA:70,0
DA:73,0
DA:76,0
DA:82,0
DA:83,0
DA:91,1
DA:94,0
DA:101,0
DA:104,0
DA:107,0
DA:108,0
DA:114,0
DA:117,0
DA:118,0
DA:124,0
DA:127,0
DA:129,0
DA:135,0
DA:144,0
DA:150,0
DA:162,1
DA:163,0
DA:169,1
DA:170,0
DA:176,1
DA:178,0
DA:181,0
DA:184,0
DA:187,0
DA:190,0
DA:193,0
DA:196,0
DA:199,0
DA:202,0
DA:203,0
DA:205,0
DA:211,0
DA:214,0
DA:217,0
DA:220,0
DA:223,0
DA:226,0
DA:229,0
DA:232,0
DA:239,1
LF:68
LH:13
BRDA:40,1,0,0
BRDA:40,1,1,0
BRDA:52,2,0,0
BRDA:52,2,1,0
BRDA:55,3,0,0
BRDA:55,3,1,0
BRDA:124,4,0,0
BRDA:124,4,1,0
BRDA:124,5,0,0
BRDA:124,5,1,0
BRDA:202,6,0,0
BRDA:202,6,1,0
BRF:12
BRH:0
end_of_record
TN:
SF:/home/travis/build/kalabox/kalabox/lib/share/sync/syncContainer.js
FN:13,(anonymous_1)
FN:18,(anonymous_2)
FN:22,(anonymous_3)
FN:28,(anonymous_4)
FN:56,(anonymous_5)
FN:68,(anonymous_6)
FN:73,(anonymous_7)
FN:86,(anonymous_8)
FN:92,(anonymous_9)
FNF:9
FNH:0
FNDA:0,(anonymous_1)
FNDA:0,(anonymous_2)
FNDA:0,(anonymous_3)
FNDA:0,(anonymous_4)
FNDA:0,(anonymous_5)
FNDA:0,(anonymous_6)
FNDA:0,(anonymous_7)
FNDA:0,(anonymous_8)
FNDA:0,(anonymous_9)
DA:3,1
DA:4,1
DA:9,1
DA:10,1
DA:13,1
DA:14,0
DA:18,1
DA:20,0
DA:23,0
DA:28,1
DA:30,0
DA:32,0
DA:49,0
DA:56,1
DA:59,0
DA:60,0
DA:64,0
DA:69,0
DA:70,0
DA:72,0
DA:74,0
DA:78,0
DA:86,1
DA:88,0
DA:92,1
DA:94,0
LF:26
LH:10
BRDA:59,1,0,0
BRDA:59,1,1,0
BRDA:69,2,0,0
BRDA:69,2,1,0
BRDA:70,3,0,0
BRDA:70,3,1,0
BRF:6
BRH:0
end_of_record
TN:
SF:/home/travis/build/kalabox/kalabox/lib/app/discovery.js
FN:22,(anonymous_1)
FN:27,(anonymous_2)
FN:37,(anonymous_3)
FN:42,(anonymous_4)
FN:49,(anonymous_5)
FN:58,(anonymous_6)
FN:69,(anonymous_7)
FN:82,(anonymous_8)
FN:89,(anonymous_9)
FN:92,(anonymous_10)
FN:104,(anonymous_11)
FN:110,(anonymous_12)
FN:114,(anonymous_13)
FN:122,(anonymous_14)
FN:137,(anonymous_15)
FN:144,(anonymous_16)
FN:150,(anonymous_17)
FN:158,(anonymous_18)
FN:165,(anonymous_19)
FN:173,(anonymous_20)
FN:184,(anonymous_21)
FN:189,(anonymous_22)
FN:193,(anonymous_23)
FN:197,(anonymous_24)
FN:207,(anonymous_25)
FN:213,(anonymous_26)
FN:227,(anonymous_27)
FN:233,(anonymous_28)
FN:241,(anonymous_29)
FN:247,(anonymous_30)
FN:255,(anonymous_31)
FN:259,(anonymous_32)
FN:272,(anonymous_33)
FNF:33
FNH:0
FNDA:0,(anonymous_1)
FNDA:0,(anonymous_2)
FNDA:0,(anonymous_3)
FNDA:0,(anonymous_4)
FNDA:0,(anonymous_5)
FNDA:0,(anonymous_6)
FNDA:0,(anonymous_7)
FNDA:0,(anonymous_8)
FNDA:0,(anonymous_9)
FNDA:0,(anonymous_10)
FNDA:0,(anonymous_11)
FNDA:0,(anonymous_12)
FNDA:0,(anonymous_13)
FNDA:0,(anonymous_14)
FNDA:0,(anonymous_15)
FNDA:0,(anonymous_16)
FNDA:0,(anonymous_17)
FNDA:0,(anonymous_18)
FNDA:0,(anonymous_19)
FNDA:0,(anonymous_20)
FNDA:0,(anonymous_21)
FNDA:0,(anonymous_22)
FNDA:0,(anonymous_23)
FNDA:0,(anonymous_24)
FNDA:0,(anonymous_25)
FNDA:0,(anonymous_26)
FNDA:0,(anonymous_27)
FNDA:0,(anonymous_28)
FNDA:0,(anonymous_29)
FNDA:0,(anonymous_30)
FNDA:0,(anonymous_31)
FNDA:0,(anonymous_32)
FNDA:0,(anonymous_33)
DA:3,1
DA:4,1
DA:5,1
DA:6,1
DA:7,1
DA:8,1
DA:9,1
DA:13,1
DA:16,1
DA:19,1
DA:22,1
DA:23,0
DA:27,1
DA:28,0
DA:29,0
DA:30,0
DA:32,0
DA:37,1
DA:38,0
DA:42,1
DA:44,0
DA:47,0
DA:50,0
DA:51,0
DA:52,0
DA:54,0
DA:59,0
DA:60,0
DA:62,0
DA:69,1
DA:71,0
DA:73,0
DA:75,0
DA:80,0
DA:83,0
DA:89,1
DA:91,0
DA:93,0
DA:95,0
DA:96,0
DA:98,0
DA:104,1
DA:106,0
DA:109,0
DA:111,0
DA:115,0
DA:116,0
DA:118,0
DA:123,0
DA:124,0
DA:125,0
DA:126,0
DA:127,0
DA:129,0
DA:130,0
DA:137,1
DA:138,0
DA:144,1
DA:146,0
DA:151,0
DA:158,1
DA:161,0
DA:164,0
DA:167,0
DA:169,0
DA:172,0
DA:174,0
DA:184,1
DA:185,0
DA:189,1
DA:191,0
DA:194,0
DA:198,0
DA:199,0
DA:201,0
DA:207,1
DA:209,0
DA:212,0
DA:214,0
DA:216,0
DA:218,0
DA:227,1
DA:229,0
DA:232,0
DA:234,0
DA:236,0
DA:242,0
DA:247,1
DA:249,0
DA:251,0
DA:254,0
DA:256,0
DA:258,0
DA:260,0
DA:261,0
DA:264,0
DA:265,0
DA:266,0
DA:267,0
DA:273,0
DA:274,0
LF:101
LH:25
BRDA:29,1,0,0
BRDA:29,1,1,0
BRDA:51,2,0,0
BRDA:51,2,1,0
BRDA:59,3,0,0
BRDA:59,3,1,0
BRDA:93,4,0,0
BRDA:93,4,1,0
BRDA:115,5,0,0
BRDA:115,5,1,0
BRDA:123,6,0,0
BRDA:123,6,1,0
BRDA:125,7,0,0
BRDA:125,7,1,0
BRDA:167,8,0,0
BRDA:167,8,1,0
BRDA:198,9,0,0
BRDA:198,9,1,0
BRDA:214,10,0,0
BRDA:214,10,1,0
BRDA:234,11,0,0
BRDA:234,11,1,0
BRDA:260,12,0,0
BRDA:260,12,1,0
BRDA:265,13,0,0
BRDA:265,13,1,0
BRDA:273,14,0,0
BRDA:273,14,1,0
BRF:28
BRH:0
end_of_record
TN:
SF:/home/travis/build/kalabox/kalabox/lib/services.js
FN:48,(anonymous_1)
FN:56,(anonymous_2)
FN:65,(anonymous_3)
FN:87,(anonymous_4)
FN:105,(anonymous_5)
FNF:5
FNH:0
FNDA:0,(anonymous_1)
FNDA:0,(anonymous_2)
FNDA:0,(anonymous_3)
FNDA:0,(anonymous_4)
FNDA:0,(anonymous_5)
DA:21,1
DA:22,1
DA:23,1
DA:24,1
DA:48,1
DA:51,0
DA:54,0
DA:57,0
DA:65,1
DA:67,0
DA:87,1
DA:89,0
DA:105,1
DA:107,0
LF:14
LH:8
BRF:0
BRH:0
end_of_record
TN:
SF:/home/travis/build/kalabox/kalabox/lib/create.js
FN:24,(anonymous_1)
FN:94,(anonymous_2)
FN:122,(anonymous_3)
FN:139,(anonymous_4)
FN:148,(anonymous_5)
FN:160,(anonymous_6)
FN:177,(anonymous_7)
FN:197,(anonymous_8)
FN:224,(anonymous_9)
FN:230,(anonymous_10)
FN:248,(anonymous_11)
FN:261,(anonymous_12)
FN:273,(anonymous_13)
FN:275,(anonymous_14)
FN:279,(anonymous_15)
FN:280,(anonymous_16)
FN:283,(anonymous_17)
FN:288,(anonymous_18)
FN:296,(anonymous_19)
FN:301,(anonymous_20)
FN:302,(anonymous_21)
FN:308,(anonymous_22)
FN:313,(anonymous_23)
FN:323,(anonymous_24)
FN:327,(anonymous_25)
FN:331,(anonymous_26)
FN:335,(anonymous_27)
FN:345,(anonymous_28)
FN:361,(anonymous_29)
FN:389,(anonymous_30)
FN:402,(anonymous_31)
FNF:31
FNH:1
FNDA:1,(anonymous_1)
FNDA:0,(anonymous_2)
FNDA:0,(anonymous_3)
FNDA:0,(anonymous_4)
FNDA:0,(anonymous_5)
FNDA:0,(anonymous_6)
FNDA:0,(anonymous_7)
FNDA:0,(anonymous_8)
FNDA:0,(anonymous_9)
FNDA:0,(anonymous_10)
FNDA:0,(anonymous_11)
FNDA:0,(anonymous_12)
FNDA:0,(anonymous_13)
FNDA:0,(anonymous_14)
FNDA:0,(anonymous_15)
FNDA:0,(anonymous_16)
FNDA:0,(anonymous_17)
FNDA:0,(anonymous_18)
FNDA:0,(anonymous_19)
FNDA:0,(anonymous_20)
FNDA:0,(anonymous_21)
FNDA:0,(anonymous_22)
FNDA:0,(anonymous_23)
FNDA:0,(anonymous_24)
FNDA:0,(anonymous_25)
FNDA:0,(anonymous_26)
FNDA:0,(anonymous_27)
FNDA:0,(anonymous_28)
FNDA:0,(anonymous_29)
FNDA:0,(anonymous_30)
FNDA:0,(anonymous_31)
DA:9,1
DA:12,1
DA:13,1
DA:14,1
DA:15,1
DA:18,1
DA:19,1
DA:20,1
DA:21,1
DA:24,1
DA:27,1
DA:29,1
DA:94,1
DA:95,0
DA:107,0
DA:108,0
DA:110,0
DA:111,0
DA:113,0
DA:114,0
DA:115,0
DA:122,1
DA:123,0
DA:132,0
DA:133,0
DA:139,1
DA:140,0
DA:141,0
DA:148,1
DA:149,0
DA:150,0
DA:151,0
DA:152,0
DA:154,0
DA:160,1
DA:161,0
DA:177,1
DA:180,0
DA:183,0
DA:188,0
DA:191,0
DA:193,0
DA:196,0
DA:197,0
DA:198,0
DA:199,0
DA:200,0
DA:202,0
DA:203,0
DA:204,0
DA:210,0
DA:217,0
DA:224,0
DA:227,0
DA:230,0
DA:232,0
DA:234,0
DA:235,0
DA:238,0
DA:239,0
DA:243,0
DA:248,0
DA:251,0
DA:261,1
DA:264,0
DA:265,0
DA:266,0
DA:267,0
DA:270,0
DA:273,0
DA:275,0
DA:276,0
DA:280,0
DA:281,0
DA:284,0
DA:289,0
DA:290,0
DA:297,0
DA:302,0
DA:303,0
DA:309,0
DA:316,0
DA:319,0
DA:324,0
DA:325,0
DA:328,0
DA:332,0
DA:336,0
DA:345,1
DA:347,0
DA:355,0
DA:356,0
DA:357,0
DA:358,0
DA:361,0
DA:362,0
DA:363,0
DA:364,0
DA:366,0
DA:367,0
DA:368,0
DA:369,0
DA:370,0
DA:372,0
DA:373,0
DA:376,0
DA:383,0
DA:385,0
DA:390,0
DA:391,0
DA:392,0
DA:393,0
DA:394,0
DA:395,0
DA:398,0
DA:403,0
DA:410,1
LF:117
LH:21
BRDA:107,1,0,0
BRDA:107,1,1,0
BRDA:110,2,0,0
BRDA:110,2,1,0
BRDA:113,3,0,0
BRDA:113,3,1,0
BRDA:140,4,0,0
BRDA:140,4,1,0
BRDA:149,5,0,0
BRDA:149,5,1,0
BRDA:180,6,0,0
BRDA:180,6,1,0
BRDA:198,7,0,0
BRDA:198,7,1,0
BRDA:202,8,0,0
BRDA:202,8,1,0
BRDA:234,9,0,0
BRDA:234,9,1,0
BRDA:238,10,0,0
BRDA:238,10,1,0
BRDA:238,11,0,0
BRDA:238,11,1,0
BRDA:265,12,0,0
BRDA:265,12,1,0
BRDA:289,13,0,0
BRDA:289,13,1,0
BRDA:362,14,0,0
BRDA:362,14,1,0
BRDA:363,15,0,0
BRDA:363,15,1,0
BRDA:366,16,0,0
BRDA:366,16,1,0
BRDA:369,17,0,0
BRDA:369,17,1,0
BRDA:372,18,0,0
BRDA:372,18,1,0
BRDA:390,19,0,0
BRDA:390,19,1,0
BRF:38
BRH:0
end_of_record
TN:
SF:/home/travis/build/kalabox/kalabox/lib/install.js
FN:18,(anonymous_1)
FN:23,(anonymous_2)
FNF:2
FNH:0
FNDA:0,(anonymous_1)
FNDA:0,(anonymous_2)
DA:8,1
DA:9,1
DA:11,1
DA:13,1
DA:15,1
DA:16,1
DA:18,1
DA:19,0
DA:20,0
DA:23,1
DA:24,0
DA:27,1
DA:29,1
DA:90,1
LF:14
LH:11
BRF:0
BRH:0
end_of_record
TN:
SF:/home/travis/build/kalabox/kalabox/lib/install/cmd.js
FN:9,(anonymous_1)
FN:15,(anonymous_2)
FN:27,(anonymous_3)
FN:36,(anonymous_4)
FN:41,(anonymous_5)
FN:48,(anonymous_6)
FN:60,(anonymous_7)
FN:62,(anonymous_8)
FN:72,(anonymous_9)
FN:76,(anonymous_10)
FN:82,(anonymous_11)
FN:86,(anonymous_12)
FN:92,(anonymous_13)
FN:104,(anonymous_14)
FN:110,(anonymous_15)
FN:112,(anonymous_16)
FNF:16
FNH:0
FNDA:0,(anonymous_1)
FNDA:0,(anonymous_2)
FNDA:0,(anonymous_3)
FNDA:0,(anonymous_4)
FNDA:0,(anonymous_5)
FNDA:0,(anonymous_6)
FNDA:0,(anonymous_7)
FNDA:0,(anonymous_8)
FNDA:0,(anonymous_9)
FNDA:0,(anonymous_10)
FNDA:0,(anonymous_11)
FNDA:0,(anonymous_12)
FNDA:0,(anonymous_13)
FNDA:0,(anonymous_14)
FNDA:0,(anonymous_15)
FNDA:0,(anonymous_16)
DA:3,1
DA:5,1
DA:6,1
DA:7,1
DA:9,1
DA:10,0
DA:11,0
DA:13,0
DA:14,0
DA:15,0
DA:16,0
DA:17,0
DA:20,0
DA:23,0
DA:27,1
DA:28,0
DA:29,0
DA:32,0
DA:36,1
DA:37,0
DA:41,1
DA:43,0
DA:48,1
DA:49,0
DA:50,0
DA:52,0
DA:53,0
DA:56,0
DA:60,1
DA:61,0
DA:62,0
DA:63,0
DA:68,0
DA:69,0
DA:72,1
DA:73,0
DA:74,0
DA:75,0
DA:76,0
DA:77,0
DA:79,0
DA:82,1
DA:83,0
DA:84,0
DA:85,0
DA:86,0
DA:87,0
DA:89,0
DA:92,1
DA:93,0
DA:94,0
DA:96,0
DA:97,0
DA:100,0
DA:104,1
DA:106,0
DA:107,0
DA:110,1
DA:112,0
DA:113,0
LF:60
LH:15
BRDA:10,1,0,0
BRDA:10,1,1,0
BRDA:13,2,0,0
BRDA:13,2,1,0
BRDA:16,3,0,0
BRDA:16,3,1,0
BRDA:28,4,0,0
BRDA:28,4,1,0
BRDA:28,5,0,0
BRDA:28,5,1,0
BRDA:49,6,0,0
BRDA:49,6,1,0
BRDA:52,7,0,0
BRDA:52,7,1,0
BRDA:93,8,0,0
BRDA:93,8,1,0
BRDA:96,9,0,0
BRDA:96,9,1,0
BRF:18
BRH:0
end_of_record
TN:
SF:/home/travis/build/kalabox/kalabox/lib/install/framework.js
FN:12,(anonymous_1)
FN:41,(anonymous_2)
FN:60,(anonymous_3)
FN:87,(anonymous_4)
FN:97,(anonymous_5)
FN:103,(anonymous_6)
FN:120,(anonymous_7)
FN:127,(anonymous_8)
FN:142,(anonymous_9)
FN:147,(anonymous_10)
FN:161,(anonymous_11)
FN:168,(anonymous_12)
FN:232,(anonymous_13)
FN:237,(anonymous_14)
FN:245,(anonymous_15)
FN:249,(anonymous_16)
FN:254,(anonymous_17)
FN:257,(anonymous_18)
FN:273,(anonymous_19)
FN:298,(anonymous_20)
FN:308,(anonymous_21)
FN:326,(anonymous_22)
FN:342,(anonymous_23)
FN:358,(anonymous_24)
FN:361,(anonymous_25)
FN:362,(anonymous_26)
FN:383,(anonymous_27)
FN:394,(anonymous_28)
FN:399,(anonymous_29)
FN:404,(anonymous_30)
FN:412,(anonymous_31)
FN:417,(anonymous_32)
FN:427,(anonymous_33)
FN:433,(anonymous_34)
FN:437,(anonymous_35)
FNF:35
FNH:28
FNDA:3,(anonymous_1)
FNDA:0,(anonymous_2)
FNDA:6,(anonymous_3)
FNDA:36,(anonymous_4)
FNDA:15,(anonymous_5)
FNDA:9,(anonymous_6)
FNDA:6,(anonymous_7)
FNDA:6,(anonymous_8)
FNDA:0,(anonymous_9)
FNDA:4,(anonymous_10)
FNDA:0,(anonymous_11)
FNDA:22,(anonymous_12)
FNDA:3,(anonymous_13)
FNDA:18,(anonymous_14)
FNDA:3,(anonymous_15)
FNDA:13,(anonymous_16)
FNDA:13,(anonymous_17)
FNDA:0,(anonymous_18)
FNDA:0,(anonymous_19)
FNDA:3,(anonymous_20)
FNDA:13,(anonymous_21)
FNDA:13,(anonymous_22)
FNDA:3,(anonymous_23)
FNDA:25,(anonymous_24)
FNDA:13,(anonymous_25)
FNDA:12,(anonymous_26)
FNDA:1,(anonymous_27)
FNDA:1,(anonymous_28)
FNDA:4,(anonymous_29)
FNDA:4,(anonymous_30)
FNDA:2,(anonymous_31)
FNDA:2,(anonymous_32)
FNDA:0,(anonymous_33)
FNDA:1,(anonymous_34)
FNDA:0,(anonymous_35)
DA:3,1
DA:4,1
DA:5,1
DA:6,1
DA:7,1
DA:8,1
DA:9,1
DA:10,1
DA:12,1
DA:15,3
DA:18,3
DA:21,3
DA:41,3
DA:42,0
DA:48,3
DA:60,3
DA:62,6
DA:63,0
DA:67,6
DA:68,0
DA:72,6
DA:73,0
DA:77,6
DA:78,0
DA:82,6
DA:83,0
DA:87,6
DA:88,36
DA:89,0
DA:96,6
DA:97,6
DA:98,15
DA:100,9
DA:101,6
DA:102,3
DA:103,3
DA:104,9
DA:107,0
DA:110,6
DA:111,6
DA:112,0
DA:120,3
DA:121,6
DA:127,3
DA:128,6
DA:129,0
DA:132,6
DA:134,6
DA:137,2
DA:138,2
DA:139,2
DA:140,4
DA:142,4
DA:143,0
DA:147,4
DA:148,4
DA:149,4
DA:150,4
DA:153,0
DA:161,3
DA:162,0
DA:168,3
DA:169,22
DA:170,0
DA:172,22
DA:173,0
DA:177,22
DA:179,16
DA:182,6
DA:184,0
DA:187,6
DA:189,1
DA:192,5
DA:195,0
DA:197,0
DA:202,0
DA:205,0
DA:207,0
DA:210,0
DA:212,0
DA:217,0
DA:224,5
DA:232,3
DA:233,3
DA:234,0
DA:237,3
DA:238,18
DA:245,3
DA:248,3
DA:249,3
DA:250,13
DA:254,3
DA:257,13
DA:260,0
DA:262,0
DA:263,0
DA:268,0
DA:269,0
DA:273,0
DA:276,0
DA:279,0
DA:280,0
DA:291,3
DA:298,3
DA:302,3
DA:305,3
DA:308,3
DA:309,13
DA:310,13
DA:314,3
DA:315,3
DA:316,3
DA:318,0
DA:319,0
DA:321,0
DA:323,3
DA:326,3
DA:327,13
DA:328,13
DA:329,0
DA:331,13
DA:335,3
DA:342,3
DA:343,3
DA:344,0
DA:348,3
DA:351,3
DA:354,3
DA:357,3
DA:358,3
DA:359,25
DA:361,3
DA:362,13
DA:363,12
DA:364,0
DA:369,13
DA:370,0
DA:372,13
DA:376,3
DA:383,3
DA:385,1
DA:386,0
DA:390,1
DA:391,0
DA:394,1
DA:395,1
DA:396,1
DA:399,1
DA:401,4
DA:402,4
DA:404,4
DA:405,4
DA:407,2
DA:408,2
DA:409,2
DA:410,2
DA:412,2
DA:413,2
DA:414,2
DA:418,2
DA:422,0
DA:428,0
DA:434,1
DA:438,0
DA:445,3
LF:165
LH:119
BRDA:62,1,0,0
BRDA:62,1,1,6
BRDA:62,2,0,6
BRDA:62,2,1,6
BRDA:67,3,0,0
BRDA:67,3,1,6
BRDA:72,4,0,0
BRDA:72,4,1,6
BRDA:77,5,0,0
BRDA:77,5,1,6
BRDA:82,6,0,0
BRDA:82,6,1,6
BRDA:88,7,0,0
BRDA:88,7,1,36
BRDA:98,8,0,6
BRDA:98,8,1,9
BRDA:100,9,0,6
BRDA:100,9,1,3
BRDA:102,10,0,3
BRDA:102,10,1,0
BRDA:111,11,0,0
BRDA:111,11,1,6
BRDA:128,12,0,0
BRDA:128,12,1,6
BRDA:134,13,0,2
BRDA:134,13,1,4
BRDA:140,14,0,4
BRDA:140,14,1,0
BRDA:169,15,0,0
BRDA:169,15,1,22
BRDA:172,16,0,0
BRDA:172,16,1,22
BRDA:177,17,0,16
BRDA:177,17,1,6
BRDA:182,18,0,0
BRDA:182,18,1,6
BRDA:182,19,0,6
BRDA:182,19,1,4
BRDA:187,20,0,1
BRDA:187,20,1,5
BRDA:187,21,0,6
BRDA:187,21,1,2
BRDA:192,22,0,0
BRDA:192,22,1,5
BRDA:195,23,0,0
BRDA:195,23,1,0
BRDA:205,24,0,0
BRDA:205,24,1,0
BRDA:210,25,0,0
BRDA:210,25,1,0
BRDA:233,26,0,0
BRDA:233,26,1,3
BRDA:262,27,0,0
BRDA:262,27,1,0
BRDA:268,28,0,0
BRDA:268,28,1,0
BRDA:276,29,0,0
BRDA:276,29,1,0
BRDA:276,30,0,0
BRDA:276,30,1,0
BRDA:279,31,0,0
BRDA:279,31,1,0
BRDA:318,32,0,0
BRDA:318,32,1,0
BRDA:328,33,0,0
BRDA:328,33,1,13
BRDA:343,34,0,0
BRDA:343,34,1,3
BRDA:363,35,0,0
BRDA:363,35,1,12
BRDA:369,36,0,0
BRDA:369,36,1,13
BRDA:385,37,0,0
BRDA:385,37,1,1
BRDA:390,38,0,0
BRDA:390,38,1,1
BRDA:402,39,0,4
BRDA:402,39,1,0
BRDA:405,40,0,2
BRDA:405,40,1,2
BRDA:410,41,0,2
BRDA:410,41,1,0
BRF:82
BRH:41
end_of_record
TN:
SF:/home/travis/build/kalabox/kalabox/lib/install/linuxOsInfo.js
FN:13,(anonymous_1)
FN:17,(anonymous_2)
FN:21,(anonymous_3)
FN:25,(anonymous_4)
FN:36,(anonymous_5)
FN:50,(anonymous_6)
FN:56,(anonymous_7)
FN:70,(anonymous_8)
FN:81,(anonymous_9)
FN:83,(anonymous_10)
FNF:10
FNH:0
FNDA:0,(anonymous_1)
FNDA:0,(anonymous_2)
FNDA:0,(anonymous_3)
FNDA:0,(anonymous_4)
FNDA:0,(anonymous_5)
FNDA:0,(anonymous_6)
FNDA:0,(anonymous_7)
FNDA:0,(anonymous_8)
FNDA:0,(anonymous_9)
FNDA:0,(anonymous_10)
DA:3,1
DA:4,1
DA:5,1
DA:7,1
DA:9,1
DA:11,1
DA:13,1
DA:14,0
DA:17,1
DA:18,0
DA:21,1
DA:22,0
DA:25,1
DA:26,0
DA:27,0
DA:28,0
DA:29,0
DA:30,0
DA:36,1
DA:39,0
DA:42,0
DA:47,0
DA:50,0
DA:51,0
DA:55,0
DA:56,0
DA:58,0
DA:59,0
DA:60,0
DA:64,0
DA:70,1
DA:72,0
DA:73,0
DA:75,0
DA:76,0
DA:81,1
DA:82,0
DA:83,0
DA:84,0
DA:87,0
DA:88,0
DA:89,0
DA:90,0
DA:92,0
LF:44
LH:13
BRDA:18,1,0,0
BRDA:18,1,1,0
BRDA:39,2,0,0
BRDA:39,2,1,0
BRDA:58,3,0,0
BRDA:58,3,1,0
BRDA:58,4,0,0
BRDA:58,4,1,0
BRDA:58,4,2,0
BRDA:72,5,0,0
BRDA:72,5,1,0
BRDA:84,6,0,0
BRDA:84,6,1,0
BRDA:87,7,0,0
BRDA:87,7,1,0
BRDA:89,8,0,0
BRDA:89,8,1,0
BRF:17
BRH:0
end_of_record
TN:
SF:/home/travis/build/kalabox/kalabox/lib/metrics.js
FN:22,(anonymous_1)
FN:32,(anonymous_2)
FN:42,(anonymous_3)
FN:55,(anonymous_4)
FN:68,(anonymous_5)
FN:77,(anonymous_6)
FN:81,(anonymous_7)
FN:89,(anonymous_8)
FN:96,(anonymous_9)
FN:100,(anonymous_10)
FN:101,(anonymous_11)
FN:113,(anonymous_12)
FN:120,(anonymous_13)
FN:124,(anonymous_14)
FN:140,(anonymous_15)
FN:143,(anonymous_16)
FN:153,(anonymous_17)
FN:157,(anonymous_18)
FN:161,(anonymous_19)
FN:170,(anonymous_20)
FNF:20
FNH:0
FNDA:0,(anonymous_1)
FNDA:0,(anonymous_2)
FNDA:0,(anonymous_3)
FNDA:0,(anonymous_4)
FNDA:0,(anonymous_5)
FNDA:0,(anonymous_6)
FNDA:0,(anonymous_7)
FNDA:0,(anonymous_8)
FNDA:0,(anonymous_9)
FNDA:0,(anonymous_10)
FNDA:0,(anonymous_11)
FNDA:0,(anonymous_12)
FNDA:0,(anonymous_13)
FNDA:0,(anonymous_14)
FNDA:0,(anonymous_15)
FNDA:0,(anonymous_16)
FNDA:0,(anonymous_17)
FNDA:0,(anonymous_18)
FNDA:0,(anonymous_19)
FNDA:0,(anonymous_20)
DA:3,1
DA:4,1
DA:5,1
DA:6,1
DA:7,1
DA:12,1
DA:17,1
DA:22,1
DA:25,0
DA:32,1
DA:35,0
DA:42,1
DA:45,0
DA:48,0
DA:55,1
DA:58,0
DA:61,0
DA:68,1
DA:71,0
DA:74,0
DA:77,0
DA:78,0
DA:82,0
DA:84,0
DA:86,0
DA:90,0
DA:91,0
DA:94,0
DA:97,0
DA:101,0
DA:102,0
DA:113,1
DA:115,0
DA:118,0
DA:121,0
DA:125,0
DA:131,0
DA:140,1
DA:143,0
DA:145,0
DA:147,0
DA:149,0
DA:151,0
DA:154,0
DA:158,0
DA:162,0
DA:170,1
DA:172,0
DA:179,1
LF:49
LH:16
BRDA:35,1,0,0
BRDA:35,1,1,0
BRDA:61,2,0,0
BRDA:61,2,1,0
BRDA:82,3,0,0
BRDA:82,3,1,0
BRDA:90,4,0,0
BRDA:90,4,1,0
BRDA:115,5,0,0
BRDA:115,5,1,0
BRF:10
BRH:0
end_of_record
TN:
SF:/home/travis/build/kalabox/kalabox/lib/update.js
FN:11,(anonymous_1)
FN:15,(anonymous_2)
FNF:2
FNH:0
FNDA:0,(anonymous_1)
FNDA:0,(anonymous_2)
DA:8,1
DA:9,1
DA:11,1
DA:12,0
DA:15,1
DA:16,0
DA:19,1
DA:21,1
DA:82,1
LF:9
LH:7
BRF:0
BRH:0
end_of_record
TN:
SF:/home/travis/build/kalabox/kalabox/lib/require.js
FN:45,(anonymous_1)
FN:52,(anonymous_2)
FN:61,KboxRequireError
FN:72,(anonymous_4)
FN:75,(anonymous_5)
FN:79,(anonymous_6)
FN:94,(anonymous_7)
FN:104,(anonymous_8)
FN:115,(anonymous_9)
FN:124,(anonymous_10)
FN:125,(anonymous_11)
FN:134,(anonymous_12)
FN:138,(anonymous_13)
FN:140,(anonymous_14)
FN:143,(anonymous_15)
FN:159,(anonymous_16)
FN:165,(anonymous_17)
FN:181,(anonymous_18)
FN:198,(anonymous_19)
FN:203,(anonymous_20)
FN:210,(anonymous_21)
FN:223,(anonymous_22)
FN:227,(anonymous_23)
FN:239,(anonymous_24)
FN:243,(anonymous_25)
FN:276,(anonymous_26)
FN:291,(anonymous_27)
FN:299,(anonymous_28)
FN:306,(anonymous_29)
FNF:29
FNH:0
FNDA:0,(anonymous_1)
FNDA:0,(anonymous_2)
FNDA:0,KboxRequireError
FNDA:0,(anonymous_4)
FNDA:0,(anonymous_5)
FNDA:0,(anonymous_6)
FNDA:0,(anonymous_7)
FNDA:0,(anonymous_8)
FNDA:0,(anonymous_9)
FNDA:0,(anonymous_10)
FNDA:0,(anonymous_11)
FNDA:0,(anonymous_12)
FNDA:0,(anonymous_13)
FNDA:0,(anonymous_14)
FNDA:0,(anonymous_15)
FNDA:0,(anonymous_16)
FNDA:0,(anonymous_17)
FNDA:0,(anonymous_18)
FNDA:0,(anonymous_19)
FNDA:0,(anonymous_20)
FNDA:0,(anonymous_21)
FNDA:0,(anonymous_22)
FNDA:0,(anonymous_23)
FNDA:0,(anonymous_24)
FNDA:0,(anonymous_25)
FNDA:0,(anonymous_26)
FNDA:0,(anonymous_27)
FNDA:0,(anonymous_28)
FNDA:0,(anonymous_29)
DA:12,1
DA:13,1
DA:14,1
DA:19,1
DA:20,1
DA:21,1
DA:26,1
DA:31,1
DA:34,1
DA:39,1
DA:45,1
DA:46,0
DA:47,0
DA:48,0
DA:49,0
DA:50,0
DA:52,0
DA:53,0
DA:54,0
DA:61,1
DA:62,0
DA:63,0
DA:64,0
DA:66,1
DA:72,1
DA:75,0
DA:76,0
DA:80,0
DA:81,0
DA:94,1
DA:97,0
DA:100,0
DA:104,0
DA:105,0
DA:109,0
DA:115,0
DA:116,0
DA:124,0
DA:125,0
DA:126,0
DA:131,0
DA:135,0
DA:139,0
DA:140,0
DA:141,0
DA:145,0
DA:159,1
DA:162,0
DA:166,0
DA:167,0
DA:169,0
DA:181,1
DA:184,0
DA:185,0
DA:186,0
DA:189,0
DA:198,1
DA:201,0
DA:204,0
DA:205,0
DA:213,0
DA:216,0
DA:218,0
DA:220,0
DA:223,0
DA:224,0
DA:228,0
DA:234,0
DA:236,0
DA:239,0
DA:240,0
DA:244,0
DA:250,0
DA:251,0
DA:262,0
DA:276,1
DA:278,0
DA:280,0
DA:283,0
DA:285,0
DA:289,0
DA:292,0
DA:293,0
DA:295,0
DA:300,0
DA:301,0
DA:303,0
DA:307,0
LF:88
LH:19
BRDA:49,1,0,0
BRDA:49,1,1,0
BRDA:80,2,0,0
BRDA:80,2,1,0
BRDA:139,3,0,0
BRDA:139,3,1,0
BRDA:166,4,0,0
BRDA:166,4,1,0
BRDA:204,5,0,0
BRDA:204,5,1,0
BRDA:213,6,0,0
BRDA:213,6,1,0
BRDA:218,7,0,0
BRDA:218,7,1,0
BRDA:220,8,0,0
BRDA:220,8,1,0
BRDA:236,9,0,0
BRDA:236,9,1,0
BRDA:236,10,0,0
BRDA:236,10,1,0
BRDA:278,11,0,0
BRDA:278,11,1,0
BRDA:283,12,0,0
BRDA:283,12,1,0
BRDA:292,13,0,0
BRDA:292,13,1,0
BRDA:300,14,0,0
BRDA:300,14,1,0
BRF:28
BRH:0
end_of_record
TN:
SF:/home/travis/build/kalabox/kalabox/lib/testUtil.js
FN:33,(anonymous_1)
FNF:1
FNH:1
FNDA:6,(anonymous_1)
DA:3,1
DA:34,6
DA:35,6
DA:36,6
DA:37,6
DA:38,6
DA:39,6
DA:40,6
LF:8
LH:8
BRDA:34,1,0,3
BRDA:34,1,1,3
BRF:2
BRH:2
end_of_record
TN:
SF:/home/travis/build/kalabox/kalabox/lib/engine/provider.js
FN:24,(anonymous_1)
FN:29,(anonymous_2)
FN:38,(anonymous_3)
FN:54,(anonymous_4)
FN:83,(anonymous_5)
FN:109,(anonymous_6)
FN:132,(anonymous_7)
FN:147,(anonymous_8)
FN:186,(anonymous_9)
FN:212,(anonymous_10)
FN:222,(anonymous_11)
FN:242,(anonymous_12)
FN:259,(anonymous_13)
FNF:13
FNH:0
FNDA:0,(anonymous_1)
FNDA:0,(anonymous_2)
FNDA:0,(anonymous_3)
FNDA:0,(anonymous_4)
FNDA:0,(anonymous_5)
FNDA:0,(anonymous_6)
FNDA:0,(anonymous_7)
FNDA:0,(anonymous_8)
FNDA:0,(anonymous_9)
FNDA:0,(anonymous_10)
FNDA:0,(anonymous_11)
FNDA:0,(anonymous_12)
FNDA:0,(anonymous_13)
DA:16,0
DA:17,0
DA:18,0
DA:19,0
DA:24,0
DA:27,0
DA:30,0
DA:38,0
DA:39,0
DA:54,0
DA:57,0
DA:58,0
DA:59,0
DA:63,0
DA:66,0
DA:83,0
DA:86,0
DA:109,0
DA:112,0
DA:132,0
DA:135,0
DA:147,0
DA:150,0
DA:186,0
DA:189,0
DA:212,0
DA:215,0
DA:222,0
DA:225,0
DA:242,0
DA:245,0
DA:259,0
DA:260,0
LF:33
LH:0
BRDA:57,1,0,0
BRDA:57,1,1,0
BRDA:57,2,0,0
BRDA:57,2,1,0
BRDA:63,3,0,0
BRDA:63,3,1,0
BRF:6
BRH:0
end_of_record
